 FRESCO - FRES 3.4: Coupled Reaction Channels
 Assuming NAMELIST input.

 39K(3He,d)40Ca 21 MeV DWBA ZR 8851 keV Jpi=8- l=9 n=1 j=17/2                    

   0.010  17.000   0.100   0.100  10.000  -0.300   0.000   0.000   0.000   0.000

 Centre-of-mass Range is   1702 * 0.0100 fm., Maximum at  17.00 fm., Interpolating NL forms every  0.10 fm.
 Non - locality width is    101 * 0.1000 fm., Maximum of  10.00 fm., Centred at -0.20 fm.
 2-Nucleon Separation of      0 * 0.1000 fm., Maximum of   0.00 fm., Minimum at  0.00 fm.
 Maximum single particle bins of 17.0000 fm.
               M,Mint =         1701        1701


 Range of total J is     0.0 <= J <=    35.0 (at least     0.0) and Absorbtion =>    -1.0000 mb.
 Dry Run = F, CC set limits =  0  0, Relativistic kinematics =  , Both/Far/Near Analyses =  1                     

 Cross Sections (and up to T1 for 0=projectile) for Theta from   0.0 to  80.0 in steps of  1.0 degrees, DGAM=0,  Coordinates = 0 (Mads)

 Lower Radial Cutoff = maximum of -1.60*L*h &       0.0 fm.,  Lower Cutoff for Couplings =   0.0  fm.


 Iterate Couplings between   0 and   1 times, to  0.000 % if sooner.                                          
  Block solved exactly =   0 chs., with Pade = 0 & Isocen =  =0, NOSOL = F, initwf =  0
  NL quadrature with   36 Gaussian points, Calculate multipoles up to    41 from   0
  M-transfers for lp+lt greater than or equal to  6, Angular Integration Cutoff below  0.6944 %


 Trace switches are :  CHANS =  1, LISTCC =  0, TRENEG =  0, CDETR =  0, SMATS =  0, XSTABL =  1, NLPL =  0

                       WAVES =  0, LAMPL =  0, VEFF =  0, KFUS =  0, WDISK =  0, BPM =  0, MELFIL =  0

                       CDCC =  0, NFUS =  0

 Using unit mass = 1.000000 amu and 1/fine-structure constant = 137.03599 ( 1.000000 * true ) with hc = 197.32705 MeV.fm,
  thus 2*amu/hbar^2 = 0.0478450 = 1/20.9008 and Coulomb constant = 0.1574855 so e^2 = 1.43997, and nuclear magneton= 0.1261183

 Now pre-scan input and save to file 3

  WARNING: target longitudinal recoil NOT included in the ZR coupling #            1


 *********** PARTITION NUMBER  1 ******************************************************************************************

   PROJ=he3        MASS=  3.0150 Z=   2.0,        # STATES=    1T, TARG=k39      MASS= 38.9530 Z=  19.0,     Q-VALUE =   0.0000 MEV.

     1:  J= 0.5+ (B# 1), E=  0.0000, K= 0.5              Potl#  1       J= 1.5+ (B# 1), E=  0.0000, K= 0.5    


 *********** PARTITION NUMBER  2 ******************************************************************************************

   PROJ=h2         MASS=  2.0140 Z=   1.0,        # STATES=    1T, TARG=ca40     MASS= 39.9630 Z=  20.0,     Q-VALUE =   2.8347 MEV.

     1:  J= 1.0+ (B# 1), E=  0.0000, K= 0.0              Potl#  2       J= 8.0- (B#-1), E=  8.8506, K= 0.0    
0****** WARNING : COMPARED WITH PARTITION  1, THIS PARTITION HAS TOTAL MASS & CHARGE EXCESSES   0.01205 &   0.0000


 ************************************************************************************************************************************

 The following POTENTIALS are defined :

  KP#       TYPE      IT    SHAPE      at     V1        r1        a1        V2        r2        a2        A-in     A-used


                                            A#1       A#2        r0c       ac                                                h @ 1
    1    0=Coulomb       0=CHARGE (WS)  1    38.953     0.000    1.2890    0.0000    0.0000    0.0000     0.000    38.953   0.01000

    1    1=Volume        0=Woods-Saxon  2  117.8810    1.1780    0.7680   -0.6460    1.4150    0.8470     0.000    38.953

    1    2=Surface       0=Woods-Saxon  3    0.0000    0.0000    0.0000   20.6650    1.1980    0.8520     0.000    38.953

    1    3=Projtl S.O.   0=Woods-Saxon  4    2.0830    0.7380    0.9460   -1.1590    0.0000    0.0000     0.000    38.953
   --------------------------------------------------------------------------------------------------------------------

                                            A#1       A#2        r0c       ac                                                h @ 2
    2    0=Coulomb       0=CHARGE (WS)  5    39.963     0.000    1.3030    0.0000    0.0000    0.0000     0.000    39.963   0.01000

    2    1=Volume        0=Woods-Saxon  6   91.1200    1.1500    0.7620    2.2340    1.3340    0.5130     0.000    39.963

    2    2=Surface       0=Woods-Saxon  7    0.0000    0.0000    0.0000   10.2740    1.3780    0.7430     0.000    39.963

    2    3=Projtl S.O.   0=Woods-Saxon  8    3.5570    0.9720    1.0110    0.0000    0.0000    0.0000     0.000    39.963
   --------------------------------------------------------------------------------------------------------------------

                                            A#1       A#2        r0c       ac                                                h @ 0
    3    0=Coulomb       0=CHARGE (WS)  9     3.015     0.000    1.2500    0.0000    0.0000    0.0000     0.000     3.015   0.01000

    3    1=Volume        0=Woods-Saxon 10   50.0000    1.2500    0.6500    0.0000    0.0000    0.0000     0.000     3.015
   --------------------------------------------------------------------------------------------------------------------

                                            A#1       A#2        r0c       ac                                                h @ 0
    4    0=Coulomb       0=CHARGE (WS) 11    38.953     0.000    1.2500    0.0000    0.0000    0.0000     0.000    38.953   0.01000

    4    1=Volume        0=Woods-Saxon 12   50.0000    1.2500    0.6500    0.0000    0.0000    0.0000     0.000    38.953


 ************************************************************************************************************************************

 The following SINGLE-PARTICLE FORM FACTORS are constructed :


 No.   P1 P2 IN KIND T N  L  S1 IA J/S  IB BIND XFER  BE    SC PC FIL AFRAC Adjust  to  Z  Mass   K     Norm    rms      D0     D   ANC/Gsp

 For Channel #  1 with l = 0,  j =  0.5, around core state #  1

   R    Y(R)
   0.00   0.0000E+00,    0.10   5.8280E-02,    0.20   1.1591E-01,    0.30   1.7228E-01,    0.40   2.2679E-01,    0.50   2.7891E-01, 
   0.60   3.2812E-01,    0.70   3.7401E-01,    0.80   4.1621E-01,    0.90   4.5442E-01,    1.00   4.8842E-01,    1.10   5.1808E-01, 
   1.20   5.4332E-01,    1.30   5.6417E-01,    1.40   5.8070E-01,    1.50   5.9306E-01,    1.60   6.0146E-01,    1.70   6.0615E-01, 
   1.80   6.0741E-01,    1.90   6.0557E-01,    2.00   6.0095E-01,    2.10   5.9388E-01,    2.20   5.8471E-01,    2.30   5.7376E-01, 
   2.40   5.6133E-01,    2.50   5.4772E-01,    2.60   5.3317E-01,    2.70   5.1794E-01,    2.80   5.0221E-01,    2.90   4.8618E-01, 
   3.00   4.6999E-01,    3.10   4.5379E-01,    3.20   4.3767E-01,    3.30   4.2173E-01,    3.40   4.0605E-01,    3.50   3.9068E-01, 
   3.60   3.7566E-01,    3.70   3.6103E-01,    3.80   3.4682E-01,    3.90   3.3304E-01,    4.00   3.1970E-01,    4.10   3.0681E-01, 
   4.20   2.9437E-01,    4.30   2.8238E-01,    4.40   2.7083E-01,    4.50   2.5971E-01,    4.60   2.4902E-01,    4.70   2.3874E-01, 
   4.80   2.2887E-01,    4.90   2.1939E-01,    5.00   2.1029E-01,    5.10   2.0156E-01,    5.20   1.9318E-01,    5.30   1.8514E-01, 
   5.40   1.7743E-01,    5.50   1.7004E-01,    5.60   1.6296E-01,    5.70   1.5616E-01,    5.80   1.4965E-01,    5.90   1.4341E-01, 
   6.00   1.3743E-01,    6.10   1.3170E-01,    6.20   1.2620E-01,    6.30   1.2094E-01,    6.40   1.1589E-01,    6.50   1.1106E-01, 
   6.60   1.0643E-01,    6.70   1.0199E-01,    6.80   9.7738E-02,    6.90   9.3663E-02,    7.00   8.9758E-02,    7.10   8.6017E-02, 
   7.20   8.2432E-02,    7.30   7.8996E-02,    7.40   7.5705E-02,    7.50   7.2551E-02,    7.60   6.9529E-02,    7.70   6.6633E-02, 
   7.80   6.3858E-02,    7.90   6.1199E-02,    8.00   5.8651E-02,    8.10   5.6210E-02,    8.20   5.3870E-02,    8.30   5.1628E-02, 
   8.40   4.9480E-02,    8.50   4.7422E-02,    8.60   4.5449E-02,    8.70   4.3559E-02,    8.80   4.1747E-02,    8.90   4.0011E-02, 
   9.00   3.8348E-02,    9.10   3.6753E-02,    9.20   3.5226E-02,    9.30   3.3762E-02,    9.40   3.2359E-02,    9.50   3.1014E-02, 
   9.60   2.9725E-02,    9.70   2.8490E-02,    9.80   2.7307E-02,    9.90   2.6173E-02,   10.00   2.5086E-02,   10.10   2.4044E-02, 
  10.20   2.3046E-02,   10.30   2.2089E-02,   10.40   2.1172E-02,   10.50   2.0293E-02,   10.60   1.9451E-02,   10.70   1.8644E-02, 
  10.80   1.7870E-02,   10.90   1.7128E-02,   11.00   1.6418E-02,   11.10   1.5737E-02,   11.20   1.5084E-02,   11.30   1.4458E-02, 
  11.40   1.3858E-02,   11.50   1.3284E-02,   11.60   1.2733E-02,   11.70   1.2205E-02,   11.80   1.1699E-02,   11.90   1.1214E-02, 
  12.00   1.0749E-02,   12.10   1.0303E-02,   12.20   9.8761E-03,   12.30   9.4667E-03,   12.40   9.0744E-03,   12.50   8.6983E-03, 
  12.60   8.3378E-03,   12.70   7.9923E-03,   12.80   7.6612E-03,   12.90   7.3438E-03,   13.00   7.0395E-03,   13.10   6.7479E-03, 
  13.20   6.4684E-03,   13.30   6.2004E-03,   13.40   5.9436E-03,   13.50   5.6975E-03,   13.60   5.4615E-03,   13.70   5.2353E-03, 
  13.80   5.0186E-03,   13.90   4.8108E-03,   14.00   4.6116E-03,   14.10   4.4206E-03,   14.20   4.2376E-03,   14.30   4.0622E-03, 
  14.40   3.8940E-03,   14.50   3.7329E-03,   14.60   3.5784E-03,   14.70   3.4302E-03,   14.80   3.2883E-03,   14.90   3.1522E-03, 
  15.00   3.0218E-03,   15.10   2.8967E-03,   15.20   2.7768E-03,   15.30   2.6620E-03,   15.40   2.5518E-03,   15.50   2.4462E-03, 
  15.60   2.3450E-03,   15.70   2.2480E-03,   15.80   2.1550E-03,   15.90   2.0659E-03,   16.00   1.9804E-03,   16.10   1.8985E-03, 
  16.20   1.8200E-03,   16.30   1.7447E-03,   16.40   1.6726E-03,   16.50   1.6034E-03,   16.60   1.5371E-03,   16.70   1.4735E-03, 
  16.80   1.4126E-03,   16.90   1.3542E-03,   17.00   1.2982E-03, 

 No.   P1 P2 IN KIND T N  L  S1 IA J/S  IB BIND XFER  BE    SC PC FIL AFRAC Adjust  to  Z  Mass   K     Norm    rms      D0     D   ANC/Gsp

    At R=   16.990, ANC in ch  1 is    1.8773    ,   eta,eta*ln(2*rho)+rho =   0.54944E-01    7.2686    

    1:  2  1  1  0     1  0 0.5  1 0.5   0   3   0   5.4935  1  1  0 0.0000 VR  0.8879; 1. 1.001 0.4192 1.0000  2.820 -166.8 -179.7  1.8773

 For Channel #  1 with l = 9,  j =  8.5, around core state #  1

   R    Y(R)
   0.00   0.0000E+00,    0.10   1.3174E-14,    0.20   1.3357E-11,    0.30   7.5953E-10,    0.40   1.3227E-08,    0.50   1.2014E-07, 
   0.60   7.2136E-07,    0.70   3.2495E-06,    0.80   1.1843E-05,    0.90   3.6660E-05,    1.00   9.9640E-05,    1.10   2.4348E-04, 
   1.20   5.4432E-04,    1.30   1.1281E-03,    1.40   2.1897E-03,    1.50   4.0130E-03,    1.60   6.9894E-03,    1.70   1.1630E-02, 
   1.80   1.8570E-02,    1.90   2.8553E-02,    2.00   4.2407E-02,    2.10   6.0995E-02,    2.20   8.5142E-02,    2.30   1.1556E-01, 
   2.40   1.5274E-01,    2.50   1.9689E-01,    2.60   2.4780E-01,    2.70   3.0483E-01,    2.80   3.6684E-01,    2.90   4.3226E-01, 
   3.00   4.9907E-01,    3.10   5.6497E-01,    3.20   6.2752E-01,    3.30   6.8425E-01,    3.40   7.3291E-01,    3.50   7.7161E-01, 
   3.60   7.9894E-01,    3.70   8.1408E-01,    3.80   8.1686E-01,    3.90   8.0770E-01,    4.00   7.8759E-01,    4.10   7.5793E-01, 
   4.20   7.2043E-01,    4.30   6.7693E-01,    4.40   6.2933E-01,    4.50   5.7939E-01,    4.60   5.2869E-01,    4.70   4.7860E-01, 
   4.80   4.3017E-01,    4.90   3.8423E-01,    5.00   3.4133E-01,    5.10   3.0179E-01,    5.20   2.6578E-01,    5.30   2.3328E-01, 
   5.40   2.0420E-01,    5.50   1.7837E-01,    5.60   1.5554E-01,    5.70   1.3546E-01,    5.80   1.1788E-01,    5.90   1.0253E-01, 
   6.00   8.9165E-02,    6.10   7.7546E-02,    6.20   6.7462E-02,    6.30   5.8718E-02,    6.40   5.1141E-02,    6.50   4.4577E-02, 
   6.60   3.8891E-02,    6.70   3.3965E-02,    6.80   2.9695E-02,    6.90   2.5991E-02,    7.00   2.2777E-02,    7.10   1.9985E-02, 
   7.20   1.7558E-02,    7.30   1.5445E-02,    7.40   1.3604E-02,    7.50   1.1998E-02,    7.60   1.0596E-02,    7.70   9.3698E-03, 
   7.80   8.2963E-03,    7.90   7.3553E-03,    8.00   6.5293E-03,    8.10   5.8035E-03,    8.20   5.1648E-03,    8.30   4.6021E-03, 
   8.40   4.1057E-03,    8.50   3.6673E-03,    8.60   3.2795E-03,    8.70   2.9361E-03,    8.80   2.6317E-03,    8.90   2.3615E-03, 
   9.00   2.1214E-03,    9.10   1.9077E-03,    9.20   1.7174E-03,    9.30   1.5477E-03,    9.40   1.3962E-03,    9.50   1.2608E-03, 
   9.60   1.1396E-03,    9.70   1.0311E-03,    9.80   9.3378E-04,    9.90   8.4644E-04,   10.00   7.6797E-04,   10.10   6.9741E-04, 
  10.20   6.3388E-04,   10.30   5.7663E-04,   10.40   5.2500E-04,   10.50   4.7839E-04,   10.60   4.3628E-04,   10.70   3.9819E-04, 
  10.80   3.6371E-04,   10.90   3.3247E-04,   11.00   3.0415E-04,   11.10   2.7844E-04,   11.20   2.5510E-04,   11.30   2.3388E-04, 
  11.40   2.1458E-04,   11.50   1.9700E-04,   11.60   1.8099E-04,   11.70   1.6640E-04,   11.80   1.5308E-04,   11.90   1.4092E-04, 
  12.00   1.2980E-04,   12.10   1.1964E-04,   12.20   1.1034E-04,   12.30   1.0183E-04,   12.40   9.4032E-05,   12.50   8.6880E-05, 
  12.60   8.0320E-05,   12.70   7.4297E-05,   12.80   6.8764E-05,   12.90   6.3679E-05,   13.00   5.9002E-05,   13.10   5.4697E-05, 
  13.20   5.0734E-05,   13.30   4.7083E-05,   13.40   4.3717E-05,   13.50   4.0613E-05,   13.60   3.7748E-05,   13.70   3.5102E-05, 
  13.80   3.2658E-05,   13.90   3.0400E-05,   14.00   2.8311E-05,   14.10   2.6378E-05,   14.20   2.4588E-05,   14.30   2.2931E-05, 
  14.40   2.1396E-05,   14.50   1.9973E-05,   14.60   1.8653E-05,   14.70   1.7428E-05,   14.80   1.6291E-05,   14.90   1.5236E-05, 
  15.00   1.4255E-05,   15.10   1.3344E-05,   15.20   1.2496E-05,   15.30   1.1708E-05,   15.40   1.0975E-05,   15.50   1.0293E-05, 
  15.60   9.6584E-06,   15.70   9.0671E-06,   15.80   8.5164E-06,   15.90   8.0034E-06,   16.00   7.5254E-06,   16.10   7.0800E-06, 
  16.20   6.6648E-06,   16.30   6.2777E-06,   16.40   5.9169E-06,   16.50   5.5806E-06,   16.60   5.2671E-06,   16.70   4.9749E-06, 
  16.80   4.7026E-06,   16.90   4.4490E-06,   17.00   4.2127E-06, 

 No.   P1 P2 IN KIND T N  L  S1 IA J/S  IB BIND XFER  BE    SC PC FIL AFRAC Adjust  to  Z  Mass   K     Norm    rms      D0     D   ANC/Gsp

    At R=   16.990, ANC in ch  2 is      Infinity,   eta,eta*ln(2*rho)+rho =    93.885       -136.56    

    2:  1  2  2  0     1  9 0.5  1 8.5   0   4   0   0.0010  1  1  0 0.0000 VR  5.1514; 1. 1.010 0.0069 1.0000  3.924   -0.0   -0.0  Infinity

 ************************************************************************************************************************************

 TWO-way COUPLING # 1 for partitions  2 <-  1 of KIND  5,   0  0  0 -1 -1 & P1,P2 = -172.8000   0.0000 : for J <=    35.5 & R <  17.0 fm.


 data =  1  1  1  1  1.0000,  so  < [he3      #  1] / [h2       #  1]  * Eigen-form #  1>  =   1.0000            BE =  5.494     1

 data =  2  1  1  2  1.0000,  so  < [ca40     #  1] / [k39      #  1]  * Eigen-form #  2>  =   1.0000            BE =  0.001     2
 KNT =   2, KNP =   1: NK,NG,loc=   1   1   1  13  T  T  F

     So ZERO-RANGE TRANSFER, with D0 =  -172.800 and finite-range effective radius   0.0000 fm.

   2  1  1 13     6.017  -172.800  -172.800     1.001     0.669     0.000     0.010

 Incoming partition  1 in excitation state # 1,   Laboratory Energy given for partition  1 Nucleus 1 in Excitation pair 1

0Lab. ENERGY ranges :

   from    21.0000     to   21.0000     in     0 intervals
   from    21.0000     to   0.00000     in     0 intervals
   from    0.00000     to   0.00000     in     0 intervals

 Largest real,imaginary parts of any form factor at R=   16.90 are   8.52E-02  2.36E-05 MeV
 Finished all Couplings @    1.65143597              13

 Symmetric Hamiltonian
1***********************************************************************************************************************************
************************************************************************************************************************************

        INCOMING he3      ;    LABORATORY he3      ENERGY =   21.000     MeV.

 ***********************************************************************************************************************************
 ***********************************************************************************************************************************

 Allocate arrays for            3  channels, of which            3  need wfs.

 Total SPIN, PARITY =     0.0 +,      3 chs,      0 cc.  Rmin & Coul turning =    0.0    2.8


    C Projectl Target   #   EX.   (L  Proj) J  + Targ = Jtotal     E-cm      Re K     Re Eta     RM*K            CH
    1 he3      k39      #    1: I   2 0.5    1.5  1.5     0.0    19.49135   1.61545   2.26756   27.4627   0.45751   0.25608 1 1 1   1
    2 h2       ca40     #    1:     7 1.0    8.0  8.0     0.0    13.47545   1.11184   1.18810   18.9013  -0.52255   0.14757 2 1 2   1
    3 h2       ca40     #    1:     9 1.0    8.0  8.0     0.0    13.47545   1.11184   1.18810   18.9013   0.31801   0.46377 2 1 2   1
 Allocate arrays for            7  channels, of which            7  need wfs.
 Allocate arrays for            8  channels, of which            8  need wfs.
 Allocate arrays for           12  channels, of which           12  need wfs.
 Allocate arrays for           14  channels, of which           14  need wfs.
 Allocate arrays for           15  channels, of which           15  need wfs.
 Allocate arrays for           18  channels, of which           18  need wfs.
 Allocate arrays for           20  channels, of which           20  need wfs.
 Allocate arrays for           21  channels, of which           21  need wfs.
 Allocate arrays for           24  channels, of which           24  need wfs.
 Allocate arrays for           26  channels, of which           26  need wfs.
 Allocate arrays for           27  channels, of which           27  need wfs.
0****** WARNING : ACCURACY LOSS IN ERWIN = 14.7 DIGITS, SO EXPECT ERRORS OF   0.0006 % OF UNITARITY

 Allocate arrays for           29  channels, of which           29  need wfs.
 Allocate arrays for           30  channels, of which           30  need wfs.
0****** WARNING : ACCURACY LOSS IN ERWIN = 14.2 DIGITS, SO EXPECT ERRORS OF   0.0175 % OF UNITARITY

0****** WARNING : ACCURACY LOSS IN ERWIN = 14.2 DIGITS, SO EXPECT ERRORS OF   0.0000 % OF UNITARITY

0****** WARNING : ACCURACY LOSS IN ERWIN = 14.5 DIGITS, SO EXPECT ERRORS OF   0.0000 % OF UNITARITY

0****** WARNING : ACCURACY LOSS IN ERWIN = 14.4 DIGITS, SO EXPECT ERRORS OF   0.0004 % OF UNITARITY

0****** WARNING : ACCURACY LOSS IN ERWIN = 14.5 DIGITS, SO EXPECT ERRORS OF   0.0010 % OF UNITARITY

0****** WARNING : ACCURACY LOSS IN ERWIN = 14.2 DIGITS, SO EXPECT ERRORS OF   0.0000 % OF UNITARITY

0****** WARNING : ACCURACY LOSS IN ERWIN = 14.1 DIGITS, SO EXPECT ERRORS OF   0.0000 % OF UNITARITY

0****** WARNING : ACCURACY LOSS IN ERWIN = 14.4 DIGITS, SO EXPECT ERRORS OF   0.0003 % OF UNITARITY

0****** WARNING : ACCURACY LOSS IN ERWIN = 14.2 DIGITS, SO EXPECT ERRORS OF   0.0000 % OF UNITARITY

0****** WARNING : ACCURACY LOSS IN ERWIN = 14.3 DIGITS, SO EXPECT ERRORS OF   0.0000 % OF UNITARITY

0****** WARNING : ACCURACY LOSS IN ERWIN = 14.3 DIGITS, SO EXPECT ERRORS OF   0.0002 % OF UNITARITY

0****** WARNING : ACCURACY LOSS IN ERWIN = 14.2 DIGITS, SO EXPECT ERRORS OF   0.0002 % OF UNITARITY

0****** WARNING : ACCURACY LOSS IN ERWIN = 14.3 DIGITS, SO EXPECT ERRORS OF   0.0001 % OF UNITARITY

0****** WARNING : ACCURACY LOSS IN ERWIN = 14.4 DIGITS, SO EXPECT ERRORS OF   0.0001 % OF UNITARITY

0****** WARNING : ACCURACY LOSS IN ERWIN = 14.3 DIGITS, SO EXPECT ERRORS OF   0.0001 % OF UNITARITY

0****** WARNING : ACCURACY LOSS IN ERWIN = 14.2 DIGITS, SO EXPECT ERRORS OF   0.0000 % OF UNITARITY

0****** WARNING : ACCURACY LOSS IN ERWIN = 14.3 DIGITS, SO EXPECT ERRORS OF   0.0000 % OF UNITARITY

0****** WARNING : ACCURACY LOSS IN ERWIN = 14.5 DIGITS, SO EXPECT ERRORS OF   0.0000 % OF UNITARITY

0****** WARNING : ACCURACY LOSS IN ERWIN = 14.2 DIGITS, SO EXPECT ERRORS OF   0.0000 % OF UNITARITY

0****** WARNING : ACCURACY LOSS IN ERWIN = 14.5 DIGITS, SO EXPECT ERRORS OF   0.0000 % OF UNITARITY

0****** WARNING : ACCURACY LOSS IN ERWIN = 14.6 DIGITS, SO EXPECT ERRORS OF   0.0000 % OF UNITARITY

0****** WARNING : ACCURACY LOSS IN ERWIN = 14.8 DIGITS, SO EXPECT ERRORS OF   0.0000 % OF UNITARITY

0****** WARNING : ACCURACY LOSS IN ERWIN = 14.9 DIGITS, SO EXPECT ERRORS OF   0.0000 % OF UNITARITY

0****** WARNING : ACCURACY LOSS IN ERWIN = 14.2 DIGITS, SO EXPECT ERRORS OF   0.0000 % OF UNITARITY

0****** WARNING : ACCURACY LOSS IN ERWIN = 14.1 DIGITS, SO EXPECT ERRORS OF   0.0000 % OF UNITARITY

0****** WARNING : ACCURACY LOSS IN ERWIN = 14.2 DIGITS, SO EXPECT ERRORS OF   0.0000 % OF UNITARITY

0****** WARNING : ACCURACY LOSS IN ERWIN = 14.4 DIGITS, SO EXPECT ERRORS OF   0.0000 % OF UNITARITY

0****** WARNING : ACCURACY LOSS IN ERWIN = 14.5 DIGITS, SO EXPECT ERRORS OF   0.0000 % OF UNITARITY

0****** WARNING : ACCURACY LOSS IN ERWIN = 14.2 DIGITS, SO EXPECT ERRORS OF   0.0000 % OF UNITARITY

0****** WARNING : ACCURACY LOSS IN ERWIN = 14.3 DIGITS, SO EXPECT ERRORS OF   0.0000 % OF UNITARITY

0****** WARNING : ACCURACY LOSS IN ERWIN = 14.2 DIGITS, SO EXPECT ERRORS OF   0.0000 % OF UNITARITY

0****** WARNING : ACCURACY LOSS IN ERWIN = 14.3 DIGITS, SO EXPECT ERRORS OF   0.0000 % OF UNITARITY

0****** WARNING : ACCURACY LOSS IN ERWIN = 14.5 DIGITS, SO EXPECT ERRORS OF   0.0000 % OF UNITARITY

0****** WARNING : ACCURACY LOSS IN ERWIN = 14.3 DIGITS, SO EXPECT ERRORS OF   0.0000 % OF UNITARITY

0****** WARNING : ACCURACY LOSS IN ERWIN = 14.2 DIGITS, SO EXPECT ERRORS OF   0.0000 % OF UNITARITY

0****** WARNING : ACCURACY LOSS IN ERWIN = 14.3 DIGITS, SO EXPECT ERRORS OF   0.0000 % OF UNITARITY

 Reaction Xsec    32.0+/30 @ 1 =   2.535#, Out:   0.000#   0.000#   0.000f
 Reaction Xsec    32.0+/32 @ 2 =   0.133#, Out:   0.000#   0.000#   0.000f
 Reaction Xsec    32.0+/32 @ 3 =   0.130#, Out:   0.000#   0.000#   0.000f
 Reaction Xsec    32.0+/34 @ 4 =   0.005#, Out:   0.000#   0.000#   0.000f
 Reaction Xsec    32.0-/31 @ 1 =   0.607#, Out:   0.000#   0.000#   0.000f
 Reaction Xsec    32.0-/31 @ 2 =   0.597#, Out:   0.000#   0.000#   0.000f
 Reaction Xsec    32.0-/33 @ 3 =   0.027#, Out:   0.000#   0.000#   0.000f
 Reaction Xsec    32.0-/33 @ 4 =   0.026#, Out:   0.000#   0.000#   0.000f
 Reaction Xsec    33.0+/32 @ 1 =   0.137#, Out:   0.000#   0.000#   0.000f
 Reaction Xsec    33.0+/32 @ 2 =   0.135#, Out:   0.000#   0.000#   0.000f
 Reaction Xsec    33.0+/34 @ 3 =   0.005#, Out:   0.000#   0.000#   0.000f
 Reaction Xsec    33.0+/34 @ 4 =   0.005#, Out:   0.000#   0.000#   0.000f
 Reaction Xsec    33.0-/31 @ 1 =   0.616#, Out:   0.000#   0.000#   0.000f
 Reaction Xsec    33.0-/33 @ 2 =   0.028#, Out:   0.000#   0.000#   0.000f
 Reaction Xsec    33.0-/33 @ 3 =   0.027#, Out:   0.000#   0.000#   0.000f
 Reaction Xsec    33.0-/35 @ 4 =   0.001#, Out:   0.000#   0.000#   0.000f
 Reaction Xsec    34.0+/32 @ 1 =   0.139#, Out:   0.000#   0.000#   0.000f
 Reaction Xsec    34.0+/34 @ 2 =   0.005#, Out:   0.000#   0.000#   0.000f
 Reaction Xsec    34.0+/34 @ 3 =   0.005#, Out:   0.000#   0.000#   0.000f
 Reaction Xsec    34.0+/36 @ 4 =   0.000#, Out:   0.000#   0.000#   0.000f
 Reaction Xsec    34.0-/33 @ 1 =   0.029#, Out:   0.000#   0.000#   0.000f
 Reaction Xsec    34.0-/33 @ 2 =   0.028#, Out:   0.000#   0.000#   0.000f
 Reaction Xsec    34.0-/35 @ 3 =   0.001#, Out:   0.000#   0.000#   0.000f
 Reaction Xsec    34.0-/35 @ 4 =   0.001#, Out:   0.000#   0.000#   0.000f
 Reaction Xsec    35.0+/34 @ 1 =   0.006#, Out:   0.000#   0.000#   0.000f
 Reaction Xsec    35.0+/34 @ 2 =   0.005#, Out:   0.000#   0.000#   0.000f
 Reaction Xsec    35.0+/36 @ 3 =   0.000#, Out:   0.000#   0.000#   0.000f
 Reaction Xsec    35.0+/36 @ 4 =   0.000#, Out:   0.000#   0.000#   0.000f
 Reaction Xsec    35.0-/33 @ 1 =   0.029#, Out:   0.000#   0.000#   0.000f
 Reaction Xsec    35.0-/35 @ 2 =   0.001#, Out:   0.000#   0.000#   0.000f
 Reaction Xsec    35.0-/35 @ 3 =   0.001#, Out:   0.000#   0.000#   0.000f
 Reaction Xsec    35.0-/37 @ 4 =   0.000#, Out:   0.000#   0.000#   0.000f
 Finished all CC sets @    2.08050299    
0CUMULATIVE REACTION cross section                 = 1423.24108  <L> =     7.34  <L**2> =     63.7
0CUMULATIVE outgoing cross sections in partition 1 :    0.00000
0CUMULATIVE outgoing cross sections in partition 2 :    0.39238
0Cumulative ABSORBTION by Imaginary Potentials     = 1422.84870  <L> =     7.34  <L**2> =     63.7
   Fusion for specific he3      M-states : 1428.870816 1428.870816
0CUMULATIVE OUTGOING cross section                 =    0.39238
 To convert to S-factors (MeV.mb = keV.b),  multiply by  3.0022E+07


 CROSS SECTIONS FOR OUTGOING he3      & k39      in state #   1 with spins & parities 0.5  + &  1.5  +;  0

     0.01 deg.: X-S =   8.4933E+16 mb/sr,                       & pols = 0. -0.00000
+                                         /R =   1.0000E+00
     1.00 deg.: X-S =   8.4909E+08 mb/sr,                       & pols =-0.  0.00000
+                                         /R =   9.9967E-01
     2.00 deg.: X-S =   5.3169E+07 mb/sr,                       & pols = 0. -0.00001
+                                         /R =   1.0014E+00
     3.00 deg.: X-S =   1.0282E+07 mb/sr,                       & pols = 0.  0.00002
+                                         /R =   9.8014E-01
     4.00 deg.: X-S =   3.2994E+06 mb/sr,                       & pols = 0.  0.00011
+                                         /R =   9.9366E-01
     5.00 deg.: X-S =   1.4097E+06 mb/sr,                       & pols =-0.  0.00006
+                                         /R =   1.0360E+00
     6.00 deg.: X-S =   7.0157E+05 mb/sr,                       & pols =-0. -0.00016
+                                         /R =   1.0686E+00
     7.00 deg.: X-S =   3.7943E+05 mb/sr,                       & pols = 0. -0.00046
+                                         /R =   1.0700E+00
     8.00 deg.: X-S =   2.1688E+05 mb/sr,                       & pols = 0. -0.00069
+                                         /R =   1.0426E+00
     9.00 deg.: X-S =   1.3008E+05 mb/sr,                       & pols =-0. -0.00074
+                                         /R =   1.0007E+00
    10.00 deg.: X-S =   8.1862E+04 mb/sr,                       & pols =-0. -0.00053
+                                         /R =   9.5895E-01
    11.00 deg.: X-S =   5.4042E+04 mb/sr,                       & pols =-0. -0.00006
+                                         /R =   9.2588E-01
    12.00 deg.: X-S =   3.7257E+04 mb/sr,                       & pols =-0.  0.00056
+                                         /R =   9.0299E-01
    13.00 deg.: X-S =   2.6590E+04 mb/sr,                       & pols =-0.  0.00119
+                                         /R =   8.8653E-01
    14.00 deg.: X-S =   1.9435E+04 mb/sr,                       & pols = 0.  0.00172
+                                         /R =   8.7037E-01
    15.00 deg.: X-S =   1.4401E+04 mb/sr,                       & pols =-0.  0.00208
+                                         /R =   8.4862E-01
    16.00 deg.: X-S =   1.0731E+04 mb/sr,                       & pols =-0.  0.00223
+                                         /R =   8.1731E-01
    17.00 deg.: X-S =  7999.982821 mb/sr,                       & pols = 0.  0.00221
+                                         /R =   7.7523E-01
    18.00 deg.: X-S =  5953.180585 mb/sr,                       & pols =-0.  0.00203
+                                         /R =   7.2379E-01
    19.00 deg.: X-S =  4423.516234 mb/sr,                       & pols =-0.  0.00175
+                                         /R =   6.6640E-01
    20.00 deg.: X-S =  3291.294197 mb/sr,                       & pols =-0.  0.00141
+                                         /R =   6.0755E-01
    21.00 deg.: X-S =  2464.361757 mb/sr,                       & pols =-0.  0.00111
+                                         /R =   5.5178E-01
    22.00 deg.: X-S =  1868.944702 mb/sr,                       & pols =-0.  0.00091
+                                         /R =   5.0295E-01
    23.00 deg.: X-S =  1445.384557 mb/sr,                       & pols =-0.  0.00089
+                                         /R =   4.6359E-01
    24.00 deg.: X-S =  1145.936767 mb/sr,                       & pols =-0.  0.00109
+                                         /R =   4.3472E-01
    25.00 deg.: X-S =   933.285360 mb/sr,                       & pols =-0.  0.00147
+                                         /R =   4.1581E-01
    26.00 deg.: X-S =   779.209671 mb/sr,                       & pols =-0.  0.00198
+                                         /R =   4.0508E-01
    27.00 deg.: X-S =   663.224898 mb/sr,                       & pols =-0.  0.00251
+                                         /R =   3.9988E-01
    28.00 deg.: X-S =   571.192359 mb/sr,                       & pols =-0.  0.00300
+                                         /R =   3.9721E-01
    29.00 deg.: X-S =   493.958980 mb/sr,                       & pols =-0.  0.00340
+                                         /R =   3.9411E-01
    30.00 deg.: X-S =   426.094996 mb/sr,                       & pols =-0.  0.00370
+                                         /R =   3.8817E-01
    31.00 deg.: X-S =   364.784685 mb/sr,                       & pols = 0.  0.00392
+                                         /R =   3.7772E-01
    32.00 deg.: X-S =   308.903063 mb/sr,                       & pols = 0.  0.00412
+                                         /R =   3.6200E-01
    33.00 deg.: X-S =   258.289956 mb/sr,                       & pols = 0.  0.00436
+                                         /R =   3.4120E-01
    34.00 deg.: X-S =   213.215099 mb/sr,                       & pols = 0.  0.00473
+                                         /R =   3.1629E-01
    35.00 deg.: X-S =   174.015173 mb/sr,                       & pols = 0.  0.00531
+                                         /R =   2.8886E-01
    36.00 deg.: X-S =   140.875877 mb/sr,                       & pols = 0.  0.00624
+                                         /R =   2.6079E-01
    37.00 deg.: X-S =   113.728585 mb/sr,                       & pols = 0.  0.00762
+                                         /R =   2.3405E-01
    38.00 deg.: X-S =    92.231009 mb/sr,                       & pols =-0.  0.00951
+                                         /R =   2.1037E-01
    39.00 deg.: X-S =    75.803650 mb/sr,                       & pols =-0.  0.01186
+                                         /R =   1.9107E-01
    40.00 deg.: X-S =    63.697783 mb/sr,                       & pols =-0.  0.01443
+                                         /R =   1.7696E-01
    41.00 deg.: X-S =    55.075539 mb/sr,                       & pols =-0.  0.01685
+                                         /R =   1.6819E-01
    42.00 deg.: X-S =    49.087723 mb/sr,                       & pols =-0.  0.01869
+                                         /R =   1.6437E-01
    43.00 deg.: X-S =    44.939827 mb/sr,                       & pols =-0.  0.01962
+                                         /R =   1.6461E-01
    44.00 deg.: X-S =    41.940965 mb/sr,                       & pols = 0.  0.01954
+                                         /R =   1.6768E-01
    45.00 deg.: X-S =    39.533930 mb/sr,                       & pols = 0.  0.01852
+                                         /R =   1.7213E-01
    46.00 deg.: X-S =    37.307242 mb/sr,                       & pols = 0.  0.01674
+                                         /R =   1.7654E-01
    47.00 deg.: X-S =    34.991813 mb/sr,                       & pols = 0.  0.01436
+                                         /R =   1.7960E-01
    48.00 deg.: X-S =    32.445885 mb/sr,                       & pols = 0.  0.01151
+                                         /R =   1.8028E-01
    49.00 deg.: X-S =    29.632247 mb/sr,                       & pols = 0.  0.00826
+                                         /R =   1.7791E-01
    50.00 deg.: X-S =    26.591577 mb/sr,                       & pols = 0.  0.00467
+                                         /R =   1.7221E-01
    51.00 deg.: X-S =    23.415270 mb/sr,                       & pols = 0.  0.00075
+                                         /R =   1.6329E-01
    52.00 deg.: X-S =    20.220355 mb/sr,                       & pols = 0. -0.00349
+                                         /R =   1.5160E-01
    53.00 deg.: X-S =    17.128332 mb/sr,                       & pols = 0. -0.00799
+                                         /R =   1.3783E-01
    54.00 deg.: X-S =    14.248951 mb/sr,                       & pols = 0. -0.01265
+                                         /R =   1.2289E-01
    55.00 deg.: X-S =    11.669249 mb/sr,                       & pols = 0. -0.01722
+                                         /R =   1.0770E-01
    56.00 deg.: X-S =     9.447619 mb/sr,                       & pols = 0. -0.02127
+                                         /R =   9.3173E-02
    57.00 deg.: X-S =     7.612241 mb/sr,                       & pols = 0. -0.02403
+                                         /R =   8.0112E-02
    58.00 deg.: X-S =     6.162996 mb/sr,                       & pols = 0. -0.02447
+                                         /R =   6.9121E-02
    59.00 deg.: X-S =     5.075827 mb/sr,                       & pols = 0. -0.02139
+                                         /R =   6.0589E-02
    60.00 deg.: X-S =     4.308577 mb/sr,                       & pols = 0. -0.01404
+                                         /R =   5.4670E-02
    61.00 deg.: X-S =     3.807381 mb/sr,                       & pols = 0. -0.00277
+                                         /R =   5.1290E-02
    62.00 deg.: X-S =     3.512895 mb/sr,                       & pols = 0.  0.01075
+                                         /R =   5.0183E-02
    63.00 deg.: X-S =     3.365798 mb/sr,                       & pols =-0.  0.02419
+                                         /R =   5.0929E-02
    64.00 deg.: X-S =     3.311220 mb/sr,                       & pols = 0.  0.03572
+                                         /R =   5.3010E-02
    65.00 deg.: X-S =     3.301921 mb/sr,                       & pols = 0.  0.04448
+                                         /R =   5.5868E-02
    66.00 deg.: X-S =     3.300206 mb/sr,                       & pols = 0.  0.05042
+                                         /R =   5.8953E-02
    67.00 deg.: X-S =     3.278662 mb/sr,                       & pols = 0.  0.05393
+                                         /R =   6.1771E-02
    68.00 deg.: X-S =     3.219921 mb/sr,                       & pols = 0.  0.05547
+                                         /R =   6.3918E-02
    69.00 deg.: X-S =     3.115657 mb/sr,                       & pols = 0.  0.05543
+                                         /R =   6.5102E-02
    70.00 deg.: X-S =     2.965083 mb/sr,                       & pols = 0.  0.05408
+                                         /R =   6.5153E-02
    71.00 deg.: X-S =     2.773170 mb/sr,                       & pols = 0.  0.05156
+                                         /R =   6.4021E-02
    72.00 deg.: X-S =     2.548798 mb/sr,                       & pols = 0.  0.04792
+                                         /R =   6.1765E-02
    73.00 deg.: X-S =     2.303013 mb/sr,                       & pols = 0.  0.04312
+                                         /R =   5.8530E-02
    74.00 deg.: X-S =     2.047502 mb/sr,                       & pols = 0.  0.03705
+                                         /R =   5.4527E-02
    75.00 deg.: X-S =     1.793373 mb/sr,                       & pols = 0.  0.02956
+                                         /R =   5.0003E-02
    76.00 deg.: X-S =     1.550263 mb/sr,                       & pols = 0.  0.02049
+                                         /R =   4.5217E-02
    77.00 deg.: X-S =     1.325777 mb/sr,                       & pols = 0.  0.00973
+                                         /R =   4.0420E-02
    78.00 deg.: X-S =     1.125233 mb/sr,                       & pols = 0. -0.00270
+                                         /R =   3.5831E-02
    79.00 deg.: X-S =     0.951658 mb/sr,                       & pols = 0. -0.01655
+                                         /R =   3.1627E-02
    80.00 deg.: X-S =     0.805982 mb/sr,                       & pols = 0. -0.03119
+                                         /R =   2.7934E-02
                                           Integrated********** mb, over [   0.000,  80.000] at    21.0000 MeV 

 CROSS SECTIONS FOR OUTGOING h2       & ca40     in state #   1 with spins & parities 1.0  + &  8.0  -;  0

     0.00 deg.: X-S =     0.038755 mb/sr,                       & pols =-0.  0.00000
+                                         REAC   3.9238E-01 mb
     1.00 deg.: X-S =     0.039054 mb/sr,                       & pols =-0. -0.02162
     2.00 deg.: X-S =     0.039933 mb/sr,                       & pols =-0. -0.04186
     3.00 deg.: X-S =     0.041341 mb/sr,                       & pols =-0. -0.05959
     4.00 deg.: X-S =     0.043195 mb/sr,                       & pols =-0. -0.07406
     5.00 deg.: X-S =     0.045387 mb/sr,                       & pols =-0. -0.08493
     6.00 deg.: X-S =     0.047788 mb/sr,                       & pols =-0. -0.09220
     7.00 deg.: X-S =     0.050259 mb/sr,                       & pols = 0. -0.09609
     8.00 deg.: X-S =     0.052657 mb/sr,                       & pols = 0. -0.09697
     9.00 deg.: X-S =     0.054841 mb/sr,                       & pols = 0. -0.09530
    10.00 deg.: X-S =     0.056688 mb/sr,                       & pols = 0. -0.09154
    11.00 deg.: X-S =     0.058090 mb/sr,                       & pols = 0. -0.08619
    12.00 deg.: X-S =     0.058967 mb/sr,                       & pols = 0. -0.07974
    13.00 deg.: X-S =     0.059271 mb/sr,                       & pols = 0. -0.07267
    14.00 deg.: X-S =     0.058983 mb/sr,                       & pols = 0. -0.06542
    15.00 deg.: X-S =     0.058122 mb/sr,                       & pols = 0. -0.05840
    16.00 deg.: X-S =     0.056737 mb/sr,                       & pols = 0. -0.05198
    17.00 deg.: X-S =     0.054911 mb/sr,                       & pols = 0. -0.04642
    18.00 deg.: X-S =     0.052754 mb/sr,                       & pols = 0. -0.04193
    19.00 deg.: X-S =     0.050397 mb/sr,                       & pols = 0. -0.03861
    20.00 deg.: X-S =     0.047989 mb/sr,                       & pols =-0. -0.03645
    21.00 deg.: X-S =     0.045685 mb/sr,                       & pols =-0. -0.03539
    22.00 deg.: X-S =     0.043640 mb/sr,                       & pols =-0. -0.03531
    23.00 deg.: X-S =     0.041997 mb/sr,                       & pols =-0. -0.03603
    24.00 deg.: X-S =     0.040877 mb/sr,                       & pols =-0. -0.03741
    25.00 deg.: X-S =     0.040369 mb/sr,                       & pols =-0. -0.03929
    26.00 deg.: X-S =     0.040520 mb/sr,                       & pols =-0. -0.04154
    27.00 deg.: X-S =     0.041331 mb/sr,                       & pols = 0. -0.04402
    28.00 deg.: X-S =     0.042751 mb/sr,                       & pols = 0. -0.04656
    29.00 deg.: X-S =     0.044681 mb/sr,                       & pols = 0. -0.04896
    30.00 deg.: X-S =     0.046975 mb/sr,                       & pols = 0. -0.05099
    31.00 deg.: X-S =     0.049452 mb/sr,                       & pols = 0. -0.05243
    32.00 deg.: X-S =     0.051910 mb/sr,                       & pols = 0. -0.05311
    33.00 deg.: X-S =     0.054140 mb/sr,                       & pols = 0. -0.05294
    34.00 deg.: X-S =     0.055946 mb/sr,                       & pols = 0. -0.05188
    35.00 deg.: X-S =     0.057158 mb/sr,                       & pols = 0. -0.05003
    36.00 deg.: X-S =     0.057656 mb/sr,                       & pols = 0. -0.04757
    37.00 deg.: X-S =     0.057374 mb/sr,                       & pols =-0. -0.04477
    38.00 deg.: X-S =     0.056314 mb/sr,                       & pols = 0. -0.04203
    39.00 deg.: X-S =     0.054547 mb/sr,                       & pols = 0. -0.03983
    40.00 deg.: X-S =     0.052206 mb/sr,                       & pols = 0. -0.03873
    41.00 deg.: X-S =     0.049483 mb/sr,                       & pols = 0. -0.03929
    42.00 deg.: X-S =     0.046608 mb/sr,                       & pols = 0. -0.04194
    43.00 deg.: X-S =     0.043836 mb/sr,                       & pols = 0. -0.04680
    44.00 deg.: X-S =     0.041418 mb/sr,                       & pols = 0. -0.05337
    45.00 deg.: X-S =     0.039587 mb/sr,                       & pols = 0. -0.06030
    46.00 deg.: X-S =     0.038529 mb/sr,                       & pols = 0. -0.06547
    47.00 deg.: X-S =     0.038371 mb/sr,                       & pols = 0. -0.06643
    48.00 deg.: X-S =     0.039165 mb/sr,                       & pols = 0. -0.06131
    49.00 deg.: X-S =     0.040881 mb/sr,                       & pols = 0. -0.04957
    50.00 deg.: X-S =     0.043407 mb/sr,                       & pols = 0. -0.03214
    51.00 deg.: X-S =     0.046561 mb/sr,                       & pols =-0. -0.01094
    52.00 deg.: X-S =     0.050099 mb/sr,                       & pols =-0.  0.01185
    53.00 deg.: X-S =     0.053740 mb/sr,                       & pols =-0.  0.03428
    54.00 deg.: X-S =     0.057190 mb/sr,                       & pols =-0.  0.05478
    55.00 deg.: X-S =     0.060165 mb/sr,                       & pols = 0.  0.07222
    56.00 deg.: X-S =     0.062420 mb/sr,                       & pols = 0.  0.08570
    57.00 deg.: X-S =     0.063770 mb/sr,                       & pols = 0.  0.09450
    58.00 deg.: X-S =     0.064107 mb/sr,                       & pols = 0.  0.09800
    59.00 deg.: X-S =     0.063409 mb/sr,                       & pols = 0.  0.09561
    60.00 deg.: X-S =     0.061744 mb/sr,                       & pols =-0.  0.08682
    61.00 deg.: X-S =     0.059261 mb/sr,                       & pols = 0.  0.07132
    62.00 deg.: X-S =     0.056181 mb/sr,                       & pols = 0.  0.04913
    63.00 deg.: X-S =     0.052769 mb/sr,                       & pols = 0.  0.02098
    64.00 deg.: X-S =     0.049316 mb/sr,                       & pols = 0. -0.01128
    65.00 deg.: X-S =     0.046107 mb/sr,                       & pols = 0. -0.04429
    66.00 deg.: X-S =     0.043399 mb/sr,                       & pols = 0. -0.07305
    67.00 deg.: X-S =     0.041391 mb/sr,                       & pols = 0. -0.09156
    68.00 deg.: X-S =     0.040213 mb/sr,                       & pols = 0. -0.09443
    69.00 deg.: X-S =     0.039909 mb/sr,                       & pols =-0. -0.07895
    70.00 deg.: X-S =     0.040435 mb/sr,                       & pols =-0. -0.04640
    71.00 deg.: X-S =     0.041667 mb/sr,                       & pols =-0. -0.00163
    72.00 deg.: X-S =     0.043410 mb/sr,                       & pols = 0.  0.04881
    73.00 deg.: X-S =     0.045422 mb/sr,                       & pols =-0.  0.09870
    74.00 deg.: X-S =     0.047433 mb/sr,                       & pols = 0.  0.14332
    75.00 deg.: X-S =     0.049177 mb/sr,                       & pols =-0.  0.17968
    76.00 deg.: X-S =     0.050412 mb/sr,                       & pols = 0.  0.20607
    77.00 deg.: X-S =     0.050949 mb/sr,                       & pols = 0.  0.22167
    78.00 deg.: X-S =     0.050666 mb/sr,                       & pols = 0.  0.22601
    79.00 deg.: X-S =     0.049520 mb/sr,                       & pols = 0.  0.21875
    80.00 deg.: X-S =     0.047550 mb/sr,                       & pols = 0.  0.19957
                                           Integrated    0.2592 mb, over [   0.000,  80.000] at    21.0000 MeV 
 Finished all xsecs @    2.15734100    

  The following files have been created:
   3:local copy of User input.            6:standard output.                   
  13:total cross sections/state.         16:tables of cross sections.          
  35:Astrophysics S-factors  / Ecm.      39:cross sections for each Ecm.       
  40:all cross sectns. for each Elab.    46:bs wave functions & ANC ratios.    
  56:Fusion for each Jtotal.             58:Single-particle wfns.              
  75:S-factors for lab energies.        201:Separate cross sections.           
 202:Separate cross sections.           

 PARAMETERS : MAXQRN   MFNL   MLOC  LMAX1 MCLIST
    ALLOWED :     14    900     26     55      6
    REQUIRED:      1      0     13     45      4


 ACCURACY ANALYSIS at    21.000 MeV :

  Elastic h*k = 0.016 so OK       compared with 0.200

   Real(S-el) > 0.01 first at J =       1.0
   Real(S-el) > 0.10 first at J =       5.0
   Real(S-el) > 0.50 first at J =       8.0
   Real(S-el) > 0.90 first at J =      10.0
   Real(S-el) > 0.99 first at J =      13.0
   R-turn =    23.42 fm    at J =      35.0

 Forward-angle excitation cut off below   7.320 deg by max JT =      35.0
                              and below   9.462 deg by max R.

 Total CPU  0 time =       2.16 seconds
