 FRESCO - FRES 3.4: Coupled Reaction Channels
 Assuming NAMELIST input.

 39K(3He,d)40Ca 21 MeV DWBA ZR 8851 keV Jpi=6- l=5 n=1 j=9/2                     

   0.010  23.000   0.100   0.100  10.000  -0.300   0.000   0.000   0.000   0.000

 Centre-of-mass Range is   2302 * 0.0100 fm., Maximum at  23.00 fm., Interpolating NL forms every  0.10 fm.
 Non - locality width is    101 * 0.1000 fm., Maximum of  10.00 fm., Centred at -0.20 fm.
 2-Nucleon Separation of      0 * 0.1000 fm., Maximum of   0.00 fm., Minimum at  0.00 fm.
 Maximum single particle bins of 23.0000 fm.
               M,Mint =         2301        2301


 Range of total J is     0.0 <= J <=    30.0 (at least     0.0) and Absorbtion =>    -1.0000 mb.
 Dry Run = F, CC set limits =  0  0, Relativistic kinematics =  , Both/Far/Near Analyses =  1                     

 Cross Sections (and up to T1 for 0=projectile) for Theta from   0.0 to  80.0 in steps of  1.0 degrees, DGAM=0,  Coordinates = 0 (Mads)

 Lower Radial Cutoff = maximum of -1.60*L*h &       0.0 fm.,  Lower Cutoff for Couplings =   0.0  fm.


 Iterate Couplings between   0 and   1 times, to  0.000 % if sooner.                                          
  Block solved exactly =   0 chs., with Pade = 0 & Isocen =  =0, NOSOL = F, initwf =  0
  NL quadrature with   36 Gaussian points, Calculate multipoles up to    36 from   0
  M-transfers for lp+lt greater than or equal to  6, Angular Integration Cutoff below  0.6944 %


 Trace switches are :  CHANS =  1, LISTCC =  0, TRENEG =  0, CDETR =  0, SMATS =  0, XSTABL =  1, NLPL =  0

                       WAVES =  0, LAMPL =  0, VEFF =  0, KFUS =  0, WDISK =  0, BPM =  0, MELFIL =  0

                       CDCC =  0, NFUS =  0

 Using unit mass = 1.000000 amu and 1/fine-structure constant = 137.03599 ( 1.000000 * true ) with hc = 197.32705 MeV.fm,
  thus 2*amu/hbar^2 = 0.0478450 = 1/20.9008 and Coulomb constant = 0.1574855 so e^2 = 1.43997, and nuclear magneton= 0.1261183

 Now pre-scan input and save to file 3

  WARNING: target longitudinal recoil NOT included in the ZR coupling #            1


 *********** PARTITION NUMBER  1 ******************************************************************************************

   PROJ=he3        MASS=  3.0150 Z=   2.0,        # STATES=    1T, TARG=k39      MASS= 38.9530 Z=  19.0,     Q-VALUE =   0.0000 MEV.

     1:  J= 0.5+ (B# 1), E=  0.0000, K= 0.5              Potl#  1       J= 1.5+ (B# 1), E=  0.0000, K= 0.5    


 *********** PARTITION NUMBER  2 ******************************************************************************************

   PROJ=h2         MASS=  2.0140 Z=   1.0,        # STATES=    1T, TARG=ca40     MASS= 39.9630 Z=  20.0,     Q-VALUE =   2.8347 MEV.

     1:  J= 1.0+ (B# 1), E=  0.0000, K= 0.0              Potl#  2       J= 6.0- (B#-1), E=  8.8506, K= 0.0    
0****** WARNING : COMPARED WITH PARTITION  1, THIS PARTITION HAS TOTAL MASS & CHARGE EXCESSES   0.01205 &   0.0000


 ************************************************************************************************************************************

 The following POTENTIALS are defined :

  KP#       TYPE      IT    SHAPE      at     V1        r1        a1        V2        r2        a2        A-in     A-used


                                            A#1       A#2        r0c       ac                                                h @ 1
    1    0=Coulomb       0=CHARGE (WS)  1    38.953     0.000    1.2890    0.0000    0.0000    0.0000     0.000    38.953   0.01000

    1    1=Volume        0=Woods-Saxon  2  117.8810    1.1780    0.7680   -0.6460    1.4150    0.8470     0.000    38.953

    1    2=Surface       0=Woods-Saxon  3    0.0000    0.0000    0.0000   20.6650    1.1980    0.8520     0.000    38.953

    1    3=Projtl S.O.   0=Woods-Saxon  4    2.0830    0.7380    0.9460   -1.1590    0.0000    0.0000     0.000    38.953
   --------------------------------------------------------------------------------------------------------------------

                                            A#1       A#2        r0c       ac                                                h @ 2
    2    0=Coulomb       0=CHARGE (WS)  5    39.963     0.000    1.3030    0.0000    0.0000    0.0000     0.000    39.963   0.01000

    2    1=Volume        0=Woods-Saxon  6   91.1200    1.1500    0.7620    2.2340    1.3340    0.5130     0.000    39.963

    2    2=Surface       0=Woods-Saxon  7    0.0000    0.0000    0.0000   10.2740    1.3780    0.7430     0.000    39.963

    2    3=Projtl S.O.   0=Woods-Saxon  8    3.5570    0.9720    1.0110    0.0000    0.0000    0.0000     0.000    39.963
   --------------------------------------------------------------------------------------------------------------------

                                            A#1       A#2        r0c       ac                                                h @ 0
    3    0=Coulomb       0=CHARGE (WS)  9     3.015     0.000    1.2500    0.0000    0.0000    0.0000     0.000     3.015   0.01000

    3    1=Volume        0=Woods-Saxon 10   50.0000    1.2500    0.6500    0.0000    0.0000    0.0000     0.000     3.015
   --------------------------------------------------------------------------------------------------------------------

                                            A#1       A#2        r0c       ac                                                h @ 0
    4    0=Coulomb       0=CHARGE (WS) 11    38.953     0.000    1.2500    0.0000    0.0000    0.0000     0.000    38.953   0.01000

    4    1=Volume        0=Woods-Saxon 12   50.0000    1.2500    0.6500    0.0000    0.0000    0.0000     0.000    38.953


 ************************************************************************************************************************************

 The following SINGLE-PARTICLE FORM FACTORS are constructed :


 No.   P1 P2 IN KIND T N  L  S1 IA J/S  IB BIND XFER  BE    SC PC FIL AFRAC Adjust  to  Z  Mass   K     Norm    rms      D0     D   ANC/Gsp

 For Channel #  1 with l = 0,  j =  0.5, around core state #  1

   R    Y(R)
   0.00   0.0000E+00,    0.10   5.8280E-02,    0.20   1.1591E-01,    0.30   1.7228E-01,    0.40   2.2679E-01,    0.50   2.7891E-01, 
   0.60   3.2812E-01,    0.70   3.7401E-01,    0.80   4.1621E-01,    0.90   4.5442E-01,    1.00   4.8842E-01,    1.10   5.1808E-01, 
   1.20   5.4332E-01,    1.30   5.6417E-01,    1.40   5.8070E-01,    1.50   5.9306E-01,    1.60   6.0146E-01,    1.70   6.0615E-01, 
   1.80   6.0741E-01,    1.90   6.0557E-01,    2.00   6.0094E-01,    2.10   5.9388E-01,    2.20   5.8471E-01,    2.30   5.7376E-01, 
   2.40   5.6133E-01,    2.50   5.4772E-01,    2.60   5.3317E-01,    2.70   5.1794E-01,    2.80   5.0221E-01,    2.90   4.8618E-01, 
   3.00   4.6999E-01,    3.10   4.5378E-01,    3.20   4.3767E-01,    3.30   4.2173E-01,    3.40   4.0605E-01,    3.50   3.9068E-01, 
   3.60   3.7566E-01,    3.70   3.6103E-01,    3.80   3.4682E-01,    3.90   3.3304E-01,    4.00   3.1970E-01,    4.10   3.0681E-01, 
   4.20   2.9437E-01,    4.30   2.8238E-01,    4.40   2.7083E-01,    4.50   2.5971E-01,    4.60   2.4902E-01,    4.70   2.3874E-01, 
   4.80   2.2887E-01,    4.90   2.1939E-01,    5.00   2.1029E-01,    5.10   2.0156E-01,    5.20   1.9318E-01,    5.30   1.8514E-01, 
   5.40   1.7743E-01,    5.50   1.7004E-01,    5.60   1.6296E-01,    5.70   1.5616E-01,    5.80   1.4965E-01,    5.90   1.4341E-01, 
   6.00   1.3743E-01,    6.10   1.3170E-01,    6.20   1.2620E-01,    6.30   1.2094E-01,    6.40   1.1589E-01,    6.50   1.1106E-01, 
   6.60   1.0643E-01,    6.70   1.0199E-01,    6.80   9.7738E-02,    6.90   9.3663E-02,    7.00   8.9758E-02,    7.10   8.6017E-02, 
   7.20   8.2432E-02,    7.30   7.8996E-02,    7.40   7.5705E-02,    7.50   7.2551E-02,    7.60   6.9529E-02,    7.70   6.6633E-02, 
   7.80   6.3858E-02,    7.90   6.1199E-02,    8.00   5.8651E-02,    8.10   5.6210E-02,    8.20   5.3870E-02,    8.30   5.1628E-02, 
   8.40   4.9480E-02,    8.50   4.7422E-02,    8.60   4.5449E-02,    8.70   4.3559E-02,    8.80   4.1747E-02,    8.90   4.0011E-02, 
   9.00   3.8348E-02,    9.10   3.6753E-02,    9.20   3.5226E-02,    9.30   3.3762E-02,    9.40   3.2358E-02,    9.50   3.1014E-02, 
   9.60   2.9725E-02,    9.70   2.8490E-02,    9.80   2.7307E-02,    9.90   2.6173E-02,   10.00   2.5086E-02,   10.10   2.4044E-02, 
  10.20   2.3046E-02,   10.30   2.2089E-02,   10.40   2.1172E-02,   10.50   2.0293E-02,   10.60   1.9451E-02,   10.70   1.8644E-02, 
  10.80   1.7870E-02,   10.90   1.7128E-02,   11.00   1.6418E-02,   11.10   1.5737E-02,   11.20   1.5084E-02,   11.30   1.4458E-02, 
  11.40   1.3858E-02,   11.50   1.3284E-02,   11.60   1.2733E-02,   11.70   1.2205E-02,   11.80   1.1699E-02,   11.90   1.1214E-02, 
  12.00   1.0749E-02,   12.10   1.0303E-02,   12.20   9.8761E-03,   12.30   9.4667E-03,   12.40   9.0744E-03,   12.50   8.6983E-03, 
  12.60   8.3378E-03,   12.70   7.9923E-03,   12.80   7.6612E-03,   12.90   7.3438E-03,   13.00   7.0395E-03,   13.10   6.7479E-03, 
  13.20   6.4684E-03,   13.30   6.2004E-03,   13.40   5.9436E-03,   13.50   5.6975E-03,   13.60   5.4615E-03,   13.70   5.2353E-03, 
  13.80   5.0185E-03,   13.90   4.8107E-03,   14.00   4.6116E-03,   14.10   4.4206E-03,   14.20   4.2376E-03,   14.30   4.0622E-03, 
  14.40   3.8940E-03,   14.50   3.7329E-03,   14.60   3.5783E-03,   14.70   3.4302E-03,   14.80   3.2883E-03,   14.90   3.1522E-03, 
  15.00   3.0217E-03,   15.10   2.8967E-03,   15.20   2.7768E-03,   15.30   2.6619E-03,   15.40   2.5518E-03,   15.50   2.4462E-03, 
  15.60   2.3450E-03,   15.70   2.2480E-03,   15.80   2.1550E-03,   15.90   2.0659E-03,   16.00   1.9804E-03,   16.10   1.8985E-03, 
  16.20   1.8200E-03,   16.30   1.7447E-03,   16.40   1.6726E-03,   16.50   1.6034E-03,   16.60   1.5371E-03,   16.70   1.4735E-03, 
  16.80   1.4126E-03,   16.90   1.3542E-03,   17.00   1.2982E-03,   17.10   1.2445E-03,   17.20   1.1931E-03,   17.30   1.1438E-03, 
  17.40   1.0965E-03,   17.50   1.0511E-03,   17.60   1.0077E-03,   17.70   9.6604E-04,   17.80   9.2611E-04,   17.90   8.8783E-04, 
  18.00   8.5114E-04,   18.10   8.1596E-04,   18.20   7.8224E-04,   18.30   7.4991E-04,   18.40   7.1892E-04,   18.50   6.8921E-04, 
  18.60   6.6073E-04,   18.70   6.3343E-04,   18.80   6.0725E-04,   18.90   5.8216E-04,   19.00   5.5811E-04,   19.10   5.3505E-04, 
  19.20   5.1295E-04,   19.30   4.9175E-04,   19.40   4.7144E-04,   19.50   4.5196E-04,   19.60   4.3329E-04,   19.70   4.1539E-04, 
  19.80   3.9823E-04,   19.90   3.8179E-04,   20.00   3.6602E-04,   20.10   3.5090E-04,   20.20   3.3640E-04,   20.30   3.2251E-04, 
  20.40   3.0919E-04,   20.50   2.9642E-04,   20.60   2.8418E-04,   20.70   2.7244E-04,   20.80   2.6119E-04,   20.90   2.5041E-04, 
  21.00   2.4007E-04,   21.10   2.3015E-04,   21.20   2.2065E-04,   21.30   2.1154E-04,   21.40   2.0281E-04,   21.50   1.9443E-04, 
  21.60   1.8640E-04,   21.70   1.7871E-04,   21.80   1.7133E-04,   21.90   1.6426E-04,   22.00   1.5748E-04,   22.10   1.5098E-04, 
  22.20   1.4474E-04,   22.30   1.3877E-04,   22.40   1.3304E-04,   22.50   1.2755E-04,   22.60   1.2228E-04,   22.70   1.1724E-04, 
  22.80   1.1240E-04,   22.90   1.0776E-04,   23.00   1.0331E-04, 

 No.   P1 P2 IN KIND T N  L  S1 IA J/S  IB BIND XFER  BE    SC PC FIL AFRAC Adjust  to  Z  Mass   K     Norm    rms      D0     D   ANC/Gsp

    At R=   22.990, ANC in ch  1 is    1.8773    ,   eta,eta*ln(2*rho)+rho =   0.54944E-01    9.8005    

    1:  2  1  1  0     1  0 0.5  1 0.5   0   3   0   5.4935  1  1  0 0.0000 VR  0.8879; 1. 1.001 0.4192 1.0000  2.820 -166.8 -176.8  1.8773

 For Channel #  1 with l = 5,  j =  4.5, around core state #  1

   R    Y(R)
   0.00   0.0000E+00,    0.10   4.1178E-09,    0.20   2.6217E-07,    0.30   2.9606E-06,    0.40   1.6434E-05,    0.50   6.1720E-05, 
   0.60   1.8081E-04,    0.70   4.4572E-04,    0.80   9.6746E-04,    0.90   1.9037E-03,    1.00   3.4645E-03,    1.10   5.9140E-03, 
   1.20   9.5693E-03,    1.30   1.4794E-02,    1.40   2.1986E-02,    1.50   3.1565E-02,    1.60   4.3947E-02,    1.70   5.9524E-02, 
   1.80   7.8640E-02,    1.90   1.0156E-01,    2.00   1.2844E-01,    2.10   1.5931E-01,    2.20   1.9407E-01,    2.30   2.3243E-01, 
   2.40   2.7396E-01,    2.50   3.1803E-01,    2.60   3.6391E-01,    2.70   4.1068E-01,    2.80   4.5737E-01,    2.90   5.0291E-01, 
   3.00   5.4623E-01,    3.10   5.8628E-01,    3.20   6.2209E-01,    3.30   6.5281E-01,    3.40   6.7774E-01,    3.50   6.9637E-01, 
   3.60   7.0842E-01,    3.70   7.1382E-01,    3.80   7.1269E-01,    3.90   7.0537E-01,    4.00   6.9238E-01,    4.10   6.7435E-01, 
   4.20   6.5200E-01,    4.30   6.2612E-01,    4.40   5.9751E-01,    4.50   5.6694E-01,    4.60   5.3514E-01,    4.70   5.0277E-01, 
   4.80   4.7040E-01,    4.90   4.3850E-01,    5.00   4.0747E-01,    5.10   3.7760E-01,    5.20   3.4911E-01,    5.30   3.2215E-01, 
   5.40   2.9681E-01,    5.50   2.7311E-01,    5.60   2.5107E-01,    5.70   2.3064E-01,    5.80   2.1177E-01,    5.90   1.9439E-01, 
   6.00   1.7842E-01,    6.10   1.6377E-01,    6.20   1.5034E-01,    6.30   1.3806E-01,    6.40   1.2683E-01,    6.50   1.1656E-01, 
   6.60   1.0718E-01,    6.70   9.8613E-02,    6.80   9.0786E-02,    6.90   8.3635E-02,    7.00   7.7100E-02,    7.10   7.1125E-02, 
   7.20   6.5661E-02,    7.30   6.0661E-02,    7.40   5.6083E-02,    7.50   5.1889E-02,    7.60   4.8044E-02,    7.70   4.4517E-02, 
   7.80   4.1280E-02,    7.90   3.8306E-02,    8.00   3.5572E-02,    8.10   3.3056E-02,    8.20   3.0741E-02,    8.30   2.8607E-02, 
   8.40   2.6641E-02,    8.50   2.4826E-02,    8.60   2.3150E-02,    8.70   2.1601E-02,    8.80   2.0170E-02,    8.90   1.8845E-02, 
   9.00   1.7618E-02,    9.10   1.6481E-02,    9.20   1.5426E-02,    9.30   1.4448E-02,    9.40   1.3539E-02,    9.50   1.2695E-02, 
   9.60   1.1910E-02,    9.70   1.1180E-02,    9.80   1.0500E-02,    9.90   9.8667E-03,   10.00   9.2764E-03,   10.10   8.7258E-03, 
  10.20   8.2120E-03,   10.30   7.7322E-03,   10.40   7.2839E-03,   10.50   6.8649E-03,   10.60   6.4730E-03,   10.70   6.1062E-03, 
  10.80   5.7628E-03,   10.90   5.4410E-03,   11.00   5.1395E-03,   11.10   4.8567E-03,   11.20   4.5914E-03,   11.30   4.3423E-03, 
  11.40   4.1085E-03,   11.50   3.8887E-03,   11.60   3.6821E-03,   11.70   3.4879E-03,   11.80   3.3051E-03,   11.90   3.1330E-03, 
  12.00   2.9710E-03,   12.10   2.8184E-03,   12.20   2.6746E-03,   12.30   2.5389E-03,   12.40   2.4110E-03,   12.50   2.2903E-03, 
  12.60   2.1764E-03,   12.70   2.0688E-03,   12.80   1.9671E-03,   12.90   1.8710E-03,   13.00   1.7802E-03,   13.10   1.6943E-03, 
  13.20   1.6130E-03,   13.30   1.5361E-03,   13.40   1.4633E-03,   13.50   1.3943E-03,   13.60   1.3290E-03,   13.70   1.2671E-03, 
  13.80   1.2084E-03,   13.90   1.1527E-03,   14.00   1.0999E-03,   14.10   1.0498E-03,   14.20   1.0022E-03,   14.30   9.5705E-04, 
  14.40   9.1416E-04,   14.50   8.7340E-04,   14.60   8.3467E-04,   14.70   7.9785E-04,   14.80   7.6284E-04,   14.90   7.2954E-04, 
  15.00   6.9786E-04,   15.10   6.6770E-04,   15.20   6.3900E-04,   15.30   6.1167E-04,   15.40   5.8564E-04,   15.50   5.6084E-04, 
  15.60   5.3720E-04,   15.70   5.1468E-04,   15.80   4.9320E-04,   15.90   4.7272E-04,   16.00   4.5318E-04,   16.10   4.3454E-04, 
  16.20   4.1675E-04,   16.30   3.9977E-04,   16.40   3.8356E-04,   16.50   3.6807E-04,   16.60   3.5328E-04,   16.70   3.3915E-04, 
  16.80   3.2565E-04,   16.90   3.1274E-04,   17.00   3.0040E-04,   17.10   2.8860E-04,   17.20   2.7731E-04,   17.30   2.6651E-04, 
  17.40   2.5618E-04,   17.50   2.4629E-04,   17.60   2.3682E-04,   17.70   2.2776E-04,   17.80   2.1908E-04,   17.90   2.1077E-04, 
  18.00   2.0281E-04,   18.10   1.9518E-04,   18.20   1.8787E-04,   18.30   1.8086E-04,   18.40   1.7414E-04,   18.50   1.6769E-04, 
  18.60   1.6152E-04,   18.70   1.5559E-04,   18.80   1.4990E-04,   18.90   1.4445E-04,   19.00   1.3921E-04,   19.10   1.3419E-04, 
  19.20   1.2936E-04,   19.30   1.2473E-04,   19.40   1.2028E-04,   19.50   1.1601E-04,   19.60   1.1190E-04,   19.70   1.0796E-04, 
  19.80   1.0417E-04,   19.90   1.0053E-04,   20.00   9.7027E-05,   20.10   9.3662E-05,   20.20   9.0427E-05,   20.30   8.7315E-05, 
  20.40   8.4323E-05,   20.50   8.1445E-05,   20.60   7.8677E-05,   20.70   7.6013E-05,   20.80   7.3450E-05,   20.90   7.0983E-05, 
  21.00   6.8609E-05,   21.10   6.6324E-05,   21.20   6.4124E-05,   21.30   6.2006E-05,   21.40   5.9966E-05,   21.50   5.8002E-05, 
  21.60   5.6110E-05,   21.70   5.4288E-05,   21.80   5.2532E-05,   21.90   5.0841E-05,   22.00   4.9212E-05,   22.10   4.7642E-05, 
  22.20   4.6129E-05,   22.30   4.4671E-05,   22.40   4.3266E-05,   22.50   4.1912E-05,   22.60   4.0606E-05,   22.70   3.9348E-05, 
  22.80   3.8134E-05,   22.90   3.6965E-05,   23.00   3.5837E-05, 

 No.   P1 P2 IN KIND T N  L  S1 IA J/S  IB BIND XFER  BE    SC PC FIL AFRAC Adjust  to  Z  Mass   K     Norm    rms      D0     D   ANC/Gsp

    At R=   22.990, ANC in ch  2 is      Infinity,   eta,eta*ln(2*rho)+rho =    93.885       -108.13    

    2:  1  2  2  0     1  5 0.5  1 4.5   0   4   0   0.0010  1  1  0 0.0000 VR  2.1042; 1. 1.010 0.0069 1.0000  4.016   -0.0   -0.0  Infinity

 ************************************************************************************************************************************

 TWO-way COUPLING # 1 for partitions  2 <-  1 of KIND  5,   0  0  0 -1 -1 & P1,P2 = -172.8000   0.0000 : for J <=    30.5 & R <  23.0 fm.


 data =  1  1  1  1  1.0000,  so  < [he3      #  1] / [h2       #  1]  * Eigen-form #  1>  =   1.0000            BE =  5.494     1

 data =  2  1  1  2  1.0000,  so  < [ca40     #  1] / [k39      #  1]  * Eigen-form #  2>  =   1.0000            BE =  0.001     2
 KNT =   2, KNP =   1: NK,NG,loc=   1   1   1  13  T  T  F

     So ZERO-RANGE TRANSFER, with D0 =  -172.800 and finite-range effective radius   0.0000 fm.

   2  1  1 13     6.017  -172.800  -172.800     1.001     0.669     0.000     0.010

 Incoming partition  1 in excitation state # 1,   Laboratory Energy given for partition  1 Nucleus 1 in Excitation pair 1

0Lab. ENERGY ranges :

   from    21.0000     to   21.0000     in     0 intervals
   from    21.0000     to   0.00000     in     0 intervals
   from    0.00000     to   0.00000     in     0 intervals

 Largest real,imaginary parts of any form factor at R=   22.90 are   6.29E-02  2.06E-08 MeV
 Finished all Couplings @    1.77654099              13

 Symmetric Hamiltonian
1***********************************************************************************************************************************
************************************************************************************************************************************

        INCOMING he3      ;    LABORATORY he3      ENERGY =   21.000     MeV.

 ***********************************************************************************************************************************
 ***********************************************************************************************************************************

 Allocate arrays for            3  channels, of which            3  need wfs.

 Total SPIN, PARITY =     0.0 +,      3 chs,      0 cc.  Rmin & Coul turning =    0.0    2.8


    C Projectl Target   #   EX.   (L  Proj) J  + Targ = Jtotal     E-cm      Re K     Re Eta     RM*K            CH
    1 he3      k39      #    1: I   2 0.5    1.5  1.5     0.0    19.49135   1.61545   2.26756   37.1554  -0.51683  -0.01868 1 1 1   1
    2 h2       ca40     #    1:     5 1.0    6.0  6.0     0.0    13.47545   1.11184   1.18810   25.5724   0.00120  -0.51900 2 1 2   1
    3 h2       ca40     #    1:     7 1.0    6.0  6.0     0.0    13.47545   1.11184   1.18810   25.5724  -0.40891   0.32950 2 1 2   1
 Allocate arrays for            7  channels, of which            7  need wfs.
 Allocate arrays for            8  channels, of which            8  need wfs.
 Allocate arrays for           12  channels, of which           12  need wfs.
 Allocate arrays for           14  channels, of which           14  need wfs.
 Allocate arrays for           15  channels, of which           15  need wfs.
 Allocate arrays for           18  channels, of which           18  need wfs.
 Allocate arrays for           20  channels, of which           20  need wfs.
 Allocate arrays for           21  channels, of which           21  need wfs.
 Allocate arrays for           23  channels, of which           23  need wfs.
 Allocate arrays for           24  channels, of which           24  need wfs.
0****** WARNING : ACCURACY LOSS IN ERWIN = 14.2 DIGITS, SO EXPECT ERRORS OF   0.0000 % OF UNITARITY

0****** WARNING : ACCURACY LOSS IN ERWIN = 14.3 DIGITS, SO EXPECT ERRORS OF   0.0000 % OF UNITARITY

0****** WARNING : ACCURACY LOSS IN ERWIN = 14.3 DIGITS, SO EXPECT ERRORS OF   0.0000 % OF UNITARITY

0****** WARNING : ACCURACY LOSS IN ERWIN = 14.3 DIGITS, SO EXPECT ERRORS OF   0.0000 % OF UNITARITY

 Reaction Xsec    27.0+/26 @ 1 =   0.777/, Out:   0.000#   1.108#   0.001f
 Reaction Xsec    27.0+/26 @ 2 =   0.766/, Out:   0.000#   0.499#   0.001f
 Reaction Xsec    27.0+/28 @ 3 =   0.194/, Out:   0.000#   0.015#   0.000f
 Reaction Xsec    27.0+/28 @ 4 =   0.191/, Out:   0.000#   0.003#   0.000f
 Reaction Xsec    27.0-/25 @ 1 =   1.533/, Out:   0.000#   4.105#   0.002f
0****** WARNING : ACCURACY LOSS IN ERWIN = 14.3 DIGITS, SO EXPECT ERRORS OF   0.0000 % OF UNITARITY

 Reaction Xsec    27.0-/27 @ 2 =   0.389/, Out:   0.000#   0.150#   0.000f
 Reaction Xsec    27.0-/27 @ 3 =   0.382/, Out:   0.000#   0.053#   0.000f
 Reaction Xsec    27.0-/29 @ 4 =   0.097/, Out:   0.000#   0.001#   0.000f
 Reaction Xsec    28.0+/26 @ 1 =   0.794/, Out:   0.000#   2.318#   0.001f
 Reaction Xsec    28.0+/28 @ 2 =   0.201/, Out:   0.000#   0.082#   0.000f
 Reaction Xsec    28.0+/28 @ 3 =   0.197/, Out:   0.000#   0.029#   0.000f
 Reaction Xsec    28.0+/30 @ 4 =   0.050/, Out:   0.000#   0.000#   0.000f
 Reaction Xsec    28.0-/27 @ 1 =   0.403/, Out:   0.000#   0.669#   0.000f
 Reaction Xsec    28.0-/27 @ 2 =   0.396/, Out:   0.000#   0.308#   0.000f
 Reaction Xsec    28.0-/29 @ 3 =   0.100/, Out:   0.000#   0.006#   0.000f
 Reaction Xsec    28.0-/29 @ 4 =   0.098/, Out:   0.000#   0.001#   0.000f
 Reaction Xsec    29.0+/28 @ 1 =   0.208/, Out:   0.000#   0.364#   0.000f
 Reaction Xsec    29.0+/28 @ 2 =   0.204/, Out:   0.000#   0.169#   0.000f
 Reaction Xsec    29.0+/30 @ 3 =   0.052/, Out:   0.000#   0.002#   0.000f
 Reaction Xsec    29.0+/30 @ 4 =   0.050/, Out:   0.000#   0.000#   0.000f
 Reaction Xsec    29.0-/27 @ 1 =   0.410/, Out:   0.000#   1.392#   0.000f
 Reaction Xsec    29.0-/29 @ 2 =   0.104/, Out:   0.000#   0.036#   0.000f
 Reaction Xsec    29.0-/29 @ 3 =   0.102/, Out:   0.000#   0.013#   0.000f
 Reaction Xsec    29.0-/31 @ 4 =   0.025/, Out:   0.000#   0.000#   0.000f
 Reaction Xsec    30.0+/28 @ 1 =   0.211/, Out:   0.000#   0.756#   0.000f
 Reaction Xsec    30.0+/30 @ 2 =   0.053/, Out:   0.000#   0.012#   0.000f
 Reaction Xsec    30.0+/30 @ 3 =   0.052/, Out:   0.000#   0.004#   0.000f
 Reaction Xsec    30.0+/32 @ 4 =   0.012/, Out:   0.000#   0.000#   0.000f
 Reaction Xsec    30.0-/29 @ 1 =   0.108/, Out:   0.000#   0.161#   0.000f
 Reaction Xsec    30.0-/29 @ 2 =   0.105/, Out:   0.000#   0.074#   0.000f
 Reaction Xsec    30.0-/31 @ 3 =   0.026/, Out:   0.000#   0.001#   0.000f
 Reaction Xsec    30.0-/31 @ 4 =   0.025/, Out:   0.000#   0.000#   0.000f
 Finished all CC sets @    2.12090492    
0CUMULATIVE REACTION cross section                 = 1423.29086  <L> =     7.34  <L**2> =     63.8
0CUMULATIVE outgoing cross sections in partition 1 :    0.00000
0CUMULATIVE outgoing cross sections in partition 2 :    2.59739
0Cumulative ABSORBTION by Imaginary Potentials     = 1420.69347  <L> =     7.33  <L**2> =     63.7
   Fusion for specific he3      M-states : 1426.716021 1426.716021
0CUMULATIVE OUTGOING cross section                 =    2.59739
 To convert to S-factors (MeV.mb = keV.b),  multiply by  3.0022E+07


 CROSS SECTIONS FOR OUTGOING he3      & k39      in state #   1 with spins & parities 0.5  + &  1.5  +;  0

     0.01 deg.: X-S =   8.4933E+16 mb/sr,                       & pols =-0. -0.00000
+                                         /R =   1.0000E+00
     1.00 deg.: X-S =   8.4909E+08 mb/sr,                       & pols = 0.  0.00000
+                                         /R =   9.9967E-01
     2.00 deg.: X-S =   5.3169E+07 mb/sr,                       & pols =-0. -0.00001
+                                         /R =   1.0014E+00
     3.00 deg.: X-S =   1.0282E+07 mb/sr,                       & pols =-0.  0.00002
+                                         /R =   9.8014E-01
     4.00 deg.: X-S =   3.2994E+06 mb/sr,                       & pols = 0.  0.00011
+                                         /R =   9.9366E-01
     5.00 deg.: X-S =   1.4097E+06 mb/sr,                       & pols = 0.  0.00006
+                                         /R =   1.0360E+00
     6.00 deg.: X-S =   7.0157E+05 mb/sr,                       & pols = 0. -0.00016
+                                         /R =   1.0686E+00
     7.00 deg.: X-S =   3.7943E+05 mb/sr,                       & pols = 0. -0.00046
+                                         /R =   1.0700E+00
     8.00 deg.: X-S =   2.1688E+05 mb/sr,                       & pols = 0. -0.00069
+                                         /R =   1.0426E+00
     9.00 deg.: X-S =   1.3008E+05 mb/sr,                       & pols =-0. -0.00074
+                                         /R =   1.0007E+00
    10.00 deg.: X-S =   8.1861E+04 mb/sr,                       & pols = 0. -0.00053
+                                         /R =   9.5895E-01
    11.00 deg.: X-S =   5.4042E+04 mb/sr,                       & pols =-0. -0.00006
+                                         /R =   9.2588E-01
    12.00 deg.: X-S =   3.7257E+04 mb/sr,                       & pols =-0.  0.00056
+                                         /R =   9.0298E-01
    13.00 deg.: X-S =   2.6590E+04 mb/sr,                       & pols =-0.  0.00119
+                                         /R =   8.8652E-01
    14.00 deg.: X-S =   1.9435E+04 mb/sr,                       & pols =-0.  0.00172
+                                         /R =   8.7037E-01
    15.00 deg.: X-S =   1.4401E+04 mb/sr,                       & pols = 0.  0.00208
+                                         /R =   8.4861E-01
    16.00 deg.: X-S =   1.0731E+04 mb/sr,                       & pols =-0.  0.00223
+                                         /R =   8.1731E-01
    17.00 deg.: X-S =  7999.907921 mb/sr,                       & pols =-0.  0.00221
+                                         /R =   7.7522E-01
    18.00 deg.: X-S =  5953.124965 mb/sr,                       & pols =-0.  0.00203
+                                         /R =   7.2378E-01
    19.00 deg.: X-S =  4423.479031 mb/sr,                       & pols =-0.  0.00175
+                                         /R =   6.6640E-01
    20.00 deg.: X-S =  3291.270690 mb/sr,                       & pols =-0.  0.00141
+                                         /R =   6.0754E-01
    21.00 deg.: X-S =  2464.346205 mb/sr,                       & pols =-0.  0.00111
+                                         /R =   5.5178E-01
    22.00 deg.: X-S =  1868.932502 mb/sr,                       & pols =-0.  0.00091
+                                         /R =   5.0295E-01
    23.00 deg.: X-S =  1445.373222 mb/sr,                       & pols =-0.  0.00089
+                                         /R =   4.6359E-01
    24.00 deg.: X-S =  1145.925822 mb/sr,                       & pols =-0.  0.00109
+                                         /R =   4.3472E-01
    25.00 deg.: X-S =   933.275599 mb/sr,                       & pols =-0.  0.00147
+                                         /R =   4.1580E-01
    26.00 deg.: X-S =   779.202244 mb/sr,                       & pols =-0.  0.00198
+                                         /R =   4.0507E-01
    27.00 deg.: X-S =   663.220599 mb/sr,                       & pols =-0.  0.00251
+                                         /R =   3.9988E-01
    28.00 deg.: X-S =   571.191283 mb/sr,                       & pols = 0.  0.00300
+                                         /R =   3.9721E-01
    29.00 deg.: X-S =   493.960535 mb/sr,                       & pols =-0.  0.00340
+                                         /R =   3.9412E-01
    30.00 deg.: X-S =   426.098161 mb/sr,                       & pols =-0.  0.00370
+                                         /R =   3.8817E-01
    31.00 deg.: X-S =   364.788346 mb/sr,                       & pols = 0.  0.00392
+                                         /R =   3.7772E-01
    32.00 deg.: X-S =   308.906308 mb/sr,                       & pols = 0.  0.00412
+                                         /R =   3.6200E-01
    33.00 deg.: X-S =   258.292245 mb/sr,                       & pols = 0.  0.00436
+                                         /R =   3.4120E-01
    34.00 deg.: X-S =   213.216289 mb/sr,                       & pols = 0.  0.00473
+                                         /R =   3.1630E-01
    35.00 deg.: X-S =   174.015431 mb/sr,                       & pols = 0.  0.00531
+                                         /R =   2.8886E-01
    36.00 deg.: X-S =   140.875538 mb/sr,                       & pols = 0.  0.00624
+                                         /R =   2.6079E-01
    37.00 deg.: X-S =   113.728004 mb/sr,                       & pols = 0.  0.00762
+                                         /R =   2.3405E-01
    38.00 deg.: X-S =    92.230450 mb/sr,                       & pols = 0.  0.00951
+                                         /R =   2.1037E-01
    39.00 deg.: X-S =    75.803239 mb/sr,                       & pols = 0.  0.01186
+                                         /R =   1.9107E-01
    40.00 deg.: X-S =    63.697512 mb/sr,                       & pols =-0.  0.01443
+                                         /R =   1.7695E-01
    41.00 deg.: X-S =    55.075310 mb/sr,                       & pols =-0.  0.01686
+                                         /R =   1.6819E-01
    42.00 deg.: X-S =    49.087412 mb/sr,                       & pols =-0.  0.01869
+                                         /R =   1.6437E-01
    43.00 deg.: X-S =    44.939339 mb/sr,                       & pols =-0.  0.01962
+                                         /R =   1.6461E-01
    44.00 deg.: X-S =    41.940265 mb/sr,                       & pols = 0.  0.01954
+                                         /R =   1.6767E-01
    45.00 deg.: X-S =    39.533056 mb/sr,                       & pols = 0.  0.01852
+                                         /R =   1.7213E-01
    46.00 deg.: X-S =    37.306289 mb/sr,                       & pols = 0.  0.01674
+                                         /R =   1.7653E-01
    47.00 deg.: X-S =    34.990903 mb/sr,                       & pols = 0.  0.01436
+                                         /R =   1.7959E-01
    48.00 deg.: X-S =    32.445136 mb/sr,                       & pols = 0.  0.01151
+                                         /R =   1.8027E-01
    49.00 deg.: X-S =    29.631740 mb/sr,                       & pols = 0.  0.00826
+                                         /R =   1.7791E-01
    50.00 deg.: X-S =    26.591346 mb/sr,                       & pols = 0.  0.00467
+                                         /R =   1.7221E-01
    51.00 deg.: X-S =    23.415296 mb/sr,                       & pols = 0.  0.00075
+                                         /R =   1.6329E-01
    52.00 deg.: X-S =    20.220580 mb/sr,                       & pols = 0. -0.00349
+                                         /R =   1.5160E-01
    53.00 deg.: X-S =    17.128675 mb/sr,                       & pols = 0. -0.00799
+                                         /R =   1.3784E-01
    54.00 deg.: X-S =    14.249329 mb/sr,                       & pols = 0. -0.01265
+                                         /R =   1.2289E-01
    55.00 deg.: X-S =    11.669592 mb/sr,                       & pols = 0. -0.01722
+                                         /R =   1.0770E-01
    56.00 deg.: X-S =     9.447882 mb/sr,                       & pols = 0. -0.02127
+                                         /R =   9.3176E-02
    57.00 deg.: X-S =     7.612408 mb/sr,                       & pols = 0. -0.02403
+                                         /R =   8.0114E-02
    58.00 deg.: X-S =     6.163073 mb/sr,                       & pols = 0. -0.02447
+                                         /R =   6.9122E-02
    59.00 deg.: X-S =     5.075836 mb/sr,                       & pols = 0. -0.02139
+                                         /R =   6.0589E-02
    60.00 deg.: X-S =     4.308547 mb/sr,                       & pols = 0. -0.01404
+                                         /R =   5.4669E-02
    61.00 deg.: X-S =     3.807340 mb/sr,                       & pols = 0. -0.00277
+                                         /R =   5.1290E-02
    62.00 deg.: X-S =     3.512860 mb/sr,                       & pols = 0.  0.01075
+                                         /R =   5.0182E-02
    63.00 deg.: X-S =     3.365777 mb/sr,                       & pols = 0.  0.02420
+                                         /R =   5.0928E-02
    64.00 deg.: X-S =     3.311211 mb/sr,                       & pols = 0.  0.03573
+                                         /R =   5.3010E-02
    65.00 deg.: X-S =     3.301918 mb/sr,                       & pols = 0.  0.04448
+                                         /R =   5.5868E-02
    66.00 deg.: X-S =     3.300198 mb/sr,                       & pols = 0.  0.05042
+                                         /R =   5.8953E-02
    67.00 deg.: X-S =     3.278640 mb/sr,                       & pols = 0.  0.05393
+                                         /R =   6.1771E-02
    68.00 deg.: X-S =     3.219879 mb/sr,                       & pols = 0.  0.05547
+                                         /R =   6.3917E-02
    69.00 deg.: X-S =     3.115596 mb/sr,                       & pols = 0.  0.05543
+                                         /R =   6.5101E-02
    70.00 deg.: X-S =     2.965008 mb/sr,                       & pols = 0.  0.05408
+                                         /R =   6.5151E-02
    71.00 deg.: X-S =     2.773087 mb/sr,                       & pols = 0.  0.05156
+                                         /R =   6.4020E-02
    72.00 deg.: X-S =     2.548717 mb/sr,                       & pols = 0.  0.04792
+                                         /R =   6.1763E-02
    73.00 deg.: X-S =     2.302940 mb/sr,                       & pols = 0.  0.04312
+                                         /R =   5.8528E-02
    74.00 deg.: X-S =     2.047445 mb/sr,                       & pols = 0.  0.03705
+                                         /R =   5.4525E-02
    75.00 deg.: X-S =     1.793335 mb/sr,                       & pols = 0.  0.02956
+                                         /R =   5.0001E-02
    76.00 deg.: X-S =     1.550245 mb/sr,                       & pols = 0.  0.02049
+                                         /R =   4.5217E-02
    77.00 deg.: X-S =     1.325778 mb/sr,                       & pols = 0.  0.00973
+                                         /R =   4.0421E-02
    78.00 deg.: X-S =     1.125250 mb/sr,                       & pols = 0. -0.00270
+                                         /R =   3.5832E-02
    79.00 deg.: X-S =     0.951686 mb/sr,                       & pols = 0. -0.01655
+                                         /R =   3.1628E-02
    80.00 deg.: X-S =     0.806018 mb/sr,                       & pols = 0. -0.03119
+                                         /R =   2.7935E-02
                                           Integrated********** mb, over [   0.000,  80.000] at    21.0000 MeV 

 CROSS SECTIONS FOR OUTGOING h2       & ca40     in state #   1 with spins & parities 1.0  + &  6.0  -;  0

     0.00 deg.: X-S =     0.891027 mb/sr,                       & pols =-0.  0.00000
+                                         REAC   2.5974E+00 mb
     1.00 deg.: X-S =     0.889373 mb/sr,                       & pols =-0. -0.00087
     2.00 deg.: X-S =     0.884468 mb/sr,                       & pols =-0. -0.00161
     3.00 deg.: X-S =     0.876488 mb/sr,                       & pols =-0. -0.00209
     4.00 deg.: X-S =     0.865731 mb/sr,                       & pols =-0. -0.00224
     5.00 deg.: X-S =     0.852626 mb/sr,                       & pols =-0. -0.00198
     6.00 deg.: X-S =     0.837737 mb/sr,                       & pols =-0. -0.00129
     7.00 deg.: X-S =     0.821756 mb/sr,                       & pols =-0. -0.00020
     8.00 deg.: X-S =     0.805492 mb/sr,                       & pols =-0.  0.00121
     9.00 deg.: X-S =     0.789837 mb/sr,                       & pols =-0.  0.00283
    10.00 deg.: X-S =     0.775726 mb/sr,                       & pols =-0.  0.00446
    11.00 deg.: X-S =     0.764085 mb/sr,                       & pols =-0.  0.00589
    12.00 deg.: X-S =     0.755766 mb/sr,                       & pols =-0.  0.00688
    13.00 deg.: X-S =     0.751502 mb/sr,                       & pols =-0.  0.00720
    14.00 deg.: X-S =     0.751848 mb/sr,                       & pols = 0.  0.00667
    15.00 deg.: X-S =     0.757155 mb/sr,                       & pols = 0.  0.00518
    16.00 deg.: X-S =     0.767547 mb/sr,                       & pols = 0.  0.00271
    17.00 deg.: X-S =     0.782920 mb/sr,                       & pols =-0. -0.00062
    18.00 deg.: X-S =     0.802951 mb/sr,                       & pols = 0. -0.00463
    19.00 deg.: X-S =     0.827122 mb/sr,                       & pols = 0. -0.00907
    20.00 deg.: X-S =     0.854741 mb/sr,                       & pols = 0. -0.01370
    21.00 deg.: X-S =     0.884977 mb/sr,                       & pols = 0. -0.01826
    22.00 deg.: X-S =     0.916884 mb/sr,                       & pols =-0. -0.02256
    23.00 deg.: X-S =     0.949437 mb/sr,                       & pols =-0. -0.02643
    24.00 deg.: X-S =     0.981555 mb/sr,                       & pols =-0. -0.02980
    25.00 deg.: X-S =     1.012136 mb/sr,                       & pols =-0. -0.03261
    26.00 deg.: X-S =     1.040081 mb/sr,                       & pols = 0. -0.03486
    27.00 deg.: X-S =     1.064328 mb/sr,                       & pols = 0. -0.03659
    28.00 deg.: X-S =     1.083881 mb/sr,                       & pols =-0. -0.03785
    29.00 deg.: X-S =     1.097842 mb/sr,                       & pols =-0. -0.03869
    30.00 deg.: X-S =     1.105445 mb/sr,                       & pols =-0. -0.03918
    31.00 deg.: X-S =     1.106082 mb/sr,                       & pols =-0. -0.03940
    32.00 deg.: X-S =     1.099337 mb/sr,                       & pols =-0. -0.03941
    33.00 deg.: X-S =     1.085005 mb/sr,                       & pols =-0. -0.03926
    34.00 deg.: X-S =     1.063109 mb/sr,                       & pols =-0. -0.03902
    35.00 deg.: X-S =     1.033905 mb/sr,                       & pols =-0. -0.03872
    36.00 deg.: X-S =     0.997877 mb/sr,                       & pols =-0. -0.03842
    37.00 deg.: X-S =     0.955720 mb/sr,                       & pols =-0. -0.03814
    38.00 deg.: X-S =     0.908307 mb/sr,                       & pols =-0. -0.03790
    39.00 deg.: X-S =     0.856655 mb/sr,                       & pols =-0. -0.03774
    40.00 deg.: X-S =     0.801877 mb/sr,                       & pols =-0. -0.03764
    41.00 deg.: X-S =     0.745134 mb/sr,                       & pols =-0. -0.03760
    42.00 deg.: X-S =     0.687590 mb/sr,                       & pols =-0. -0.03759
    43.00 deg.: X-S =     0.630367 mb/sr,                       & pols = 0. -0.03757
    44.00 deg.: X-S =     0.574506 mb/sr,                       & pols = 0. -0.03745
    45.00 deg.: X-S =     0.520942 mb/sr,                       & pols = 0. -0.03714
    46.00 deg.: X-S =     0.470475 mb/sr,                       & pols = 0. -0.03647
    47.00 deg.: X-S =     0.423758 mb/sr,                       & pols = 0. -0.03527
    48.00 deg.: X-S =     0.381285 mb/sr,                       & pols = 0. -0.03330
    49.00 deg.: X-S =     0.343391 mb/sr,                       & pols = 0. -0.03029
    50.00 deg.: X-S =     0.310245 mb/sr,                       & pols = 0. -0.02596
    51.00 deg.: X-S =     0.281867 mb/sr,                       & pols = 0. -0.02009
    52.00 deg.: X-S =     0.258129 mb/sr,                       & pols = 0. -0.01254
    53.00 deg.: X-S =     0.238776 mb/sr,                       & pols = 0. -0.00332
    54.00 deg.: X-S =     0.223444 mb/sr,                       & pols = 0.  0.00737
    55.00 deg.: X-S =     0.211684 mb/sr,                       & pols = 0.  0.01911
    56.00 deg.: X-S =     0.202986 mb/sr,                       & pols = 0.  0.03137
    57.00 deg.: X-S =     0.196809 mb/sr,                       & pols = 0.  0.04354
    58.00 deg.: X-S =     0.192603 mb/sr,                       & pols = 0.  0.05509
    59.00 deg.: X-S =     0.189835 mb/sr,                       & pols = 0.  0.06558
    60.00 deg.: X-S =     0.188008 mb/sr,                       & pols = 0.  0.07472
    61.00 deg.: X-S =     0.186677 mb/sr,                       & pols = 0.  0.08238
    62.00 deg.: X-S =     0.185461 mb/sr,                       & pols = 0.  0.08852
    63.00 deg.: X-S =     0.184045 mb/sr,                       & pols = 0.  0.09319
    64.00 deg.: X-S =     0.182187 mb/sr,                       & pols = 0.  0.09651
    65.00 deg.: X-S =     0.179715 mb/sr,                       & pols = 0.  0.09857
    66.00 deg.: X-S =     0.176522 mb/sr,                       & pols = 0.  0.09953
    67.00 deg.: X-S =     0.172561 mb/sr,                       & pols = 0.  0.09949
    68.00 deg.: X-S =     0.167837 mb/sr,                       & pols = 0.  0.09857
    69.00 deg.: X-S =     0.162401 mb/sr,                       & pols = 0.  0.09687
    70.00 deg.: X-S =     0.156337 mb/sr,                       & pols = 0.  0.09448
    71.00 deg.: X-S =     0.149757 mb/sr,                       & pols = 0.  0.09148
    72.00 deg.: X-S =     0.142793 mb/sr,                       & pols = 0.  0.08796
    73.00 deg.: X-S =     0.135584 mb/sr,                       & pols = 0.  0.08399
    74.00 deg.: X-S =     0.128271 mb/sr,                       & pols = 0.  0.07967
    75.00 deg.: X-S =     0.120991 mb/sr,                       & pols = 0.  0.07509
    76.00 deg.: X-S =     0.113870 mb/sr,                       & pols = 0.  0.07035
    77.00 deg.: X-S =     0.107016 mb/sr,                       & pols = 0.  0.06557
    78.00 deg.: X-S =     0.100521 mb/sr,                       & pols = 0.  0.06089
    79.00 deg.: X-S =     0.094456 mb/sr,                       & pols = 0.  0.05644
    80.00 deg.: X-S =     0.088869 mb/sr,                       & pols = 0.  0.05239
                                           Integrated    2.3116 mb, over [   0.000,  80.000] at    21.0000 MeV 
 Finished all xsecs @    2.16288090    

  The following files have been created:
   3:local copy of User input.            6:standard output.                   
  13:total cross sections/state.         16:tables of cross sections.          
  35:Astrophysics S-factors  / Ecm.      39:cross sections for each Ecm.       
  40:all cross sectns. for each Elab.    46:bs wave functions & ANC ratios.    
  56:Fusion for each Jtotal.             58:Single-particle wfns.              
  75:S-factors for lab energies.        201:Separate cross sections.           
 202:Separate cross sections.           

 PARAMETERS : MAXQRN   MFNL   MLOC  LMAX1 MCLIST
    ALLOWED :      8    576     20     50      6
    REQUIRED:      1      0     13     38      4


 ACCURACY ANALYSIS at    21.000 MeV :

  Elastic h*k = 0.016 so OK       compared with 0.200

   Real(S-el) > 0.01 first at J =       1.0
   Real(S-el) > 0.10 first at J =       5.0
   Real(S-el) > 0.50 first at J =       8.0
   Real(S-el) > 0.90 first at J =      10.0
   Real(S-el) > 0.99 first at J =      13.0
   R-turn =    20.33 fm    at J =      30.0

 Forward-angle excitation cut off below   8.519 deg by max JT =      30.0
                              and below   6.993 deg by max R.

 Total CPU  0 time =       2.16 seconds
