 FRESCO - FRES 3.4: Coupled Reaction Channels
 Assuming NAMELIST input.

 39K(3He,d)40Ca 21 MeV DWBA ZR 9432 keV Jpi=4- l=5 n=1 j=9/2                     

   0.010  21.000   0.100   0.100  10.000  -0.300   0.000   0.000   0.000   0.000

 Centre-of-mass Range is   2102 * 0.0100 fm., Maximum at  21.00 fm., Interpolating NL forms every  0.10 fm.
 Non - locality width is    101 * 0.1000 fm., Maximum of  10.00 fm., Centred at -0.20 fm.
 2-Nucleon Separation of      0 * 0.1000 fm., Maximum of   0.00 fm., Minimum at  0.00 fm.
 Maximum single particle bins of 21.0000 fm.
               M,Mint =         2101        2101


 Range of total J is     0.0 <= J <=    30.0 (at least     0.0) and Absorbtion =>    -1.0000 mb.
 Dry Run = F, CC set limits =  0  0, Relativistic kinematics =  , Both/Far/Near Analyses =  1                     

 Cross Sections (and up to T1 for 0=projectile) for Theta from   0.0 to  80.0 in steps of  1.0 degrees, DGAM=0,  Coordinates = 0 (Mads)

 Lower Radial Cutoff = maximum of -1.60*L*h &       0.0 fm.,  Lower Cutoff for Couplings =   0.0  fm.


 Iterate Couplings between   0 and   1 times, to  0.000 % if sooner.                                          
  Block solved exactly =   0 chs., with Pade = 0 & Isocen =  =0, NOSOL = F, initwf =  0
  NL quadrature with   36 Gaussian points, Calculate multipoles up to    36 from   0
  M-transfers for lp+lt greater than or equal to  6, Angular Integration Cutoff below  0.6944 %


 Trace switches are :  CHANS =  1, LISTCC =  0, TRENEG =  0, CDETR =  0, SMATS =  0, XSTABL =  1, NLPL =  0

                       WAVES =  0, LAMPL =  0, VEFF =  0, KFUS =  0, WDISK =  0, BPM =  0, MELFIL =  0

                       CDCC =  0, NFUS =  0

 Using unit mass = 1.000000 amu and 1/fine-structure constant = 137.03599 ( 1.000000 * true ) with hc = 197.32705 MeV.fm,
  thus 2*amu/hbar^2 = 0.0478450 = 1/20.9008 and Coulomb constant = 0.1574855 so e^2 = 1.43997, and nuclear magneton= 0.1261183

 Now pre-scan input and save to file 3

  WARNING: target longitudinal recoil NOT included in the ZR coupling #            1


 *********** PARTITION NUMBER  1 ******************************************************************************************

   PROJ=he3        MASS=  3.0150 Z=   2.0,        # STATES=    1T, TARG=k39      MASS= 38.9530 Z=  19.0,     Q-VALUE =   0.0000 MEV.

     1:  J= 0.5+ (B# 1), E=  0.0000, K= 0.5              Potl#  1       J= 1.5+ (B# 1), E=  0.0000, K= 0.5    


 *********** PARTITION NUMBER  2 ******************************************************************************************

   PROJ=h2         MASS=  2.0140 Z=   1.0,        # STATES=    1T, TARG=ca40     MASS= 39.9630 Z=  20.0,     Q-VALUE =   2.8347 MEV.

     1:  J= 1.0+ (B# 1), E=  0.0000, K= 0.0              Potl#  2       J= 4.0- (B#-1), E=  9.4325, K= 0.0    
0****** WARNING : COMPARED WITH PARTITION  1, THIS PARTITION HAS TOTAL MASS & CHARGE EXCESSES   0.01205 &   0.0000


 ************************************************************************************************************************************

 The following POTENTIALS are defined :

  KP#       TYPE      IT    SHAPE      at     V1        r1        a1        V2        r2        a2        A-in     A-used


                                            A#1       A#2        r0c       ac                                                h @ 1
    1    0=Coulomb       0=CHARGE (WS)  1    38.953     0.000    1.2890    0.0000    0.0000    0.0000     0.000    38.953   0.01000

    1    1=Volume        0=Woods-Saxon  2  117.8810    1.1780    0.7680   -0.6460    1.4150    0.8470     0.000    38.953

    1    2=Surface       0=Woods-Saxon  3    0.0000    0.0000    0.0000   20.6650    1.1980    0.8520     0.000    38.953

    1    3=Projtl S.O.   0=Woods-Saxon  4    2.0830    0.7380    0.9460   -1.1590    0.0000    0.0000     0.000    38.953
   --------------------------------------------------------------------------------------------------------------------

                                            A#1       A#2        r0c       ac                                                h @ 2
    2    0=Coulomb       0=CHARGE (WS)  5    39.963     0.000    1.3030    0.0000    0.0000    0.0000     0.000    39.963   0.01000

    2    1=Volume        0=Woods-Saxon  6   91.1200    1.1500    0.7620    2.2340    1.3340    0.5130     0.000    39.963

    2    2=Surface       0=Woods-Saxon  7    0.0000    0.0000    0.0000   10.2740    1.3780    0.7430     0.000    39.963

    2    3=Projtl S.O.   0=Woods-Saxon  8    3.5570    0.9720    1.0110    0.0000    0.0000    0.0000     0.000    39.963
   --------------------------------------------------------------------------------------------------------------------

                                            A#1       A#2        r0c       ac                                                h @ 0
    3    0=Coulomb       0=CHARGE (WS)  9     3.015     0.000    1.2500    0.0000    0.0000    0.0000     0.000     3.015   0.01000

    3    1=Volume        0=Woods-Saxon 10   50.0000    1.2500    0.6500    0.0000    0.0000    0.0000     0.000     3.015
   --------------------------------------------------------------------------------------------------------------------

                                            A#1       A#2        r0c       ac                                                h @ 0
    4    0=Coulomb       0=CHARGE (WS) 11    38.953     0.000    1.2500    0.0000    0.0000    0.0000     0.000    38.953   0.01000

    4    1=Volume        0=Woods-Saxon 12   50.0000    1.2500    0.6500    0.0000    0.0000    0.0000     0.000    38.953


 ************************************************************************************************************************************

 The following SINGLE-PARTICLE FORM FACTORS are constructed :


 No.   P1 P2 IN KIND T N  L  S1 IA J/S  IB BIND XFER  BE    SC PC FIL AFRAC Adjust  to  Z  Mass   K     Norm    rms      D0     D   ANC/Gsp

 For Channel #  1 with l = 0,  j =  0.5, around core state #  1

   R    Y(R)
   0.00   0.0000E+00,    0.10   5.8280E-02,    0.20   1.1591E-01,    0.30   1.7228E-01,    0.40   2.2679E-01,    0.50   2.7891E-01, 
   0.60   3.2812E-01,    0.70   3.7401E-01,    0.80   4.1621E-01,    0.90   4.5442E-01,    1.00   4.8842E-01,    1.10   5.1808E-01, 
   1.20   5.4332E-01,    1.30   5.6417E-01,    1.40   5.8070E-01,    1.50   5.9306E-01,    1.60   6.0146E-01,    1.70   6.0615E-01, 
   1.80   6.0741E-01,    1.90   6.0557E-01,    2.00   6.0094E-01,    2.10   5.9388E-01,    2.20   5.8471E-01,    2.30   5.7376E-01, 
   2.40   5.6133E-01,    2.50   5.4772E-01,    2.60   5.3317E-01,    2.70   5.1794E-01,    2.80   5.0221E-01,    2.90   4.8618E-01, 
   3.00   4.6999E-01,    3.10   4.5378E-01,    3.20   4.3767E-01,    3.30   4.2173E-01,    3.40   4.0605E-01,    3.50   3.9068E-01, 
   3.60   3.7566E-01,    3.70   3.6103E-01,    3.80   3.4682E-01,    3.90   3.3304E-01,    4.00   3.1970E-01,    4.10   3.0681E-01, 
   4.20   2.9437E-01,    4.30   2.8238E-01,    4.40   2.7083E-01,    4.50   2.5971E-01,    4.60   2.4902E-01,    4.70   2.3874E-01, 
   4.80   2.2887E-01,    4.90   2.1939E-01,    5.00   2.1029E-01,    5.10   2.0156E-01,    5.20   1.9318E-01,    5.30   1.8514E-01, 
   5.40   1.7743E-01,    5.50   1.7004E-01,    5.60   1.6296E-01,    5.70   1.5616E-01,    5.80   1.4965E-01,    5.90   1.4341E-01, 
   6.00   1.3743E-01,    6.10   1.3170E-01,    6.20   1.2620E-01,    6.30   1.2094E-01,    6.40   1.1589E-01,    6.50   1.1106E-01, 
   6.60   1.0643E-01,    6.70   1.0199E-01,    6.80   9.7738E-02,    6.90   9.3663E-02,    7.00   8.9758E-02,    7.10   8.6017E-02, 
   7.20   8.2432E-02,    7.30   7.8996E-02,    7.40   7.5705E-02,    7.50   7.2551E-02,    7.60   6.9529E-02,    7.70   6.6633E-02, 
   7.80   6.3858E-02,    7.90   6.1199E-02,    8.00   5.8651E-02,    8.10   5.6210E-02,    8.20   5.3870E-02,    8.30   5.1628E-02, 
   8.40   4.9480E-02,    8.50   4.7422E-02,    8.60   4.5449E-02,    8.70   4.3559E-02,    8.80   4.1747E-02,    8.90   4.0011E-02, 
   9.00   3.8348E-02,    9.10   3.6753E-02,    9.20   3.5226E-02,    9.30   3.3762E-02,    9.40   3.2358E-02,    9.50   3.1014E-02, 
   9.60   2.9725E-02,    9.70   2.8490E-02,    9.80   2.7307E-02,    9.90   2.6173E-02,   10.00   2.5086E-02,   10.10   2.4044E-02, 
  10.20   2.3046E-02,   10.30   2.2089E-02,   10.40   2.1172E-02,   10.50   2.0293E-02,   10.60   1.9451E-02,   10.70   1.8644E-02, 
  10.80   1.7870E-02,   10.90   1.7128E-02,   11.00   1.6418E-02,   11.10   1.5737E-02,   11.20   1.5084E-02,   11.30   1.4458E-02, 
  11.40   1.3858E-02,   11.50   1.3284E-02,   11.60   1.2733E-02,   11.70   1.2205E-02,   11.80   1.1699E-02,   11.90   1.1214E-02, 
  12.00   1.0749E-02,   12.10   1.0303E-02,   12.20   9.8761E-03,   12.30   9.4667E-03,   12.40   9.0744E-03,   12.50   8.6983E-03, 
  12.60   8.3378E-03,   12.70   7.9923E-03,   12.80   7.6612E-03,   12.90   7.3438E-03,   13.00   7.0395E-03,   13.10   6.7479E-03, 
  13.20   6.4684E-03,   13.30   6.2004E-03,   13.40   5.9436E-03,   13.50   5.6975E-03,   13.60   5.4615E-03,   13.70   5.2353E-03, 
  13.80   5.0185E-03,   13.90   4.8107E-03,   14.00   4.6116E-03,   14.10   4.4206E-03,   14.20   4.2376E-03,   14.30   4.0622E-03, 
  14.40   3.8940E-03,   14.50   3.7329E-03,   14.60   3.5783E-03,   14.70   3.4302E-03,   14.80   3.2883E-03,   14.90   3.1522E-03, 
  15.00   3.0217E-03,   15.10   2.8967E-03,   15.20   2.7768E-03,   15.30   2.6619E-03,   15.40   2.5518E-03,   15.50   2.4462E-03, 
  15.60   2.3450E-03,   15.70   2.2480E-03,   15.80   2.1550E-03,   15.90   2.0659E-03,   16.00   1.9804E-03,   16.10   1.8985E-03, 
  16.20   1.8200E-03,   16.30   1.7447E-03,   16.40   1.6726E-03,   16.50   1.6034E-03,   16.60   1.5371E-03,   16.70   1.4735E-03, 
  16.80   1.4126E-03,   16.90   1.3542E-03,   17.00   1.2982E-03,   17.10   1.2445E-03,   17.20   1.1931E-03,   17.30   1.1438E-03, 
  17.40   1.0965E-03,   17.50   1.0511E-03,   17.60   1.0077E-03,   17.70   9.6604E-04,   17.80   9.2611E-04,   17.90   8.8783E-04, 
  18.00   8.5114E-04,   18.10   8.1596E-04,   18.20   7.8224E-04,   18.30   7.4991E-04,   18.40   7.1892E-04,   18.50   6.8921E-04, 
  18.60   6.6073E-04,   18.70   6.3343E-04,   18.80   6.0725E-04,   18.90   5.8216E-04,   19.00   5.5811E-04,   19.10   5.3505E-04, 
  19.20   5.1295E-04,   19.30   4.9175E-04,   19.40   4.7144E-04,   19.50   4.5196E-04,   19.60   4.3329E-04,   19.70   4.1539E-04, 
  19.80   3.9823E-04,   19.90   3.8179E-04,   20.00   3.6602E-04,   20.10   3.5090E-04,   20.20   3.3640E-04,   20.30   3.2251E-04, 
  20.40   3.0919E-04,   20.50   2.9642E-04,   20.60   2.8418E-04,   20.70   2.7244E-04,   20.80   2.6119E-04,   20.90   2.5041E-04, 
  21.00   2.4007E-04, 

 No.   P1 P2 IN KIND T N  L  S1 IA J/S  IB BIND XFER  BE    SC PC FIL AFRAC Adjust  to  Z  Mass   K     Norm    rms      D0     D   ANC/Gsp

    At R=   20.990, ANC in ch  1 is    1.8773    ,   eta,eta*ln(2*rho)+rho =   0.54944E-01    8.9571    

    1:  2  1  1  0     1  0 0.5  1 0.5   0   3   0   5.4935  1  1  0 0.0000 VR  0.8879; 1. 1.001 0.4192 1.0000  2.820 -166.8 -177.7  1.8773

 For Channel #  1 with l = 5,  j =  4.5, around core state #  1

   R    Y(R)
   0.00   0.0000E+00,    0.10   4.1178E-09,    0.20   2.6217E-07,    0.30   2.9606E-06,    0.40   1.6434E-05,    0.50   6.1720E-05, 
   0.60   1.8081E-04,    0.70   4.4572E-04,    0.80   9.6746E-04,    0.90   1.9037E-03,    1.00   3.4645E-03,    1.10   5.9140E-03, 
   1.20   9.5693E-03,    1.30   1.4794E-02,    1.40   2.1986E-02,    1.50   3.1565E-02,    1.60   4.3947E-02,    1.70   5.9524E-02, 
   1.80   7.8640E-02,    1.90   1.0156E-01,    2.00   1.2844E-01,    2.10   1.5931E-01,    2.20   1.9407E-01,    2.30   2.3243E-01, 
   2.40   2.7396E-01,    2.50   3.1803E-01,    2.60   3.6391E-01,    2.70   4.1068E-01,    2.80   4.5737E-01,    2.90   5.0291E-01, 
   3.00   5.4623E-01,    3.10   5.8628E-01,    3.20   6.2209E-01,    3.30   6.5281E-01,    3.40   6.7774E-01,    3.50   6.9637E-01, 
   3.60   7.0842E-01,    3.70   7.1382E-01,    3.80   7.1269E-01,    3.90   7.0537E-01,    4.00   6.9238E-01,    4.10   6.7435E-01, 
   4.20   6.5200E-01,    4.30   6.2612E-01,    4.40   5.9751E-01,    4.50   5.6694E-01,    4.60   5.3514E-01,    4.70   5.0277E-01, 
   4.80   4.7040E-01,    4.90   4.3850E-01,    5.00   4.0747E-01,    5.10   3.7760E-01,    5.20   3.4911E-01,    5.30   3.2215E-01, 
   5.40   2.9681E-01,    5.50   2.7311E-01,    5.60   2.5107E-01,    5.70   2.3064E-01,    5.80   2.1177E-01,    5.90   1.9439E-01, 
   6.00   1.7842E-01,    6.10   1.6377E-01,    6.20   1.5034E-01,    6.30   1.3806E-01,    6.40   1.2683E-01,    6.50   1.1656E-01, 
   6.60   1.0718E-01,    6.70   9.8613E-02,    6.80   9.0786E-02,    6.90   8.3635E-02,    7.00   7.7100E-02,    7.10   7.1125E-02, 
   7.20   6.5661E-02,    7.30   6.0661E-02,    7.40   5.6083E-02,    7.50   5.1889E-02,    7.60   4.8044E-02,    7.70   4.4517E-02, 
   7.80   4.1280E-02,    7.90   3.8306E-02,    8.00   3.5572E-02,    8.10   3.3056E-02,    8.20   3.0741E-02,    8.30   2.8607E-02, 
   8.40   2.6641E-02,    8.50   2.4826E-02,    8.60   2.3150E-02,    8.70   2.1601E-02,    8.80   2.0170E-02,    8.90   1.8845E-02, 
   9.00   1.7618E-02,    9.10   1.6481E-02,    9.20   1.5426E-02,    9.30   1.4448E-02,    9.40   1.3539E-02,    9.50   1.2695E-02, 
   9.60   1.1910E-02,    9.70   1.1180E-02,    9.80   1.0500E-02,    9.90   9.8667E-03,   10.00   9.2764E-03,   10.10   8.7258E-03, 
  10.20   8.2120E-03,   10.30   7.7322E-03,   10.40   7.2839E-03,   10.50   6.8649E-03,   10.60   6.4730E-03,   10.70   6.1062E-03, 
  10.80   5.7628E-03,   10.90   5.4410E-03,   11.00   5.1395E-03,   11.10   4.8567E-03,   11.20   4.5914E-03,   11.30   4.3423E-03, 
  11.40   4.1085E-03,   11.50   3.8887E-03,   11.60   3.6821E-03,   11.70   3.4879E-03,   11.80   3.3051E-03,   11.90   3.1330E-03, 
  12.00   2.9710E-03,   12.10   2.8184E-03,   12.20   2.6746E-03,   12.30   2.5390E-03,   12.40   2.4110E-03,   12.50   2.2903E-03, 
  12.60   2.1764E-03,   12.70   2.0688E-03,   12.80   1.9671E-03,   12.90   1.8710E-03,   13.00   1.7802E-03,   13.10   1.6943E-03, 
  13.20   1.6130E-03,   13.30   1.5361E-03,   13.40   1.4633E-03,   13.50   1.3944E-03,   13.60   1.3290E-03,   13.70   1.2671E-03, 
  13.80   1.2084E-03,   13.90   1.1527E-03,   14.00   1.0999E-03,   14.10   1.0498E-03,   14.20   1.0022E-03,   14.30   9.5709E-04, 
  14.40   9.1419E-04,   14.50   8.7344E-04,   14.60   8.3471E-04,   14.70   7.9789E-04,   14.80   7.6288E-04,   14.90   7.2958E-04, 
  15.00   6.9790E-04,   15.10   6.6775E-04,   15.20   6.3905E-04,   15.30   6.1172E-04,   15.40   5.8569E-04,   15.50   5.6090E-04, 
  15.60   5.3727E-04,   15.70   5.1474E-04,   15.80   4.9327E-04,   15.90   4.7279E-04,   16.00   4.5326E-04,   16.10   4.3462E-04, 
  16.20   4.1683E-04,   16.30   3.9986E-04,   16.40   3.8365E-04,   16.50   3.6817E-04,   16.60   3.5338E-04,   16.70   3.3925E-04, 
  16.80   3.2576E-04,   16.90   3.1285E-04,   17.00   3.0052E-04,   17.10   2.8872E-04,   17.20   2.7744E-04,   17.30   2.6665E-04, 
  17.40   2.5632E-04,   17.50   2.4644E-04,   17.60   2.3698E-04,   17.70   2.2792E-04,   17.80   2.1925E-04,   17.90   2.1095E-04, 
  18.00   2.0299E-04,   18.10   1.9537E-04,   18.20   1.8807E-04,   18.30   1.8107E-04,   18.40   1.7436E-04,   18.50   1.6792E-04, 
  18.60   1.6176E-04,   18.70   1.5584E-04,   18.80   1.5016E-04,   18.90   1.4472E-04,   19.00   1.3949E-04,   19.10   1.3448E-04, 
  19.20   1.2967E-04,   19.30   1.2505E-04,   19.40   1.2061E-04,   19.50   1.1635E-04,   19.60   1.1226E-04,   19.70   1.0833E-04, 
  19.80   1.0456E-04,   19.90   1.0093E-04,   20.00   9.7451E-05,   20.10   9.4103E-05,   20.20   9.0885E-05,   20.30   8.7792E-05, 
  20.40   8.4818E-05,   20.50   8.1960E-05,   20.60   7.9212E-05,   20.70   7.6569E-05,   20.80   7.4027E-05,   20.90   7.1583E-05, 
  21.00   6.9232E-05, 

 No.   P1 P2 IN KIND T N  L  S1 IA J/S  IB BIND XFER  BE    SC PC FIL AFRAC Adjust  to  Z  Mass   K     Norm    rms      D0     D   ANC/Gsp

    At R=   20.990, ANC in ch  2 is      Infinity,   eta,eta*ln(2*rho)+rho =    93.885       -116.69    

    2:  1  2  2  0     1  5 0.5  1 4.5   0   4   0   0.0010  1  1  0 0.0000 VR  2.1042; 1. 1.010 0.0069 1.0000  4.016   -0.0   -0.0  Infinity

 ************************************************************************************************************************************

 TWO-way COUPLING # 1 for partitions  2 <-  1 of KIND  5,   0  0  0 -1 -1 & P1,P2 = -172.8000   0.0000 : for J <=    30.5 & R <  21.0 fm.


 data =  1  1  1  1  1.0000,  so  < [he3      #  1] / [h2       #  1]  * Eigen-form #  1>  =   1.0000            BE =  5.494     1

 data =  2  1  1  2  1.0000,  so  < [ca40     #  1] / [k39      #  1]  * Eigen-form #  2>  =   1.0000            BE =  0.001     2
 KNT =   2, KNP =   1: NK,NG,loc=   1   1   1  13  T  T  F

     So ZERO-RANGE TRANSFER, with D0 =  -172.800 and finite-range effective radius   0.0000 fm.

   2  1  1 13     6.599  -172.800  -172.800     1.001     0.669     0.000     0.010

 Incoming partition  1 in excitation state # 1,   Laboratory Energy given for partition  1 Nucleus 1 in Excitation pair 1

0Lab. ENERGY ranges :

   from    21.0000     to   21.0000     in     0 intervals
   from    21.0000     to   0.00000     in     0 intervals
   from    0.00000     to   0.00000     in     0 intervals

 Largest real,imaginary parts of any form factor at R=   20.90 are   6.89E-02  2.16E-07 MeV
 Finished all Couplings @    1.75187695              13

 Symmetric Hamiltonian
1***********************************************************************************************************************************
************************************************************************************************************************************

        INCOMING he3      ;    LABORATORY he3      ENERGY =   21.000     MeV.

 ***********************************************************************************************************************************
 ***********************************************************************************************************************************

 Allocate arrays for            3  channels, of which            3  need wfs.

 Total SPIN, PARITY =     0.0 +,      3 chs,      0 cc.  Rmin & Coul turning =    0.0    2.8


    C Projectl Target   #   EX.   (L  Proj) J  + Targ = Jtotal     E-cm      Re K     Re Eta     RM*K            CH
    1 he3      k39      #    1: I   2 0.5    1.5  1.5     0.0    19.49135   1.61545   2.26756   33.9245   0.51170   0.08692 1 1 1   1
    2 h2       ca40     #    1:     3 1.0    4.0  4.0     0.0    12.89359   1.08757   1.21461   22.8390  -0.18785  -0.48230 2 1 2   1
    3 h2       ca40     #    1:     5 1.0    4.0  4.0     0.0    12.89359   1.08757   1.21461   22.8390  -0.28185   0.44035 2 1 2   1
 Allocate arrays for            7  channels, of which            7  need wfs.
 Allocate arrays for            8  channels, of which            8  need wfs.
 Allocate arrays for           12  channels, of which           12  need wfs.
 Allocate arrays for           14  channels, of which           14  need wfs.
 Allocate arrays for           15  channels, of which           15  need wfs.
 Allocate arrays for           17  channels, of which           17  need wfs.
 Allocate arrays for           18  channels, of which           18  need wfs.
0****** WARNING : ACCURACY LOSS IN ERWIN = 14.3 DIGITS, SO EXPECT ERRORS OF   0.0000 % OF UNITARITY

0****** WARNING : ACCURACY LOSS IN ERWIN = 14.2 DIGITS, SO EXPECT ERRORS OF   0.0000 % OF UNITARITY

0****** WARNING : ACCURACY LOSS IN ERWIN = 14.2 DIGITS, SO EXPECT ERRORS OF   0.0000 % OF UNITARITY

 Reaction Xsec    27.0+/26 @ 1 =   0.776/, Out:   0.000#   0.002#   0.001f
 Reaction Xsec    27.0+/26 @ 2 =   0.764/, Out:   0.000#   0.032#   0.001f
 Reaction Xsec    27.0+/28 @ 3 =   0.187/, Out:   0.000#   0.042#   0.000f
 Reaction Xsec    27.0+/28 @ 4 =   0.184/, Out:   0.000#   0.029#   0.000f
 Reaction Xsec    27.0-/25 @ 1 =   1.531/, Out:   0.000#   0.010#   0.002f
 Reaction Xsec    27.0-/27 @ 2 =   0.385/, Out:   0.000#   0.006#   0.000f
 Reaction Xsec    27.0-/27 @ 3 =   0.379/, Out:   0.000#   0.352#   0.000f
 Reaction Xsec    27.0-/29 @ 4 =   0.088/, Out:   0.000#   0.003#   0.000f
 Reaction Xsec    28.0+/26 @ 1 =   0.792/, Out:   0.000#   0.004#   0.001f
 Reaction Xsec    28.0+/28 @ 2 =   0.194/, Out:   0.000#   0.001#   0.000f
 Reaction Xsec    28.0+/28 @ 3 =   0.190/, Out:   0.000#   0.089#   0.000f
 Reaction Xsec    28.0+/30 @ 4 =   0.041/, Out:   0.000#   0.000#   0.000f
 Reaction Xsec    28.0-/27 @ 1 =   0.399/, Out:   0.000#   0.001#   0.000f
 Reaction Xsec    28.0-/27 @ 2 =   0.392/, Out:   0.000#   0.009#   0.000f
 Reaction Xsec    28.0-/29 @ 3 =   0.091/, Out:   0.000#   0.008#   0.000f
 Reaction Xsec    28.0-/29 @ 4 =   0.089/, Out:   0.000#   0.006#   0.000f
 Reaction Xsec    29.0+/28 @ 1 =   0.201/, Out:   0.000#   0.000#   0.000f
 Reaction Xsec    29.0+/28 @ 2 =   0.197/, Out:   0.000#   0.002#   0.000f
 Reaction Xsec    29.0+/30 @ 3 =   0.042/, Out:   0.000#   0.001#   0.000f
 Reaction Xsec    29.0+/30 @ 4 =   0.041/, Out:   0.000#   0.001#   0.000f
 Reaction Xsec    29.0-/27 @ 1 =   0.406/, Out:   0.000#   0.001#   0.000f
 Reaction Xsec    29.0-/29 @ 2 =   0.094/, Out:   0.000#   0.000#   0.000f
 Reaction Xsec    29.0-/29 @ 3 =   0.092/, Out:   0.000#   0.018#   0.000f
 Reaction Xsec    29.0-/31 @ 4 =   0.018/, Out:   0.000#   0.000#   0.000f
 Reaction Xsec    30.0+/28 @ 1 =   0.204/, Out:   0.000#   0.000#   0.000f
 Reaction Xsec    30.0+/30 @ 2 =   0.043/, Out:   0.000#   0.000#   0.000f
 Reaction Xsec    30.0+/30 @ 3 =   0.043/, Out:   0.000#   0.003#   0.000f
 Reaction Xsec    30.0+/32 @ 4 =   7.165#, Out:   0.000#   0.000#   0.000f
 Reaction Xsec    30.0-/29 @ 1 =   0.097/, Out:   0.000#   0.000#   0.000f
 Reaction Xsec    30.0-/29 @ 2 =   0.095/, Out:   0.000#   0.000#   0.000f
 Reaction Xsec    30.0-/31 @ 3 =   0.018/, Out:   0.000#   0.000#   0.000f
 Reaction Xsec    30.0-/31 @ 4 =   0.018/, Out:   0.000#   0.000#   0.000f
 Finished all CC sets @    2.00030208    
0CUMULATIVE REACTION cross section                 = 1423.29039  <L> =     7.34  <L**2> =     63.8
0CUMULATIVE outgoing cross sections in partition 1 :    0.00000
0CUMULATIVE outgoing cross sections in partition 2 :    1.74571
0Cumulative ABSORBTION by Imaginary Potentials     = 1421.54468  <L> =     7.34  <L**2> =     63.7
   Fusion for specific he3      M-states : 1427.567025 1427.567025
0CUMULATIVE OUTGOING cross section                 =    1.74571
 To convert to S-factors (MeV.mb = keV.b),  multiply by  3.0022E+07


 CROSS SECTIONS FOR OUTGOING he3      & k39      in state #   1 with spins & parities 0.5  + &  1.5  +;  0

     0.01 deg.: X-S =   8.4933E+16 mb/sr,                       & pols = 0. -0.00000
+                                         /R =   1.0000E+00
     1.00 deg.: X-S =   8.4909E+08 mb/sr,                       & pols = 0.  0.00000
+                                         /R =   9.9967E-01
     2.00 deg.: X-S =   5.3169E+07 mb/sr,                       & pols = 0. -0.00001
+                                         /R =   1.0014E+00
     3.00 deg.: X-S =   1.0282E+07 mb/sr,                       & pols =-0.  0.00002
+                                         /R =   9.8014E-01
     4.00 deg.: X-S =   3.2994E+06 mb/sr,                       & pols = 0.  0.00011
+                                         /R =   9.9366E-01
     5.00 deg.: X-S =   1.4097E+06 mb/sr,                       & pols = 0.  0.00006
+                                         /R =   1.0360E+00
     6.00 deg.: X-S =   7.0157E+05 mb/sr,                       & pols = 0. -0.00016
+                                         /R =   1.0686E+00
     7.00 deg.: X-S =   3.7943E+05 mb/sr,                       & pols = 0. -0.00046
+                                         /R =   1.0700E+00
     8.00 deg.: X-S =   2.1688E+05 mb/sr,                       & pols = 0. -0.00069
+                                         /R =   1.0426E+00
     9.00 deg.: X-S =   1.3008E+05 mb/sr,                       & pols = 0. -0.00074
+                                         /R =   1.0007E+00
    10.00 deg.: X-S =   8.1861E+04 mb/sr,                       & pols =-0. -0.00053
+                                         /R =   9.5895E-01
    11.00 deg.: X-S =   5.4042E+04 mb/sr,                       & pols = 0. -0.00006
+                                         /R =   9.2588E-01
    12.00 deg.: X-S =   3.7257E+04 mb/sr,                       & pols =-0.  0.00056
+                                         /R =   9.0298E-01
    13.00 deg.: X-S =   2.6590E+04 mb/sr,                       & pols =-0.  0.00119
+                                         /R =   8.8652E-01
    14.00 deg.: X-S =   1.9435E+04 mb/sr,                       & pols =-0.  0.00172
+                                         /R =   8.7037E-01
    15.00 deg.: X-S =   1.4401E+04 mb/sr,                       & pols =-0.  0.00208
+                                         /R =   8.4861E-01
    16.00 deg.: X-S =   1.0731E+04 mb/sr,                       & pols = 0.  0.00223
+                                         /R =   8.1731E-01
    17.00 deg.: X-S =  7999.908288 mb/sr,                       & pols =-0.  0.00221
+                                         /R =   7.7522E-01
    18.00 deg.: X-S =  5953.125230 mb/sr,                       & pols =-0.  0.00203
+                                         /R =   7.2378E-01
    19.00 deg.: X-S =  4423.479258 mb/sr,                       & pols =-0.  0.00175
+                                         /R =   6.6640E-01
    20.00 deg.: X-S =  3291.270900 mb/sr,                       & pols =-0.  0.00141
+                                         /R =   6.0754E-01
    21.00 deg.: X-S =  2464.346384 mb/sr,                       & pols =-0.  0.00111
+                                         /R =   5.5178E-01
    22.00 deg.: X-S =  1868.932627 mb/sr,                       & pols =-0.  0.00091
+                                         /R =   5.0295E-01
    23.00 deg.: X-S =  1445.373283 mb/sr,                       & pols =-0.  0.00089
+                                         /R =   4.6359E-01
    24.00 deg.: X-S =  1145.925827 mb/sr,                       & pols =-0.  0.00109
+                                         /R =   4.3472E-01
    25.00 deg.: X-S =   933.275568 mb/sr,                       & pols =-0.  0.00147
+                                         /R =   4.1580E-01
    26.00 deg.: X-S =   779.202202 mb/sr,                       & pols =-0.  0.00198
+                                         /R =   4.0507E-01
    27.00 deg.: X-S =   663.220567 mb/sr,                       & pols =-0.  0.00251
+                                         /R =   3.9988E-01
    28.00 deg.: X-S =   571.191270 mb/sr,                       & pols =-0.  0.00300
+                                         /R =   3.9721E-01
    29.00 deg.: X-S =   493.960539 mb/sr,                       & pols =-0.  0.00340
+                                         /R =   3.9412E-01
    30.00 deg.: X-S =   426.098174 mb/sr,                       & pols = 0.  0.00370
+                                         /R =   3.8817E-01
    31.00 deg.: X-S =   364.788359 mb/sr,                       & pols = 0.  0.00392
+                                         /R =   3.7772E-01
    32.00 deg.: X-S =   308.906317 mb/sr,                       & pols = 0.  0.00412
+                                         /R =   3.6200E-01
    33.00 deg.: X-S =   258.292250 mb/sr,                       & pols = 0.  0.00436
+                                         /R =   3.4120E-01
    34.00 deg.: X-S =   213.216292 mb/sr,                       & pols = 0.  0.00473
+                                         /R =   3.1630E-01
    35.00 deg.: X-S =   174.015437 mb/sr,                       & pols = 0.  0.00531
+                                         /R =   2.8886E-01
    36.00 deg.: X-S =   140.875550 mb/sr,                       & pols = 0.  0.00624
+                                         /R =   2.6079E-01
    37.00 deg.: X-S =   113.728019 mb/sr,                       & pols = 0.  0.00762
+                                         /R =   2.3405E-01
    38.00 deg.: X-S =    92.230467 mb/sr,                       & pols = 0.  0.00951
+                                         /R =   2.1037E-01
    39.00 deg.: X-S =    75.803253 mb/sr,                       & pols =-0.  0.01186
+                                         /R =   1.9107E-01
    40.00 deg.: X-S =    63.697520 mb/sr,                       & pols =-0.  0.01443
+                                         /R =   1.7695E-01
    41.00 deg.: X-S =    55.075312 mb/sr,                       & pols =-0.  0.01686
+                                         /R =   1.6819E-01
    42.00 deg.: X-S =    49.087408 mb/sr,                       & pols =-0.  0.01869
+                                         /R =   1.6437E-01
    43.00 deg.: X-S =    44.939331 mb/sr,                       & pols =-0.  0.01962
+                                         /R =   1.6461E-01
    44.00 deg.: X-S =    41.940256 mb/sr,                       & pols = 0.  0.01954
+                                         /R =   1.6767E-01
    45.00 deg.: X-S =    39.533050 mb/sr,                       & pols = 0.  0.01852
+                                         /R =   1.7213E-01
    46.00 deg.: X-S =    37.306286 mb/sr,                       & pols = 0.  0.01674
+                                         /R =   1.7653E-01
    47.00 deg.: X-S =    34.990904 mb/sr,                       & pols = 0.  0.01436
+                                         /R =   1.7959E-01
    48.00 deg.: X-S =    32.445139 mb/sr,                       & pols = 0.  0.01151
+                                         /R =   1.8028E-01
    49.00 deg.: X-S =    29.631744 mb/sr,                       & pols = 0.  0.00826
+                                         /R =   1.7791E-01
    50.00 deg.: X-S =    26.591349 mb/sr,                       & pols = 0.  0.00467
+                                         /R =   1.7221E-01
    51.00 deg.: X-S =    23.415299 mb/sr,                       & pols = 0.  0.00075
+                                         /R =   1.6329E-01
    52.00 deg.: X-S =    20.220581 mb/sr,                       & pols = 0. -0.00349
+                                         /R =   1.5160E-01
    53.00 deg.: X-S =    17.128676 mb/sr,                       & pols = 0. -0.00799
+                                         /R =   1.3784E-01
    54.00 deg.: X-S =    14.249329 mb/sr,                       & pols = 0. -0.01265
+                                         /R =   1.2289E-01
    55.00 deg.: X-S =    11.669593 mb/sr,                       & pols = 0. -0.01722
+                                         /R =   1.0770E-01
    56.00 deg.: X-S =     9.447884 mb/sr,                       & pols = 0. -0.02127
+                                         /R =   9.3176E-02
    57.00 deg.: X-S =     7.612410 mb/sr,                       & pols = 0. -0.02403
+                                         /R =   8.0114E-02
    58.00 deg.: X-S =     6.163074 mb/sr,                       & pols = 0. -0.02447
+                                         /R =   6.9122E-02
    59.00 deg.: X-S =     5.075837 mb/sr,                       & pols = 0. -0.02139
+                                         /R =   6.0589E-02
    60.00 deg.: X-S =     4.308547 mb/sr,                       & pols = 0. -0.01404
+                                         /R =   5.4669E-02
    61.00 deg.: X-S =     3.807338 mb/sr,                       & pols =-0. -0.00277
+                                         /R =   5.1290E-02
    62.00 deg.: X-S =     3.512858 mb/sr,                       & pols =-0.  0.01075
+                                         /R =   5.0182E-02
    63.00 deg.: X-S =     3.365775 mb/sr,                       & pols = 0.  0.02420
+                                         /R =   5.0928E-02
    64.00 deg.: X-S =     3.311210 mb/sr,                       & pols = 0.  0.03573
+                                         /R =   5.3010E-02
    65.00 deg.: X-S =     3.301917 mb/sr,                       & pols = 0.  0.04448
+                                         /R =   5.5868E-02
    66.00 deg.: X-S =     3.300198 mb/sr,                       & pols = 0.  0.05042
+                                         /R =   5.8953E-02
    67.00 deg.: X-S =     3.278641 mb/sr,                       & pols = 0.  0.05393
+                                         /R =   6.1771E-02
    68.00 deg.: X-S =     3.219881 mb/sr,                       & pols = 0.  0.05547
+                                         /R =   6.3917E-02
    69.00 deg.: X-S =     3.115598 mb/sr,                       & pols = 0.  0.05543
+                                         /R =   6.5101E-02
    70.00 deg.: X-S =     2.965009 mb/sr,                       & pols = 0.  0.05408
+                                         /R =   6.5151E-02
    71.00 deg.: X-S =     2.773089 mb/sr,                       & pols = 0.  0.05156
+                                         /R =   6.4020E-02
    72.00 deg.: X-S =     2.548717 mb/sr,                       & pols = 0.  0.04792
+                                         /R =   6.1763E-02
    73.00 deg.: X-S =     2.302941 mb/sr,                       & pols = 0.  0.04312
+                                         /R =   5.8528E-02
    74.00 deg.: X-S =     2.047445 mb/sr,                       & pols = 0.  0.03705
+                                         /R =   5.4525E-02
    75.00 deg.: X-S =     1.793335 mb/sr,                       & pols = 0.  0.02956
+                                         /R =   5.0001E-02
    76.00 deg.: X-S =     1.550244 mb/sr,                       & pols = 0.  0.02049
+                                         /R =   4.5217E-02
    77.00 deg.: X-S =     1.325777 mb/sr,                       & pols = 0.  0.00973
+                                         /R =   4.0420E-02
    78.00 deg.: X-S =     1.125249 mb/sr,                       & pols = 0. -0.00270
+                                         /R =   3.5832E-02
    79.00 deg.: X-S =     0.951686 mb/sr,                       & pols = 0. -0.01655
+                                         /R =   3.1628E-02
    80.00 deg.: X-S =     0.806018 mb/sr,                       & pols = 0. -0.03119
+                                         /R =   2.7935E-02
                                           Integrated********** mb, over [   0.000,  80.000] at    21.0000 MeV 

 CROSS SECTIONS FOR OUTGOING h2       & ca40     in state #   1 with spins & parities 1.0  + &  4.0  -;  0

     0.00 deg.: X-S =     0.659976 mb/sr,                       & pols =-0.  0.00000
+                                         REAC   1.7457E+00 mb
     1.00 deg.: X-S =     0.658809 mb/sr,                       & pols =-0.  0.00005
     2.00 deg.: X-S =     0.655353 mb/sr,                       & pols =-0.  0.00018
     3.00 deg.: X-S =     0.649740 mb/sr,                       & pols =-0.  0.00047
     4.00 deg.: X-S =     0.642191 mb/sr,                       & pols =-0.  0.00098
     5.00 deg.: X-S =     0.633007 mb/sr,                       & pols =-0.  0.00174
     6.00 deg.: X-S =     0.622570 mb/sr,                       & pols =-0.  0.00276
     7.00 deg.: X-S =     0.611329 mb/sr,                       & pols =-0.  0.00400
     8.00 deg.: X-S =     0.599788 mb/sr,                       & pols =-0.  0.00538
     9.00 deg.: X-S =     0.588491 mb/sr,                       & pols =-0.  0.00676
    10.00 deg.: X-S =     0.577998 mb/sr,                       & pols =-0.  0.00799
    11.00 deg.: X-S =     0.568860 mb/sr,                       & pols =-0.  0.00886
    12.00 deg.: X-S =     0.561589 mb/sr,                       & pols =-0.  0.00919
    13.00 deg.: X-S =     0.556631 mb/sr,                       & pols =-0.  0.00880
    14.00 deg.: X-S =     0.554338 mb/sr,                       & pols =-0.  0.00755
    15.00 deg.: X-S =     0.554945 mb/sr,                       & pols =-0.  0.00540
    16.00 deg.: X-S =     0.558557 mb/sr,                       & pols =-0.  0.00238
    17.00 deg.: X-S =     0.565136 mb/sr,                       & pols =-0. -0.00140
    18.00 deg.: X-S =     0.574506 mb/sr,                       & pols =-0. -0.00577
    19.00 deg.: X-S =     0.586359 mb/sr,                       & pols =-0. -0.01052
    20.00 deg.: X-S =     0.600272 mb/sr,                       & pols =-0. -0.01542
    21.00 deg.: X-S =     0.615723 mb/sr,                       & pols =-0. -0.02027
    22.00 deg.: X-S =     0.632122 mb/sr,                       & pols =-0. -0.02489
    23.00 deg.: X-S =     0.648828 mb/sr,                       & pols =-0. -0.02917
    24.00 deg.: X-S =     0.665182 mb/sr,                       & pols =-0. -0.03302
    25.00 deg.: X-S =     0.680523 mb/sr,                       & pols =-0. -0.03638
    26.00 deg.: X-S =     0.694214 mb/sr,                       & pols =-0. -0.03925
    27.00 deg.: X-S =     0.705660 mb/sr,                       & pols =-0. -0.04163
    28.00 deg.: X-S =     0.714321 mb/sr,                       & pols =-0. -0.04355
    29.00 deg.: X-S =     0.719728 mb/sr,                       & pols =-0. -0.04505
    30.00 deg.: X-S =     0.721491 mb/sr,                       & pols =-0. -0.04617
    31.00 deg.: X-S =     0.719308 mb/sr,                       & pols =-0. -0.04697
    32.00 deg.: X-S =     0.712975 mb/sr,                       & pols =-0. -0.04750
    33.00 deg.: X-S =     0.702388 mb/sr,                       & pols =-0. -0.04781
    34.00 deg.: X-S =     0.687550 mb/sr,                       & pols =-0. -0.04796
    35.00 deg.: X-S =     0.668579 mb/sr,                       & pols =-0. -0.04800
    36.00 deg.: X-S =     0.645704 mb/sr,                       & pols =-0. -0.04798
    37.00 deg.: X-S =     0.619264 mb/sr,                       & pols =-0. -0.04793
    38.00 deg.: X-S =     0.589703 mb/sr,                       & pols =-0. -0.04789
    39.00 deg.: X-S =     0.557561 mb/sr,                       & pols =-0. -0.04789
    40.00 deg.: X-S =     0.523447 mb/sr,                       & pols =-0. -0.04793
    41.00 deg.: X-S =     0.488028 mb/sr,                       & pols =-0. -0.04801
    42.00 deg.: X-S =     0.451992 mb/sr,                       & pols =-0. -0.04811
    43.00 deg.: X-S =     0.416029 mb/sr,                       & pols =-0. -0.04816
    44.00 deg.: X-S =     0.380793 mb/sr,                       & pols =-0. -0.04810
    45.00 deg.: X-S =     0.346885 mb/sr,                       & pols =-0. -0.04782
    46.00 deg.: X-S =     0.314823 mb/sr,                       & pols =-0. -0.04715
    47.00 deg.: X-S =     0.285033 mb/sr,                       & pols =-0. -0.04592
    48.00 deg.: X-S =     0.257833 mb/sr,                       & pols = 0. -0.04389
    49.00 deg.: X-S =     0.233435 mb/sr,                       & pols = 0. -0.04081
    50.00 deg.: X-S =     0.211945 mb/sr,                       & pols = 0. -0.03644
    51.00 deg.: X-S =     0.193370 mb/sr,                       & pols = 0. -0.03056
    52.00 deg.: X-S =     0.177630 mb/sr,                       & pols = 0. -0.02305
    53.00 deg.: X-S =     0.164572 mb/sr,                       & pols = 0. -0.01393
    54.00 deg.: X-S =     0.153982 mb/sr,                       & pols = 0. -0.00336
    55.00 deg.: X-S =     0.145602 mb/sr,                       & pols = 0.  0.00832
    56.00 deg.: X-S =     0.139144 mb/sr,                       & pols = 0.  0.02062
    57.00 deg.: X-S =     0.134301 mb/sr,                       & pols = 0.  0.03302
    58.00 deg.: X-S =     0.130762 mb/sr,                       & pols = 0.  0.04498
    59.00 deg.: X-S =     0.128220 mb/sr,                       & pols = 0.  0.05606
    60.00 deg.: X-S =     0.126384 mb/sr,                       & pols = 0.  0.06594
    61.00 deg.: X-S =     0.124985 mb/sr,                       & pols = 0.  0.07441
    62.00 deg.: X-S =     0.123785 mb/sr,                       & pols = 0.  0.08140
    63.00 deg.: X-S =     0.122578 mb/sr,                       & pols = 0.  0.08690
    64.00 deg.: X-S =     0.121197 mb/sr,                       & pols = 0.  0.09099
    65.00 deg.: X-S =     0.119514 mb/sr,                       & pols = 0.  0.09378
    66.00 deg.: X-S =     0.117438 mb/sr,                       & pols = 0.  0.09537
    67.00 deg.: X-S =     0.114919 mb/sr,                       & pols = 0.  0.09589
    68.00 deg.: X-S =     0.111938 mb/sr,                       & pols = 0.  0.09546
    69.00 deg.: X-S =     0.108508 mb/sr,                       & pols = 0.  0.09419
    70.00 deg.: X-S =     0.104669 mb/sr,                       & pols = 0.  0.09216
    71.00 deg.: X-S =     0.100479 mb/sr,                       & pols = 0.  0.08945
    72.00 deg.: X-S =     0.096012 mb/sr,                       & pols = 0.  0.08614
    73.00 deg.: X-S =     0.091352 mb/sr,                       & pols = 0.  0.08230
    74.00 deg.: X-S =     0.086584 mb/sr,                       & pols = 0.  0.07799
    75.00 deg.: X-S =     0.081796 mb/sr,                       & pols = 0.  0.07330
    76.00 deg.: X-S =     0.077069 mb/sr,                       & pols = 0.  0.06831
    77.00 deg.: X-S =     0.072478 mb/sr,                       & pols = 0.  0.06312
    78.00 deg.: X-S =     0.068088 mb/sr,                       & pols =-0.  0.05787
    79.00 deg.: X-S =     0.063951 mb/sr,                       & pols =-0.  0.05273
    80.00 deg.: X-S =     0.060107 mb/sr,                       & pols = 0.  0.04787
                                           Integrated    1.5552 mb, over [   0.000,  80.000] at    21.0000 MeV 
 Finished all xsecs @    2.02313399    

  The following files have been created:
   3:local copy of User input.            6:standard output.                   
  13:total cross sections/state.         16:tables of cross sections.          
  35:Astrophysics S-factors  / Ecm.      39:cross sections for each Ecm.       
  40:all cross sectns. for each Elab.    46:bs wave functions & ANC ratios.    
  56:Fusion for each Jtotal.             58:Single-particle wfns.              
  75:S-factors for lab energies.        201:Separate cross sections.           
 202:Separate cross sections.           

 PARAMETERS : MAXQRN   MFNL   MLOC  LMAX1 MCLIST
    ALLOWED :      8    324     20     50      6
    REQUIRED:      1      0     13     36      4


 ACCURACY ANALYSIS at    21.000 MeV :

  Elastic h*k = 0.016 so OK       compared with 0.200

   Real(S-el) > 0.01 first at J =       1.0
   Real(S-el) > 0.10 first at J =       5.0
   Real(S-el) > 0.50 first at J =       8.0
   Real(S-el) > 0.90 first at J =      10.0
   Real(S-el) > 0.99 first at J =      13.0
   R-turn =    20.33 fm    at J =      30.0

 Forward-angle excitation cut off below   8.519 deg by max JT =      30.0
                              and below   7.659 deg by max R.

 Total CPU  0 time =       2.02 seconds
