 FRESCO - FRES 3.4: Coupled Reaction Channels
 Assuming NAMELIST input.

 39K(3He,d)40Ca 21 MeV DWBA ZR 5903 keV Jpi=1- l=3 n=2 j=5/2                     

   0.010  23.000   0.100   0.100  10.000  -0.300   0.000   0.000   0.000   0.000

 Centre-of-mass Range is   2302 * 0.0100 fm., Maximum at  23.00 fm., Interpolating NL forms every  0.10 fm.
 Non - locality width is    101 * 0.1000 fm., Maximum of  10.00 fm., Centred at -0.20 fm.
 2-Nucleon Separation of      0 * 0.1000 fm., Maximum of   0.00 fm., Minimum at  0.00 fm.
 Maximum single particle bins of 23.0000 fm.
               M,Mint =         2301        2301


 Range of total J is     0.0 <= J <=    28.0 (at least     0.0) and Absorbtion =>    -1.0000 mb.
 Dry Run = F, CC set limits =  0  0, Relativistic kinematics =  , Both/Far/Near Analyses =  1                     

 Cross Sections (and up to T1 for 0=projectile) for Theta from   0.0 to  80.0 in steps of  1.0 degrees, DGAM=0,  Coordinates = 0 (Mads)

 Lower Radial Cutoff = maximum of -1.60*L*h &       0.0 fm.,  Lower Cutoff for Couplings =   0.0  fm.


 Iterate Couplings between   0 and   1 times, to  0.000 % if sooner.                                          
  Block solved exactly =   0 chs., with Pade = 0 & Isocen =  =0, NOSOL = F, initwf =  0
  NL quadrature with   36 Gaussian points, Calculate multipoles up to    34 from   0
  M-transfers for lp+lt greater than or equal to  6, Angular Integration Cutoff below  0.6944 %


 Trace switches are :  CHANS =  1, LISTCC =  0, TRENEG =  0, CDETR =  0, SMATS =  0, XSTABL =  1, NLPL =  0

                       WAVES =  0, LAMPL =  0, VEFF =  0, KFUS =  0, WDISK =  0, BPM =  0, MELFIL =  0

                       CDCC =  0, NFUS =  0

 Using unit mass = 1.000000 amu and 1/fine-structure constant = 137.03599 ( 1.000000 * true ) with hc = 197.32705 MeV.fm,
  thus 2*amu/hbar^2 = 0.0478450 = 1/20.9008 and Coulomb constant = 0.1574855 so e^2 = 1.43997, and nuclear magneton= 0.1261183

 Now pre-scan input and save to file 3

  WARNING: target longitudinal recoil NOT included in the ZR coupling #            1


 *********** PARTITION NUMBER  1 ******************************************************************************************

   PROJ=he3        MASS=  3.0150 Z=   2.0,        # STATES=    1T, TARG=k39      MASS= 38.9530 Z=  19.0,     Q-VALUE =   0.0000 MEV.

     1:  J= 0.5+ (B# 1), E=  0.0000, K= 0.5              Potl#  1       J= 1.5+ (B# 1), E=  0.0000, K= 0.5    


 *********** PARTITION NUMBER  2 ******************************************************************************************

   PROJ=h2         MASS=  2.0140 Z=   1.0,        # STATES=    1T, TARG=ca40     MASS= 39.9630 Z=  20.0,     Q-VALUE =   2.8347 MEV.

     1:  J= 1.0+ (B# 1), E=  0.0000, K= 0.0              Potl#  2       J= 1.0- (B#-1), E=  5.9026, K= 0.0    
0****** WARNING : COMPARED WITH PARTITION  1, THIS PARTITION HAS TOTAL MASS & CHARGE EXCESSES   0.01205 &   0.0000


 ************************************************************************************************************************************

 The following POTENTIALS are defined :

  KP#       TYPE      IT    SHAPE      at     V1        r1        a1        V2        r2        a2        A-in     A-used


                                            A#1       A#2        r0c       ac                                                h @ 1
    1    0=Coulomb       0=CHARGE (WS)  1    38.953     0.000    1.2890    0.0000    0.0000    0.0000     0.000    38.953   0.01000

    1    1=Volume        0=Woods-Saxon  2  117.8810    1.1780    0.7680   -0.6460    1.4150    0.8470     0.000    38.953

    1    2=Surface       0=Woods-Saxon  3    0.0000    0.0000    0.0000   20.6650    1.1980    0.8520     0.000    38.953

    1    3=Projtl S.O.   0=Woods-Saxon  4    2.0830    0.7380    0.9460   -1.1590    0.0000    0.0000     0.000    38.953
   --------------------------------------------------------------------------------------------------------------------

                                            A#1       A#2        r0c       ac                                                h @ 2
    2    0=Coulomb       0=CHARGE (WS)  5    39.963     0.000    1.3030    0.0000    0.0000    0.0000     0.000    39.963   0.01000

    2    1=Volume        0=Woods-Saxon  6   91.1200    1.1500    0.7620    2.2340    1.3340    0.5130     0.000    39.963

    2    2=Surface       0=Woods-Saxon  7    0.0000    0.0000    0.0000   10.2740    1.3780    0.7430     0.000    39.963

    2    3=Projtl S.O.   0=Woods-Saxon  8    3.5570    0.9720    1.0110    0.0000    0.0000    0.0000     0.000    39.963
   --------------------------------------------------------------------------------------------------------------------

                                            A#1       A#2        r0c       ac                                                h @ 0
    3    0=Coulomb       0=CHARGE (WS)  9     3.015     0.000    1.2500    0.0000    0.0000    0.0000     0.000     3.015   0.01000

    3    1=Volume        0=Woods-Saxon 10   50.0000    1.2500    0.6500    0.0000    0.0000    0.0000     0.000     3.015
   --------------------------------------------------------------------------------------------------------------------

                                            A#1       A#2        r0c       ac                                                h @ 0
    4    0=Coulomb       0=CHARGE (WS) 11    38.953     0.000    1.2500    0.0000    0.0000    0.0000     0.000    38.953   0.01000

    4    1=Volume        0=Woods-Saxon 12   50.0000    1.2500    0.6500    0.0000    0.0000    0.0000     0.000    38.953


 ************************************************************************************************************************************

 The following SINGLE-PARTICLE FORM FACTORS are constructed :


 No.   P1 P2 IN KIND T N  L  S1 IA J/S  IB BIND XFER  BE    SC PC FIL AFRAC Adjust  to  Z  Mass   K     Norm    rms      D0     D   ANC/Gsp

 For Channel #  1 with l = 0,  j =  0.5, around core state #  1

   R    Y(R)
   0.00   0.0000E+00,    0.10   5.8280E-02,    0.20   1.1591E-01,    0.30   1.7228E-01,    0.40   2.2679E-01,    0.50   2.7891E-01, 
   0.60   3.2812E-01,    0.70   3.7401E-01,    0.80   4.1621E-01,    0.90   4.5442E-01,    1.00   4.8842E-01,    1.10   5.1808E-01, 
   1.20   5.4332E-01,    1.30   5.6417E-01,    1.40   5.8070E-01,    1.50   5.9306E-01,    1.60   6.0146E-01,    1.70   6.0615E-01, 
   1.80   6.0741E-01,    1.90   6.0557E-01,    2.00   6.0094E-01,    2.10   5.9388E-01,    2.20   5.8471E-01,    2.30   5.7376E-01, 
   2.40   5.6133E-01,    2.50   5.4772E-01,    2.60   5.3317E-01,    2.70   5.1794E-01,    2.80   5.0221E-01,    2.90   4.8618E-01, 
   3.00   4.6999E-01,    3.10   4.5378E-01,    3.20   4.3767E-01,    3.30   4.2173E-01,    3.40   4.0605E-01,    3.50   3.9068E-01, 
   3.60   3.7566E-01,    3.70   3.6103E-01,    3.80   3.4682E-01,    3.90   3.3304E-01,    4.00   3.1970E-01,    4.10   3.0681E-01, 
   4.20   2.9437E-01,    4.30   2.8238E-01,    4.40   2.7083E-01,    4.50   2.5971E-01,    4.60   2.4902E-01,    4.70   2.3874E-01, 
   4.80   2.2887E-01,    4.90   2.1939E-01,    5.00   2.1029E-01,    5.10   2.0156E-01,    5.20   1.9318E-01,    5.30   1.8514E-01, 
   5.40   1.7743E-01,    5.50   1.7004E-01,    5.60   1.6296E-01,    5.70   1.5616E-01,    5.80   1.4965E-01,    5.90   1.4341E-01, 
   6.00   1.3743E-01,    6.10   1.3170E-01,    6.20   1.2620E-01,    6.30   1.2094E-01,    6.40   1.1589E-01,    6.50   1.1106E-01, 
   6.60   1.0643E-01,    6.70   1.0199E-01,    6.80   9.7738E-02,    6.90   9.3663E-02,    7.00   8.9758E-02,    7.10   8.6017E-02, 
   7.20   8.2432E-02,    7.30   7.8996E-02,    7.40   7.5705E-02,    7.50   7.2551E-02,    7.60   6.9529E-02,    7.70   6.6633E-02, 
   7.80   6.3858E-02,    7.90   6.1199E-02,    8.00   5.8651E-02,    8.10   5.6210E-02,    8.20   5.3870E-02,    8.30   5.1628E-02, 
   8.40   4.9480E-02,    8.50   4.7422E-02,    8.60   4.5449E-02,    8.70   4.3559E-02,    8.80   4.1747E-02,    8.90   4.0011E-02, 
   9.00   3.8348E-02,    9.10   3.6753E-02,    9.20   3.5226E-02,    9.30   3.3762E-02,    9.40   3.2358E-02,    9.50   3.1014E-02, 
   9.60   2.9725E-02,    9.70   2.8490E-02,    9.80   2.7307E-02,    9.90   2.6173E-02,   10.00   2.5086E-02,   10.10   2.4044E-02, 
  10.20   2.3046E-02,   10.30   2.2089E-02,   10.40   2.1172E-02,   10.50   2.0293E-02,   10.60   1.9451E-02,   10.70   1.8644E-02, 
  10.80   1.7870E-02,   10.90   1.7128E-02,   11.00   1.6418E-02,   11.10   1.5737E-02,   11.20   1.5084E-02,   11.30   1.4458E-02, 
  11.40   1.3858E-02,   11.50   1.3284E-02,   11.60   1.2733E-02,   11.70   1.2205E-02,   11.80   1.1699E-02,   11.90   1.1214E-02, 
  12.00   1.0749E-02,   12.10   1.0303E-02,   12.20   9.8761E-03,   12.30   9.4667E-03,   12.40   9.0744E-03,   12.50   8.6983E-03, 
  12.60   8.3378E-03,   12.70   7.9923E-03,   12.80   7.6612E-03,   12.90   7.3438E-03,   13.00   7.0395E-03,   13.10   6.7479E-03, 
  13.20   6.4684E-03,   13.30   6.2004E-03,   13.40   5.9436E-03,   13.50   5.6975E-03,   13.60   5.4615E-03,   13.70   5.2353E-03, 
  13.80   5.0185E-03,   13.90   4.8107E-03,   14.00   4.6116E-03,   14.10   4.4206E-03,   14.20   4.2376E-03,   14.30   4.0622E-03, 
  14.40   3.8940E-03,   14.50   3.7329E-03,   14.60   3.5783E-03,   14.70   3.4302E-03,   14.80   3.2883E-03,   14.90   3.1522E-03, 
  15.00   3.0217E-03,   15.10   2.8967E-03,   15.20   2.7768E-03,   15.30   2.6619E-03,   15.40   2.5518E-03,   15.50   2.4462E-03, 
  15.60   2.3450E-03,   15.70   2.2480E-03,   15.80   2.1550E-03,   15.90   2.0659E-03,   16.00   1.9804E-03,   16.10   1.8985E-03, 
  16.20   1.8200E-03,   16.30   1.7447E-03,   16.40   1.6726E-03,   16.50   1.6034E-03,   16.60   1.5371E-03,   16.70   1.4735E-03, 
  16.80   1.4126E-03,   16.90   1.3542E-03,   17.00   1.2982E-03,   17.10   1.2445E-03,   17.20   1.1931E-03,   17.30   1.1438E-03, 
  17.40   1.0965E-03,   17.50   1.0511E-03,   17.60   1.0077E-03,   17.70   9.6604E-04,   17.80   9.2611E-04,   17.90   8.8783E-04, 
  18.00   8.5114E-04,   18.10   8.1596E-04,   18.20   7.8224E-04,   18.30   7.4991E-04,   18.40   7.1892E-04,   18.50   6.8921E-04, 
  18.60   6.6073E-04,   18.70   6.3343E-04,   18.80   6.0725E-04,   18.90   5.8216E-04,   19.00   5.5811E-04,   19.10   5.3505E-04, 
  19.20   5.1295E-04,   19.30   4.9175E-04,   19.40   4.7144E-04,   19.50   4.5196E-04,   19.60   4.3329E-04,   19.70   4.1539E-04, 
  19.80   3.9823E-04,   19.90   3.8179E-04,   20.00   3.6602E-04,   20.10   3.5090E-04,   20.20   3.3640E-04,   20.30   3.2251E-04, 
  20.40   3.0919E-04,   20.50   2.9642E-04,   20.60   2.8418E-04,   20.70   2.7244E-04,   20.80   2.6119E-04,   20.90   2.5041E-04, 
  21.00   2.4007E-04,   21.10   2.3015E-04,   21.20   2.2065E-04,   21.30   2.1154E-04,   21.40   2.0281E-04,   21.50   1.9443E-04, 
  21.60   1.8640E-04,   21.70   1.7871E-04,   21.80   1.7133E-04,   21.90   1.6426E-04,   22.00   1.5748E-04,   22.10   1.5098E-04, 
  22.20   1.4474E-04,   22.30   1.3877E-04,   22.40   1.3304E-04,   22.50   1.2755E-04,   22.60   1.2228E-04,   22.70   1.1724E-04, 
  22.80   1.1240E-04,   22.90   1.0776E-04,   23.00   1.0331E-04, 

 No.   P1 P2 IN KIND T N  L  S1 IA J/S  IB BIND XFER  BE    SC PC FIL AFRAC Adjust  to  Z  Mass   K     Norm    rms      D0     D   ANC/Gsp

    At R=   22.990, ANC in ch  1 is    1.8773    ,   eta,eta*ln(2*rho)+rho =   0.54944E-01    9.8005    

    1:  2  1  1  0     1  0 0.5  1 0.5   0   3   0   5.4935  1  1  0 0.0000 VR  0.8879; 1. 1.001 0.4192 1.0000  2.820 -166.8 -176.8  1.8773

 For Channel #  1 with l = 3,  j =  2.5, around core state #  1

   R    Y(R)
   0.00  -0.0000E+00,    0.10   9.6139E-06,    0.20   1.5262E-04,    0.30   7.6259E-04,    0.40   2.3662E-03,    0.50   5.6415E-03, 
   0.60   1.1362E-02,    0.70   2.0334E-02,    0.80   3.3322E-02,    0.90   5.0979E-02,    1.00   7.3779E-02,    1.10   1.0195E-01, 
   1.20   1.3544E-01,    1.30   1.7385E-01,    1.40   2.1646E-01,    1.50   2.6221E-01,    1.60   3.0971E-01,    1.70   3.5734E-01, 
   1.80   4.0324E-01,    1.90   4.4546E-01,    2.00   4.8199E-01,    2.10   5.1092E-01,    2.20   5.3047E-01,    2.30   5.3917E-01, 
   2.40   5.3586E-01,    2.50   5.1983E-01,    2.60   4.9083E-01,    2.70   4.4911E-01,    2.80   3.9542E-01,    2.90   3.3099E-01, 
   3.00   2.5746E-01,    3.10   1.7682E-01,    3.20   9.1310E-02,    3.30   3.3034E-03,    3.40  -8.4800E-02,    3.50  -1.7069E-01, 
   3.60  -2.5225E-01,    3.70  -3.2765E-01,    3.80  -3.9540E-01,    3.90  -4.5442E-01,    4.00  -5.0401E-01,    4.10  -5.4390E-01, 
   4.20  -5.7414E-01,    4.30  -5.9513E-01,    4.40  -6.0750E-01,    4.50  -6.1208E-01,    4.60  -6.0979E-01,    4.70  -6.0165E-01, 
   4.80  -5.8864E-01,    4.90  -5.7174E-01,    5.00  -5.5184E-01,    5.10  -5.2975E-01,    5.20  -5.0617E-01,    5.30  -4.8171E-01, 
   5.40  -4.5687E-01,    5.50  -4.3206E-01,    5.60  -4.0760E-01,    5.70  -3.8374E-01,    5.80  -3.6067E-01,    5.90  -3.3851E-01, 
   6.00  -3.1737E-01,    6.10  -2.9727E-01,    6.20  -2.7826E-01,    6.30  -2.6032E-01,    6.40  -2.4345E-01,    6.50  -2.2762E-01, 
   6.60  -2.1278E-01,    6.70  -1.9890E-01,    6.80  -1.8592E-01,    6.90  -1.7381E-01,    7.00  -1.6251E-01,    7.10  -1.5197E-01, 
   7.20  -1.4214E-01,    7.30  -1.3299E-01,    7.40  -1.2445E-01,    7.50  -1.1650E-01,    7.60  -1.0909E-01,    7.70  -1.0219E-01, 
   7.80  -9.5750E-02,    7.90  -8.9749E-02,    8.00  -8.4152E-02,    8.10  -7.8931E-02,    8.20  -7.4060E-02,    8.30  -6.9513E-02, 
   8.40  -6.5268E-02,    8.50  -6.1303E-02,    8.60  -5.7598E-02,    8.70  -5.4136E-02,    8.80  -5.0898E-02,    8.90  -4.7869E-02, 
   9.00  -4.5036E-02,    9.10  -4.2383E-02,    9.20  -3.9899E-02,    9.30  -3.7572E-02,    9.40  -3.5392E-02,    9.50  -3.3348E-02, 
   9.60  -3.1431E-02,    9.70  -2.9632E-02,    9.80  -2.7945E-02,    9.90  -2.6361E-02,   10.00  -2.4873E-02,   10.10  -2.3476E-02, 
  10.20  -2.2162E-02,   10.30  -2.0928E-02,   10.40  -1.9767E-02,   10.50  -1.8676E-02,   10.60  -1.7648E-02,   10.70  -1.6682E-02, 
  10.80  -1.5772E-02,   10.90  -1.4914E-02,   11.00  -1.4107E-02,   11.10  -1.3346E-02,   11.20  -1.2629E-02,   11.30  -1.1953E-02, 
  11.40  -1.1316E-02,   11.50  -1.0715E-02,   11.60  -1.0147E-02,   11.70  -9.6121E-03,   11.80  -9.1067E-03,   11.90  -8.6295E-03, 
  12.00  -8.1789E-03,   12.10  -7.7532E-03,   12.20  -7.3510E-03,   12.30  -6.9709E-03,   12.40  -6.6116E-03,   12.50  -6.2719E-03, 
  12.60  -5.9506E-03,   12.70  -5.6468E-03,   12.80  -5.3593E-03,   12.90  -5.0872E-03,   13.00  -4.8298E-03,   13.10  -4.5860E-03, 
  13.20  -4.3553E-03,   13.30  -4.1367E-03,   13.40  -3.9297E-03,   13.50  -3.7336E-03,   13.60  -3.5478E-03,   13.70  -3.3718E-03, 
  13.80  -3.2049E-03,   13.90  -3.0466E-03,   14.00  -2.8966E-03,   14.10  -2.7543E-03,   14.20  -2.6194E-03,   14.30  -2.4914E-03, 
  14.40  -2.3699E-03,   14.50  -2.2547E-03,   14.60  -2.1453E-03,   14.70  -2.0414E-03,   14.80  -1.9429E-03,   14.90  -1.8492E-03, 
  15.00  -1.7604E-03,   15.10  -1.6759E-03,   15.20  -1.5957E-03,   15.30  -1.5196E-03,   15.40  -1.4472E-03,   15.50  -1.3784E-03, 
  15.60  -1.3130E-03,   15.70  -1.2508E-03,   15.80  -1.1917E-03,   15.90  -1.1356E-03,   16.00  -1.0821E-03,   16.10  -1.0313E-03, 
  16.20  -9.8300E-04,   16.30  -9.3703E-04,   16.40  -8.9329E-04,   16.50  -8.5168E-04,   16.60  -8.1208E-04,   16.70  -7.7439E-04, 
  16.80  -7.3852E-04,   16.90  -7.0438E-04,   17.00  -6.7187E-04,   17.10  -6.4092E-04,   17.20  -6.1144E-04,   17.30  -5.8337E-04, 
  17.40  -5.5664E-04,   17.50  -5.3118E-04,   17.60  -5.0692E-04,   17.70  -4.8381E-04,   17.80  -4.6179E-04,   17.90  -4.4081E-04, 
  18.00  -4.2081E-04,   18.10  -4.0176E-04,   18.20  -3.8359E-04,   18.30  -3.6627E-04,   18.40  -3.4977E-04,   18.50  -3.3403E-04, 
  18.60  -3.1902E-04,   18.70  -3.0471E-04,   18.80  -2.9106E-04,   18.90  -2.7804E-04,   19.00  -2.6562E-04,   19.10  -2.5378E-04, 
  19.20  -2.4247E-04,   19.30  -2.3169E-04,   19.40  -2.2141E-04,   19.50  -2.1159E-04,   19.60  -2.0222E-04,   19.70  -1.9328E-04, 
  19.80  -1.8475E-04,   19.90  -1.7660E-04,   20.00  -1.6882E-04,   20.10  -1.6140E-04,   20.20  -1.5431E-04,   20.30  -1.4754E-04, 
  20.40  -1.4108E-04,   20.50  -1.3491E-04,   20.60  -1.2902E-04,   20.70  -1.2339E-04,   20.80  -1.1801E-04,   20.90  -1.1287E-04, 
  21.00  -1.0797E-04,   21.10  -1.0328E-04,   21.20  -9.8801E-05,   21.30  -9.4522E-05,   21.40  -9.0433E-05,   21.50  -8.6526E-05, 
  21.60  -8.2792E-05,   21.70  -7.9223E-05,   21.80  -7.5812E-05,   21.90  -7.2551E-05,   22.00  -6.9434E-05,   22.10  -6.6455E-05, 
  22.20  -6.3606E-05,   22.30  -6.0883E-05,   22.40  -5.8279E-05,   22.50  -5.5789E-05,   22.60  -5.3408E-05,   22.70  -5.1132E-05, 
  22.80  -4.8954E-05,   22.90  -4.6872E-05,   23.00  -4.4880E-05, 

 No.   P1 P2 IN KIND T N  L  S1 IA J/S  IB BIND XFER  BE    SC PC FIL AFRAC Adjust  to  Z  Mass   K     Norm    rms      D0     D   ANC/Gsp

    At R=   22.990, ANC in ch  2 is   -14.024    ,   eta,eta*ln(2*rho)+rho =    1.9062        13.001    

    2:  1  2  2  0     2  3 0.5  1 2.5   0   4   0   2.4257  1  1  0 0.0000 VR  2.2428; 1. 1.010 0.3380 1.0000  4.340    5.4  -15.5-14.0241

 ************************************************************************************************************************************

 TWO-way COUPLING # 1 for partitions  2 <-  1 of KIND  5,   0  0  0 -1 -1 & P1,P2 = -172.8000   0.0000 : for J <=    28.5 & R <  23.0 fm.


 data =  1  1  1  1  1.0000,  so  < [he3      #  1] / [h2       #  1]  * Eigen-form #  1>  =   1.0000            BE =  5.494     1

 data =  2  1  1  2  1.0000,  so  < [ca40     #  1] / [k39      #  1]  * Eigen-form #  2>  =   1.0000            BE =  2.426     2
 KNT =   2, KNP =   1: NK,NG,loc=   1   1   1  13  T  T  F

     So ZERO-RANGE TRANSFER, with D0 =  -172.800 and finite-range effective radius   0.0000 fm.

   2  1  1 13     5.494  -172.800  -172.800     1.001     0.669     0.000     0.010

 Incoming partition  1 in excitation state # 1,   Laboratory Energy given for partition  1 Nucleus 1 in Excitation pair 1

0Lab. ENERGY ranges :

   from    21.0000     to   21.0000     in     0 intervals
   from    21.0000     to   0.00000     in     0 intervals
   from    0.00000     to   0.00000     in     0 intervals

 Largest real,imaginary parts of any form factor at R=   22.90 are   6.29E-02  2.06E-08 MeV
 Finished all Couplings @    3.52669992E-02          13

 Symmetric Hamiltonian
1***********************************************************************************************************************************
************************************************************************************************************************************

        INCOMING he3      ;    LABORATORY he3      ENERGY =   21.000     MeV.

 ***********************************************************************************************************************************
 ***********************************************************************************************************************************

 Allocate arrays for            2  channels, of which            2  need wfs.

 Total SPIN, PARITY =     0.0 +,      2 chs,      0 cc.  Rmin & Coul turning =    0.0    2.8


    C Projectl Target   #   EX.   (L  Proj) J  + Targ = Jtotal     E-cm      Re K     Re Eta     RM*K            CH
    1 he3      k39      #    1: I   2 0.5    1.5  1.5     0.0    19.49135   1.61545   2.26756   37.1554  -0.51683  -0.01868 1 1 1   1
    2 h2       ca40     #    1:     1 1.0    1.0  1.0     0.0    16.42342   1.22745   1.07620   28.2313   0.40449  -0.31120 2 1 2   1
 Allocate arrays for            3  channels, of which            3  need wfs.
 Allocate arrays for            7  channels, of which            7  need wfs.
 Allocate arrays for            8  channels, of which            8  need wfs.
 Allocate arrays for            9  channels, of which            9  need wfs.
 Reaction Xsec    25.0+/24 @ 1 =   2.880/, Out:   0.000#   0.005#   0.003f
 Reaction Xsec    25.0+/24 @ 2 =   2.845/, Out:   0.000#   0.178#   0.003f
 Reaction Xsec    25.0+/26 @ 3 =   0.721/, Out:   0.000#   0.121#   0.001f
 Reaction Xsec    25.0+/26 @ 4 =   0.710/, Out:   0.000#   4.202#   0.001f
 Reaction Xsec    25.0-/23 @ 1 =   5.685/, Out:   0.000#   0.010#   0.006f
 Reaction Xsec    25.0-/25 @ 2 =   1.442/, Out:   0.000#   0.047#   0.001f
 Reaction Xsec    25.0-/25 @ 3 =   1.422/, Out:   0.000#   0.258#   0.001f
 Reaction Xsec    25.0-/27 @ 4 =   0.360/, Out:   0.000#   1.070#   0.000f
 Reaction Xsec    26.0+/24 @ 1 =   2.956/, Out:   0.000#   0.004#   0.003f
 Reaction Xsec    26.0+/26 @ 2 =   0.749/, Out:   0.000#   0.033#   0.001f
 Reaction Xsec    26.0+/26 @ 3 =   0.738/, Out:   0.000#   0.158#   0.001f
 Reaction Xsec    26.0+/28 @ 4 =   0.187/, Out:   0.000#   0.541#   0.000f
 Reaction Xsec    26.0-/25 @ 1 =   1.498/, Out:   0.000#   0.002#   0.001f
 Reaction Xsec    26.0-/25 @ 2 =   1.478/, Out:   0.000#   0.096#   0.001f
 Reaction Xsec    26.0-/27 @ 3 =   0.374/, Out:   0.000#   0.074#   0.000f
 Reaction Xsec    26.0-/27 @ 4 =   0.368/, Out:   0.000#   2.226#   0.000f
 Reaction Xsec    27.0+/26 @ 1 =   0.777/, Out:   0.000#   0.003#   0.001f
 Reaction Xsec    27.0+/26 @ 2 =   0.766/, Out:   0.000#   0.063#   0.001f
 Reaction Xsec    27.0+/28 @ 3 =   0.194/, Out:   0.000#   0.038#   0.000f
 Reaction Xsec    27.0+/28 @ 4 =   0.191/, Out:   0.000#   1.122#   0.000f
 Reaction Xsec    27.0-/25 @ 1 =   1.533/, Out:   0.000#   0.003#   0.002f
 Reaction Xsec    27.0-/27 @ 2 =   0.389/, Out:   0.000#   0.022#   0.000f
 Reaction Xsec    27.0-/27 @ 3 =   0.382/, Out:   0.000#   0.097#   0.000f
 Reaction Xsec    27.0-/29 @ 4 =   0.097/, Out:   0.000#   0.236#   0.000f
 Reaction Xsec    28.0+/26 @ 1 =   0.794/, Out:   0.000#   0.004#   0.001f
 Reaction Xsec    28.0+/28 @ 2 =   0.201/, Out:   0.000#   0.012#   0.000f
 Reaction Xsec    28.0+/28 @ 3 =   0.197/, Out:   0.000#   0.050#   0.000f
 Reaction Xsec    28.0+/30 @ 4 =   0.050/, Out:   0.000#   0.084#   0.000f
 Reaction Xsec    28.0-/27 @ 1 =   0.403/, Out:   0.000#   0.003#   0.000f
 Reaction Xsec    28.0-/27 @ 2 =   0.396/, Out:   0.000#   0.040#   0.000f
 Reaction Xsec    28.0-/29 @ 3 =   0.100/, Out:   0.000#   0.016#   0.000f
 Reaction Xsec    28.0-/29 @ 4 =   0.098/, Out:   0.000#   0.490#   0.000f
 Finished all CC sets @   0.160503998    
0CUMULATIVE REACTION cross section                 = 1423.28911  <L> =     7.34  <L**2> =     63.8
0CUMULATIVE outgoing cross sections in partition 1 :    0.00000
0CUMULATIVE outgoing cross sections in partition 2 :    4.07913
0Cumulative ABSORBTION by Imaginary Potentials     = 1419.20998  <L> =     7.33  <L**2> =     63.7
   Fusion for specific he3      M-states : 1425.244052 1425.244052
0CUMULATIVE OUTGOING cross section                 =    4.07913
 To convert to S-factors (MeV.mb = keV.b),  multiply by  3.0022E+07


 CROSS SECTIONS FOR OUTGOING he3      & k39      in state #   1 with spins & parities 0.5  + &  1.5  +;  0

     0.01 deg.: X-S =   8.4933E+16 mb/sr,                       & pols = 0. -0.00000
+                                         /R =   1.0000E+00
     1.00 deg.: X-S =   8.4909E+08 mb/sr,                       & pols =-0.  0.00000
+                                         /R =   9.9967E-01
     2.00 deg.: X-S =   5.3169E+07 mb/sr,                       & pols = 0. -0.00001
+                                         /R =   1.0014E+00
     3.00 deg.: X-S =   1.0282E+07 mb/sr,                       & pols =-0.  0.00002
+                                         /R =   9.8014E-01
     4.00 deg.: X-S =   3.2994E+06 mb/sr,                       & pols = 0.  0.00011
+                                         /R =   9.9366E-01
     5.00 deg.: X-S =   1.4097E+06 mb/sr,                       & pols = 0.  0.00006
+                                         /R =   1.0360E+00
     6.00 deg.: X-S =   7.0157E+05 mb/sr,                       & pols =-0. -0.00016
+                                         /R =   1.0686E+00
     7.00 deg.: X-S =   3.7943E+05 mb/sr,                       & pols = 0. -0.00046
+                                         /R =   1.0700E+00
     8.00 deg.: X-S =   2.1688E+05 mb/sr,                       & pols = 0. -0.00069
+                                         /R =   1.0426E+00
     9.00 deg.: X-S =   1.3008E+05 mb/sr,                       & pols = 0. -0.00074
+                                         /R =   1.0007E+00
    10.00 deg.: X-S =   8.1861E+04 mb/sr,                       & pols =-0. -0.00053
+                                         /R =   9.5895E-01
    11.00 deg.: X-S =   5.4042E+04 mb/sr,                       & pols =-0. -0.00006
+                                         /R =   9.2588E-01
    12.00 deg.: X-S =   3.7257E+04 mb/sr,                       & pols =-0.  0.00056
+                                         /R =   9.0298E-01
    13.00 deg.: X-S =   2.6590E+04 mb/sr,                       & pols = 0.  0.00119
+                                         /R =   8.8652E-01
    14.00 deg.: X-S =   1.9435E+04 mb/sr,                       & pols =-0.  0.00172
+                                         /R =   8.7037E-01
    15.00 deg.: X-S =   1.4401E+04 mb/sr,                       & pols =-0.  0.00208
+                                         /R =   8.4861E-01
    16.00 deg.: X-S =   1.0731E+04 mb/sr,                       & pols =-0.  0.00223
+                                         /R =   8.1731E-01
    17.00 deg.: X-S =  7999.908315 mb/sr,                       & pols =-0.  0.00221
+                                         /R =   7.7522E-01
    18.00 deg.: X-S =  5953.124702 mb/sr,                       & pols = 0.  0.00203
+                                         /R =   7.2378E-01
    19.00 deg.: X-S =  4423.478834 mb/sr,                       & pols =-0.  0.00175
+                                         /R =   6.6640E-01
    20.00 deg.: X-S =  3291.270854 mb/sr,                       & pols =-0.  0.00141
+                                         /R =   6.0754E-01
    21.00 deg.: X-S =  2464.346631 mb/sr,                       & pols =-0.  0.00111
+                                         /R =   5.5178E-01
    22.00 deg.: X-S =  1868.932900 mb/sr,                       & pols =-0.  0.00091
+                                         /R =   5.0295E-01
    23.00 deg.: X-S =  1445.373327 mb/sr,                       & pols =-0.  0.00089
+                                         /R =   4.6359E-01
    24.00 deg.: X-S =  1145.925528 mb/sr,                       & pols =-0.  0.00109
+                                         /R =   4.3472E-01
    25.00 deg.: X-S =   933.274978 mb/sr,                       & pols =-0.  0.00147
+                                         /R =   4.1580E-01
    26.00 deg.: X-S =   779.201487 mb/sr,                       & pols =-0.  0.00198
+                                         /R =   4.0507E-01
    27.00 deg.: X-S =   663.219914 mb/sr,                       & pols =-0.  0.00251
+                                         /R =   3.9988E-01
    28.00 deg.: X-S =   571.190816 mb/sr,                       & pols =-0.  0.00300
+                                         /R =   3.9720E-01
    29.00 deg.: X-S =   493.960331 mb/sr,                       & pols = 0.  0.00340
+                                         /R =   3.9412E-01
    30.00 deg.: X-S =   426.098174 mb/sr,                       & pols = 0.  0.00370
+                                         /R =   3.8817E-01
    31.00 deg.: X-S =   364.788481 mb/sr,                       & pols = 0.  0.00392
+                                         /R =   3.7772E-01
    32.00 deg.: X-S =   308.906469 mb/sr,                       & pols = 0.  0.00412
+                                         /R =   3.6200E-01
    33.00 deg.: X-S =   258.292371 mb/sr,                       & pols = 0.  0.00436
+                                         /R =   3.4120E-01
    34.00 deg.: X-S =   213.216362 mb/sr,                       & pols = 0.  0.00473
+                                         /R =   3.1630E-01
    35.00 deg.: X-S =   174.015471 mb/sr,                       & pols = 0.  0.00531
+                                         /R =   2.8886E-01
    36.00 deg.: X-S =   140.875579 mb/sr,                       & pols = 0.  0.00624
+                                         /R =   2.6079E-01
    37.00 deg.: X-S =   113.728070 mb/sr,                       & pols = 0.  0.00762
+                                         /R =   2.3405E-01
    38.00 deg.: X-S =    92.230549 mb/sr,                       & pols = 0.  0.00951
+                                         /R =   2.1037E-01
    39.00 deg.: X-S =    75.803356 mb/sr,                       & pols = 0.  0.01186
+                                         /R =   1.9107E-01
    40.00 deg.: X-S =    63.697618 mb/sr,                       & pols =-0.  0.01443
+                                         /R =   1.7695E-01
    41.00 deg.: X-S =    55.075378 mb/sr,                       & pols =-0.  0.01686
+                                         /R =   1.6819E-01
    42.00 deg.: X-S =    49.087424 mb/sr,                       & pols =-0.  0.01869
+                                         /R =   1.6437E-01
    43.00 deg.: X-S =    44.939294 mb/sr,                       & pols =-0.  0.01962
+                                         /R =   1.6461E-01
    44.00 deg.: X-S =    41.940180 mb/sr,                       & pols = 0.  0.01954
+                                         /R =   1.6767E-01
    45.00 deg.: X-S =    39.532955 mb/sr,                       & pols = 0.  0.01852
+                                         /R =   1.7213E-01
    46.00 deg.: X-S =    37.306196 mb/sr,                       & pols = 0.  0.01674
+                                         /R =   1.7653E-01
    47.00 deg.: X-S =    34.990838 mb/sr,                       & pols = 0.  0.01436
+                                         /R =   1.7959E-01
    48.00 deg.: X-S =    32.445104 mb/sr,                       & pols = 0.  0.01151
+                                         /R =   1.8027E-01
    49.00 deg.: X-S =    29.631739 mb/sr,                       & pols = 0.  0.00826
+                                         /R =   1.7791E-01
    50.00 deg.: X-S =    26.591365 mb/sr,                       & pols = 0.  0.00467
+                                         /R =   1.7221E-01
    51.00 deg.: X-S =    23.415325 mb/sr,                       & pols = 0.  0.00075
+                                         /R =   1.6329E-01
    52.00 deg.: X-S =    20.220607 mb/sr,                       & pols = 0. -0.00349
+                                         /R =   1.5160E-01
    53.00 deg.: X-S =    17.128697 mb/sr,                       & pols = 0. -0.00799
+                                         /R =   1.3784E-01
    54.00 deg.: X-S =    14.249343 mb/sr,                       & pols = 0. -0.01265
+                                         /R =   1.2289E-01
    55.00 deg.: X-S =    11.669603 mb/sr,                       & pols = 0. -0.01722
+                                         /R =   1.0770E-01
    56.00 deg.: X-S =     9.447892 mb/sr,                       & pols = 0. -0.02127
+                                         /R =   9.3176E-02
    57.00 deg.: X-S =     7.612419 mb/sr,                       & pols = 0. -0.02403
+                                         /R =   8.0114E-02
    58.00 deg.: X-S =     6.163085 mb/sr,                       & pols = 0. -0.02447
+                                         /R =   6.9122E-02
    59.00 deg.: X-S =     5.075847 mb/sr,                       & pols = 0. -0.02139
+                                         /R =   6.0589E-02
    60.00 deg.: X-S =     4.308554 mb/sr,                       & pols =-0. -0.01404
+                                         /R =   5.4669E-02
    61.00 deg.: X-S =     3.807339 mb/sr,                       & pols =-0. -0.00276
+                                         /R =   5.1290E-02
    62.00 deg.: X-S =     3.512851 mb/sr,                       & pols =-0.  0.01075
+                                         /R =   5.0182E-02
    63.00 deg.: X-S =     3.365761 mb/sr,                       & pols =-0.  0.02420
+                                         /R =   5.0928E-02
    64.00 deg.: X-S =     3.311192 mb/sr,                       & pols = 0.  0.03573
+                                         /R =   5.3010E-02
    65.00 deg.: X-S =     3.301899 mb/sr,                       & pols = 0.  0.04448
+                                         /R =   5.5868E-02
    66.00 deg.: X-S =     3.300184 mb/sr,                       & pols = 0.  0.05042
+                                         /R =   5.8953E-02
    67.00 deg.: X-S =     3.278633 mb/sr,                       & pols = 0.  0.05393
+                                         /R =   6.1771E-02
    68.00 deg.: X-S =     3.219880 mb/sr,                       & pols = 0.  0.05547
+                                         /R =   6.3917E-02
    69.00 deg.: X-S =     3.115603 mb/sr,                       & pols = 0.  0.05543
+                                         /R =   6.5101E-02
    70.00 deg.: X-S =     2.965018 mb/sr,                       & pols = 0.  0.05408
+                                         /R =   6.5152E-02
    71.00 deg.: X-S =     2.773099 mb/sr,                       & pols = 0.  0.05156
+                                         /R =   6.4020E-02
    72.00 deg.: X-S =     2.548727 mb/sr,                       & pols = 0.  0.04792
+                                         /R =   6.1763E-02
    73.00 deg.: X-S =     2.302947 mb/sr,                       & pols = 0.  0.04312
+                                         /R =   5.8528E-02
    74.00 deg.: X-S =     2.047448 mb/sr,                       & pols = 0.  0.03705
+                                         /R =   5.4525E-02
    75.00 deg.: X-S =     1.793335 mb/sr,                       & pols = 0.  0.02956
+                                         /R =   5.0001E-02
    76.00 deg.: X-S =     1.550243 mb/sr,                       & pols = 0.  0.02049
+                                         /R =   4.5217E-02
    77.00 deg.: X-S =     1.325775 mb/sr,                       & pols = 0.  0.00973
+                                         /R =   4.0420E-02
    78.00 deg.: X-S =     1.125247 mb/sr,                       & pols = 0. -0.00270
+                                         /R =   3.5832E-02
    79.00 deg.: X-S =     0.951684 mb/sr,                       & pols = 0. -0.01655
+                                         /R =   3.1628E-02
    80.00 deg.: X-S =     0.806016 mb/sr,                       & pols = 0. -0.03119
+                                         /R =   2.7935E-02
                                           Integrated********** mb, over [   0.000,  80.000] at    21.0000 MeV 

 CROSS SECTIONS FOR OUTGOING h2       & ca40     in state #   1 with spins & parities 1.0  + &  1.0  -;  0

     0.00 deg.: X-S =     1.818045 mb/sr,                       & pols =-0.  0.00000
+                                         REAC   4.0791E+00 mb
     1.00 deg.: X-S =     1.829142 mb/sr,                       & pols =-0. -0.01682
     2.00 deg.: X-S =     1.862289 mb/sr,                       & pols =-0. -0.03300
     3.00 deg.: X-S =     1.917076 mb/sr,                       & pols =-0. -0.04793
     4.00 deg.: X-S =     1.992889 mb/sr,                       & pols =-0. -0.06112
     5.00 deg.: X-S =     2.088984 mb/sr,                       & pols =-0. -0.07220
     6.00 deg.: X-S =     2.204529 mb/sr,                       & pols =-0. -0.08093
     7.00 deg.: X-S =     2.338573 mb/sr,                       & pols =-0. -0.08718
     8.00 deg.: X-S =     2.489922 mb/sr,                       & pols =-0. -0.09096
     9.00 deg.: X-S =     2.656926 mb/sr,                       & pols =-0. -0.09236
    10.00 deg.: X-S =     2.837184 mb/sr,                       & pols =-0. -0.09160
    11.00 deg.: X-S =     3.027238 mb/sr,                       & pols =-0. -0.08893
    12.00 deg.: X-S =     3.222322 mb/sr,                       & pols =-0. -0.08470
    13.00 deg.: X-S =     3.416235 mb/sr,                       & pols =-0. -0.07925
    14.00 deg.: X-S =     3.601400 mb/sr,                       & pols =-0. -0.07294
    15.00 deg.: X-S =     3.769149 mb/sr,                       & pols =-0. -0.06609
    16.00 deg.: X-S =     3.910224 mb/sr,                       & pols =-0. -0.05899
    17.00 deg.: X-S =     4.015449 mb/sr,                       & pols =-0. -0.05188
    18.00 deg.: X-S =     4.076503 mb/sr,                       & pols =-0. -0.04495
    19.00 deg.: X-S =     4.086683 mb/sr,                       & pols =-0. -0.03836
    20.00 deg.: X-S =     4.041577 mb/sr,                       & pols = 0. -0.03223
    21.00 deg.: X-S =     3.939548 mb/sr,                       & pols = 0. -0.02667
    22.00 deg.: X-S =     3.781975 mb/sr,                       & pols = 0. -0.02176
    23.00 deg.: X-S =     3.573245 mb/sr,                       & pols = 0. -0.01756
    24.00 deg.: X-S =     3.320480 mb/sr,                       & pols = 0. -0.01416
    25.00 deg.: X-S =     3.033063 mb/sr,                       & pols = 0. -0.01165
    26.00 deg.: X-S =     2.721996 mb/sr,                       & pols =-0. -0.01011
    27.00 deg.: X-S =     2.399163 mb/sr,                       & pols = 0. -0.00969
    28.00 deg.: X-S =     2.076561 mb/sr,                       & pols =-0. -0.01055
    29.00 deg.: X-S =     1.765555 mb/sr,                       & pols =-0. -0.01291
    30.00 deg.: X-S =     1.476204 mb/sr,                       & pols =-0. -0.01702
    31.00 deg.: X-S =     1.216713 mb/sr,                       & pols =-0. -0.02314
    32.00 deg.: X-S =     0.993047 mb/sr,                       & pols =-0. -0.03143
    33.00 deg.: X-S =     0.808712 mb/sr,                       & pols =-0. -0.04176
    34.00 deg.: X-S =     0.664742 mb/sr,                       & pols =-0. -0.05333
    35.00 deg.: X-S =     0.559857 mb/sr,                       & pols =-0. -0.06437
    36.00 deg.: X-S =     0.490783 mb/sr,                       & pols =-0. -0.07231
    37.00 deg.: X-S =     0.452694 mb/sr,                       & pols =-0. -0.07491
    38.00 deg.: X-S =     0.439719 mb/sr,                       & pols =-0. -0.07168
    39.00 deg.: X-S =     0.445468 mb/sr,                       & pols =-0. -0.06424
    40.00 deg.: X-S =     0.463530 mb/sr,                       & pols =-0. -0.05508
    41.00 deg.: X-S =     0.487900 mb/sr,                       & pols =-0. -0.04632
    42.00 deg.: X-S =     0.513303 mb/sr,                       & pols =-0. -0.03916
    43.00 deg.: X-S =     0.535426 mb/sr,                       & pols =-0. -0.03409
    44.00 deg.: X-S =     0.551039 mb/sr,                       & pols = 0. -0.03120
    45.00 deg.: X-S =     0.558022 mb/sr,                       & pols = 0. -0.03038
    46.00 deg.: X-S =     0.555318 mb/sr,                       & pols = 0. -0.03149
    47.00 deg.: X-S =     0.542830 mb/sr,                       & pols =-0. -0.03440
    48.00 deg.: X-S =     0.521267 mb/sr,                       & pols = 0. -0.03897
    49.00 deg.: X-S =     0.491971 mb/sr,                       & pols = 0. -0.04512
    50.00 deg.: X-S =     0.456720 mb/sr,                       & pols =-0. -0.05272
    51.00 deg.: X-S =     0.417536 mb/sr,                       & pols =-0. -0.06164
    52.00 deg.: X-S =     0.376496 mb/sr,                       & pols =-0. -0.07162
    53.00 deg.: X-S =     0.335571 mb/sr,                       & pols =-0. -0.08225
    54.00 deg.: X-S =     0.296487 mb/sr,                       & pols =-0. -0.09289
    55.00 deg.: X-S =     0.260628 mb/sr,                       & pols =-0. -0.10258
    56.00 deg.: X-S =     0.228983 mb/sr,                       & pols =-0. -0.11003
    57.00 deg.: X-S =     0.202124 mb/sr,                       & pols =-0. -0.11373
    58.00 deg.: X-S =     0.180235 mb/sr,                       & pols =-0. -0.11221
    59.00 deg.: X-S =     0.163158 mb/sr,                       & pols =-0. -0.10452
    60.00 deg.: X-S =     0.150459 mb/sr,                       & pols =-0. -0.09065
    61.00 deg.: X-S =     0.141513 mb/sr,                       & pols =-0. -0.07177
    62.00 deg.: X-S =     0.135577 mb/sr,                       & pols =-0. -0.04995
    63.00 deg.: X-S =     0.131862 mb/sr,                       & pols =-0. -0.02755
    64.00 deg.: X-S =     0.129599 mb/sr,                       & pols =-0. -0.00664
    65.00 deg.: X-S =     0.128084 mb/sr,                       & pols =-0.  0.01137
    66.00 deg.: X-S =     0.126715 mb/sr,                       & pols = 0.  0.02575
    67.00 deg.: X-S =     0.125018 mb/sr,                       & pols = 0.  0.03632
    68.00 deg.: X-S =     0.122656 mb/sr,                       & pols = 0.  0.04321
    69.00 deg.: X-S =     0.119430 mb/sr,                       & pols = 0.  0.04673
    70.00 deg.: X-S =     0.115274 mb/sr,                       & pols = 0.  0.04727
    71.00 deg.: X-S =     0.110235 mb/sr,                       & pols = 0.  0.04518
    72.00 deg.: X-S =     0.104458 mb/sr,                       & pols = 0.  0.04086
    73.00 deg.: X-S =     0.098152 mb/sr,                       & pols = 0.  0.03469
    74.00 deg.: X-S =     0.091568 mb/sr,                       & pols = 0.  0.02713
    75.00 deg.: X-S =     0.084971 mb/sr,                       & pols = 0.  0.01870
    76.00 deg.: X-S =     0.078613 mb/sr,                       & pols =-0.  0.01008
    77.00 deg.: X-S =     0.072719 mb/sr,                       & pols =-0.  0.00207
    78.00 deg.: X-S =     0.067466 mb/sr,                       & pols =-0. -0.00443
    79.00 deg.: X-S =     0.062977 mb/sr,                       & pols =-0. -0.00850
    80.00 deg.: X-S =     0.059322 mb/sr,                       & pols =-0. -0.00938
                                           Integrated    3.9013 mb, over [   0.000,  80.000] at    21.0000 MeV 
 Finished all xsecs @   0.167173997    

  The following files have been created:
   3:local copy of User input.            6:standard output.                   
  13:total cross sections/state.         16:tables of cross sections.          
  35:Astrophysics S-factors  / Ecm.      39:cross sections for each Ecm.       
  40:all cross sectns. for each Elab.    46:bs wave functions & ANC ratios.    
  56:Fusion for each Jtotal.             58:Single-particle wfns.              
  75:S-factors for lab energies.        201:Separate cross sections.           
 202:Separate cross sections.           

 PARAMETERS : MAXQRN   MFNL   MLOC  LMAX1 MCLIST
    ALLOWED :      5     81     17     48      6
    REQUIRED:      1      0     13     31      4


 ACCURACY ANALYSIS at    21.000 MeV :

  Elastic h*k = 0.016 so OK       compared with 0.200

   Real(S-el) > 0.01 first at J =       1.0
   Real(S-el) > 0.10 first at J =       5.0
   Real(S-el) > 0.50 first at J =       8.0
   Real(S-el) > 0.90 first at J =      10.0
   Real(S-el) > 0.99 first at J =      13.0
   R-turn =    19.10 fm    at J =      28.0

 Forward-angle excitation cut off below   9.117 deg by max JT =      28.0
                              and below   6.993 deg by max R.

 Total CPU  0 time =       0.17 seconds
