 FRESCO - FRES 3.4: Coupled Reaction Channels
 Assuming NAMELIST input.

 39K(3He,d)40Ca 21 MeV DWBA ZR 8851 keV Jpi=7- l=7 n=1 j=15/2                    

   0.010  23.000   0.100   0.100  10.000  -0.300   0.000   0.000   0.000   0.000

 Centre-of-mass Range is   2302 * 0.0100 fm., Maximum at  23.00 fm., Interpolating NL forms every  0.10 fm.
 Non - locality width is    101 * 0.1000 fm., Maximum of  10.00 fm., Centred at -0.20 fm.
 2-Nucleon Separation of      0 * 0.1000 fm., Maximum of   0.00 fm., Minimum at  0.00 fm.
 Maximum single particle bins of 23.0000 fm.
               M,Mint =         2301        2301


 Range of total J is     0.0 <= J <=    35.0 (at least     0.0) and Absorbtion =>    -1.0000 mb.
 Dry Run = F, CC set limits =  0  0, Relativistic kinematics =  , Both/Far/Near Analyses =  1                     

 Cross Sections (and up to T1 for 0=projectile) for Theta from   0.0 to  80.0 in steps of  1.0 degrees, DGAM=0,  Coordinates = 0 (Mads)

 Lower Radial Cutoff = maximum of -1.60*L*h &       0.0 fm.,  Lower Cutoff for Couplings =   0.0  fm.


 Iterate Couplings between   0 and   1 times, to  0.000 % if sooner.                                          
  Block solved exactly =   0 chs., with Pade = 0 & Isocen =  =0, NOSOL = F, initwf =  0
  NL quadrature with   36 Gaussian points, Calculate multipoles up to    41 from   0
  M-transfers for lp+lt greater than or equal to  6, Angular Integration Cutoff below  0.6944 %


 Trace switches are :  CHANS =  1, LISTCC =  0, TRENEG =  0, CDETR =  0, SMATS =  0, XSTABL =  1, NLPL =  0

                       WAVES =  0, LAMPL =  0, VEFF =  0, KFUS =  0, WDISK =  0, BPM =  0, MELFIL =  0

                       CDCC =  0, NFUS =  0

 Using unit mass = 1.000000 amu and 1/fine-structure constant = 137.03599 ( 1.000000 * true ) with hc = 197.32705 MeV.fm,
  thus 2*amu/hbar^2 = 0.0478450 = 1/20.9008 and Coulomb constant = 0.1574855 so e^2 = 1.43997, and nuclear magneton= 0.1261183

 Now pre-scan input and save to file 3

  WARNING: target longitudinal recoil NOT included in the ZR coupling #            1


 *********** PARTITION NUMBER  1 ******************************************************************************************

   PROJ=he3        MASS=  3.0150 Z=   2.0,        # STATES=    1T, TARG=k39      MASS= 38.9530 Z=  19.0,     Q-VALUE =   0.0000 MEV.

     1:  J= 0.5+ (B# 1), E=  0.0000, K= 0.5              Potl#  1       J= 1.5+ (B# 1), E=  0.0000, K= 0.5    


 *********** PARTITION NUMBER  2 ******************************************************************************************

   PROJ=h2         MASS=  2.0140 Z=   1.0,        # STATES=    1T, TARG=ca40     MASS= 39.9630 Z=  20.0,     Q-VALUE =   2.8347 MEV.

     1:  J= 1.0+ (B# 1), E=  0.0000, K= 0.0              Potl#  2       J= 7.0- (B#-1), E=  8.8506, K= 0.0    
0****** WARNING : COMPARED WITH PARTITION  1, THIS PARTITION HAS TOTAL MASS & CHARGE EXCESSES   0.01205 &   0.0000


 ************************************************************************************************************************************

 The following POTENTIALS are defined :

  KP#       TYPE      IT    SHAPE      at     V1        r1        a1        V2        r2        a2        A-in     A-used


                                            A#1       A#2        r0c       ac                                                h @ 1
    1    0=Coulomb       0=CHARGE (WS)  1    38.953     0.000    1.2890    0.0000    0.0000    0.0000     0.000    38.953   0.01000

    1    1=Volume        0=Woods-Saxon  2  117.8810    1.1780    0.7680   -0.6460    1.4150    0.8470     0.000    38.953

    1    2=Surface       0=Woods-Saxon  3    0.0000    0.0000    0.0000   20.6650    1.1980    0.8520     0.000    38.953

    1    3=Projtl S.O.   0=Woods-Saxon  4    2.0830    0.7380    0.9460   -1.1590    0.0000    0.0000     0.000    38.953
   --------------------------------------------------------------------------------------------------------------------

                                            A#1       A#2        r0c       ac                                                h @ 2
    2    0=Coulomb       0=CHARGE (WS)  5    39.963     0.000    1.3030    0.0000    0.0000    0.0000     0.000    39.963   0.01000

    2    1=Volume        0=Woods-Saxon  6   91.1200    1.1500    0.7620    2.2340    1.3340    0.5130     0.000    39.963

    2    2=Surface       0=Woods-Saxon  7    0.0000    0.0000    0.0000   10.2740    1.3780    0.7430     0.000    39.963

    2    3=Projtl S.O.   0=Woods-Saxon  8    3.5570    0.9720    1.0110    0.0000    0.0000    0.0000     0.000    39.963
   --------------------------------------------------------------------------------------------------------------------

                                            A#1       A#2        r0c       ac                                                h @ 0
    3    0=Coulomb       0=CHARGE (WS)  9     3.015     0.000    1.2500    0.0000    0.0000    0.0000     0.000     3.015   0.01000

    3    1=Volume        0=Woods-Saxon 10   50.0000    1.2500    0.6500    0.0000    0.0000    0.0000     0.000     3.015
   --------------------------------------------------------------------------------------------------------------------

                                            A#1       A#2        r0c       ac                                                h @ 0
    4    0=Coulomb       0=CHARGE (WS) 11    38.953     0.000    1.2500    0.0000    0.0000    0.0000     0.000    38.953   0.01000

    4    1=Volume        0=Woods-Saxon 12   50.0000    1.2500    0.6500    0.0000    0.0000    0.0000     0.000    38.953


 ************************************************************************************************************************************

 The following SINGLE-PARTICLE FORM FACTORS are constructed :


 No.   P1 P2 IN KIND T N  L  S1 IA J/S  IB BIND XFER  BE    SC PC FIL AFRAC Adjust  to  Z  Mass   K     Norm    rms      D0     D   ANC/Gsp

 For Channel #  1 with l = 0,  j =  0.5, around core state #  1

   R    Y(R)
   0.00   0.0000E+00,    0.10   5.8280E-02,    0.20   1.1591E-01,    0.30   1.7228E-01,    0.40   2.2679E-01,    0.50   2.7891E-01, 
   0.60   3.2812E-01,    0.70   3.7401E-01,    0.80   4.1621E-01,    0.90   4.5442E-01,    1.00   4.8842E-01,    1.10   5.1808E-01, 
   1.20   5.4332E-01,    1.30   5.6417E-01,    1.40   5.8070E-01,    1.50   5.9306E-01,    1.60   6.0146E-01,    1.70   6.0615E-01, 
   1.80   6.0741E-01,    1.90   6.0557E-01,    2.00   6.0094E-01,    2.10   5.9388E-01,    2.20   5.8471E-01,    2.30   5.7376E-01, 
   2.40   5.6133E-01,    2.50   5.4772E-01,    2.60   5.3317E-01,    2.70   5.1794E-01,    2.80   5.0221E-01,    2.90   4.8618E-01, 
   3.00   4.6999E-01,    3.10   4.5378E-01,    3.20   4.3767E-01,    3.30   4.2173E-01,    3.40   4.0605E-01,    3.50   3.9068E-01, 
   3.60   3.7566E-01,    3.70   3.6103E-01,    3.80   3.4682E-01,    3.90   3.3304E-01,    4.00   3.1970E-01,    4.10   3.0681E-01, 
   4.20   2.9437E-01,    4.30   2.8238E-01,    4.40   2.7083E-01,    4.50   2.5971E-01,    4.60   2.4902E-01,    4.70   2.3874E-01, 
   4.80   2.2887E-01,    4.90   2.1939E-01,    5.00   2.1029E-01,    5.10   2.0156E-01,    5.20   1.9318E-01,    5.30   1.8514E-01, 
   5.40   1.7743E-01,    5.50   1.7004E-01,    5.60   1.6296E-01,    5.70   1.5616E-01,    5.80   1.4965E-01,    5.90   1.4341E-01, 
   6.00   1.3743E-01,    6.10   1.3170E-01,    6.20   1.2620E-01,    6.30   1.2094E-01,    6.40   1.1589E-01,    6.50   1.1106E-01, 
   6.60   1.0643E-01,    6.70   1.0199E-01,    6.80   9.7738E-02,    6.90   9.3663E-02,    7.00   8.9758E-02,    7.10   8.6017E-02, 
   7.20   8.2432E-02,    7.30   7.8996E-02,    7.40   7.5705E-02,    7.50   7.2551E-02,    7.60   6.9529E-02,    7.70   6.6633E-02, 
   7.80   6.3858E-02,    7.90   6.1199E-02,    8.00   5.8651E-02,    8.10   5.6210E-02,    8.20   5.3870E-02,    8.30   5.1628E-02, 
   8.40   4.9480E-02,    8.50   4.7422E-02,    8.60   4.5449E-02,    8.70   4.3559E-02,    8.80   4.1747E-02,    8.90   4.0011E-02, 
   9.00   3.8348E-02,    9.10   3.6753E-02,    9.20   3.5226E-02,    9.30   3.3762E-02,    9.40   3.2358E-02,    9.50   3.1014E-02, 
   9.60   2.9725E-02,    9.70   2.8490E-02,    9.80   2.7307E-02,    9.90   2.6173E-02,   10.00   2.5086E-02,   10.10   2.4044E-02, 
  10.20   2.3046E-02,   10.30   2.2089E-02,   10.40   2.1172E-02,   10.50   2.0293E-02,   10.60   1.9451E-02,   10.70   1.8644E-02, 
  10.80   1.7870E-02,   10.90   1.7128E-02,   11.00   1.6418E-02,   11.10   1.5737E-02,   11.20   1.5084E-02,   11.30   1.4458E-02, 
  11.40   1.3858E-02,   11.50   1.3284E-02,   11.60   1.2733E-02,   11.70   1.2205E-02,   11.80   1.1699E-02,   11.90   1.1214E-02, 
  12.00   1.0749E-02,   12.10   1.0303E-02,   12.20   9.8761E-03,   12.30   9.4667E-03,   12.40   9.0744E-03,   12.50   8.6983E-03, 
  12.60   8.3378E-03,   12.70   7.9923E-03,   12.80   7.6612E-03,   12.90   7.3438E-03,   13.00   7.0395E-03,   13.10   6.7479E-03, 
  13.20   6.4684E-03,   13.30   6.2004E-03,   13.40   5.9436E-03,   13.50   5.6975E-03,   13.60   5.4615E-03,   13.70   5.2353E-03, 
  13.80   5.0185E-03,   13.90   4.8107E-03,   14.00   4.6116E-03,   14.10   4.4206E-03,   14.20   4.2376E-03,   14.30   4.0622E-03, 
  14.40   3.8940E-03,   14.50   3.7329E-03,   14.60   3.5783E-03,   14.70   3.4302E-03,   14.80   3.2883E-03,   14.90   3.1522E-03, 
  15.00   3.0217E-03,   15.10   2.8967E-03,   15.20   2.7768E-03,   15.30   2.6619E-03,   15.40   2.5518E-03,   15.50   2.4462E-03, 
  15.60   2.3450E-03,   15.70   2.2480E-03,   15.80   2.1550E-03,   15.90   2.0659E-03,   16.00   1.9804E-03,   16.10   1.8985E-03, 
  16.20   1.8200E-03,   16.30   1.7447E-03,   16.40   1.6726E-03,   16.50   1.6034E-03,   16.60   1.5371E-03,   16.70   1.4735E-03, 
  16.80   1.4126E-03,   16.90   1.3542E-03,   17.00   1.2982E-03,   17.10   1.2445E-03,   17.20   1.1931E-03,   17.30   1.1438E-03, 
  17.40   1.0965E-03,   17.50   1.0511E-03,   17.60   1.0077E-03,   17.70   9.6604E-04,   17.80   9.2611E-04,   17.90   8.8783E-04, 
  18.00   8.5114E-04,   18.10   8.1596E-04,   18.20   7.8224E-04,   18.30   7.4991E-04,   18.40   7.1892E-04,   18.50   6.8921E-04, 
  18.60   6.6073E-04,   18.70   6.3343E-04,   18.80   6.0725E-04,   18.90   5.8216E-04,   19.00   5.5811E-04,   19.10   5.3505E-04, 
  19.20   5.1295E-04,   19.30   4.9175E-04,   19.40   4.7144E-04,   19.50   4.5196E-04,   19.60   4.3329E-04,   19.70   4.1539E-04, 
  19.80   3.9823E-04,   19.90   3.8179E-04,   20.00   3.6602E-04,   20.10   3.5090E-04,   20.20   3.3640E-04,   20.30   3.2251E-04, 
  20.40   3.0919E-04,   20.50   2.9642E-04,   20.60   2.8418E-04,   20.70   2.7244E-04,   20.80   2.6119E-04,   20.90   2.5041E-04, 
  21.00   2.4007E-04,   21.10   2.3015E-04,   21.20   2.2065E-04,   21.30   2.1154E-04,   21.40   2.0281E-04,   21.50   1.9443E-04, 
  21.60   1.8640E-04,   21.70   1.7871E-04,   21.80   1.7133E-04,   21.90   1.6426E-04,   22.00   1.5748E-04,   22.10   1.5098E-04, 
  22.20   1.4474E-04,   22.30   1.3877E-04,   22.40   1.3304E-04,   22.50   1.2755E-04,   22.60   1.2228E-04,   22.70   1.1724E-04, 
  22.80   1.1240E-04,   22.90   1.0776E-04,   23.00   1.0331E-04, 

 No.   P1 P2 IN KIND T N  L  S1 IA J/S  IB BIND XFER  BE    SC PC FIL AFRAC Adjust  to  Z  Mass   K     Norm    rms      D0     D   ANC/Gsp

    At R=   22.990, ANC in ch  1 is    1.8773    ,   eta,eta*ln(2*rho)+rho =   0.54944E-01    9.8005    

    1:  2  1  1  0     1  0 0.5  1 0.5   0   3   0   5.4935  1  1  0 0.0000 VR  0.8879; 1. 1.001 0.4192 1.0000  2.820 -166.8 -176.8  1.8773

 For Channel #  1 with l = 7,  j =  7.5, around core state #  1

   R    Y(R)
   0.00   0.0000E+00,    0.10   7.4083E-12,    0.20   1.8831E-09,    0.30   4.7719E-08,    0.40   4.6919E-07,    0.50   2.7403E-06, 
   0.60   1.1493E-05,    0.70   3.8299E-05,    0.80   1.0772E-04,    0.90   2.6586E-04,    1.00   5.9127E-04,    1.10   1.2076E-03, 
   1.20   2.2968E-03,    1.30   4.1113E-03,    1.40   6.9829E-03,    1.50   1.1327E-02,    1.60   1.7639E-02,    1.70   2.6481E-02, 
   1.80   3.8462E-02,    1.90   5.4200E-02,    2.00   7.4285E-02,    2.10   9.9225E-02,    2.20   1.2940E-01,    2.30   1.6498E-01, 
   2.40   2.0594E-01,    2.50   2.5193E-01,    2.60   3.0235E-01,    2.70   3.5627E-01,    2.80   4.1248E-01,    2.90   4.6956E-01, 
   3.00   5.2588E-01,    3.10   5.7974E-01,    3.20   6.2945E-01,    3.30   6.7341E-01,    3.40   7.1024E-01,    3.50   7.3883E-01, 
   3.60   7.5841E-01,    3.70   7.6863E-01,    3.80   7.6950E-01,    3.90   7.6143E-01,    4.00   7.4513E-01,    4.10   7.2159E-01, 
   4.20   6.9196E-01,    4.30   6.5752E-01,    4.40   6.1954E-01,    4.50   5.7926E-01,    4.60   5.3780E-01,    4.70   4.9617E-01, 
   4.80   4.5520E-01,    4.90   4.1555E-01,    5.00   3.7772E-01,    5.10   3.4207E-01,    5.20   3.0881E-01,    5.30   2.7806E-01, 
   5.40   2.4984E-01,    5.50   2.2410E-01,    5.60   2.0075E-01,    5.70   1.7966E-01,    5.80   1.6069E-01,    5.90   1.4366E-01, 
   6.00   1.2842E-01,    6.10   1.1480E-01,    6.20   1.0265E-01,    6.30   9.1825E-02,    6.40   8.2182E-02,    6.50   7.3599E-02, 
   6.60   6.5959E-02,    6.70   5.9159E-02,    6.80   5.3106E-02,    6.90   4.7715E-02,    7.00   4.2911E-02,    7.10   3.8629E-02, 
   7.20   3.4808E-02,    7.30   3.1398E-02,    7.40   2.8350E-02,    7.50   2.5624E-02,    7.60   2.3184E-02,    7.70   2.0998E-02, 
   7.80   1.9037E-02,    7.90   1.7277E-02,    8.00   1.5696E-02,    8.10   1.4273E-02,    8.20   1.2992E-02,    8.30   1.1837E-02, 
   8.40   1.0796E-02,    8.50   9.8548E-03,    8.60   9.0042E-03,    8.70   8.2346E-03,    8.80   7.5374E-03,    8.90   6.9053E-03, 
   9.00   6.3317E-03,    9.10   5.8106E-03,    9.20   5.3368E-03,    9.30   4.9057E-03,    9.40   4.5130E-03,    9.50   4.1549E-03, 
   9.60   3.8282E-03,    9.70   3.5299E-03,    9.80   3.2572E-03,    9.90   3.0078E-03,   10.00   2.7795E-03,   10.10   2.5703E-03, 
  10.20   2.3784E-03,   10.30   2.2024E-03,   10.40   2.0407E-03,   10.50   1.8922E-03,   10.60   1.7555E-03,   10.70   1.6298E-03, 
  10.80   1.5140E-03,   10.90   1.4073E-03,   11.00   1.3088E-03,   11.10   1.2180E-03,   11.20   1.1341E-03,   11.30   1.0566E-03, 
  11.40   9.8492E-04,   11.50   9.1861E-04,   11.60   8.5722E-04,   11.70   8.0035E-04,   11.80   7.4764E-04,   11.90   6.9876E-04, 
  12.00   6.5340E-04,   12.10   6.1128E-04,   12.20   5.7215E-04,   12.30   5.3578E-04,   12.40   5.0196E-04,   12.50   4.7049E-04, 
  12.60   4.4119E-04,   12.70   4.1391E-04,   12.80   3.8848E-04,   12.90   3.6476E-04,   13.00   3.4265E-04,   13.10   3.2200E-04, 
  13.20   3.0273E-04,   13.30   2.8473E-04,   13.40   2.6790E-04,   13.50   2.5217E-04,   13.60   2.3745E-04,   13.70   2.2368E-04, 
  13.80   2.1079E-04,   13.90   1.9871E-04,   14.00   1.8739E-04,   14.10   1.7679E-04,   14.20   1.6684E-04,   14.30   1.5751E-04, 
  14.40   1.4875E-04,   14.50   1.4052E-04,   14.60   1.3280E-04,   14.70   1.2554E-04,   14.80   1.1872E-04,   14.90   1.1231E-04, 
  15.00   1.0627E-04,   15.10   1.0059E-04,   15.20   9.5247E-05,   15.30   9.0214E-05,   15.40   8.5472E-05,   15.50   8.1004E-05, 
  15.60   7.6792E-05,   15.70   7.2821E-05,   15.80   6.9074E-05,   15.90   6.5539E-05,   16.00   6.2203E-05,   16.10   5.9053E-05, 
  16.20   5.6078E-05,   16.30   5.3267E-05,   16.40   5.0610E-05,   16.50   4.8099E-05,   16.60   4.5724E-05,   16.70   4.3478E-05, 
  16.80   4.1353E-05,   16.90   3.9342E-05,   17.00   3.7437E-05,   17.10   3.5634E-05,   17.20   3.3926E-05,   17.30   3.2308E-05, 
  17.40   3.0774E-05,   17.50   2.9320E-05,   17.60   2.7941E-05,   17.70   2.6633E-05,   17.80   2.5392E-05,   17.90   2.4214E-05, 
  18.00   2.3097E-05,   18.10   2.2035E-05,   18.20   2.1028E-05,   18.30   2.0070E-05,   18.40   1.9160E-05,   18.50   1.8296E-05, 
  18.60   1.7474E-05,   18.70   1.6692E-05,   18.80   1.5949E-05,   18.90   1.5242E-05,   19.00   1.4569E-05,   19.10   1.3929E-05, 
  19.20   1.3320E-05,   19.30   1.2740E-05,   19.40   1.2187E-05,   19.50   1.1661E-05,   19.60   1.1159E-05,   19.70   1.0682E-05, 
  19.80   1.0226E-05,   19.90   9.7921E-06,   20.00   9.3782E-06,   20.10   8.9835E-06,   20.20   8.6070E-06,   20.30   8.2478E-06, 
  20.40   7.9050E-06,   20.50   7.5779E-06,   20.60   7.2657E-06,   20.70   6.9676E-06,   20.80   6.6829E-06,   20.90   6.4111E-06, 
  21.00   6.1514E-06,   21.10   5.9033E-06,   21.20   5.6663E-06,   21.30   5.4397E-06,   21.40   5.2232E-06,   21.50   5.0162E-06, 
  21.60   4.8183E-06,   21.70   4.6291E-06,   21.80   4.4481E-06,   21.90   4.2750E-06,   22.00   4.1094E-06,   22.10   3.9509E-06, 
  22.20   3.7993E-06,   22.30   3.6543E-06,   22.40   3.5154E-06,   22.50   3.3825E-06,   22.60   3.2553E-06,   22.70   3.1335E-06, 
  22.80   3.0169E-06,   22.90   2.9053E-06,   23.00   2.7984E-06, 

 No.   P1 P2 IN KIND T N  L  S1 IA J/S  IB BIND XFER  BE    SC PC FIL AFRAC Adjust  to  Z  Mass   K     Norm    rms      D0     D   ANC/Gsp

    At R=   22.990, ANC in ch  2 is      Infinity,   eta,eta*ln(2*rho)+rho =    93.885       -108.13    

    2:  1  2  2  0     1  7 0.5  1 7.5   0   4   0   0.0010  1  1  0 0.0000 VR  3.4491; 1. 1.010 0.0069 1.0000  3.958   -0.0   -0.0  Infinity

 ************************************************************************************************************************************

 TWO-way COUPLING # 1 for partitions  2 <-  1 of KIND  5,   0  0  0 -1 -1 & P1,P2 = -172.8000   0.0000 : for J <=    35.5 & R <  23.0 fm.


 data =  1  1  1  1  1.0000,  so  < [he3      #  1] / [h2       #  1]  * Eigen-form #  1>  =   1.0000            BE =  5.494     1

 data =  2  1  1  2  1.0000,  so  < [ca40     #  1] / [k39      #  1]  * Eigen-form #  2>  =   1.0000            BE =  0.001     2
 KNT =   2, KNP =   1: NK,NG,loc=   1   1   1  13  T  T  F

     So ZERO-RANGE TRANSFER, with D0 =  -172.800 and finite-range effective radius   0.0000 fm.

   2  1  1 13     6.017  -172.800  -172.800     1.001     0.669     0.000     0.010

 Incoming partition  1 in excitation state # 1,   Laboratory Energy given for partition  1 Nucleus 1 in Excitation pair 1

0Lab. ENERGY ranges :

   from    21.0000     to   21.0000     in     0 intervals
   from    21.0000     to   0.00000     in     0 intervals
   from    0.00000     to   0.00000     in     0 intervals

 Largest real,imaginary parts of any form factor at R=   22.90 are   6.29E-02  2.06E-08 MeV
 Finished all Couplings @    1.77366495              13

 Symmetric Hamiltonian
1***********************************************************************************************************************************
************************************************************************************************************************************

        INCOMING he3      ;    LABORATORY he3      ENERGY =   21.000     MeV.

 ***********************************************************************************************************************************
 ***********************************************************************************************************************************

 Allocate arrays for            2  channels, of which            2  need wfs.

 Total SPIN, PARITY =     0.0 +,      2 chs,      0 cc.  Rmin & Coul turning =    0.0    2.8


    C Projectl Target   #   EX.   (L  Proj) J  + Targ = Jtotal     E-cm      Re K     Re Eta     RM*K            CH
    1 he3      k39      #    1: I   2 0.5    1.5  1.5     0.0    19.49135   1.61545   2.26756   37.1554  -0.51683  -0.01868 1 1 1   1
    2 h2       ca40     #    1:     7 1.0    7.0  7.0     0.0    13.47545   1.11184   1.18810   25.5724  -0.40891   0.32950 2 1 2   1
 Allocate arrays for            3  channels, of which            3  need wfs.
 Allocate arrays for            8  channels, of which            8  need wfs.
 Allocate arrays for           11  channels, of which           11  need wfs.
 Allocate arrays for           12  channels, of which           12  need wfs.
 Allocate arrays for           15  channels, of which           15  need wfs.
 Allocate arrays for           17  channels, of which           17  need wfs.
 Allocate arrays for           18  channels, of which           18  need wfs.
 Allocate arrays for           21  channels, of which           21  need wfs.
 Allocate arrays for           23  channels, of which           23  need wfs.
 Allocate arrays for           24  channels, of which           24  need wfs.
 Allocate arrays for           26  channels, of which           26  need wfs.
 Allocate arrays for           27  channels, of which           27  need wfs.
0****** WARNING : ACCURACY LOSS IN ERWIN = 14.5 DIGITS, SO EXPECT ERRORS OF   0.0012 % OF UNITARITY

0****** WARNING : ACCURACY LOSS IN ERWIN = 14.3 DIGITS, SO EXPECT ERRORS OF   0.0010 % OF UNITARITY

0****** WARNING : ACCURACY LOSS IN ERWIN = 14.2 DIGITS, SO EXPECT ERRORS OF   0.0004 % OF UNITARITY

0****** WARNING : ACCURACY LOSS IN ERWIN = 14.1 DIGITS, SO EXPECT ERRORS OF   0.0010 % OF UNITARITY

0****** WARNING : ACCURACY LOSS IN ERWIN = 14.6 DIGITS, SO EXPECT ERRORS OF   0.0001 % OF UNITARITY

0****** WARNING : ACCURACY LOSS IN ERWIN = 14.1 DIGITS, SO EXPECT ERRORS OF   0.0002 % OF UNITARITY

0****** WARNING : ACCURACY LOSS IN ERWIN = 14.1 DIGITS, SO EXPECT ERRORS OF   0.0000 % OF UNITARITY

0****** WARNING : ACCURACY LOSS IN ERWIN = 14.2 DIGITS, SO EXPECT ERRORS OF   0.0001 % OF UNITARITY

0****** WARNING : ACCURACY LOSS IN ERWIN = 14.2 DIGITS, SO EXPECT ERRORS OF   0.0003 % OF UNITARITY

0****** WARNING : ACCURACY LOSS IN ERWIN = 14.1 DIGITS, SO EXPECT ERRORS OF   0.0002 % OF UNITARITY

0****** WARNING : ACCURACY LOSS IN ERWIN = 14.3 DIGITS, SO EXPECT ERRORS OF   0.0000 % OF UNITARITY

0****** WARNING : ACCURACY LOSS IN ERWIN = 15.0 DIGITS, SO EXPECT ERRORS OF   0.0001 % OF UNITARITY

0****** WARNING : ACCURACY LOSS IN ERWIN = 14.2 DIGITS, SO EXPECT ERRORS OF   0.0000 % OF UNITARITY

0****** WARNING : ACCURACY LOSS IN ERWIN = 14.5 DIGITS, SO EXPECT ERRORS OF   0.0001 % OF UNITARITY

0****** WARNING : ACCURACY LOSS IN ERWIN = 14.4 DIGITS, SO EXPECT ERRORS OF   0.0000 % OF UNITARITY

0****** WARNING : ACCURACY LOSS IN ERWIN = 14.2 DIGITS, SO EXPECT ERRORS OF   0.0000 % OF UNITARITY

0****** WARNING : ACCURACY LOSS IN ERWIN = 14.3 DIGITS, SO EXPECT ERRORS OF   0.0001 % OF UNITARITY

0****** WARNING : ACCURACY LOSS IN ERWIN = 14.2 DIGITS, SO EXPECT ERRORS OF   0.0000 % OF UNITARITY

0****** WARNING : ACCURACY LOSS IN ERWIN = 14.8 DIGITS, SO EXPECT ERRORS OF   0.0000 % OF UNITARITY

0****** WARNING : ACCURACY LOSS IN ERWIN = 14.3 DIGITS, SO EXPECT ERRORS OF   0.0000 % OF UNITARITY

0****** WARNING : ACCURACY LOSS IN ERWIN = 14.6 DIGITS, SO EXPECT ERRORS OF   0.0000 % OF UNITARITY

0****** WARNING : ACCURACY LOSS IN ERWIN = 14.3 DIGITS, SO EXPECT ERRORS OF   0.0000 % OF UNITARITY

0****** WARNING : ACCURACY LOSS IN ERWIN = 14.8 DIGITS, SO EXPECT ERRORS OF   0.0000 % OF UNITARITY

0****** WARNING : ACCURACY LOSS IN ERWIN = 14.2 DIGITS, SO EXPECT ERRORS OF   0.0000 % OF UNITARITY

0****** WARNING : ACCURACY LOSS IN ERWIN = 14.2 DIGITS, SO EXPECT ERRORS OF   0.0000 % OF UNITARITY

0****** WARNING : ACCURACY LOSS IN ERWIN = 14.5 DIGITS, SO EXPECT ERRORS OF   0.0000 % OF UNITARITY

0****** WARNING : ACCURACY LOSS IN ERWIN = 14.8 DIGITS, SO EXPECT ERRORS OF   0.0000 % OF UNITARITY

0****** WARNING : ACCURACY LOSS IN ERWIN = 14.2 DIGITS, SO EXPECT ERRORS OF   0.0000 % OF UNITARITY

0****** WARNING : ACCURACY LOSS IN ERWIN = 14.1 DIGITS, SO EXPECT ERRORS OF   0.0000 % OF UNITARITY

0****** WARNING : ACCURACY LOSS IN ERWIN = 14.4 DIGITS, SO EXPECT ERRORS OF   0.0000 % OF UNITARITY

0****** WARNING : ACCURACY LOSS IN ERWIN = 14.2 DIGITS, SO EXPECT ERRORS OF   0.0000 % OF UNITARITY

0****** WARNING : ACCURACY LOSS IN ERWIN = 14.4 DIGITS, SO EXPECT ERRORS OF   0.0000 % OF UNITARITY

0****** WARNING : ACCURACY LOSS IN ERWIN = 14.6 DIGITS, SO EXPECT ERRORS OF   0.0000 % OF UNITARITY

0****** WARNING : ACCURACY LOSS IN ERWIN = 14.3 DIGITS, SO EXPECT ERRORS OF   0.0000 % OF UNITARITY

0****** WARNING : ACCURACY LOSS IN ERWIN = 14.9 DIGITS, SO EXPECT ERRORS OF   0.0000 % OF UNITARITY

0****** WARNING : ACCURACY LOSS IN ERWIN = 14.2 DIGITS, SO EXPECT ERRORS OF   0.0000 % OF UNITARITY

0****** WARNING : ACCURACY LOSS IN ERWIN = 14.4 DIGITS, SO EXPECT ERRORS OF   0.0000 % OF UNITARITY

0****** WARNING : ACCURACY LOSS IN ERWIN = 14.4 DIGITS, SO EXPECT ERRORS OF   0.0000 % OF UNITARITY

0****** WARNING : ACCURACY LOSS IN ERWIN = 14.4 DIGITS, SO EXPECT ERRORS OF   0.0000 % OF UNITARITY

 Reaction Xsec    32.0+/30 @ 1 =   0.056/, Out:   0.000#   0.000#   0.000f
 Reaction Xsec    32.0+/32 @ 2 =   0.013/, Out:   0.000#   0.000#   0.000f
 Reaction Xsec    32.0+/32 @ 3 =   0.013/, Out:   0.000#   0.000#   0.000f
 Reaction Xsec    32.0+/34 @ 4 =   2.597#, Out:   0.000#   0.000#   0.000f
 Reaction Xsec    32.0-/31 @ 1 =   0.028/, Out:   0.000#   0.000#   0.000f
 Reaction Xsec    32.0-/31 @ 2 =   0.027/, Out:   0.000#   0.000#   0.000f
 Reaction Xsec    32.0-/33 @ 3 =   6.016#, Out:   0.000#   0.000#   0.000f
 Reaction Xsec    32.0-/33 @ 4 =   5.839#, Out:   0.000#   0.000#   0.000f
 Reaction Xsec    33.0+/32 @ 1 =   0.014/, Out:   0.000#   0.000#   0.000f
0****** WARNING : ACCURACY LOSS IN ERWIN = 14.2 DIGITS, SO EXPECT ERRORS OF   0.0000 % OF UNITARITY

 Reaction Xsec    33.0+/32 @ 2 =   0.013/, Out:   0.000#   0.000#   0.000f
 Reaction Xsec    33.0+/34 @ 3 =   2.677#, Out:   0.000#   0.000#   0.000f
 Reaction Xsec    33.0+/34 @ 4 =   2.593#, Out:   0.000#   0.000#   0.000f
0****** WARNING : ACCURACY LOSS IN ERWIN = 14.8 DIGITS, SO EXPECT ERRORS OF   0.0000 % OF UNITARITY

 Reaction Xsec    33.0-/31 @ 1 =   0.028/, Out:   0.000#   0.000#   0.000f
 Reaction Xsec    33.0-/33 @ 2 =   6.201#, Out:   0.000#   0.000#   0.000f
 Reaction Xsec    33.0-/33 @ 3 =   6.018#, Out:   0.000#   0.000#   0.000f
 Reaction Xsec    33.0-/35 @ 4 =   1.087#, Out:   0.000#   0.000#   0.000f
 Reaction Xsec    34.0+/32 @ 1 =   0.014/, Out:   0.000#   0.000#   0.000f
 Reaction Xsec    34.0+/34 @ 2 =   2.757#, Out:   0.000#   0.000#   0.000f
 Reaction Xsec    34.0+/34 @ 3 =   2.671#, Out:   0.000#   0.000#   0.000f
 Reaction Xsec    34.0+/36 @ 4 =   0.426#, Out:   0.000#   0.000#   0.000f
 Reaction Xsec    34.0-/33 @ 1 =   6.386#, Out:   0.000#   0.000#   0.000f
 Reaction Xsec    34.0-/33 @ 2 =   6.198#, Out:   0.000#   0.000#   0.000f
 Reaction Xsec    34.0-/35 @ 3 =   1.120#, Out:   0.000#   0.000#   0.000f
 Reaction Xsec    34.0-/35 @ 4 =   1.083#, Out:   0.000#   0.000#   0.000f
 Reaction Xsec    35.0+/34 @ 1 =   2.837#, Out:   0.000#   0.000#   0.000f
 Reaction Xsec    35.0+/34 @ 2 =   2.748#, Out:   0.000#   0.000#   0.000f
 Reaction Xsec    35.0+/36 @ 3 =   0.438#, Out:   0.000#   0.000#   0.000f
 Reaction Xsec    35.0+/36 @ 4 =   0.423#, Out:   0.000#   0.000#   0.000f
 Reaction Xsec    35.0-/33 @ 1 =   6.377#, Out:   0.000#   0.000#   0.000f
 Reaction Xsec    35.0-/35 @ 2 =   1.152#, Out:   0.000#   0.000#   0.000f
 Reaction Xsec    35.0-/35 @ 3 =   1.114#, Out:   0.000#   0.000#   0.000f
 Reaction Xsec    35.0-/37 @ 4 =   0.156#, Out:   0.000#   0.000#   0.000f
 Finished all CC sets @    2.30067515    
0CUMULATIVE REACTION cross section                 = 1423.29144  <L> =     7.34  <L**2> =     63.8
0CUMULATIVE outgoing cross sections in partition 1 :    0.00000
0CUMULATIVE outgoing cross sections in partition 2 :    0.78743
0Cumulative ABSORBTION by Imaginary Potentials     = 1422.50400  <L> =     7.34  <L**2> =     63.8
   Fusion for specific he3      M-states : 1428.526625 1428.526625
0CUMULATIVE OUTGOING cross section                 =    0.78743
 To convert to S-factors (MeV.mb = keV.b),  multiply by  3.0022E+07


 CROSS SECTIONS FOR OUTGOING he3      & k39      in state #   1 with spins & parities 0.5  + &  1.5  +;  0

     0.01 deg.: X-S =   8.4933E+16 mb/sr,                       & pols = 0. -0.00000
+                                         /R =   1.0000E+00
     1.00 deg.: X-S =   8.4909E+08 mb/sr,                       & pols = 0.  0.00000
+                                         /R =   9.9967E-01
     2.00 deg.: X-S =   5.3169E+07 mb/sr,                       & pols = 0. -0.00001
+                                         /R =   1.0014E+00
     3.00 deg.: X-S =   1.0282E+07 mb/sr,                       & pols = 0.  0.00002
+                                         /R =   9.8014E-01
     4.00 deg.: X-S =   3.2994E+06 mb/sr,                       & pols = 0.  0.00011
+                                         /R =   9.9366E-01
     5.00 deg.: X-S =   1.4097E+06 mb/sr,                       & pols = 0.  0.00006
+                                         /R =   1.0360E+00
     6.00 deg.: X-S =   7.0157E+05 mb/sr,                       & pols =-0. -0.00016
+                                         /R =   1.0686E+00
     7.00 deg.: X-S =   3.7943E+05 mb/sr,                       & pols = 0. -0.00046
+                                         /R =   1.0700E+00
     8.00 deg.: X-S =   2.1688E+05 mb/sr,                       & pols = 0. -0.00069
+                                         /R =   1.0426E+00
     9.00 deg.: X-S =   1.3008E+05 mb/sr,                       & pols =-0. -0.00074
+                                         /R =   1.0007E+00
    10.00 deg.: X-S =   8.1861E+04 mb/sr,                       & pols =-0. -0.00053
+                                         /R =   9.5895E-01
    11.00 deg.: X-S =   5.4042E+04 mb/sr,                       & pols =-0. -0.00006
+                                         /R =   9.2588E-01
    12.00 deg.: X-S =   3.7257E+04 mb/sr,                       & pols =-0.  0.00056
+                                         /R =   9.0298E-01
    13.00 deg.: X-S =   2.6590E+04 mb/sr,                       & pols =-0.  0.00119
+                                         /R =   8.8652E-01
    14.00 deg.: X-S =   1.9435E+04 mb/sr,                       & pols = 0.  0.00172
+                                         /R =   8.7037E-01
    15.00 deg.: X-S =   1.4401E+04 mb/sr,                       & pols =-0.  0.00208
+                                         /R =   8.4861E-01
    16.00 deg.: X-S =   1.0731E+04 mb/sr,                       & pols =-0.  0.00223
+                                         /R =   8.1731E-01
    17.00 deg.: X-S =  7999.908011 mb/sr,                       & pols = 0.  0.00221
+                                         /R =   7.7522E-01
    18.00 deg.: X-S =  5953.124962 mb/sr,                       & pols =-0.  0.00203
+                                         /R =   7.2378E-01
    19.00 deg.: X-S =  4423.478900 mb/sr,                       & pols =-0.  0.00175
+                                         /R =   6.6640E-01
    20.00 deg.: X-S =  3291.270532 mb/sr,                       & pols =-0.  0.00141
+                                         /R =   6.0754E-01
    21.00 deg.: X-S =  2464.346141 mb/sr,                       & pols =-0.  0.00111
+                                         /R =   5.5178E-01
    22.00 deg.: X-S =  1868.932594 mb/sr,                       & pols =-0.  0.00091
+                                         /R =   5.0295E-01
    23.00 deg.: X-S =  1445.373449 mb/sr,                       & pols =-0.  0.00089
+                                         /R =   4.6359E-01
    24.00 deg.: X-S =  1145.926107 mb/sr,                       & pols =-0.  0.00109
+                                         /R =   4.3472E-01
    25.00 deg.: X-S =   933.275852 mb/sr,                       & pols =-0.  0.00147
+                                         /R =   4.1581E-01
    26.00 deg.: X-S =   779.202406 mb/sr,                       & pols =-0.  0.00198
+                                         /R =   4.0507E-01
    27.00 deg.: X-S =   663.220657 mb/sr,                       & pols =-0.  0.00251
+                                         /R =   3.9988E-01
    28.00 deg.: X-S =   571.191262 mb/sr,                       & pols =-0.  0.00300
+                                         /R =   3.9721E-01
    29.00 deg.: X-S =   493.960476 mb/sr,                       & pols =-0.  0.00340
+                                         /R =   3.9412E-01
    30.00 deg.: X-S =   426.098100 mb/sr,                       & pols = 0.  0.00370
+                                         /R =   3.8817E-01
    31.00 deg.: X-S =   364.788302 mb/sr,                       & pols = 0.  0.00392
+                                         /R =   3.7772E-01
    32.00 deg.: X-S =   308.906281 mb/sr,                       & pols = 0.  0.00412
+                                         /R =   3.6200E-01
    33.00 deg.: X-S =   258.292226 mb/sr,                       & pols = 0.  0.00436
+                                         /R =   3.4120E-01
    34.00 deg.: X-S =   213.216265 mb/sr,                       & pols = 0.  0.00473
+                                         /R =   3.1630E-01
    35.00 deg.: X-S =   174.015399 mb/sr,                       & pols = 0.  0.00531
+                                         /R =   2.8886E-01
    36.00 deg.: X-S =   140.875502 mb/sr,                       & pols = 0.  0.00624
+                                         /R =   2.6079E-01
    37.00 deg.: X-S =   113.727972 mb/sr,                       & pols = 0.  0.00762
+                                         /R =   2.3405E-01
    38.00 deg.: X-S =    92.230433 mb/sr,                       & pols = 0.  0.00951
+                                         /R =   2.1037E-01
    39.00 deg.: X-S =    75.803241 mb/sr,                       & pols = 0.  0.01186
+                                         /R =   1.9107E-01
    40.00 deg.: X-S =    63.697533 mb/sr,                       & pols =-0.  0.01443
+                                         /R =   1.7695E-01
    41.00 deg.: X-S =    55.075343 mb/sr,                       & pols =-0.  0.01686
+                                         /R =   1.6819E-01
    42.00 deg.: X-S =    49.087447 mb/sr,                       & pols =-0.  0.01869
+                                         /R =   1.6437E-01
    43.00 deg.: X-S =    44.939367 mb/sr,                       & pols =-0.  0.01962
+                                         /R =   1.6461E-01
    44.00 deg.: X-S =    41.940281 mb/sr,                       & pols = 0.  0.01954
+                                         /R =   1.6767E-01
    45.00 deg.: X-S =    39.533060 mb/sr,                       & pols = 0.  0.01852
+                                         /R =   1.7213E-01
    46.00 deg.: X-S =    37.306283 mb/sr,                       & pols = 0.  0.01674
+                                         /R =   1.7653E-01
    47.00 deg.: X-S =    34.990892 mb/sr,                       & pols = 0.  0.01436
+                                         /R =   1.7959E-01
    48.00 deg.: X-S =    32.445124 mb/sr,                       & pols = 0.  0.01151
+                                         /R =   1.8027E-01
    49.00 deg.: X-S =    29.631730 mb/sr,                       & pols = 0.  0.00826
+                                         /R =   1.7791E-01
    50.00 deg.: X-S =    26.591339 mb/sr,                       & pols = 0.  0.00467
+                                         /R =   1.7221E-01
    51.00 deg.: X-S =    23.415292 mb/sr,                       & pols = 0.  0.00075
+                                         /R =   1.6329E-01
    52.00 deg.: X-S =    20.220577 mb/sr,                       & pols = 0. -0.00349
+                                         /R =   1.5160E-01
    53.00 deg.: X-S =    17.128673 mb/sr,                       & pols = 0. -0.00799
+                                         /R =   1.3784E-01
    54.00 deg.: X-S =    14.249327 mb/sr,                       & pols = 0. -0.01265
+                                         /R =   1.2289E-01
    55.00 deg.: X-S =    11.669592 mb/sr,                       & pols = 0. -0.01722
+                                         /R =   1.0770E-01
    56.00 deg.: X-S =     9.447883 mb/sr,                       & pols = 0. -0.02127
+                                         /R =   9.3176E-02
    57.00 deg.: X-S =     7.612411 mb/sr,                       & pols = 0. -0.02403
+                                         /R =   8.0114E-02
    58.00 deg.: X-S =     6.163077 mb/sr,                       & pols = 0. -0.02447
+                                         /R =   6.9122E-02
    59.00 deg.: X-S =     5.075841 mb/sr,                       & pols = 0. -0.02139
+                                         /R =   6.0589E-02
    60.00 deg.: X-S =     4.308552 mb/sr,                       & pols = 0. -0.01404
+                                         /R =   5.4669E-02
    61.00 deg.: X-S =     3.807343 mb/sr,                       & pols = 0. -0.00277
+                                         /R =   5.1290E-02
    62.00 deg.: X-S =     3.512862 mb/sr,                       & pols =-0.  0.01075
+                                         /R =   5.0182E-02
    63.00 deg.: X-S =     3.365777 mb/sr,                       & pols = 0.  0.02420
+                                         /R =   5.0928E-02
    64.00 deg.: X-S =     3.311209 mb/sr,                       & pols = 0.  0.03573
+                                         /R =   5.3010E-02
    65.00 deg.: X-S =     3.301915 mb/sr,                       & pols = 0.  0.04448
+                                         /R =   5.5868E-02
    66.00 deg.: X-S =     3.300194 mb/sr,                       & pols = 0.  0.05042
+                                         /R =   5.8953E-02
    67.00 deg.: X-S =     3.278637 mb/sr,                       & pols = 0.  0.05393
+                                         /R =   6.1771E-02
    68.00 deg.: X-S =     3.219877 mb/sr,                       & pols = 0.  0.05547
+                                         /R =   6.3917E-02
    69.00 deg.: X-S =     3.115595 mb/sr,                       & pols = 0.  0.05543
+                                         /R =   6.5101E-02
    70.00 deg.: X-S =     2.965008 mb/sr,                       & pols = 0.  0.05408
+                                         /R =   6.5151E-02
    71.00 deg.: X-S =     2.773089 mb/sr,                       & pols = 0.  0.05156
+                                         /R =   6.4020E-02
    72.00 deg.: X-S =     2.548718 mb/sr,                       & pols = 0.  0.04792
+                                         /R =   6.1763E-02
    73.00 deg.: X-S =     2.302942 mb/sr,                       & pols = 0.  0.04312
+                                         /R =   5.8528E-02
    74.00 deg.: X-S =     2.047446 mb/sr,                       & pols = 0.  0.03705
+                                         /R =   5.4525E-02
    75.00 deg.: X-S =     1.793336 mb/sr,                       & pols = 0.  0.02956
+                                         /R =   5.0001E-02
    76.00 deg.: X-S =     1.550245 mb/sr,                       & pols = 0.  0.02049
+                                         /R =   4.5217E-02
    77.00 deg.: X-S =     1.325778 mb/sr,                       & pols = 0.  0.00973
+                                         /R =   4.0421E-02
    78.00 deg.: X-S =     1.125250 mb/sr,                       & pols = 0. -0.00270
+                                         /R =   3.5832E-02
    79.00 deg.: X-S =     0.951686 mb/sr,                       & pols = 0. -0.01655
+                                         /R =   3.1628E-02
    80.00 deg.: X-S =     0.806018 mb/sr,                       & pols = 0. -0.03119
+                                         /R =   2.7935E-02
                                           Integrated********** mb, over [   0.000,  80.000] at    21.0000 MeV 

 CROSS SECTIONS FOR OUTGOING h2       & ca40     in state #   1 with spins & parities 1.0  + &  7.0  -;  0

     0.00 deg.: X-S =     0.074377 mb/sr,                       & pols =-0.  0.00000
+                                         REAC   7.8743E-01 mb
     1.00 deg.: X-S =     0.073812 mb/sr,                       & pols =-0. -0.01666
     2.00 deg.: X-S =     0.072131 mb/sr,                       & pols =-0. -0.03382
     3.00 deg.: X-S =     0.069401 mb/sr,                       & pols =-0. -0.05174
     4.00 deg.: X-S =     0.065766 mb/sr,                       & pols =-0. -0.07026
     5.00 deg.: X-S =     0.061495 mb/sr,                       & pols =-0. -0.08846
     6.00 deg.: X-S =     0.057004 mb/sr,                       & pols =-0. -0.10435
     7.00 deg.: X-S =     0.052844 mb/sr,                       & pols =-0. -0.11468
     8.00 deg.: X-S =     0.049647 mb/sr,                       & pols =-0. -0.11542
     9.00 deg.: X-S =     0.048020 mb/sr,                       & pols =-0. -0.10369
    10.00 deg.: X-S =     0.048425 mb/sr,                       & pols =-0. -0.08067
    11.00 deg.: X-S =     0.051054 mb/sr,                       & pols =-0. -0.05252
    12.00 deg.: X-S =     0.055757 mb/sr,                       & pols =-0. -0.02727
    13.00 deg.: X-S =     0.062037 mb/sr,                       & pols =-0. -0.01044
    14.00 deg.: X-S =     0.069123 mb/sr,                       & pols =-0. -0.00358
    15.00 deg.: X-S =     0.076121 mb/sr,                       & pols =-0. -0.00557
    16.00 deg.: X-S =     0.082191 mb/sr,                       & pols =-0. -0.01429
    17.00 deg.: X-S =     0.086719 mb/sr,                       & pols =-0. -0.02748
    18.00 deg.: X-S =     0.089434 mb/sr,                       & pols =-0. -0.04298
    19.00 deg.: X-S =     0.090445 mb/sr,                       & pols =-0. -0.05859
    20.00 deg.: X-S =     0.090183 mb/sr,                       & pols =-0. -0.07198
    21.00 deg.: X-S =     0.089280 mb/sr,                       & pols =-0. -0.08085
    22.00 deg.: X-S =     0.088414 mb/sr,                       & pols = 0. -0.08329
    23.00 deg.: X-S =     0.088157 mb/sr,                       & pols = 0. -0.07854
    24.00 deg.: X-S =     0.088874 mb/sr,                       & pols = 0. -0.06749
    25.00 deg.: X-S =     0.090685 mb/sr,                       & pols = 0. -0.05248
    26.00 deg.: X-S =     0.093486 mb/sr,                       & pols =-0. -0.03657
    27.00 deg.: X-S =     0.097026 mb/sr,                       & pols = 0. -0.02243
    28.00 deg.: X-S =     0.101007 mb/sr,                       & pols = 0. -0.01177
    29.00 deg.: X-S =     0.105164 mb/sr,                       & pols = 0. -0.00513
    30.00 deg.: X-S =     0.109333 mb/sr,                       & pols =-0. -0.00220
    31.00 deg.: X-S =     0.113467 mb/sr,                       & pols = 0. -0.00211
    32.00 deg.: X-S =     0.117618 mb/sr,                       & pols = 0. -0.00378
    33.00 deg.: X-S =     0.121884 mb/sr,                       & pols =-0. -0.00622
    34.00 deg.: X-S =     0.126359 mb/sr,                       & pols =-0. -0.00868
    35.00 deg.: X-S =     0.131076 mb/sr,                       & pols =-0. -0.01082
    36.00 deg.: X-S =     0.135985 mb/sr,                       & pols = 0. -0.01266
    37.00 deg.: X-S =     0.140946 mb/sr,                       & pols =-0. -0.01449
    38.00 deg.: X-S =     0.145760 mb/sr,                       & pols =-0. -0.01674
    39.00 deg.: X-S =     0.150210 mb/sr,                       & pols =-0. -0.01981
    40.00 deg.: X-S =     0.154107 mb/sr,                       & pols =-0. -0.02395
    41.00 deg.: X-S =     0.157335 mb/sr,                       & pols =-0. -0.02924
    42.00 deg.: X-S =     0.159870 mb/sr,                       & pols =-0. -0.03551
    43.00 deg.: X-S =     0.161776 mb/sr,                       & pols =-0. -0.04241
    44.00 deg.: X-S =     0.163192 mb/sr,                       & pols =-0. -0.04942
    45.00 deg.: X-S =     0.164282 mb/sr,                       & pols =-0. -0.05597
    46.00 deg.: X-S =     0.165195 mb/sr,                       & pols =-0. -0.06151
    47.00 deg.: X-S =     0.166023 mb/sr,                       & pols =-0. -0.06562
    48.00 deg.: X-S =     0.166764 mb/sr,                       & pols =-0. -0.06808
    49.00 deg.: X-S =     0.167322 mb/sr,                       & pols =-0. -0.06891
    50.00 deg.: X-S =     0.167506 mb/sr,                       & pols =-0. -0.06836
    51.00 deg.: X-S =     0.167071 mb/sr,                       & pols =-0. -0.06685
    52.00 deg.: X-S =     0.165755 mb/sr,                       & pols =-0. -0.06486
    53.00 deg.: X-S =     0.163334 mb/sr,                       & pols =-0. -0.06293
    54.00 deg.: X-S =     0.159665 mb/sr,                       & pols =-0. -0.06156
    55.00 deg.: X-S =     0.154727 mb/sr,                       & pols =-0. -0.06122
    56.00 deg.: X-S =     0.148631 mb/sr,                       & pols =-0. -0.06229
    57.00 deg.: X-S =     0.141621 mb/sr,                       & pols =-0. -0.06508
    58.00 deg.: X-S =     0.134041 mb/sr,                       & pols =-0. -0.06975
    59.00 deg.: X-S =     0.126297 mb/sr,                       & pols =-0. -0.07631
    60.00 deg.: X-S =     0.118796 mb/sr,                       & pols = 0. -0.08445
    61.00 deg.: X-S =     0.111893 mb/sr,                       & pols =-0. -0.09355
    62.00 deg.: X-S =     0.105839 mb/sr,                       & pols =-0. -0.10269
    63.00 deg.: X-S =     0.100753 mb/sr,                       & pols =-0. -0.11070
    64.00 deg.: X-S =     0.096606 mb/sr,                       & pols =-0. -0.11648
    65.00 deg.: X-S =     0.093235 mb/sr,                       & pols =-0. -0.11920
    66.00 deg.: X-S =     0.090378 mb/sr,                       & pols = 0. -0.11856
    67.00 deg.: X-S =     0.087727 mb/sr,                       & pols =-0. -0.11475
    68.00 deg.: X-S =     0.084980 mb/sr,                       & pols =-0. -0.10843
    69.00 deg.: X-S =     0.081905 mb/sr,                       & pols = 0. -0.10053
    70.00 deg.: X-S =     0.078375 mb/sr,                       & pols = 0. -0.09218
    71.00 deg.: X-S =     0.074399 mb/sr,                       & pols = 0. -0.08457
    72.00 deg.: X-S =     0.070115 mb/sr,                       & pols = 0. -0.07898
    73.00 deg.: X-S =     0.065774 mb/sr,                       & pols = 0. -0.07668
    74.00 deg.: X-S =     0.061689 mb/sr,                       & pols = 0. -0.07874
    75.00 deg.: X-S =     0.058180 mb/sr,                       & pols = 0. -0.08575
    76.00 deg.: X-S =     0.055518 mb/sr,                       & pols = 0. -0.09737
    77.00 deg.: X-S =     0.053873 mb/sr,                       & pols = 0. -0.11211
    78.00 deg.: X-S =     0.053279 mb/sr,                       & pols =-0. -0.12753
    79.00 deg.: X-S =     0.053627 mb/sr,                       & pols =-0. -0.14103
    80.00 deg.: X-S =     0.054675 mb/sr,                       & pols = 0. -0.15071
                                           Integrated    0.5769 mb, over [   0.000,  80.000] at    21.0000 MeV 
 Finished all xsecs @    2.36462712    

  The following files have been created:
   3:local copy of User input.            6:standard output.                   
  13:total cross sections/state.         16:tables of cross sections.          
  35:Astrophysics S-factors  / Ecm.      39:cross sections for each Ecm.       
  40:all cross sectns. for each Elab.    46:bs wave functions & ANC ratios.    
  56:Fusion for each Jtotal.             58:Single-particle wfns.              
  75:S-factors for lab energies.        201:Separate cross sections.           
 202:Separate cross sections.           

 PARAMETERS : MAXQRN   MFNL   MLOC  LMAX1 MCLIST
    ALLOWED :     13    729     25     55      6
    REQUIRED:      1      0     13     44      4


 ACCURACY ANALYSIS at    21.000 MeV :

  Elastic h*k = 0.016 so OK       compared with 0.200

   Real(S-el) > 0.01 first at J =       1.0
   Real(S-el) > 0.10 first at J =       5.0
   Real(S-el) > 0.50 first at J =       8.0
   Real(S-el) > 0.90 first at J =      10.0
   Real(S-el) > 0.99 first at J =      13.0
   R-turn =    23.42 fm    at J =      35.0

 Forward-angle excitation cut off below   7.320 deg by max JT =      35.0
                              and below   6.993 deg by max R.

 Total CPU  0 time =       2.36 seconds
