 FRESCO - FRES 3.4: Coupled Reaction Channels
 Assuming NAMELIST input.

 39K(3He,d)40Ca 21 MeV DWBA ZR 4491 keV Jpi=5- l=5 n=1 j=11/2                    

   0.010  30.000   0.100   0.100  10.000  -0.300   0.000   0.000   0.000   0.000

 Centre-of-mass Range is   3002 * 0.0100 fm., Maximum at  30.00 fm., Interpolating NL forms every  0.10 fm.
 Non - locality width is    101 * 0.1000 fm., Maximum of  10.00 fm., Centred at -0.20 fm.
 2-Nucleon Separation of      0 * 0.1000 fm., Maximum of   0.00 fm., Minimum at  0.00 fm.
 Maximum single particle bins of 30.0000 fm.
               M,Mint =         3001        3001


 Range of total J is     0.0 <= J <=    32.0 (at least     0.0) and Absorbtion =>    -1.0000 mb.
 Dry Run = F, CC set limits =  0  0, Relativistic kinematics =  , Both/Far/Near Analyses =  1                     

 Cross Sections (and up to T1 for 0=projectile) for Theta from   0.0 to  80.0 in steps of  1.0 degrees, DGAM=0,  Coordinates = 0 (Mads)

 Lower Radial Cutoff = maximum of -1.60*L*h &       0.0 fm.,  Lower Cutoff for Couplings =   0.0  fm.


 Iterate Couplings between   0 and   1 times, to  0.000 % if sooner.                                          
  Block solved exactly =   0 chs., with Pade = 0 & Isocen =  =0, NOSOL = F, initwf =  0
  NL quadrature with   36 Gaussian points, Calculate multipoles up to    38 from   0
  M-transfers for lp+lt greater than or equal to  6, Angular Integration Cutoff below  0.6944 %


 Trace switches are :  CHANS =  1, LISTCC =  0, TRENEG =  0, CDETR =  0, SMATS =  0, XSTABL =  1, NLPL =  0

                       WAVES =  0, LAMPL =  0, VEFF =  0, KFUS =  0, WDISK =  0, BPM =  0, MELFIL =  0

                       CDCC =  0, NFUS =  0

 Using unit mass = 1.000000 amu and 1/fine-structure constant = 137.03599 ( 1.000000 * true ) with hc = 197.32705 MeV.fm,
  thus 2*amu/hbar^2 = 0.0478450 = 1/20.9008 and Coulomb constant = 0.1574855 so e^2 = 1.43997, and nuclear magneton= 0.1261183

 Now pre-scan input and save to file 3

  WARNING: target longitudinal recoil NOT included in the ZR coupling #            1


 *********** PARTITION NUMBER  1 ******************************************************************************************

   PROJ=he3        MASS=  3.0150 Z=   2.0,        # STATES=    1T, TARG=k39      MASS= 38.9530 Z=  19.0,     Q-VALUE =   0.0000 MEV.

     1:  J= 0.5+ (B# 1), E=  0.0000, K= 0.5              Potl#  1       J= 1.5+ (B# 1), E=  0.0000, K= 0.5    


 *********** PARTITION NUMBER  2 ******************************************************************************************

   PROJ=h2         MASS=  2.0140 Z=   1.0,        # STATES=    1T, TARG=ca40     MASS= 39.9630 Z=  20.0,     Q-VALUE =   2.8347 MEV.

     1:  J= 1.0+ (B# 1), E=  0.0000, K= 0.0              Potl#  2       J= 5.0- (B#-1), E=  4.4914, K= 0.0    
0****** WARNING : COMPARED WITH PARTITION  1, THIS PARTITION HAS TOTAL MASS & CHARGE EXCESSES   0.01205 &   0.0000


 ************************************************************************************************************************************

 The following POTENTIALS are defined :

  KP#       TYPE      IT    SHAPE      at     V1        r1        a1        V2        r2        a2        A-in     A-used


                                            A#1       A#2        r0c       ac                                                h @ 1
    1    0=Coulomb       0=CHARGE (WS)  1    38.953     0.000    1.2890    0.0000    0.0000    0.0000     0.000    38.953   0.01000

    1    1=Volume        0=Woods-Saxon  2  117.8810    1.1780    0.7680   -0.6460    1.4150    0.8470     0.000    38.953

    1    2=Surface       0=Woods-Saxon  3    0.0000    0.0000    0.0000   20.6650    1.1980    0.8520     0.000    38.953

    1    3=Projtl S.O.   0=Woods-Saxon  4    2.0830    0.7380    0.9460   -1.1590    0.0000    0.0000     0.000    38.953
   --------------------------------------------------------------------------------------------------------------------

                                            A#1       A#2        r0c       ac                                                h @ 2
    2    0=Coulomb       0=CHARGE (WS)  5    39.963     0.000    1.3030    0.0000    0.0000    0.0000     0.000    39.963   0.01000

    2    1=Volume        0=Woods-Saxon  6   91.1200    1.1500    0.7620    2.2340    1.3340    0.5130     0.000    39.963

    2    2=Surface       0=Woods-Saxon  7    0.0000    0.0000    0.0000   10.2740    1.3780    0.7430     0.000    39.963

    2    3=Projtl S.O.   0=Woods-Saxon  8    3.5570    0.9720    1.0110    0.0000    0.0000    0.0000     0.000    39.963
   --------------------------------------------------------------------------------------------------------------------

                                            A#1       A#2        r0c       ac                                                h @ 0
    3    0=Coulomb       0=CHARGE (WS)  9     3.015     0.000    1.2500    0.0000    0.0000    0.0000     0.000     3.015   0.01000

    3    1=Volume        0=Woods-Saxon 10   50.0000    1.2500    0.6500    0.0000    0.0000    0.0000     0.000     3.015
   --------------------------------------------------------------------------------------------------------------------

                                            A#1       A#2        r0c       ac                                                h @ 0
    4    0=Coulomb       0=CHARGE (WS) 11    38.953     0.000    1.2500    0.0000    0.0000    0.0000     0.000    38.953   0.01000

    4    1=Volume        0=Woods-Saxon 12   50.0000    1.2500    0.6500    0.0000    0.0000    0.0000     0.000    38.953


 ************************************************************************************************************************************

 The following SINGLE-PARTICLE FORM FACTORS are constructed :


 No.   P1 P2 IN KIND T N  L  S1 IA J/S  IB BIND XFER  BE    SC PC FIL AFRAC Adjust  to  Z  Mass   K     Norm    rms      D0     D   ANC/Gsp

 For Channel #  1 with l = 0,  j =  0.5, around core state #  1

   R    Y(R)
   0.00   0.0000E+00,    0.10   5.8280E-02,    0.20   1.1591E-01,    0.30   1.7228E-01,    0.40   2.2679E-01,    0.50   2.7891E-01, 
   0.60   3.2812E-01,    0.70   3.7401E-01,    0.80   4.1621E-01,    0.90   4.5442E-01,    1.00   4.8842E-01,    1.10   5.1808E-01, 
   1.20   5.4332E-01,    1.30   5.6417E-01,    1.40   5.8070E-01,    1.50   5.9306E-01,    1.60   6.0146E-01,    1.70   6.0615E-01, 
   1.80   6.0741E-01,    1.90   6.0557E-01,    2.00   6.0094E-01,    2.10   5.9388E-01,    2.20   5.8471E-01,    2.30   5.7376E-01, 
   2.40   5.6133E-01,    2.50   5.4772E-01,    2.60   5.3317E-01,    2.70   5.1794E-01,    2.80   5.0221E-01,    2.90   4.8618E-01, 
   3.00   4.6999E-01,    3.10   4.5378E-01,    3.20   4.3767E-01,    3.30   4.2173E-01,    3.40   4.0605E-01,    3.50   3.9068E-01, 
   3.60   3.7566E-01,    3.70   3.6103E-01,    3.80   3.4682E-01,    3.90   3.3304E-01,    4.00   3.1970E-01,    4.10   3.0681E-01, 
   4.20   2.9437E-01,    4.30   2.8238E-01,    4.40   2.7083E-01,    4.50   2.5971E-01,    4.60   2.4902E-01,    4.70   2.3874E-01, 
   4.80   2.2887E-01,    4.90   2.1939E-01,    5.00   2.1029E-01,    5.10   2.0156E-01,    5.20   1.9318E-01,    5.30   1.8514E-01, 
   5.40   1.7743E-01,    5.50   1.7004E-01,    5.60   1.6296E-01,    5.70   1.5616E-01,    5.80   1.4965E-01,    5.90   1.4341E-01, 
   6.00   1.3743E-01,    6.10   1.3170E-01,    6.20   1.2620E-01,    6.30   1.2094E-01,    6.40   1.1589E-01,    6.50   1.1106E-01, 
   6.60   1.0643E-01,    6.70   1.0199E-01,    6.80   9.7738E-02,    6.90   9.3663E-02,    7.00   8.9758E-02,    7.10   8.6017E-02, 
   7.20   8.2432E-02,    7.30   7.8996E-02,    7.40   7.5705E-02,    7.50   7.2551E-02,    7.60   6.9529E-02,    7.70   6.6633E-02, 
   7.80   6.3858E-02,    7.90   6.1199E-02,    8.00   5.8651E-02,    8.10   5.6210E-02,    8.20   5.3870E-02,    8.30   5.1628E-02, 
   8.40   4.9480E-02,    8.50   4.7422E-02,    8.60   4.5449E-02,    8.70   4.3559E-02,    8.80   4.1747E-02,    8.90   4.0011E-02, 
   9.00   3.8348E-02,    9.10   3.6753E-02,    9.20   3.5226E-02,    9.30   3.3762E-02,    9.40   3.2358E-02,    9.50   3.1014E-02, 
   9.60   2.9725E-02,    9.70   2.8490E-02,    9.80   2.7307E-02,    9.90   2.6173E-02,   10.00   2.5086E-02,   10.10   2.4044E-02, 
  10.20   2.3046E-02,   10.30   2.2089E-02,   10.40   2.1172E-02,   10.50   2.0293E-02,   10.60   1.9451E-02,   10.70   1.8644E-02, 
  10.80   1.7870E-02,   10.90   1.7128E-02,   11.00   1.6418E-02,   11.10   1.5737E-02,   11.20   1.5084E-02,   11.30   1.4458E-02, 
  11.40   1.3858E-02,   11.50   1.3284E-02,   11.60   1.2733E-02,   11.70   1.2205E-02,   11.80   1.1699E-02,   11.90   1.1214E-02, 
  12.00   1.0749E-02,   12.10   1.0303E-02,   12.20   9.8761E-03,   12.30   9.4667E-03,   12.40   9.0744E-03,   12.50   8.6983E-03, 
  12.60   8.3378E-03,   12.70   7.9923E-03,   12.80   7.6612E-03,   12.90   7.3438E-03,   13.00   7.0395E-03,   13.10   6.7479E-03, 
  13.20   6.4684E-03,   13.30   6.2004E-03,   13.40   5.9436E-03,   13.50   5.6975E-03,   13.60   5.4615E-03,   13.70   5.2353E-03, 
  13.80   5.0185E-03,   13.90   4.8107E-03,   14.00   4.6116E-03,   14.10   4.4206E-03,   14.20   4.2376E-03,   14.30   4.0622E-03, 
  14.40   3.8940E-03,   14.50   3.7329E-03,   14.60   3.5783E-03,   14.70   3.4302E-03,   14.80   3.2883E-03,   14.90   3.1522E-03, 
  15.00   3.0217E-03,   15.10   2.8967E-03,   15.20   2.7768E-03,   15.30   2.6619E-03,   15.40   2.5518E-03,   15.50   2.4462E-03, 
  15.60   2.3450E-03,   15.70   2.2480E-03,   15.80   2.1550E-03,   15.90   2.0659E-03,   16.00   1.9804E-03,   16.10   1.8985E-03, 
  16.20   1.8200E-03,   16.30   1.7447E-03,   16.40   1.6726E-03,   16.50   1.6034E-03,   16.60   1.5371E-03,   16.70   1.4735E-03, 
  16.80   1.4126E-03,   16.90   1.3542E-03,   17.00   1.2982E-03,   17.10   1.2445E-03,   17.20   1.1931E-03,   17.30   1.1438E-03, 
  17.40   1.0965E-03,   17.50   1.0511E-03,   17.60   1.0077E-03,   17.70   9.6604E-04,   17.80   9.2611E-04,   17.90   8.8783E-04, 
  18.00   8.5114E-04,   18.10   8.1596E-04,   18.20   7.8224E-04,   18.30   7.4991E-04,   18.40   7.1892E-04,   18.50   6.8921E-04, 
  18.60   6.6073E-04,   18.70   6.3343E-04,   18.80   6.0725E-04,   18.90   5.8216E-04,   19.00   5.5811E-04,   19.10   5.3505E-04, 
  19.20   5.1295E-04,   19.30   4.9175E-04,   19.40   4.7144E-04,   19.50   4.5196E-04,   19.60   4.3329E-04,   19.70   4.1539E-04, 
  19.80   3.9823E-04,   19.90   3.8179E-04,   20.00   3.6602E-04,   20.10   3.5090E-04,   20.20   3.3640E-04,   20.30   3.2251E-04, 
  20.40   3.0919E-04,   20.50   2.9642E-04,   20.60   2.8418E-04,   20.70   2.7244E-04,   20.80   2.6119E-04,   20.90   2.5041E-04, 
  21.00   2.4007E-04,   21.10   2.3015E-04,   21.20   2.2065E-04,   21.30   2.1154E-04,   21.40   2.0281E-04,   21.50   1.9443E-04, 
  21.60   1.8640E-04,   21.70   1.7871E-04,   21.80   1.7133E-04,   21.90   1.6426E-04,   22.00   1.5748E-04,   22.10   1.5098E-04, 
  22.20   1.4474E-04,   22.30   1.3877E-04,   22.40   1.3304E-04,   22.50   1.2755E-04,   22.60   1.2228E-04,   22.70   1.1724E-04, 
  22.80   1.1240E-04,   22.90   1.0776E-04,   23.00   1.0331E-04,   23.10   9.9046E-05,   23.20   9.4958E-05,   23.30   9.1039E-05, 
  23.40   8.7282E-05,   23.50   8.3680E-05,   23.60   8.0226E-05,   23.70   7.6915E-05,   23.80   7.3741E-05,   23.90   7.0698E-05, 
  24.00   6.7781E-05,   24.10   6.4984E-05,   24.20   6.2303E-05,   24.30   5.9732E-05,   24.40   5.7267E-05,   24.50   5.4904E-05, 
  24.60   5.2639E-05,   24.70   5.0467E-05,   24.80   4.8385E-05,   24.90   4.6389E-05,   25.00   4.4475E-05,   25.10   4.2640E-05, 
  25.20   4.0881E-05,   25.30   3.9194E-05,   25.40   3.7577E-05,   25.50   3.6027E-05,   25.60   3.4541E-05,   25.70   3.3116E-05, 
  25.80   3.1750E-05,   25.90   3.0440E-05,   26.00   2.9184E-05,   26.10   2.7981E-05,   26.20   2.6827E-05,   26.30   2.5720E-05, 
  26.40   2.4659E-05,   26.50   2.3642E-05,   26.60   2.2667E-05,   26.70   2.1732E-05,   26.80   2.0836E-05,   26.90   1.9976E-05, 
  27.00   1.9152E-05,   27.10   1.8363E-05,   27.20   1.7605E-05,   27.30   1.6879E-05,   27.40   1.6183E-05,   27.50   1.5516E-05, 
  27.60   1.4876E-05,   27.70   1.4262E-05,   27.80   1.3674E-05,   27.90   1.3110E-05,   28.00   1.2570E-05,   28.10   1.2051E-05, 
  28.20   1.1554E-05,   28.30   1.1078E-05,   28.40   1.0621E-05,   28.50   1.0183E-05,   28.60   9.7634E-06,   28.70   9.3608E-06, 
  28.80   8.9749E-06,   28.90   8.6048E-06,   29.00   8.2500E-06,   29.10   7.9099E-06,   29.20   7.5838E-06,   29.30   7.2711E-06, 
  29.40   6.9713E-06,   29.50   6.6839E-06,   29.60   6.4084E-06,   29.70   6.1442E-06,   29.80   5.8909E-06,   29.90   5.6480E-06, 
  30.00   5.4152E-06, 

 No.   P1 P2 IN KIND T N  L  S1 IA J/S  IB BIND XFER  BE    SC PC FIL AFRAC Adjust  to  Z  Mass   K     Norm    rms      D0     D   ANC/Gsp

    At R=   29.990, ANC in ch  1 is    1.8773    ,   eta,eta*ln(2*rho)+rho =   0.54944E-01    12.750    

    1:  2  1  1  0     1  0 0.5  1 0.5   0   3   0   5.4935  1  1  0 0.0000 VR  0.8879; 1. 1.001 0.4192 1.0000  2.820 -166.8 -174.2  1.8773

 For Channel #  1 with l = 5,  j =  5.5, around core state #  1

   R    Y(R)
   0.00   0.0000E+00,    0.10   4.5328E-09,    0.20   2.8855E-07,    0.30   3.2578E-06,    0.40   1.8078E-05,    0.50   6.7869E-05, 
   0.60   1.9872E-04,    0.70   4.8960E-04,    0.80   1.0620E-03,    0.90   2.0882E-03,    1.00   3.7968E-03,    1.10   6.4752E-03, 
   1.20   1.0466E-02,    1.30   1.6162E-02,    1.40   2.3989E-02,    1.50   3.4393E-02,    1.60   4.7813E-02,    1.70   6.4657E-02, 
   1.80   8.5274E-02,    1.90   1.0992E-01,    2.00   1.3874E-01,    2.10   1.7173E-01,    2.20   2.0873E-01,    2.30   2.4939E-01, 
   2.40   2.9319E-01,    2.50   3.3944E-01,    2.60   3.8729E-01,    2.70   4.3574E-01,    2.80   4.8371E-01,    2.90   5.3005E-01, 
   3.00   5.7364E-01,    3.10   6.1335E-01,    3.20   6.4820E-01,    3.30   6.7732E-01,    3.40   7.0005E-01,    3.50   7.1592E-01, 
   3.60   7.2473E-01,    3.70   7.2648E-01,    3.80   7.2141E-01,    3.90   7.0998E-01,    4.00   6.9281E-01,    4.10   6.7063E-01, 
   4.20   6.4428E-01,    4.30   6.1463E-01,    4.40   5.8255E-01,    4.50   5.4886E-01,    4.60   5.1431E-01,    4.70   4.7959E-01, 
   4.80   4.4527E-01,    4.90   4.1182E-01,    5.00   3.7959E-01,    5.10   3.4887E-01,    5.20   3.1984E-01,    5.30   2.9262E-01, 
   5.40   2.6724E-01,    5.50   2.4373E-01,    5.60   2.2204E-01,    5.70   2.0210E-01,    5.80   1.8384E-01,    5.90   1.6717E-01, 
   6.00   1.5196E-01,    6.10   1.3813E-01,    6.20   1.2557E-01,    6.30   1.1416E-01,    6.40   1.0382E-01,    6.50   9.4443E-02, 
   6.60   8.5950E-02,    6.70   7.8256E-02,    6.80   7.1287E-02,    6.90   6.4974E-02,    7.00   5.9253E-02,    7.10   5.4068E-02, 
   7.20   4.9367E-02,    7.30   4.5102E-02,    7.40   4.1232E-02,    7.50   3.7718E-02,    7.60   3.4525E-02,    7.70   3.1623E-02, 
   7.80   2.8983E-02,    7.90   2.6580E-02,    8.00   2.4391E-02,    8.10   2.2396E-02,    8.20   2.0577E-02,    8.30   1.8917E-02, 
   8.40   1.7401E-02,    8.50   1.6016E-02,    8.60   1.4750E-02,    8.70   1.3591E-02,    8.80   1.2530E-02,    8.90   1.1558E-02, 
   9.00   1.0667E-02,    9.10   9.8498E-03,    9.20   9.0999E-03,    9.30   8.4112E-03,    9.40   7.7784E-03,    9.50   7.1966E-03, 
   9.60   6.6614E-03,    9.70   6.1688E-03,    9.80   5.7152E-03,    9.90   5.2973E-03,   10.00   4.9120E-03,   10.10   4.5566E-03, 
  10.20   4.2287E-03,   10.30   3.9260E-03,   10.40   3.6463E-03,   10.50   3.3879E-03,   10.60   3.1490E-03,   10.70   2.9280E-03, 
  10.80   2.7235E-03,   10.90   2.5342E-03,   11.00   2.3588E-03,   11.10   2.1964E-03,   11.20   2.0458E-03,   11.30   1.9061E-03, 
  11.40   1.7766E-03,   11.50   1.6564E-03,   11.60   1.5448E-03,   11.70   1.4411E-03,   11.80   1.3448E-03,   11.90   1.2553E-03, 
  12.00   1.1721E-03,   12.10   1.0948E-03,   12.20   1.0228E-03,   12.30   9.5577E-04,   12.40   8.9339E-04,   12.50   8.3531E-04, 
  12.60   7.8120E-04,   12.70   7.3078E-04,   12.80   6.8378E-04,   12.90   6.3996E-04,   13.00   5.9909E-04,   13.10   5.6096E-04, 
  13.20   5.2538E-04,   13.30   4.9217E-04,   13.40   4.6116E-04,   13.50   4.3220E-04,   13.60   4.0514E-04,   13.70   3.7986E-04, 
  13.80   3.5623E-04,   13.90   3.3414E-04,   14.00   3.1348E-04,   14.10   2.9415E-04,   14.20   2.7608E-04,   14.30   2.5916E-04, 
  14.40   2.4332E-04,   14.50   2.2850E-04,   14.60   2.1462E-04,   14.70   2.0161E-04,   14.80   1.8943E-04,   14.90   1.7802E-04, 
  15.00   1.6732E-04,   15.10   1.5729E-04,   15.20   1.4789E-04,   15.30   1.3907E-04,   15.40   1.3080E-04,   15.50   1.2304E-04, 
  15.60   1.1576E-04,   15.70   1.0892E-04,   15.80   1.0251E-04,   15.90   9.6487E-05,   16.00   9.0832E-05,   16.10   8.5521E-05, 
  16.20   8.0533E-05,   16.30   7.5845E-05,   16.40   7.1441E-05,   16.50   6.7302E-05,   16.60   6.3411E-05,   16.70   5.9753E-05, 
  16.80   5.6313E-05,   16.90   5.3079E-05,   17.00   5.0036E-05,   17.10   4.7174E-05,   17.20   4.4482E-05,   17.30   4.1948E-05, 
  17.40   3.9563E-05,   17.50   3.7318E-05,   17.60   3.5205E-05,   17.70   3.3216E-05,   17.80   3.1342E-05,   17.90   2.9578E-05, 
  18.00   2.7916E-05,   18.10   2.6350E-05,   18.20   2.4875E-05,   18.30   2.3485E-05,   18.40   2.2175E-05,   18.50   2.0940E-05, 
  18.60   1.9776E-05,   18.70   1.8679E-05,   18.80   1.7644E-05,   18.90   1.6669E-05,   19.00   1.5749E-05,   19.10   1.4881E-05, 
  19.20   1.4062E-05,   19.30   1.3290E-05,   19.40   1.2561E-05,   19.50   1.1873E-05,   19.60   1.1224E-05,   19.70   1.0612E-05, 
  19.80   1.0034E-05,   19.90   9.4877E-06,   20.00   8.9723E-06,   20.10   8.4857E-06,   20.20   8.0261E-06,   20.30   7.5921E-06, 
  20.40   7.1821E-06,   20.50   6.7949E-06,   20.60   6.4290E-06,   20.70   6.0834E-06,   20.80   5.7568E-06,   20.90   5.4481E-06, 
  21.00   5.1564E-06,   21.10   4.8807E-06,   21.20   4.6201E-06,   21.30   4.3738E-06,   21.40   4.1409E-06,   21.50   3.9207E-06, 
  21.60   3.7124E-06,   21.70   3.5155E-06,   21.80   3.3293E-06,   21.90   3.1532E-06,   22.00   2.9865E-06,   22.10   2.8289E-06, 
  22.20   2.6798E-06,   22.30   2.5388E-06,   22.40   2.4053E-06,   22.50   2.2790E-06,   22.60   2.1594E-06,   22.70   2.0463E-06, 
  22.80   1.9392E-06,   22.90   1.8378E-06,   23.00   1.7419E-06,   23.10   1.6510E-06,   23.20   1.5650E-06,   23.30   1.4836E-06, 
  23.40   1.4065E-06,   23.50   1.3335E-06,   23.60   1.2643E-06,   23.70   1.1988E-06,   23.80   1.1368E-06,   23.90   1.0780E-06, 
  24.00   1.0224E-06,   24.10   9.6961E-07,   24.20   9.1964E-07,   24.30   8.7230E-07,   24.40   8.2744E-07,   24.50   7.8493E-07, 
  24.60   7.4464E-07,   24.70   7.0646E-07,   24.80   6.7028E-07,   24.90   6.3598E-07,   25.00   6.0346E-07,   25.10   5.7264E-07, 
  25.20   5.4342E-07,   25.30   5.1572E-07,   25.40   4.8945E-07,   25.50   4.6455E-07,   25.60   4.4093E-07,   25.70   4.1854E-07, 
  25.80   3.9730E-07,   25.90   3.7716E-07,   26.00   3.5805E-07,   26.10   3.3993E-07,   26.20   3.2274E-07,   26.30   3.0644E-07, 
  26.40   2.9097E-07,   26.50   2.7630E-07,   26.60   2.6237E-07,   26.70   2.4916E-07,   26.80   2.3663E-07,   26.90   2.2473E-07, 
  27.00   2.1345E-07,   27.10   2.0274E-07,   27.20   1.9257E-07,   27.30   1.8292E-07,   27.40   1.7376E-07,   27.50   1.6507E-07, 
  27.60   1.5682E-07,   27.70   1.4899E-07,   27.80   1.4155E-07,   27.90   1.3450E-07,   28.00   1.2779E-07,   28.10   1.2143E-07, 
  28.20   1.1539E-07,   28.30   1.0965E-07,   28.40   1.0420E-07,   28.50   9.9031E-08,   28.60   9.4118E-08,   28.70   8.9453E-08, 
  28.80   8.5021E-08,   28.90   8.0813E-08,   29.00   7.6815E-08,   29.10   7.3018E-08,   29.20   6.9411E-08,   29.30   6.5985E-08, 
  29.40   6.2730E-08,   29.50   5.9637E-08,   29.60   5.6699E-08,   29.70   5.3908E-08,   29.80   5.1256E-08,   29.90   4.8736E-08, 
  30.00   4.6341E-08, 

 No.   P1 P2 IN KIND T N  L  S1 IA J/S  IB BIND XFER  BE    SC PC FIL AFRAC Adjust  to  Z  Mass   K     Norm    rms      D0     D   ANC/Gsp

    At R=   29.990, ANC in ch  2 is   0.85683    ,   eta,eta*ln(2*rho)+rho =    1.5157        17.658    

    2:  1  2  2  0     1  5 0.5  1 5.5   0   4   0   3.8369  1  1  0 0.0000 VR  2.2294; 1. 1.010 0.4251 1.0000  3.921   -0.0    0.4  0.8568

 ************************************************************************************************************************************

 TWO-way COUPLING # 1 for partitions  2 <-  1 of KIND  5,   0  0  0 -1 -1 & P1,P2 = -172.8000   0.0000 : for J <=    32.5 & R <  30.0 fm.


 data =  1  1  1  1  1.0000,  so  < [he3      #  1] / [h2       #  1]  * Eigen-form #  1>  =   1.0000            BE =  5.494     1

 data =  2  1  1  2  1.0000,  so  < [ca40     #  1] / [k39      #  1]  * Eigen-form #  2>  =   1.0000            BE =  3.837     2
 KNT =   2, KNP =   1: NK,NG,loc=   1   1   1  13  T  T  F

     So ZERO-RANGE TRANSFER, with D0 =  -172.800 and finite-range effective radius   0.0000 fm.

   2  1  1 13     5.494  -172.800  -172.800     1.001     0.669     0.000     0.010

 Incoming partition  1 in excitation state # 1,   Laboratory Energy given for partition  1 Nucleus 1 in Excitation pair 1

0Lab. ENERGY ranges :

   from    21.0000     to   21.0000     in     0 intervals
   from    21.0000     to   0.00000     in     0 intervals
   from    0.00000     to   0.00000     in     0 intervals

 Largest real,imaginary parts of any form factor at R=   29.90 are   4.82E-02  5.58E-12 MeV
 Finished all Couplings @    4.12340015E-02          13

 Symmetric Hamiltonian
1***********************************************************************************************************************************
************************************************************************************************************************************

        INCOMING he3      ;    LABORATORY he3      ENERGY =   21.000     MeV.

 ***********************************************************************************************************************************
 ***********************************************************************************************************************************

 Allocate arrays for            2  channels, of which            2  need wfs.

 Total SPIN, PARITY =     0.0 +,      2 chs,      0 cc.  Rmin & Coul turning =    0.0    2.8


    C Projectl Target   #   EX.   (L  Proj) J  + Targ = Jtotal     E-cm      Re K     Re Eta     RM*K            CH
    1 he3      k39      #    1: I   2 0.5    1.5  1.5     0.0    19.49135   1.61545   2.26756   48.4636   0.14692   0.49129 1 1 1   1
    2 h2       ca40     #    1:     5 1.0    5.0  5.0     0.0    17.83462   1.27910   1.03274   38.3729  -0.03022  -0.50883 2 1 2   1
 Allocate arrays for            3  channels, of which            3  need wfs.
 Allocate arrays for            8  channels, of which            8  need wfs.
 Allocate arrays for           11  channels, of which           11  need wfs.
 Allocate arrays for           12  channels, of which           12  need wfs.
 Allocate arrays for           15  channels, of which           15  need wfs.
 Allocate arrays for           17  channels, of which           17  need wfs.
 Allocate arrays for           18  channels, of which           18  need wfs.
 Allocate arrays for           20  channels, of which           20  need wfs.
 Allocate arrays for           21  channels, of which           21  need wfs.
0****** WARNING : ACCURACY LOSS IN ERWIN = 14.4 DIGITS, SO EXPECT ERRORS OF   0.0000 % OF UNITARITY

 Reaction Xsec    29.0+/28 @ 1 =   0.209/, Out:   0.000#   0.059#   0.000f
 Reaction Xsec    29.0+/28 @ 2 =   0.205/, Out:   0.000#   0.124#   0.000f
 Reaction Xsec    29.0+/30 @ 3 =   0.052/, Out:   0.000#   0.023#   0.000f
 Reaction Xsec    29.0+/30 @ 4 =   0.051/, Out:   0.000#   0.002#   0.000f
 Reaction Xsec    29.0-/27 @ 1 =   0.410/, Out:   0.000#   0.017#   0.000f
 Reaction Xsec    29.0-/29 @ 2 =   0.104/, Out:   0.000#   0.024#   0.000f
 Reaction Xsec    29.0-/29 @ 3 =   0.102/, Out:   0.000#   0.015#   0.000f
 Reaction Xsec    29.0-/31 @ 4 =   0.026/, Out:   0.000#   0.002#   0.000f
 Reaction Xsec    30.0+/28 @ 1 =   0.212/, Out:   0.000#   0.022#   0.000f
 Reaction Xsec    30.0+/30 @ 2 =   0.054/, Out:   0.000#   0.029#   0.000f
 Reaction Xsec    30.0+/30 @ 3 =   0.053/, Out:   0.000#   0.006#   0.000f
 Reaction Xsec    30.0+/32 @ 4 =   0.013/, Out:   0.000#   0.001#   0.000f
 Reaction Xsec    30.0-/29 @ 1 =   0.108/, Out:   0.000#   0.020#   0.000f
 Reaction Xsec    30.0-/29 @ 2 =   0.105/, Out:   0.000#   0.169#   0.000f
 Reaction Xsec    30.0-/31 @ 3 =   0.027/, Out:   0.000#   0.011#   0.000f
 Reaction Xsec    30.0-/31 @ 4 =   0.026/, Out:   0.000#   0.001#   0.000f
 Reaction Xsec    31.0+/30 @ 1 =   0.056/, Out:   0.000#   0.018#   0.000f
 Reaction Xsec    31.0+/30 @ 2 =   0.054/, Out:   0.000#   0.310#   0.000f
 Reaction Xsec    31.0+/32 @ 3 =   0.014/, Out:   0.000#   0.006#   0.000f
 Reaction Xsec    31.0+/32 @ 4 =   0.013/, Out:   0.000#   0.000#   0.000f
 Reaction Xsec    31.0-/29 @ 1 =   0.109/, Out:   0.000#   0.052#   0.000f
 Reaction Xsec    31.0-/31 @ 2 =   0.028/, Out:   0.000#   0.086#   0.000f
 Reaction Xsec    31.0-/31 @ 3 =   0.027/, Out:   0.000#   0.004#   0.000f
 Reaction Xsec    31.0-/33 @ 4 =   6.904#, Out:   0.000#   0.000#   0.000f
 Reaction Xsec    32.0+/30 @ 1 =   0.056/, Out:   0.000#   0.005#   0.000f
 Reaction Xsec    32.0+/32 @ 2 =   0.014/, Out:   0.000#   0.030#   0.000f
 Reaction Xsec    32.0+/32 @ 3 =   0.014/, Out:   0.000#   0.002#   0.000f
 Reaction Xsec    32.0+/34 @ 4 =   3.553#, Out:   0.000#   0.000#   0.000f
 Reaction Xsec    32.0-/31 @ 1 =   0.029/, Out:   0.000#   0.071#   0.000f
 Reaction Xsec    32.0-/31 @ 2 =   0.028/, Out:   0.000#   0.036#   0.000f
 Reaction Xsec    32.0-/33 @ 3 =   7.124#, Out:   0.000#   0.003#   0.000f
 Reaction Xsec    32.0-/33 @ 4 =   6.901#, Out:   0.000#   0.000#   0.000f
 Finished all CC sets @   0.489716977    
0CUMULATIVE REACTION cross section                 = 1423.29136  <L> =     7.34  <L**2> =     63.8
0CUMULATIVE outgoing cross sections in partition 1 :    0.00000
0CUMULATIVE outgoing cross sections in partition 2 :    1.40964
0Cumulative ABSORBTION by Imaginary Potentials     = 1421.88173  <L> =     7.34  <L**2> =     63.8
   Fusion for specific he3      M-states : 1427.904770 1427.904770
0CUMULATIVE OUTGOING cross section                 =    1.40964
 To convert to S-factors (MeV.mb = keV.b),  multiply by  3.0022E+07


 CROSS SECTIONS FOR OUTGOING he3      & k39      in state #   1 with spins & parities 0.5  + &  1.5  +;  0

     0.01 deg.: X-S =   8.4933E+16 mb/sr,                       & pols = 0. -0.00000
+                                         /R =   1.0000E+00
     1.00 deg.: X-S =   8.4909E+08 mb/sr,                       & pols = 0.  0.00000
+                                         /R =   9.9967E-01
     2.00 deg.: X-S =   5.3169E+07 mb/sr,                       & pols = 0. -0.00001
+                                         /R =   1.0014E+00
     3.00 deg.: X-S =   1.0282E+07 mb/sr,                       & pols = 0.  0.00002
+                                         /R =   9.8014E-01
     4.00 deg.: X-S =   3.2994E+06 mb/sr,                       & pols = 0.  0.00011
+                                         /R =   9.9366E-01
     5.00 deg.: X-S =   1.4097E+06 mb/sr,                       & pols =-0.  0.00006
+                                         /R =   1.0360E+00
     6.00 deg.: X-S =   7.0157E+05 mb/sr,                       & pols = 0. -0.00016
+                                         /R =   1.0686E+00
     7.00 deg.: X-S =   3.7943E+05 mb/sr,                       & pols = 0. -0.00046
+                                         /R =   1.0700E+00
     8.00 deg.: X-S =   2.1688E+05 mb/sr,                       & pols = 0. -0.00069
+                                         /R =   1.0426E+00
     9.00 deg.: X-S =   1.3008E+05 mb/sr,                       & pols = 0. -0.00074
+                                         /R =   1.0007E+00
    10.00 deg.: X-S =   8.1861E+04 mb/sr,                       & pols =-0. -0.00053
+                                         /R =   9.5895E-01
    11.00 deg.: X-S =   5.4042E+04 mb/sr,                       & pols =-0. -0.00006
+                                         /R =   9.2588E-01
    12.00 deg.: X-S =   3.7257E+04 mb/sr,                       & pols =-0.  0.00056
+                                         /R =   9.0298E-01
    13.00 deg.: X-S =   2.6590E+04 mb/sr,                       & pols =-0.  0.00119
+                                         /R =   8.8652E-01
    14.00 deg.: X-S =   1.9435E+04 mb/sr,                       & pols = 0.  0.00172
+                                         /R =   8.7037E-01
    15.00 deg.: X-S =   1.4401E+04 mb/sr,                       & pols =-0.  0.00208
+                                         /R =   8.4861E-01
    16.00 deg.: X-S =   1.0731E+04 mb/sr,                       & pols =-0.  0.00223
+                                         /R =   8.1731E-01
    17.00 deg.: X-S =  7999.907971 mb/sr,                       & pols =-0.  0.00221
+                                         /R =   7.7522E-01
    18.00 deg.: X-S =  5953.124966 mb/sr,                       & pols =-0.  0.00203
+                                         /R =   7.2378E-01
    19.00 deg.: X-S =  4423.478917 mb/sr,                       & pols =-0.  0.00175
+                                         /R =   6.6640E-01
    20.00 deg.: X-S =  3291.270528 mb/sr,                       & pols =-0.  0.00141
+                                         /R =   6.0754E-01
    21.00 deg.: X-S =  2464.346100 mb/sr,                       & pols =-0.  0.00111
+                                         /R =   5.5178E-01
    22.00 deg.: X-S =  1868.932525 mb/sr,                       & pols =-0.  0.00091
+                                         /R =   5.0295E-01
    23.00 deg.: X-S =  1445.373375 mb/sr,                       & pols =-0.  0.00089
+                                         /R =   4.6359E-01
    24.00 deg.: X-S =  1145.926049 mb/sr,                       & pols =-0.  0.00109
+                                         /R =   4.3472E-01
    25.00 deg.: X-S =   933.275823 mb/sr,                       & pols =-0.  0.00147
+                                         /R =   4.1580E-01
    26.00 deg.: X-S =   779.202404 mb/sr,                       & pols =-0.  0.00198
+                                         /R =   4.0507E-01
    27.00 deg.: X-S =   663.220671 mb/sr,                       & pols =-0.  0.00251
+                                         /R =   3.9988E-01
    28.00 deg.: X-S =   571.191279 mb/sr,                       & pols =-0.  0.00300
+                                         /R =   3.9721E-01
    29.00 deg.: X-S =   493.960489 mb/sr,                       & pols = 0.  0.00340
+                                         /R =   3.9412E-01
    30.00 deg.: X-S =   426.098107 mb/sr,                       & pols = 0.  0.00370
+                                         /R =   3.8817E-01
    31.00 deg.: X-S =   364.788305 mb/sr,                       & pols = 0.  0.00392
+                                         /R =   3.7772E-01
    32.00 deg.: X-S =   308.906285 mb/sr,                       & pols = 0.  0.00412
+                                         /R =   3.6200E-01
    33.00 deg.: X-S =   258.292232 mb/sr,                       & pols = 0.  0.00436
+                                         /R =   3.4120E-01
    34.00 deg.: X-S =   213.216273 mb/sr,                       & pols = 0.  0.00473
+                                         /R =   3.1630E-01
    35.00 deg.: X-S =   174.015406 mb/sr,                       & pols = 0.  0.00531
+                                         /R =   2.8886E-01
    36.00 deg.: X-S =   140.875505 mb/sr,                       & pols = 0.  0.00624
+                                         /R =   2.6079E-01
    37.00 deg.: X-S =   113.727970 mb/sr,                       & pols = 0.  0.00762
+                                         /R =   2.3405E-01
    38.00 deg.: X-S =    92.230425 mb/sr,                       & pols = 0.  0.00951
+                                         /R =   2.1037E-01
    39.00 deg.: X-S =    75.803232 mb/sr,                       & pols =-0.  0.01186
+                                         /R =   1.9107E-01
    40.00 deg.: X-S =    63.697523 mb/sr,                       & pols =-0.  0.01443
+                                         /R =   1.7695E-01
    41.00 deg.: X-S =    55.075336 mb/sr,                       & pols =-0.  0.01686
+                                         /R =   1.6819E-01
    42.00 deg.: X-S =    49.087444 mb/sr,                       & pols =-0.  0.01869
+                                         /R =   1.6437E-01
    43.00 deg.: X-S =    44.939368 mb/sr,                       & pols =-0.  0.01962
+                                         /R =   1.6461E-01
    44.00 deg.: X-S =    41.940284 mb/sr,                       & pols = 0.  0.01954
+                                         /R =   1.6767E-01
    45.00 deg.: X-S =    39.533063 mb/sr,                       & pols = 0.  0.01852
+                                         /R =   1.7213E-01
    46.00 deg.: X-S =    37.306286 mb/sr,                       & pols = 0.  0.01674
+                                         /R =   1.7653E-01
    47.00 deg.: X-S =    34.990894 mb/sr,                       & pols = 0.  0.01436
+                                         /R =   1.7959E-01
    48.00 deg.: X-S =    32.445125 mb/sr,                       & pols = 0.  0.01151
+                                         /R =   1.8027E-01
    49.00 deg.: X-S =    29.631730 mb/sr,                       & pols = 0.  0.00826
+                                         /R =   1.7791E-01
    50.00 deg.: X-S =    26.591339 mb/sr,                       & pols = 0.  0.00467
+                                         /R =   1.7221E-01
    51.00 deg.: X-S =    23.415292 mb/sr,                       & pols = 0.  0.00075
+                                         /R =   1.6329E-01
    52.00 deg.: X-S =    20.220577 mb/sr,                       & pols = 0. -0.00349
+                                         /R =   1.5160E-01
    53.00 deg.: X-S =    17.128673 mb/sr,                       & pols = 0. -0.00799
+                                         /R =   1.3784E-01
    54.00 deg.: X-S =    14.249326 mb/sr,                       & pols = 0. -0.01265
+                                         /R =   1.2289E-01
    55.00 deg.: X-S =    11.669590 mb/sr,                       & pols = 0. -0.01722
+                                         /R =   1.0770E-01
    56.00 deg.: X-S =     9.447882 mb/sr,                       & pols = 0. -0.02127
+                                         /R =   9.3176E-02
    57.00 deg.: X-S =     7.612409 mb/sr,                       & pols = 0. -0.02403
+                                         /R =   8.0114E-02
    58.00 deg.: X-S =     6.163076 mb/sr,                       & pols = 0. -0.02447
+                                         /R =   6.9122E-02
    59.00 deg.: X-S =     5.075842 mb/sr,                       & pols = 0. -0.02139
+                                         /R =   6.0589E-02
    60.00 deg.: X-S =     4.308553 mb/sr,                       & pols = 0. -0.01404
+                                         /R =   5.4669E-02
    61.00 deg.: X-S =     3.807344 mb/sr,                       & pols =-0. -0.00277
+                                         /R =   5.1290E-02
    62.00 deg.: X-S =     3.512863 mb/sr,                       & pols =-0.  0.01075
+                                         /R =   5.0182E-02
    63.00 deg.: X-S =     3.365778 mb/sr,                       & pols = 0.  0.02420
+                                         /R =   5.0928E-02
    64.00 deg.: X-S =     3.311210 mb/sr,                       & pols = 0.  0.03573
+                                         /R =   5.3010E-02
    65.00 deg.: X-S =     3.301915 mb/sr,                       & pols = 0.  0.04448
+                                         /R =   5.5868E-02
    66.00 deg.: X-S =     3.300194 mb/sr,                       & pols = 0.  0.05042
+                                         /R =   5.8953E-02
    67.00 deg.: X-S =     3.278636 mb/sr,                       & pols = 0.  0.05393
+                                         /R =   6.1771E-02
    68.00 deg.: X-S =     3.219877 mb/sr,                       & pols = 0.  0.05547
+                                         /R =   6.3917E-02
    69.00 deg.: X-S =     3.115595 mb/sr,                       & pols = 0.  0.05543
+                                         /R =   6.5101E-02
    70.00 deg.: X-S =     2.965008 mb/sr,                       & pols = 0.  0.05408
+                                         /R =   6.5151E-02
    71.00 deg.: X-S =     2.773088 mb/sr,                       & pols = 0.  0.05156
+                                         /R =   6.4020E-02
    72.00 deg.: X-S =     2.548718 mb/sr,                       & pols = 0.  0.04792
+                                         /R =   6.1763E-02
    73.00 deg.: X-S =     2.302942 mb/sr,                       & pols = 0.  0.04312
+                                         /R =   5.8528E-02
    74.00 deg.: X-S =     2.047446 mb/sr,                       & pols = 0.  0.03705
+                                         /R =   5.4525E-02
    75.00 deg.: X-S =     1.793336 mb/sr,                       & pols = 0.  0.02956
+                                         /R =   5.0001E-02
    76.00 deg.: X-S =     1.550246 mb/sr,                       & pols = 0.  0.02049
+                                         /R =   4.5217E-02
    77.00 deg.: X-S =     1.325778 mb/sr,                       & pols = 0.  0.00973
+                                         /R =   4.0421E-02
    78.00 deg.: X-S =     1.125250 mb/sr,                       & pols = 0. -0.00270
+                                         /R =   3.5832E-02
    79.00 deg.: X-S =     0.951687 mb/sr,                       & pols = 0. -0.01655
+                                         /R =   3.1628E-02
    80.00 deg.: X-S =     0.806018 mb/sr,                       & pols = 0. -0.03119
+                                         /R =   2.7935E-02
                                           Integrated********** mb, over [   0.000,  80.000] at    21.0000 MeV 

 CROSS SECTIONS FOR OUTGOING h2       & ca40     in state #   1 with spins & parities 1.0  + &  5.0  -;  0

     0.00 deg.: X-S =     0.075829 mb/sr,                       & pols = 0.  0.00000
+                                         REAC   1.4096E+00 mb
     1.00 deg.: X-S =     0.075797 mb/sr,                       & pols = 0.  0.00866
     2.00 deg.: X-S =     0.075722 mb/sr,                       & pols = 0.  0.01814
     3.00 deg.: X-S =     0.075660 mb/sr,                       & pols = 0.  0.02914
     4.00 deg.: X-S =     0.075697 mb/sr,                       & pols = 0.  0.04216
     5.00 deg.: X-S =     0.075938 mb/sr,                       & pols = 0.  0.05739
     6.00 deg.: X-S =     0.076499 mb/sr,                       & pols = 0.  0.07464
     7.00 deg.: X-S =     0.077503 mb/sr,                       & pols = 0.  0.09335
     8.00 deg.: X-S =     0.079079 mb/sr,                       & pols = 0.  0.11255
     9.00 deg.: X-S =     0.081361 mb/sr,                       & pols = 0.  0.13104
    10.00 deg.: X-S =     0.084488 mb/sr,                       & pols = 0.  0.14747
    11.00 deg.: X-S =     0.088601 mb/sr,                       & pols = 0.  0.16061
    12.00 deg.: X-S =     0.093850 mb/sr,                       & pols = 0.  0.16950
    13.00 deg.: X-S =     0.100389 mb/sr,                       & pols = 0.  0.17357
    14.00 deg.: X-S =     0.108390 mb/sr,                       & pols = 0.  0.17272
    15.00 deg.: X-S =     0.118040 mb/sr,                       & pols = 0.  0.16729
    16.00 deg.: X-S =     0.129553 mb/sr,                       & pols = 0.  0.15792
    17.00 deg.: X-S =     0.143162 mb/sr,                       & pols = 0.  0.14552
    18.00 deg.: X-S =     0.159105 mb/sr,                       & pols =-0.  0.13109
    19.00 deg.: X-S =     0.177603 mb/sr,                       & pols =-0.  0.11565
    20.00 deg.: X-S =     0.198823 mb/sr,                       & pols =-0.  0.10011
    21.00 deg.: X-S =     0.222841 mb/sr,                       & pols =-0.  0.08520
    22.00 deg.: X-S =     0.249615 mb/sr,                       & pols =-0.  0.07146
    23.00 deg.: X-S =     0.278953 mb/sr,                       & pols =-0.  0.05916
    24.00 deg.: X-S =     0.310496 mb/sr,                       & pols =-0.  0.04840
    25.00 deg.: X-S =     0.343718 mb/sr,                       & pols =-0.  0.03912
    26.00 deg.: X-S =     0.377923 mb/sr,                       & pols =-0.  0.03117
    27.00 deg.: X-S =     0.412263 mb/sr,                       & pols =-0.  0.02436
    28.00 deg.: X-S =     0.445761 mb/sr,                       & pols =-0.  0.01850
    29.00 deg.: X-S =     0.477354 mb/sr,                       & pols =-0.  0.01342
    30.00 deg.: X-S =     0.505941 mb/sr,                       & pols =-0.  0.00898
    31.00 deg.: X-S =     0.530445 mb/sr,                       & pols =-0.  0.00508
    32.00 deg.: X-S =     0.549882 mb/sr,                       & pols =-0.  0.00165
    33.00 deg.: X-S =     0.563428 mb/sr,                       & pols =-0. -0.00139
    34.00 deg.: X-S =     0.570477 mb/sr,                       & pols =-0. -0.00407
    35.00 deg.: X-S =     0.570682 mb/sr,                       & pols =-0. -0.00645
    36.00 deg.: X-S =     0.563982 mb/sr,                       & pols =-0. -0.00858
    37.00 deg.: X-S =     0.550598 mb/sr,                       & pols =-0. -0.01051
    38.00 deg.: X-S =     0.531023 mb/sr,                       & pols =-0. -0.01229
    39.00 deg.: X-S =     0.505982 mb/sr,                       & pols =-0. -0.01394
    40.00 deg.: X-S =     0.476386 mb/sr,                       & pols =-0. -0.01550
    41.00 deg.: X-S =     0.443287 mb/sr,                       & pols =-0. -0.01695
    42.00 deg.: X-S =     0.407814 mb/sr,                       & pols =-0. -0.01829
    43.00 deg.: X-S =     0.371123 mb/sr,                       & pols =-0. -0.01946
    44.00 deg.: X-S =     0.334342 mb/sr,                       & pols = 0. -0.02043
    45.00 deg.: X-S =     0.298527 mb/sr,                       & pols = 0. -0.02114
    46.00 deg.: X-S =     0.264610 mb/sr,                       & pols = 0. -0.02155
    47.00 deg.: X-S =     0.233375 mb/sr,                       & pols = 0. -0.02164
    48.00 deg.: X-S =     0.205425 mb/sr,                       & pols = 0. -0.02143
    49.00 deg.: X-S =     0.181169 mb/sr,                       & pols = 0. -0.02099
    50.00 deg.: X-S =     0.160818 mb/sr,                       & pols = 0. -0.02050
    51.00 deg.: X-S =     0.144397 mb/sr,                       & pols = 0. -0.02017
    52.00 deg.: X-S =     0.131756 mb/sr,                       & pols = 0. -0.02030
    53.00 deg.: X-S =     0.122606 mb/sr,                       & pols = 0. -0.02116
    54.00 deg.: X-S =     0.116548 mb/sr,                       & pols = 0. -0.02295
    55.00 deg.: X-S =     0.113113 mb/sr,                       & pols = 0. -0.02572
    56.00 deg.: X-S =     0.111794 mb/sr,                       & pols = 0. -0.02940
    57.00 deg.: X-S =     0.112087 mb/sr,                       & pols = 0. -0.03383
    58.00 deg.: X-S =     0.113509 mb/sr,                       & pols = 0. -0.03882
    59.00 deg.: X-S =     0.115623 mb/sr,                       & pols = 0. -0.04422
    60.00 deg.: X-S =     0.118048 mb/sr,                       & pols =-0. -0.04992
    61.00 deg.: X-S =     0.120465 mb/sr,                       & pols = 0. -0.05584
    62.00 deg.: X-S =     0.122620 mb/sr,                       & pols =-0. -0.06194
    63.00 deg.: X-S =     0.124322 mb/sr,                       & pols = 0. -0.06815
    64.00 deg.: X-S =     0.125442 mb/sr,                       & pols =-0. -0.07441
    65.00 deg.: X-S =     0.125909 mb/sr,                       & pols = 0. -0.08067
    66.00 deg.: X-S =     0.125706 mb/sr,                       & pols = 0. -0.08683
    67.00 deg.: X-S =     0.124868 mb/sr,                       & pols = 0. -0.09285
    68.00 deg.: X-S =     0.123465 mb/sr,                       & pols = 0. -0.09868
    69.00 deg.: X-S =     0.121596 mb/sr,                       & pols = 0. -0.10430
    70.00 deg.: X-S =     0.119372 mb/sr,                       & pols = 0. -0.10974
    71.00 deg.: X-S =     0.116902 mb/sr,                       & pols = 0. -0.11500
    72.00 deg.: X-S =     0.114284 mb/sr,                       & pols = 0. -0.12011
    73.00 deg.: X-S =     0.111588 mb/sr,                       & pols = 0. -0.12504
    74.00 deg.: X-S =     0.108864 mb/sr,                       & pols = 0. -0.12976
    75.00 deg.: X-S =     0.106135 mb/sr,                       & pols = 0. -0.13418
    76.00 deg.: X-S =     0.103409 mb/sr,                       & pols = 0. -0.13823
    77.00 deg.: X-S =     0.100684 mb/sr,                       & pols = 0. -0.14183
    78.00 deg.: X-S =     0.097958 mb/sr,                       & pols = 0. -0.14496
    79.00 deg.: X-S =     0.095227 mb/sr,                       & pols = 0. -0.14766
    80.00 deg.: X-S =     0.092493 mb/sr,                       & pols = 0. -0.14999
                                           Integrated    1.1327 mb, over [   0.000,  80.000] at    21.0000 MeV 
 Finished all xsecs @   0.522423983    

  The following files have been created:
   3:local copy of User input.            6:standard output.                   
  13:total cross sections/state.         16:tables of cross sections.          
  35:Astrophysics S-factors  / Ecm.      39:cross sections for each Ecm.       
  40:all cross sectns. for each Elab.    46:bs wave functions & ANC ratios.    
  56:Fusion for each Jtotal.             58:Single-particle wfns.              
  75:S-factors for lab energies.        201:Separate cross sections.           
 202:Separate cross sections.           

 PARAMETERS : MAXQRN   MFNL   MLOC  LMAX1 MCLIST
    ALLOWED :     10    441     22     52      6
    REQUIRED:      1      0     13     39      4


 ACCURACY ANALYSIS at    21.000 MeV :

  Elastic h*k = 0.016 so OK       compared with 0.200

   Real(S-el) > 0.01 first at J =       1.0
   Real(S-el) > 0.10 first at J =       5.0
   Real(S-el) > 0.50 first at J =       8.0
   Real(S-el) > 0.90 first at J =      10.0
   Real(S-el) > 0.99 first at J =      13.0
   R-turn =    21.57 fm    at J =      32.0

 Forward-angle excitation cut off below   7.995 deg by max JT =      32.0
                              and below   5.362 deg by max R.

 Total CPU  0 time =       0.52 seconds
