 FRESCO - FRES 3.4: Coupled Reaction Channels
 Assuming NAMELIST input.

 39K(3He,d)40Ca 21 MeV DWBA ZR 7658 keV Jpi=4- l=3 n=2 j=7/2                     

   0.010  25.000   0.100   0.100  10.000  -0.300   0.000   0.000   0.000   0.000

 Centre-of-mass Range is   2502 * 0.0100 fm., Maximum at  25.00 fm., Interpolating NL forms every  0.10 fm.
 Non - locality width is    101 * 0.1000 fm., Maximum of  10.00 fm., Centred at -0.20 fm.
 2-Nucleon Separation of      0 * 0.1000 fm., Maximum of   0.00 fm., Minimum at  0.00 fm.
 Maximum single particle bins of 25.0000 fm.
               M,Mint =         2501        2501


 Range of total J is     0.0 <= J <=    30.0 (at least     0.0) and Absorbtion =>    -1.0000 mb.
 Dry Run = F, CC set limits =  0  0, Relativistic kinematics =  , Both/Far/Near Analyses =  1                     

 Cross Sections (and up to T1 for 0=projectile) for Theta from   0.0 to  80.0 in steps of  1.0 degrees, DGAM=0,  Coordinates = 0 (Mads)

 Lower Radial Cutoff = maximum of -1.60*L*h &       0.0 fm.,  Lower Cutoff for Couplings =   0.0  fm.


 Iterate Couplings between   0 and   1 times, to  0.000 % if sooner.                                          
  Block solved exactly =   0 chs., with Pade = 0 & Isocen =  =0, NOSOL = F, initwf =  0
  NL quadrature with   36 Gaussian points, Calculate multipoles up to    36 from   0
  M-transfers for lp+lt greater than or equal to  6, Angular Integration Cutoff below  0.6944 %


 Trace switches are :  CHANS =  1, LISTCC =  0, TRENEG =  0, CDETR =  0, SMATS =  0, XSTABL =  1, NLPL =  0

                       WAVES =  0, LAMPL =  0, VEFF =  0, KFUS =  0, WDISK =  0, BPM =  0, MELFIL =  0

                       CDCC =  0, NFUS =  0

 Using unit mass = 1.000000 amu and 1/fine-structure constant = 137.03599 ( 1.000000 * true ) with hc = 197.32705 MeV.fm,
  thus 2*amu/hbar^2 = 0.0478450 = 1/20.9008 and Coulomb constant = 0.1574855 so e^2 = 1.43997, and nuclear magneton= 0.1261183

 Now pre-scan input and save to file 3

  WARNING: target longitudinal recoil NOT included in the ZR coupling #            1


 *********** PARTITION NUMBER  1 ******************************************************************************************

   PROJ=he3        MASS=  3.0150 Z=   2.0,        # STATES=    1T, TARG=k39      MASS= 38.9530 Z=  19.0,     Q-VALUE =   0.0000 MEV.

     1:  J= 0.5+ (B# 1), E=  0.0000, K= 0.5              Potl#  1       J= 1.5+ (B# 1), E=  0.0000, K= 0.5    


 *********** PARTITION NUMBER  2 ******************************************************************************************

   PROJ=h2         MASS=  2.0140 Z=   1.0,        # STATES=    1T, TARG=ca40     MASS= 39.9630 Z=  20.0,     Q-VALUE =   2.8347 MEV.

     1:  J= 1.0+ (B# 1), E=  0.0000, K= 0.0              Potl#  2       J= 4.0- (B#-1), E=  7.6582, K= 0.0    
0****** WARNING : COMPARED WITH PARTITION  1, THIS PARTITION HAS TOTAL MASS & CHARGE EXCESSES   0.01205 &   0.0000


 ************************************************************************************************************************************

 The following POTENTIALS are defined :

  KP#       TYPE      IT    SHAPE      at     V1        r1        a1        V2        r2        a2        A-in     A-used


                                            A#1       A#2        r0c       ac                                                h @ 1
    1    0=Coulomb       0=CHARGE (WS)  1    38.953     0.000    1.2890    0.0000    0.0000    0.0000     0.000    38.953   0.01000

    1    1=Volume        0=Woods-Saxon  2  117.8810    1.1780    0.7680   -0.6460    1.4150    0.8470     0.000    38.953

    1    2=Surface       0=Woods-Saxon  3    0.0000    0.0000    0.0000   20.6650    1.1980    0.8520     0.000    38.953

    1    3=Projtl S.O.   0=Woods-Saxon  4    2.0830    0.7380    0.9460   -1.1590    0.0000    0.0000     0.000    38.953
   --------------------------------------------------------------------------------------------------------------------

                                            A#1       A#2        r0c       ac                                                h @ 2
    2    0=Coulomb       0=CHARGE (WS)  5    39.963     0.000    1.3030    0.0000    0.0000    0.0000     0.000    39.963   0.01000

    2    1=Volume        0=Woods-Saxon  6   91.1200    1.1500    0.7620    2.2340    1.3340    0.5130     0.000    39.963

    2    2=Surface       0=Woods-Saxon  7    0.0000    0.0000    0.0000   10.2740    1.3780    0.7430     0.000    39.963

    2    3=Projtl S.O.   0=Woods-Saxon  8    3.5570    0.9720    1.0110    0.0000    0.0000    0.0000     0.000    39.963
   --------------------------------------------------------------------------------------------------------------------

                                            A#1       A#2        r0c       ac                                                h @ 0
    3    0=Coulomb       0=CHARGE (WS)  9     3.015     0.000    1.2500    0.0000    0.0000    0.0000     0.000     3.015   0.01000

    3    1=Volume        0=Woods-Saxon 10   50.0000    1.2500    0.6500    0.0000    0.0000    0.0000     0.000     3.015
   --------------------------------------------------------------------------------------------------------------------

                                            A#1       A#2        r0c       ac                                                h @ 0
    4    0=Coulomb       0=CHARGE (WS) 11    38.953     0.000    1.2500    0.0000    0.0000    0.0000     0.000    38.953   0.01000

    4    1=Volume        0=Woods-Saxon 12   50.0000    1.2500    0.6500    0.0000    0.0000    0.0000     0.000    38.953


 ************************************************************************************************************************************

 The following SINGLE-PARTICLE FORM FACTORS are constructed :


 No.   P1 P2 IN KIND T N  L  S1 IA J/S  IB BIND XFER  BE    SC PC FIL AFRAC Adjust  to  Z  Mass   K     Norm    rms      D0     D   ANC/Gsp

 For Channel #  1 with l = 0,  j =  0.5, around core state #  1

   R    Y(R)
   0.00   0.0000E+00,    0.10   5.8280E-02,    0.20   1.1591E-01,    0.30   1.7228E-01,    0.40   2.2679E-01,    0.50   2.7891E-01, 
   0.60   3.2812E-01,    0.70   3.7401E-01,    0.80   4.1621E-01,    0.90   4.5442E-01,    1.00   4.8842E-01,    1.10   5.1808E-01, 
   1.20   5.4332E-01,    1.30   5.6417E-01,    1.40   5.8070E-01,    1.50   5.9306E-01,    1.60   6.0146E-01,    1.70   6.0615E-01, 
   1.80   6.0741E-01,    1.90   6.0557E-01,    2.00   6.0094E-01,    2.10   5.9388E-01,    2.20   5.8471E-01,    2.30   5.7376E-01, 
   2.40   5.6133E-01,    2.50   5.4772E-01,    2.60   5.3317E-01,    2.70   5.1794E-01,    2.80   5.0221E-01,    2.90   4.8618E-01, 
   3.00   4.6999E-01,    3.10   4.5378E-01,    3.20   4.3767E-01,    3.30   4.2173E-01,    3.40   4.0605E-01,    3.50   3.9068E-01, 
   3.60   3.7566E-01,    3.70   3.6103E-01,    3.80   3.4682E-01,    3.90   3.3304E-01,    4.00   3.1970E-01,    4.10   3.0681E-01, 
   4.20   2.9437E-01,    4.30   2.8238E-01,    4.40   2.7083E-01,    4.50   2.5971E-01,    4.60   2.4902E-01,    4.70   2.3874E-01, 
   4.80   2.2887E-01,    4.90   2.1939E-01,    5.00   2.1029E-01,    5.10   2.0156E-01,    5.20   1.9318E-01,    5.30   1.8514E-01, 
   5.40   1.7743E-01,    5.50   1.7004E-01,    5.60   1.6296E-01,    5.70   1.5616E-01,    5.80   1.4965E-01,    5.90   1.4341E-01, 
   6.00   1.3743E-01,    6.10   1.3170E-01,    6.20   1.2620E-01,    6.30   1.2094E-01,    6.40   1.1589E-01,    6.50   1.1106E-01, 
   6.60   1.0643E-01,    6.70   1.0199E-01,    6.80   9.7738E-02,    6.90   9.3663E-02,    7.00   8.9758E-02,    7.10   8.6017E-02, 
   7.20   8.2432E-02,    7.30   7.8996E-02,    7.40   7.5705E-02,    7.50   7.2551E-02,    7.60   6.9529E-02,    7.70   6.6633E-02, 
   7.80   6.3858E-02,    7.90   6.1199E-02,    8.00   5.8651E-02,    8.10   5.6210E-02,    8.20   5.3870E-02,    8.30   5.1628E-02, 
   8.40   4.9480E-02,    8.50   4.7422E-02,    8.60   4.5449E-02,    8.70   4.3559E-02,    8.80   4.1747E-02,    8.90   4.0011E-02, 
   9.00   3.8348E-02,    9.10   3.6753E-02,    9.20   3.5226E-02,    9.30   3.3762E-02,    9.40   3.2358E-02,    9.50   3.1014E-02, 
   9.60   2.9725E-02,    9.70   2.8490E-02,    9.80   2.7307E-02,    9.90   2.6173E-02,   10.00   2.5086E-02,   10.10   2.4044E-02, 
  10.20   2.3046E-02,   10.30   2.2089E-02,   10.40   2.1172E-02,   10.50   2.0293E-02,   10.60   1.9451E-02,   10.70   1.8644E-02, 
  10.80   1.7870E-02,   10.90   1.7128E-02,   11.00   1.6418E-02,   11.10   1.5737E-02,   11.20   1.5084E-02,   11.30   1.4458E-02, 
  11.40   1.3858E-02,   11.50   1.3284E-02,   11.60   1.2733E-02,   11.70   1.2205E-02,   11.80   1.1699E-02,   11.90   1.1214E-02, 
  12.00   1.0749E-02,   12.10   1.0303E-02,   12.20   9.8761E-03,   12.30   9.4667E-03,   12.40   9.0744E-03,   12.50   8.6983E-03, 
  12.60   8.3378E-03,   12.70   7.9923E-03,   12.80   7.6612E-03,   12.90   7.3438E-03,   13.00   7.0395E-03,   13.10   6.7479E-03, 
  13.20   6.4684E-03,   13.30   6.2004E-03,   13.40   5.9436E-03,   13.50   5.6975E-03,   13.60   5.4615E-03,   13.70   5.2353E-03, 
  13.80   5.0185E-03,   13.90   4.8107E-03,   14.00   4.6116E-03,   14.10   4.4206E-03,   14.20   4.2376E-03,   14.30   4.0622E-03, 
  14.40   3.8940E-03,   14.50   3.7329E-03,   14.60   3.5783E-03,   14.70   3.4302E-03,   14.80   3.2883E-03,   14.90   3.1522E-03, 
  15.00   3.0217E-03,   15.10   2.8967E-03,   15.20   2.7768E-03,   15.30   2.6619E-03,   15.40   2.5518E-03,   15.50   2.4462E-03, 
  15.60   2.3450E-03,   15.70   2.2480E-03,   15.80   2.1550E-03,   15.90   2.0659E-03,   16.00   1.9804E-03,   16.10   1.8985E-03, 
  16.20   1.8200E-03,   16.30   1.7447E-03,   16.40   1.6726E-03,   16.50   1.6034E-03,   16.60   1.5371E-03,   16.70   1.4735E-03, 
  16.80   1.4126E-03,   16.90   1.3542E-03,   17.00   1.2982E-03,   17.10   1.2445E-03,   17.20   1.1931E-03,   17.30   1.1438E-03, 
  17.40   1.0965E-03,   17.50   1.0511E-03,   17.60   1.0077E-03,   17.70   9.6604E-04,   17.80   9.2611E-04,   17.90   8.8783E-04, 
  18.00   8.5114E-04,   18.10   8.1596E-04,   18.20   7.8224E-04,   18.30   7.4991E-04,   18.40   7.1892E-04,   18.50   6.8921E-04, 
  18.60   6.6073E-04,   18.70   6.3343E-04,   18.80   6.0725E-04,   18.90   5.8216E-04,   19.00   5.5811E-04,   19.10   5.3505E-04, 
  19.20   5.1295E-04,   19.30   4.9175E-04,   19.40   4.7144E-04,   19.50   4.5196E-04,   19.60   4.3329E-04,   19.70   4.1539E-04, 
  19.80   3.9823E-04,   19.90   3.8179E-04,   20.00   3.6602E-04,   20.10   3.5090E-04,   20.20   3.3640E-04,   20.30   3.2251E-04, 
  20.40   3.0919E-04,   20.50   2.9642E-04,   20.60   2.8418E-04,   20.70   2.7244E-04,   20.80   2.6119E-04,   20.90   2.5041E-04, 
  21.00   2.4007E-04,   21.10   2.3015E-04,   21.20   2.2065E-04,   21.30   2.1154E-04,   21.40   2.0281E-04,   21.50   1.9443E-04, 
  21.60   1.8640E-04,   21.70   1.7871E-04,   21.80   1.7133E-04,   21.90   1.6426E-04,   22.00   1.5748E-04,   22.10   1.5098E-04, 
  22.20   1.4474E-04,   22.30   1.3877E-04,   22.40   1.3304E-04,   22.50   1.2755E-04,   22.60   1.2228E-04,   22.70   1.1724E-04, 
  22.80   1.1240E-04,   22.90   1.0776E-04,   23.00   1.0331E-04,   23.10   9.9046E-05,   23.20   9.4958E-05,   23.30   9.1039E-05, 
  23.40   8.7282E-05,   23.50   8.3680E-05,   23.60   8.0226E-05,   23.70   7.6915E-05,   23.80   7.3741E-05,   23.90   7.0698E-05, 
  24.00   6.7781E-05,   24.10   6.4984E-05,   24.20   6.2303E-05,   24.30   5.9732E-05,   24.40   5.7267E-05,   24.50   5.4904E-05, 
  24.60   5.2639E-05,   24.70   5.0467E-05,   24.80   4.8385E-05,   24.90   4.6389E-05,   25.00   4.4475E-05, 

 No.   P1 P2 IN KIND T N  L  S1 IA J/S  IB BIND XFER  BE    SC PC FIL AFRAC Adjust  to  Z  Mass   K     Norm    rms      D0     D   ANC/Gsp

    At R=   24.990, ANC in ch  1 is    1.8773    ,   eta,eta*ln(2*rho)+rho =   0.54944E-01    10.644    

    1:  2  1  1  0     1  0 0.5  1 0.5   0   3   0   5.4935  1  1  0 0.0000 VR  0.8879; 1. 1.001 0.4192 1.0000  2.820 -166.8 -176.0  1.8773

 For Channel #  1 with l = 3,  j =  3.5, around core state #  1

   R    Y(R)
   0.00  -0.0000E+00,    0.10   9.0625E-06,    0.20   1.4389E-04,    0.30   7.1911E-04,    0.40   2.2320E-03,    0.50   5.3237E-03, 
   0.60   1.0728E-02,    0.70   1.9210E-02,    0.80   3.1502E-02,    0.90   4.8234E-02,    1.00   6.9871E-02,    1.10   9.6653E-02, 
   1.20   1.2855E-01,    1.30   1.6522E-01,    1.40   2.0602E-01,    1.50   2.4996E-01,    1.60   2.9577E-01,    1.70   3.4193E-01, 
   1.80   3.8671E-01,    1.90   4.2824E-01,    2.00   4.6464E-01,    2.10   4.9406E-01,    2.20   5.1478E-01,    2.30   5.2534E-01, 
   2.40   5.2460E-01,    2.50   5.1176E-01,    2.60   4.8652E-01,    2.70   4.4900E-01,    2.80   3.9982E-01,    2.90   3.4003E-01, 
   3.00   2.7110E-01,    3.10   1.9485E-01,    3.20   1.1334E-01,    3.30   2.8796E-02,    3.40  -5.6515E-02,    3.50  -1.4038E-01, 
   3.60  -2.2074E-01,    3.70  -2.9579E-01,    3.80  -3.6403E-01,    3.90  -4.2432E-01,    4.00  -4.7590E-01,    4.10  -5.1838E-01, 
   4.20  -5.5170E-01,    4.30  -5.7615E-01,    4.40  -5.9222E-01,    4.50  -6.0063E-01,    4.60  -6.0220E-01,    4.70  -5.9785E-01, 
   4.80  -5.8850E-01,    4.90  -5.7506E-01,    5.00  -5.5837E-01,    5.10  -5.3922E-01,    5.20  -5.1829E-01,    5.30  -4.9620E-01, 
   5.40  -4.7343E-01,    5.50  -4.5041E-01,    5.60  -4.2749E-01,    5.70  -4.0492E-01,    5.80  -3.8290E-01,    5.90  -3.6160E-01, 
   6.00  -3.4111E-01,    6.10  -3.2151E-01,    6.20  -3.0284E-01,    6.30  -2.8512E-01,    6.40  -2.6835E-01,    6.50  -2.5251E-01, 
   6.60  -2.3758E-01,    6.70  -2.2353E-01,    6.80  -2.1032E-01,    6.90  -1.9792E-01,    7.00  -1.8629E-01,    7.10  -1.7538E-01, 
   7.20  -1.6515E-01,    7.30  -1.5557E-01,    7.40  -1.4659E-01,    7.50  -1.3817E-01,    7.60  -1.3029E-01,    7.70  -1.2290E-01, 
   7.80  -1.1597E-01,    7.90  -1.0948E-01,    8.00  -1.0338E-01,    8.10  -9.7670E-02,    8.20  -9.2308E-02,    8.30  -8.7274E-02, 
   8.40  -8.2546E-02,    8.50  -7.8105E-02,    8.60  -7.3931E-02,    8.70  -7.0007E-02,    8.80  -6.6316E-02,    8.90  -6.2843E-02, 
   9.00  -5.9573E-02,    9.10  -5.6494E-02,    9.20  -5.3593E-02,    9.30  -5.0859E-02,    9.40  -4.8280E-02,    9.50  -4.5848E-02, 
   9.60  -4.3553E-02,    9.70  -4.1387E-02,    9.80  -3.9340E-02,    9.90  -3.7407E-02,   10.00  -3.5580E-02,   10.10  -3.3852E-02, 
  10.20  -3.2218E-02,   10.30  -3.0671E-02,   10.40  -2.9208E-02,   10.50  -2.7822E-02,   10.60  -2.6509E-02,   10.70  -2.5265E-02, 
  10.80  -2.4086E-02,   10.90  -2.2968E-02,   11.00  -2.1907E-02,   11.10  -2.0901E-02,   11.20  -1.9946E-02,   11.30  -1.9039E-02, 
  11.40  -1.8178E-02,   11.50  -1.7360E-02,   11.60  -1.6583E-02,   11.70  -1.5844E-02,   11.80  -1.5142E-02,   11.90  -1.4473E-02, 
  12.00  -1.3838E-02,   12.10  -1.3233E-02,   12.20  -1.2657E-02,   12.30  -1.2109E-02,   12.40  -1.1587E-02,   12.50  -1.1090E-02, 
  12.60  -1.0616E-02,   12.70  -1.0164E-02,   12.80  -9.7337E-03,   12.90  -9.3232E-03,   13.00  -8.9316E-03,   13.10  -8.5581E-03, 
  13.20  -8.2017E-03,   13.30  -7.8615E-03,   13.40  -7.5368E-03,   13.50  -7.2267E-03,   13.60  -6.9306E-03,   13.70  -6.6478E-03, 
  13.80  -6.3775E-03,   13.90  -6.1192E-03,   14.00  -5.8724E-03,   14.10  -5.6364E-03,   14.20  -5.4107E-03,   14.30  -5.1949E-03, 
  14.40  -4.9884E-03,   14.50  -4.7909E-03,   14.60  -4.6018E-03,   14.70  -4.4209E-03,   14.80  -4.2477E-03,   14.90  -4.0819E-03, 
  15.00  -3.9231E-03,   15.10  -3.7710E-03,   15.20  -3.6253E-03,   15.30  -3.4857E-03,   15.40  -3.3519E-03,   15.50  -3.2237E-03, 
  15.60  -3.1008E-03,   15.70  -2.9830E-03,   15.80  -2.8700E-03,   15.90  -2.7616E-03,   16.00  -2.6577E-03,   16.10  -2.5579E-03, 
  16.20  -2.4623E-03,   16.30  -2.3705E-03,   16.40  -2.2823E-03,   16.50  -2.1977E-03,   16.60  -2.1165E-03,   16.70  -2.0386E-03, 
  16.80  -1.9637E-03,   16.90  -1.8918E-03,   17.00  -1.8227E-03,   17.10  -1.7563E-03,   17.20  -1.6925E-03,   17.30  -1.6312E-03, 
  17.40  -1.5723E-03,   17.50  -1.5157E-03,   17.60  -1.4613E-03,   17.70  -1.4090E-03,   17.80  -1.3587E-03,   17.90  -1.3103E-03, 
  18.00  -1.2637E-03,   18.10  -1.2190E-03,   18.20  -1.1759E-03,   18.30  -1.1344E-03,   18.40  -1.0946E-03,   18.50  -1.0562E-03, 
  18.60  -1.0192E-03,   18.70  -9.8369E-04,   18.80  -9.4946E-04,   18.90  -9.1651E-04,   19.00  -8.8477E-04,   19.10  -8.5421E-04, 
  19.20  -8.2478E-04,   19.30  -7.9643E-04,   19.40  -7.6912E-04,   19.50  -7.4281E-04,   19.60  -7.1745E-04,   19.70  -6.9302E-04, 
  19.80  -6.6948E-04,   19.90  -6.4679E-04,   20.00  -6.2492E-04,   20.10  -6.0383E-04,   20.20  -5.8351E-04,   20.30  -5.6391E-04, 
  20.40  -5.4501E-04,   20.50  -5.2678E-04,   20.60  -5.0921E-04,   20.70  -4.9225E-04,   20.80  -4.7590E-04,   20.90  -4.6012E-04, 
  21.00  -4.4490E-04,   21.10  -4.3021E-04,   21.20  -4.1604E-04,   21.30  -4.0236E-04,   21.40  -3.8916E-04,   21.50  -3.7642E-04, 
  21.60  -3.6412E-04,   21.70  -3.5225E-04,   21.80  -3.4079E-04,   21.90  -3.2972E-04,   22.00  -3.1903E-04,   22.10  -3.0871E-04, 
  22.20  -2.9874E-04,   22.30  -2.8912E-04,   22.40  -2.7982E-04,   22.50  -2.7084E-04,   22.60  -2.6216E-04,   22.70  -2.5377E-04, 
  22.80  -2.4567E-04,   22.90  -2.3785E-04,   23.00  -2.3028E-04,   23.10  -2.2297E-04,   23.20  -2.1591E-04,   23.30  -2.0908E-04, 
  23.40  -2.0248E-04,   23.50  -1.9610E-04,   23.60  -1.8993E-04,   23.70  -1.8397E-04,   23.80  -1.7820E-04,   23.90  -1.7262E-04, 
  24.00  -1.6723E-04,   24.10  -1.6202E-04,   24.20  -1.5697E-04,   24.30  -1.5210E-04,   24.40  -1.4738E-04,   24.50  -1.4281E-04, 
  24.60  -1.3840E-04,   24.70  -1.3412E-04,   24.80  -1.2999E-04,   24.90  -1.2599E-04,   25.00  -1.2212E-04, 

 No.   P1 P2 IN KIND T N  L  S1 IA J/S  IB BIND XFER  BE    SC PC FIL AFRAC Adjust  to  Z  Mass   K     Norm    rms      D0     D   ANC/Gsp

    At R=   24.990, ANC in ch  2 is   -41.571    ,   eta,eta*ln(2*rho)+rho =    3.6268        12.360    

    2:  1  2  2  0     2  3 0.5  1 3.5   0   4   0   0.6701  1  1  0 0.0000 VR  2.1733; 1. 1.010 0.1777 1.0000  4.476    2.6   -3.3-41.5713

 ************************************************************************************************************************************

 TWO-way COUPLING # 1 for partitions  2 <-  1 of KIND  5,   0  0  0 -1 -1 & P1,P2 = -172.8000   0.0000 : for J <=    30.5 & R <  25.0 fm.


 data =  1  1  1  1  1.0000,  so  < [he3      #  1] / [h2       #  1]  * Eigen-form #  1>  =   1.0000            BE =  5.494     1

 data =  2  1  1  2  1.0000,  so  < [ca40     #  1] / [k39      #  1]  * Eigen-form #  2>  =   1.0000            BE =  0.670     2
 KNT =   2, KNP =   1: NK,NG,loc=   1   1   1  13  T  T  F

     So ZERO-RANGE TRANSFER, with D0 =  -172.800 and finite-range effective radius   0.0000 fm.

   2  1  1 13     5.494  -172.800  -172.800     1.001     0.669     0.000     0.010

 Incoming partition  1 in excitation state # 1,   Laboratory Energy given for partition  1 Nucleus 1 in Excitation pair 1

0Lab. ENERGY ranges :

   from    21.0000     to   21.0000     in     0 intervals
   from    21.0000     to   0.00000     in     0 intervals
   from    0.00000     to   0.00000     in     0 intervals

 Largest real,imaginary parts of any form factor at R=   24.90 are   5.78E-02  1.97E-09 MeV
 Finished all Couplings @    5.06310016E-02          13

 Symmetric Hamiltonian
1***********************************************************************************************************************************
************************************************************************************************************************************

        INCOMING he3      ;    LABORATORY he3      ENERGY =   21.000     MeV.

 ***********************************************************************************************************************************
 ***********************************************************************************************************************************

 Allocate arrays for            3  channels, of which            3  need wfs.

 Total SPIN, PARITY =     0.0 +,      3 chs,      0 cc.  Rmin & Coul turning =    0.0    2.8


    C Projectl Target   #   EX.   (L  Proj) J  + Targ = Jtotal     E-cm      Re K     Re Eta     RM*K            CH
    1 he3      k39      #    1: I   2 0.5    1.5  1.5     0.0    19.49135   1.61545   2.26756   40.3863   0.51414  -0.03931 1 1 1   1
    2 h2       ca40     #    1:     3 1.0    4.0  4.0     0.0    14.66782   1.15999   1.13878   28.9998  -0.30779  -0.40955 2 1 2   1
    3 h2       ca40     #    1:     5 1.0    4.0  4.0     0.0    14.66782   1.15999   1.13878   28.9998  -0.08958   0.50753 2 1 2   1
 Allocate arrays for            7  channels, of which            7  need wfs.
 Allocate arrays for            8  channels, of which            8  need wfs.
 Allocate arrays for           12  channels, of which           12  need wfs.
 Allocate arrays for           14  channels, of which           14  need wfs.
 Allocate arrays for           15  channels, of which           15  need wfs.
 Allocate arrays for           17  channels, of which           17  need wfs.
 Allocate arrays for           18  channels, of which           18  need wfs.
 Reaction Xsec    27.0+/26 @ 1 =   0.778/, Out:   0.000#   0.376#   0.001f
 Reaction Xsec    27.0+/26 @ 2 =   0.766/, Out:   0.000#   4.864#   0.001f
 Reaction Xsec    27.0+/28 @ 3 =   0.194/, Out:   0.000#   1.212#   0.000f
 Reaction Xsec    27.0+/28 @ 4 =   0.191/, Out:   0.000#   0.197#   0.000f
 Reaction Xsec    27.0-/25 @ 1 =   1.534/, Out:   0.000#   1.406#   0.002f
 Reaction Xsec    27.0-/27 @ 2 =   0.389/, Out:   0.000#   3.980#   0.000f
 Reaction Xsec    27.0-/27 @ 3 =   0.382/, Out:   0.000#   1.212#   0.000f
 Reaction Xsec    27.0-/29 @ 4 =   0.097/, Out:   0.000#   0.238#   0.000f
 Reaction Xsec    28.0+/26 @ 1 =   0.794/, Out:   0.000#   0.591#   0.001f
 Reaction Xsec    28.0+/28 @ 2 =   0.201/, Out:   0.000#   2.596#   0.000f
 Reaction Xsec    28.0+/28 @ 3 =   0.198/, Out:   0.000#   0.793#   0.000f
 Reaction Xsec    28.0+/30 @ 4 =   0.050/, Out:   0.000#   0.200#   0.000f
 Reaction Xsec    28.0-/27 @ 1 =   0.403/, Out:   0.000#   0.168#   0.000f
 Reaction Xsec    28.0-/27 @ 2 =   0.396/, Out:   0.000#   2.201#   0.000f
 Reaction Xsec    28.0-/29 @ 3 =   0.101/, Out:   0.000#   1.047#   0.000f
 Reaction Xsec    28.0-/29 @ 4 =   0.099/, Out:   0.000#   0.188#   0.000f
 Reaction Xsec    29.0+/28 @ 1 =   0.209/, Out:   0.000#   0.110#   0.000f
 Reaction Xsec    29.0+/28 @ 2 =   0.205/, Out:   0.000#   1.425#   0.000f
 Reaction Xsec    29.0+/30 @ 3 =   0.052/, Out:   0.000#   0.830#   0.000f
 Reaction Xsec    29.0+/30 @ 4 =   0.051/, Out:   0.000#   0.161#   0.000f
 Reaction Xsec    29.0-/27 @ 1 =   0.410/, Out:   0.000#   0.266#   0.000f
 Reaction Xsec    29.0-/29 @ 2 =   0.104/, Out:   0.000#   2.183#   0.000f
 Reaction Xsec    29.0-/29 @ 3 =   0.102/, Out:   0.000#   0.684#   0.000f
 Reaction Xsec    29.0-/31 @ 4 =   0.026/, Out:   0.000#   0.123#   0.000f
 Reaction Xsec    30.0+/28 @ 1 =   0.212/, Out:   0.000#   0.172#   0.000f
 Reaction Xsec    30.0+/30 @ 2 =   0.054/, Out:   0.000#   1.698#   0.000f
 Reaction Xsec    30.0+/30 @ 3 =   0.053/, Out:   0.000#   0.542#   0.000f
 Reaction Xsec    30.0+/32 @ 4 =   0.013/, Out:   0.000#   0.055#   0.000f
 Reaction Xsec    30.0-/29 @ 1 =   0.108/, Out:   0.000#   0.125#   0.000f
 Reaction Xsec    30.0-/29 @ 2 =   0.105/, Out:   0.000#   1.196#   0.000f
 Reaction Xsec    30.0-/31 @ 3 =   0.027/, Out:   0.000#   0.504#   0.000f
 Reaction Xsec    30.0-/31 @ 4 =   0.026/, Out:   0.000#   0.099#   0.000f
 Finished all CC sets @   0.319947004    
0CUMULATIVE REACTION cross section                 = 1423.29090  <L> =     7.34  <L**2> =     63.8
0CUMULATIVE outgoing cross sections in partition 1 :    0.00000
0CUMULATIVE outgoing cross sections in partition 2 :   16.95479
0Cumulative ABSORBTION by Imaginary Potentials     = 1406.33610  <L> =     7.31  <L**2> =     63.3
   Fusion for specific he3      M-states : 1412.363503 1412.363503
0CUMULATIVE OUTGOING cross section                 =   16.95479
 To convert to S-factors (MeV.mb = keV.b),  multiply by  3.0022E+07


 CROSS SECTIONS FOR OUTGOING he3      & k39      in state #   1 with spins & parities 0.5  + &  1.5  +;  0

     0.01 deg.: X-S =   8.4933E+16 mb/sr,                       & pols = 0. -0.00000
+                                         /R =   1.0000E+00
     1.00 deg.: X-S =   8.4909E+08 mb/sr,                       & pols = 0.  0.00000
+                                         /R =   9.9967E-01
     2.00 deg.: X-S =   5.3169E+07 mb/sr,                       & pols = 0. -0.00001
+                                         /R =   1.0014E+00
     3.00 deg.: X-S =   1.0282E+07 mb/sr,                       & pols =-0.  0.00002
+                                         /R =   9.8014E-01
     4.00 deg.: X-S =   3.2994E+06 mb/sr,                       & pols =-0.  0.00011
+                                         /R =   9.9366E-01
     5.00 deg.: X-S =   1.4097E+06 mb/sr,                       & pols = 0.  0.00006
+                                         /R =   1.0360E+00
     6.00 deg.: X-S =   7.0157E+05 mb/sr,                       & pols = 0. -0.00016
+                                         /R =   1.0686E+00
     7.00 deg.: X-S =   3.7943E+05 mb/sr,                       & pols = 0. -0.00046
+                                         /R =   1.0700E+00
     8.00 deg.: X-S =   2.1688E+05 mb/sr,                       & pols = 0. -0.00069
+                                         /R =   1.0426E+00
     9.00 deg.: X-S =   1.3008E+05 mb/sr,                       & pols = 0. -0.00074
+                                         /R =   1.0007E+00
    10.00 deg.: X-S =   8.1861E+04 mb/sr,                       & pols =-0. -0.00053
+                                         /R =   9.5895E-01
    11.00 deg.: X-S =   5.4042E+04 mb/sr,                       & pols =-0. -0.00006
+                                         /R =   9.2588E-01
    12.00 deg.: X-S =   3.7257E+04 mb/sr,                       & pols =-0.  0.00056
+                                         /R =   9.0298E-01
    13.00 deg.: X-S =   2.6590E+04 mb/sr,                       & pols =-0.  0.00119
+                                         /R =   8.8652E-01
    14.00 deg.: X-S =   1.9435E+04 mb/sr,                       & pols =-0.  0.00172
+                                         /R =   8.7037E-01
    15.00 deg.: X-S =   1.4401E+04 mb/sr,                       & pols =-0.  0.00208
+                                         /R =   8.4861E-01
    16.00 deg.: X-S =   1.0731E+04 mb/sr,                       & pols =-0.  0.00223
+                                         /R =   8.1731E-01
    17.00 deg.: X-S =  7999.907887 mb/sr,                       & pols = 0.  0.00221
+                                         /R =   7.7522E-01
    18.00 deg.: X-S =  5953.124940 mb/sr,                       & pols =-0.  0.00203
+                                         /R =   7.2378E-01
    19.00 deg.: X-S =  4423.479011 mb/sr,                       & pols =-0.  0.00175
+                                         /R =   6.6640E-01
    20.00 deg.: X-S =  3291.270675 mb/sr,                       & pols =-0.  0.00141
+                                         /R =   6.0754E-01
    21.00 deg.: X-S =  2464.346193 mb/sr,                       & pols =-0.  0.00111
+                                         /R =   5.5178E-01
    22.00 deg.: X-S =  1868.932492 mb/sr,                       & pols =-0.  0.00091
+                                         /R =   5.0295E-01
    23.00 deg.: X-S =  1445.373215 mb/sr,                       & pols =-0.  0.00089
+                                         /R =   4.6359E-01
    24.00 deg.: X-S =  1145.925818 mb/sr,                       & pols =-0.  0.00109
+                                         /R =   4.3472E-01
    25.00 deg.: X-S =   933.275597 mb/sr,                       & pols =-0.  0.00147
+                                         /R =   4.1580E-01
    26.00 deg.: X-S =   779.202243 mb/sr,                       & pols =-0.  0.00198
+                                         /R =   4.0507E-01
    27.00 deg.: X-S =   663.220599 mb/sr,                       & pols =-0.  0.00251
+                                         /R =   3.9988E-01
    28.00 deg.: X-S =   571.191283 mb/sr,                       & pols =-0.  0.00300
+                                         /R =   3.9721E-01
    29.00 deg.: X-S =   493.960536 mb/sr,                       & pols =-0.  0.00340
+                                         /R =   3.9412E-01
    30.00 deg.: X-S =   426.098161 mb/sr,                       & pols = 0.  0.00370
+                                         /R =   3.8817E-01
    31.00 deg.: X-S =   364.788346 mb/sr,                       & pols = 0.  0.00392
+                                         /R =   3.7772E-01
    32.00 deg.: X-S =   308.906308 mb/sr,                       & pols = 0.  0.00412
+                                         /R =   3.6200E-01
    33.00 deg.: X-S =   258.292245 mb/sr,                       & pols = 0.  0.00436
+                                         /R =   3.4120E-01
    34.00 deg.: X-S =   213.216288 mb/sr,                       & pols = 0.  0.00473
+                                         /R =   3.1630E-01
    35.00 deg.: X-S =   174.015430 mb/sr,                       & pols = 0.  0.00531
+                                         /R =   2.8886E-01
    36.00 deg.: X-S =   140.875538 mb/sr,                       & pols = 0.  0.00624
+                                         /R =   2.6079E-01
    37.00 deg.: X-S =   113.728003 mb/sr,                       & pols = 0.  0.00762
+                                         /R =   2.3405E-01
    38.00 deg.: X-S =    92.230449 mb/sr,                       & pols = 0.  0.00951
+                                         /R =   2.1037E-01
    39.00 deg.: X-S =    75.803238 mb/sr,                       & pols = 0.  0.01186
+                                         /R =   1.9107E-01
    40.00 deg.: X-S =    63.697511 mb/sr,                       & pols =-0.  0.01443
+                                         /R =   1.7695E-01
    41.00 deg.: X-S =    55.075310 mb/sr,                       & pols =-0.  0.01686
+                                         /R =   1.6819E-01
    42.00 deg.: X-S =    49.087412 mb/sr,                       & pols =-0.  0.01869
+                                         /R =   1.6437E-01
    43.00 deg.: X-S =    44.939338 mb/sr,                       & pols = 0.  0.01962
+                                         /R =   1.6461E-01
    44.00 deg.: X-S =    41.940265 mb/sr,                       & pols = 0.  0.01954
+                                         /R =   1.6767E-01
    45.00 deg.: X-S =    39.533056 mb/sr,                       & pols = 0.  0.01852
+                                         /R =   1.7213E-01
    46.00 deg.: X-S =    37.306289 mb/sr,                       & pols = 0.  0.01674
+                                         /R =   1.7653E-01
    47.00 deg.: X-S =    34.990903 mb/sr,                       & pols = 0.  0.01436
+                                         /R =   1.7959E-01
    48.00 deg.: X-S =    32.445136 mb/sr,                       & pols = 0.  0.01151
+                                         /R =   1.8027E-01
    49.00 deg.: X-S =    29.631740 mb/sr,                       & pols = 0.  0.00826
+                                         /R =   1.7791E-01
    50.00 deg.: X-S =    26.591346 mb/sr,                       & pols = 0.  0.00467
+                                         /R =   1.7221E-01
    51.00 deg.: X-S =    23.415296 mb/sr,                       & pols = 0.  0.00075
+                                         /R =   1.6329E-01
    52.00 deg.: X-S =    20.220580 mb/sr,                       & pols = 0. -0.00349
+                                         /R =   1.5160E-01
    53.00 deg.: X-S =    17.128675 mb/sr,                       & pols = 0. -0.00799
+                                         /R =   1.3784E-01
    54.00 deg.: X-S =    14.249329 mb/sr,                       & pols = 0. -0.01265
+                                         /R =   1.2289E-01
    55.00 deg.: X-S =    11.669592 mb/sr,                       & pols = 0. -0.01722
+                                         /R =   1.0770E-01
    56.00 deg.: X-S =     9.447882 mb/sr,                       & pols = 0. -0.02127
+                                         /R =   9.3176E-02
    57.00 deg.: X-S =     7.612408 mb/sr,                       & pols = 0. -0.02403
+                                         /R =   8.0114E-02
    58.00 deg.: X-S =     6.163073 mb/sr,                       & pols = 0. -0.02447
+                                         /R =   6.9122E-02
    59.00 deg.: X-S =     5.075836 mb/sr,                       & pols = 0. -0.02139
+                                         /R =   6.0589E-02
    60.00 deg.: X-S =     4.308547 mb/sr,                       & pols = 0. -0.01404
+                                         /R =   5.4669E-02
    61.00 deg.: X-S =     3.807339 mb/sr,                       & pols =-0. -0.00277
+                                         /R =   5.1290E-02
    62.00 deg.: X-S =     3.512860 mb/sr,                       & pols =-0.  0.01075
+                                         /R =   5.0182E-02
    63.00 deg.: X-S =     3.365777 mb/sr,                       & pols = 0.  0.02420
+                                         /R =   5.0928E-02
    64.00 deg.: X-S =     3.311211 mb/sr,                       & pols =-0.  0.03573
+                                         /R =   5.3010E-02
    65.00 deg.: X-S =     3.301918 mb/sr,                       & pols = 0.  0.04448
+                                         /R =   5.5868E-02
    66.00 deg.: X-S =     3.300198 mb/sr,                       & pols = 0.  0.05042
+                                         /R =   5.8953E-02
    67.00 deg.: X-S =     3.278640 mb/sr,                       & pols = 0.  0.05393
+                                         /R =   6.1771E-02
    68.00 deg.: X-S =     3.219879 mb/sr,                       & pols = 0.  0.05547
+                                         /R =   6.3917E-02
    69.00 deg.: X-S =     3.115596 mb/sr,                       & pols = 0.  0.05543
+                                         /R =   6.5101E-02
    70.00 deg.: X-S =     2.965008 mb/sr,                       & pols = 0.  0.05408
+                                         /R =   6.5151E-02
    71.00 deg.: X-S =     2.773087 mb/sr,                       & pols = 0.  0.05156
+                                         /R =   6.4020E-02
    72.00 deg.: X-S =     2.548717 mb/sr,                       & pols = 0.  0.04792
+                                         /R =   6.1763E-02
    73.00 deg.: X-S =     2.302940 mb/sr,                       & pols = 0.  0.04312
+                                         /R =   5.8528E-02
    74.00 deg.: X-S =     2.047445 mb/sr,                       & pols = 0.  0.03705
+                                         /R =   5.4525E-02
    75.00 deg.: X-S =     1.793335 mb/sr,                       & pols = 0.  0.02956
+                                         /R =   5.0001E-02
    76.00 deg.: X-S =     1.550245 mb/sr,                       & pols = 0.  0.02049
+                                         /R =   4.5217E-02
    77.00 deg.: X-S =     1.325778 mb/sr,                       & pols = 0.  0.00973
+                                         /R =   4.0421E-02
    78.00 deg.: X-S =     1.125250 mb/sr,                       & pols = 0. -0.00270
+                                         /R =   3.5832E-02
    79.00 deg.: X-S =     0.951686 mb/sr,                       & pols = 0. -0.01655
+                                         /R =   3.1628E-02
    80.00 deg.: X-S =     0.806018 mb/sr,                       & pols = 0. -0.03119
+                                         /R =   2.7935E-02
                                           Integrated********** mb, over [   0.000,  80.000] at    21.0000 MeV 

 CROSS SECTIONS FOR OUTGOING h2       & ca40     in state #   1 with spins & parities 1.0  + &  4.0  -;  0

     0.00 deg.: X-S =    13.845795 mb/sr,                       & pols =-0.  0.00000
+                                         REAC   1.6955E+01 mb
     1.00 deg.: X-S =    13.877460 mb/sr,                       & pols =-0.  0.01627
     2.00 deg.: X-S =    13.971333 mb/sr,                       & pols =-0.  0.03197
     3.00 deg.: X-S =    14.124109 mb/sr,                       & pols =-0.  0.04654
     4.00 deg.: X-S =    14.330490 mb/sr,                       & pols =-0.  0.05956
     5.00 deg.: X-S =    14.583408 mb/sr,                       & pols =-0.  0.07068
     6.00 deg.: X-S =    14.874201 mb/sr,                       & pols =-0.  0.07970
     7.00 deg.: X-S =    15.192694 mb/sr,                       & pols =-0.  0.08651
     8.00 deg.: X-S =    15.527175 mb/sr,                       & pols =-0.  0.09115
     9.00 deg.: X-S =    15.864343 mb/sr,                       & pols =-0.  0.09369
    10.00 deg.: X-S =    16.189324 mb/sr,                       & pols =-0.  0.09431
    11.00 deg.: X-S =    16.485871 mb/sr,                       & pols =-0.  0.09322
    12.00 deg.: X-S =    16.736800 mb/sr,                       & pols =-0.  0.09066
    13.00 deg.: X-S =    16.924663 mb/sr,                       & pols =-0.  0.08686
    14.00 deg.: X-S =    17.032583 mb/sr,                       & pols =-0.  0.08210
    15.00 deg.: X-S =    17.045131 mb/sr,                       & pols =-0.  0.07659
    16.00 deg.: X-S =    16.949153 mb/sr,                       & pols = 0.  0.07059
    17.00 deg.: X-S =    16.734461 mb/sr,                       & pols =-0.  0.06428
    18.00 deg.: X-S =    16.394398 mb/sr,                       & pols = 0.  0.05787
    19.00 deg.: X-S =    15.926296 mb/sr,                       & pols = 0.  0.05153
    20.00 deg.: X-S =    15.331857 mb/sr,                       & pols = 0.  0.04539
    21.00 deg.: X-S =    14.617475 mb/sr,                       & pols = 0.  0.03961
    22.00 deg.: X-S =    13.794432 mb/sr,                       & pols =-0.  0.03431
    23.00 deg.: X-S =    12.878875 mb/sr,                       & pols = 0.  0.02961
    24.00 deg.: X-S =    11.891451 mb/sr,                       & pols = 0.  0.02566
    25.00 deg.: X-S =    10.856520 mb/sr,                       & pols = 0.  0.02261
    26.00 deg.: X-S =     9.800926 mb/sr,                       & pols = 0.  0.02066
    27.00 deg.: X-S =     8.752413 mb/sr,                       & pols = 0.  0.02004
    28.00 deg.: X-S =     7.737857 mb/sr,                       & pols = 0.  0.02105
    29.00 deg.: X-S =     6.781532 mb/sr,                       & pols = 0.  0.02401
    30.00 deg.: X-S =     5.903643 mb/sr,                       & pols = 0.  0.02926
    31.00 deg.: X-S =     5.119295 mb/sr,                       & pols = 0.  0.03709
    32.00 deg.: X-S =     4.437985 mb/sr,                       & pols =-0.  0.04765
    33.00 deg.: X-S =     3.863613 mb/sr,                       & pols = 0.  0.06077
    34.00 deg.: X-S =     3.394914 mb/sr,                       & pols =-0.  0.07581
    35.00 deg.: X-S =     3.026190 mb/sr,                       & pols =-0.  0.09161
    36.00 deg.: X-S =     2.748187 mb/sr,                       & pols =-0.  0.10652
    37.00 deg.: X-S =     2.549015 mb/sr,                       & pols =-0.  0.11881
    38.00 deg.: X-S =     2.415034 mb/sr,                       & pols =-0.  0.12713
    39.00 deg.: X-S =     2.331688 mb/sr,                       & pols =-0.  0.13085
    40.00 deg.: X-S =     2.284281 mb/sr,                       & pols =-0.  0.13021
    41.00 deg.: X-S =     2.258692 mb/sr,                       & pols = 0.  0.12601
    42.00 deg.: X-S =     2.242050 mb/sr,                       & pols = 0.  0.11931
    43.00 deg.: X-S =     2.223318 mb/sr,                       & pols =-0.  0.11115
    44.00 deg.: X-S =     2.193754 mb/sr,                       & pols = 0.  0.10235
    45.00 deg.: X-S =     2.147210 mb/sr,                       & pols = 0.  0.09354
    46.00 deg.: X-S =     2.080221 mb/sr,                       & pols = 0.  0.08511
    47.00 deg.: X-S =     1.991883 mb/sr,                       & pols = 0.  0.07733
    48.00 deg.: X-S =     1.883527 mb/sr,                       & pols = 0.  0.07036
    49.00 deg.: X-S =     1.758257 mb/sr,                       & pols = 0.  0.06431
    50.00 deg.: X-S =     1.620396 mb/sr,                       & pols = 0.  0.05924
    51.00 deg.: X-S =     1.474935 mb/sr,                       & pols = 0.  0.05523
    52.00 deg.: X-S =     1.327024 mb/sr,                       & pols = 0.  0.05235
    53.00 deg.: X-S =     1.181564 mb/sr,                       & pols = 0.  0.05066
    54.00 deg.: X-S =     1.042906 mb/sr,                       & pols = 0.  0.05021
    55.00 deg.: X-S =     0.914652 mb/sr,                       & pols = 0.  0.05101
    56.00 deg.: X-S =     0.799551 mb/sr,                       & pols = 0.  0.05298
    57.00 deg.: X-S =     0.699454 mb/sr,                       & pols = 0.  0.05589
    58.00 deg.: X-S =     0.615325 mb/sr,                       & pols = 0.  0.05928
    59.00 deg.: X-S =     0.547288 mb/sr,                       & pols = 0.  0.06248
    60.00 deg.: X-S =     0.494701 mb/sr,                       & pols = 0.  0.06463
    61.00 deg.: X-S =     0.456263 mb/sr,                       & pols = 0.  0.06491
    62.00 deg.: X-S =     0.430149 mb/sr,                       & pols = 0.  0.06277
    63.00 deg.: X-S =     0.414167 mb/sr,                       & pols = 0.  0.05814
    64.00 deg.: X-S =     0.405927 mb/sr,                       & pols = 0.  0.05140
    65.00 deg.: X-S =     0.403011 mb/sr,                       & pols = 0.  0.04324
    66.00 deg.: X-S =     0.403134 mb/sr,                       & pols = 0.  0.03440
    67.00 deg.: X-S =     0.404271 mb/sr,                       & pols = 0.  0.02553
    68.00 deg.: X-S =     0.404747 mb/sr,                       & pols = 0.  0.01709
    69.00 deg.: X-S =     0.403296 mb/sr,                       & pols = 0.  0.00941
    70.00 deg.: X-S =     0.399067 mb/sr,                       & pols = 0.  0.00268
    71.00 deg.: X-S =     0.391611 mb/sr,                       & pols = 0. -0.00298
    72.00 deg.: X-S =     0.380834 mb/sr,                       & pols = 0. -0.00746
    73.00 deg.: X-S =     0.366939 mb/sr,                       & pols = 0. -0.01068
    74.00 deg.: X-S =     0.350365 mb/sr,                       & pols = 0. -0.01253
    75.00 deg.: X-S =     0.331713 mb/sr,                       & pols = 0. -0.01292
    76.00 deg.: X-S =     0.311689 mb/sr,                       & pols = 0. -0.01174
    77.00 deg.: X-S =     0.291041 mb/sr,                       & pols = 0. -0.00893
    78.00 deg.: X-S =     0.270507 mb/sr,                       & pols = 0. -0.00446
    79.00 deg.: X-S =     0.250774 mb/sr,                       & pols = 0.  0.00162
    80.00 deg.: X-S =     0.232439 mb/sr,                       & pols = 0.  0.00910
                                           Integrated   16.2957 mb, over [   0.000,  80.000] at    21.0000 MeV 
 Finished all xsecs @   0.342985004    

  The following files have been created:
   3:local copy of User input.            6:standard output.                   
  13:total cross sections/state.         16:tables of cross sections.          
  35:Astrophysics S-factors  / Ecm.      39:cross sections for each Ecm.       
  40:all cross sectns. for each Elab.    46:bs wave functions & ANC ratios.    
  56:Fusion for each Jtotal.             58:Single-particle wfns.              
  75:S-factors for lab energies.        201:Separate cross sections.           
 202:Separate cross sections.           

 PARAMETERS : MAXQRN   MFNL   MLOC  LMAX1 MCLIST
    ALLOWED :      7    324     19     50      6
    REQUIRED:      1      0     13     36      4


 ACCURACY ANALYSIS at    21.000 MeV :

  Elastic h*k = 0.016 so OK       compared with 0.200

   Real(S-el) > 0.01 first at J =       1.0
   Real(S-el) > 0.10 first at J =       5.0
   Real(S-el) > 0.50 first at J =       8.0
   Real(S-el) > 0.90 first at J =      10.0
   Real(S-el) > 0.99 first at J =      13.0
   R-turn =    20.33 fm    at J =      30.0

 Forward-angle excitation cut off below   8.519 deg by max JT =      30.0
                              and below   6.434 deg by max R.

 Total CPU  0 time =       0.34 seconds
