 FRESCO - FRES 3.4: Coupled Reaction Channels
 Assuming NAMELIST input.

 39K(3He,d)40Ca 21 MeV DWBA ZR 5614 keV Jpi=4- l=3 n=1 j=7/2                     

   0.010  24.000   0.100   0.100  10.000  -0.300   0.000   0.000   0.000   0.000

 Centre-of-mass Range is   2402 * 0.0100 fm., Maximum at  24.00 fm., Interpolating NL forms every  0.10 fm.
 Non - locality width is    101 * 0.1000 fm., Maximum of  10.00 fm., Centred at -0.20 fm.
 2-Nucleon Separation of      0 * 0.1000 fm., Maximum of   0.00 fm., Minimum at  0.00 fm.
 Maximum single particle bins of 24.0000 fm.
               M,Mint =         2401        2401


 Range of total J is     0.0 <= J <=    30.0 (at least     0.0) and Absorbtion =>    -1.0000 mb.
 Dry Run = F, CC set limits =  0  0, Relativistic kinematics =  , Both/Far/Near Analyses =  1                     

 Cross Sections (and up to T1 for 0=projectile) for Theta from   0.0 to  80.0 in steps of  1.0 degrees, DGAM=0,  Coordinates = 0 (Mads)

 Lower Radial Cutoff = maximum of -1.60*L*h &       0.0 fm.,  Lower Cutoff for Couplings =   0.0  fm.


 Iterate Couplings between   0 and   1 times, to  0.000 % if sooner.                                          
  Block solved exactly =   0 chs., with Pade = 0 & Isocen =  =0, NOSOL = F, initwf =  0
  NL quadrature with   36 Gaussian points, Calculate multipoles up to    36 from   0
  M-transfers for lp+lt greater than or equal to  6, Angular Integration Cutoff below  0.6944 %


 Trace switches are :  CHANS =  1, LISTCC =  0, TRENEG =  0, CDETR =  0, SMATS =  0, XSTABL =  1, NLPL =  0

                       WAVES =  0, LAMPL =  0, VEFF =  0, KFUS =  0, WDISK =  0, BPM =  0, MELFIL =  0

                       CDCC =  0, NFUS =  0

 Using unit mass = 1.000000 amu and 1/fine-structure constant = 137.03599 ( 1.000000 * true ) with hc = 197.32705 MeV.fm,
  thus 2*amu/hbar^2 = 0.0478450 = 1/20.9008 and Coulomb constant = 0.1574855 so e^2 = 1.43997, and nuclear magneton= 0.1261183

 Now pre-scan input and save to file 3

  WARNING: target longitudinal recoil NOT included in the ZR coupling #            1


 *********** PARTITION NUMBER  1 ******************************************************************************************

   PROJ=he3        MASS=  3.0150 Z=   2.0,        # STATES=    1T, TARG=k39      MASS= 38.9530 Z=  19.0,     Q-VALUE =   0.0000 MEV.

     1:  J= 0.5+ (B# 1), E=  0.0000, K= 0.5              Potl#  1       J= 1.5+ (B# 1), E=  0.0000, K= 0.5    


 *********** PARTITION NUMBER  2 ******************************************************************************************

   PROJ=h2         MASS=  2.0140 Z=   1.0,        # STATES=    1T, TARG=ca40     MASS= 39.9630 Z=  20.0,     Q-VALUE =   2.8347 MEV.

     1:  J= 1.0+ (B# 1), E=  0.0000, K= 0.0              Potl#  2       J= 4.0- (B#-1), E=  5.6135, K= 0.0    
0****** WARNING : COMPARED WITH PARTITION  1, THIS PARTITION HAS TOTAL MASS & CHARGE EXCESSES   0.01205 &   0.0000


 ************************************************************************************************************************************

 The following POTENTIALS are defined :

  KP#       TYPE      IT    SHAPE      at     V1        r1        a1        V2        r2        a2        A-in     A-used


                                            A#1       A#2        r0c       ac                                                h @ 1
    1    0=Coulomb       0=CHARGE (WS)  1    38.953     0.000    1.2890    0.0000    0.0000    0.0000     0.000    38.953   0.01000

    1    1=Volume        0=Woods-Saxon  2  117.8810    1.1780    0.7680   -0.6460    1.4150    0.8470     0.000    38.953

    1    2=Surface       0=Woods-Saxon  3    0.0000    0.0000    0.0000   20.6650    1.1980    0.8520     0.000    38.953

    1    3=Projtl S.O.   0=Woods-Saxon  4    2.0830    0.7380    0.9460   -1.1590    0.0000    0.0000     0.000    38.953
   --------------------------------------------------------------------------------------------------------------------

                                            A#1       A#2        r0c       ac                                                h @ 2
    2    0=Coulomb       0=CHARGE (WS)  5    39.963     0.000    1.3030    0.0000    0.0000    0.0000     0.000    39.963   0.01000

    2    1=Volume        0=Woods-Saxon  6   91.1200    1.1500    0.7620    2.2340    1.3340    0.5130     0.000    39.963

    2    2=Surface       0=Woods-Saxon  7    0.0000    0.0000    0.0000   10.2740    1.3780    0.7430     0.000    39.963

    2    3=Projtl S.O.   0=Woods-Saxon  8    3.5570    0.9720    1.0110    0.0000    0.0000    0.0000     0.000    39.963
   --------------------------------------------------------------------------------------------------------------------

                                            A#1       A#2        r0c       ac                                                h @ 0
    3    0=Coulomb       0=CHARGE (WS)  9     3.015     0.000    1.2500    0.0000    0.0000    0.0000     0.000     3.015   0.01000

    3    1=Volume        0=Woods-Saxon 10   50.0000    1.2500    0.6500    0.0000    0.0000    0.0000     0.000     3.015
   --------------------------------------------------------------------------------------------------------------------

                                            A#1       A#2        r0c       ac                                                h @ 0
    4    0=Coulomb       0=CHARGE (WS) 11    38.953     0.000    1.2500    0.0000    0.0000    0.0000     0.000    38.953   0.01000

    4    1=Volume        0=Woods-Saxon 12   50.0000    1.2500    0.6500    0.0000    0.0000    0.0000     0.000    38.953


 ************************************************************************************************************************************

 The following SINGLE-PARTICLE FORM FACTORS are constructed :


 No.   P1 P2 IN KIND T N  L  S1 IA J/S  IB BIND XFER  BE    SC PC FIL AFRAC Adjust  to  Z  Mass   K     Norm    rms      D0     D   ANC/Gsp

 For Channel #  1 with l = 0,  j =  0.5, around core state #  1

   R    Y(R)
   0.00   0.0000E+00,    0.10   5.8280E-02,    0.20   1.1591E-01,    0.30   1.7228E-01,    0.40   2.2679E-01,    0.50   2.7891E-01, 
   0.60   3.2812E-01,    0.70   3.7401E-01,    0.80   4.1621E-01,    0.90   4.5442E-01,    1.00   4.8842E-01,    1.10   5.1808E-01, 
   1.20   5.4332E-01,    1.30   5.6417E-01,    1.40   5.8070E-01,    1.50   5.9306E-01,    1.60   6.0146E-01,    1.70   6.0615E-01, 
   1.80   6.0741E-01,    1.90   6.0557E-01,    2.00   6.0094E-01,    2.10   5.9388E-01,    2.20   5.8471E-01,    2.30   5.7376E-01, 
   2.40   5.6133E-01,    2.50   5.4772E-01,    2.60   5.3317E-01,    2.70   5.1794E-01,    2.80   5.0221E-01,    2.90   4.8618E-01, 
   3.00   4.6999E-01,    3.10   4.5378E-01,    3.20   4.3767E-01,    3.30   4.2173E-01,    3.40   4.0605E-01,    3.50   3.9068E-01, 
   3.60   3.7566E-01,    3.70   3.6103E-01,    3.80   3.4682E-01,    3.90   3.3304E-01,    4.00   3.1970E-01,    4.10   3.0681E-01, 
   4.20   2.9437E-01,    4.30   2.8238E-01,    4.40   2.7083E-01,    4.50   2.5971E-01,    4.60   2.4902E-01,    4.70   2.3874E-01, 
   4.80   2.2887E-01,    4.90   2.1939E-01,    5.00   2.1029E-01,    5.10   2.0156E-01,    5.20   1.9318E-01,    5.30   1.8514E-01, 
   5.40   1.7743E-01,    5.50   1.7004E-01,    5.60   1.6296E-01,    5.70   1.5616E-01,    5.80   1.4965E-01,    5.90   1.4341E-01, 
   6.00   1.3743E-01,    6.10   1.3170E-01,    6.20   1.2620E-01,    6.30   1.2094E-01,    6.40   1.1589E-01,    6.50   1.1106E-01, 
   6.60   1.0643E-01,    6.70   1.0199E-01,    6.80   9.7738E-02,    6.90   9.3663E-02,    7.00   8.9758E-02,    7.10   8.6017E-02, 
   7.20   8.2432E-02,    7.30   7.8996E-02,    7.40   7.5705E-02,    7.50   7.2551E-02,    7.60   6.9529E-02,    7.70   6.6633E-02, 
   7.80   6.3858E-02,    7.90   6.1199E-02,    8.00   5.8651E-02,    8.10   5.6210E-02,    8.20   5.3870E-02,    8.30   5.1628E-02, 
   8.40   4.9480E-02,    8.50   4.7422E-02,    8.60   4.5449E-02,    8.70   4.3559E-02,    8.80   4.1747E-02,    8.90   4.0011E-02, 
   9.00   3.8348E-02,    9.10   3.6753E-02,    9.20   3.5226E-02,    9.30   3.3762E-02,    9.40   3.2358E-02,    9.50   3.1014E-02, 
   9.60   2.9725E-02,    9.70   2.8490E-02,    9.80   2.7307E-02,    9.90   2.6173E-02,   10.00   2.5086E-02,   10.10   2.4044E-02, 
  10.20   2.3046E-02,   10.30   2.2089E-02,   10.40   2.1172E-02,   10.50   2.0293E-02,   10.60   1.9451E-02,   10.70   1.8644E-02, 
  10.80   1.7870E-02,   10.90   1.7128E-02,   11.00   1.6418E-02,   11.10   1.5737E-02,   11.20   1.5084E-02,   11.30   1.4458E-02, 
  11.40   1.3858E-02,   11.50   1.3284E-02,   11.60   1.2733E-02,   11.70   1.2205E-02,   11.80   1.1699E-02,   11.90   1.1214E-02, 
  12.00   1.0749E-02,   12.10   1.0303E-02,   12.20   9.8761E-03,   12.30   9.4667E-03,   12.40   9.0744E-03,   12.50   8.6983E-03, 
  12.60   8.3378E-03,   12.70   7.9923E-03,   12.80   7.6612E-03,   12.90   7.3438E-03,   13.00   7.0395E-03,   13.10   6.7479E-03, 
  13.20   6.4684E-03,   13.30   6.2004E-03,   13.40   5.9436E-03,   13.50   5.6975E-03,   13.60   5.4615E-03,   13.70   5.2353E-03, 
  13.80   5.0185E-03,   13.90   4.8107E-03,   14.00   4.6116E-03,   14.10   4.4206E-03,   14.20   4.2376E-03,   14.30   4.0622E-03, 
  14.40   3.8940E-03,   14.50   3.7329E-03,   14.60   3.5783E-03,   14.70   3.4302E-03,   14.80   3.2883E-03,   14.90   3.1522E-03, 
  15.00   3.0217E-03,   15.10   2.8967E-03,   15.20   2.7768E-03,   15.30   2.6619E-03,   15.40   2.5518E-03,   15.50   2.4462E-03, 
  15.60   2.3450E-03,   15.70   2.2480E-03,   15.80   2.1550E-03,   15.90   2.0659E-03,   16.00   1.9804E-03,   16.10   1.8985E-03, 
  16.20   1.8200E-03,   16.30   1.7447E-03,   16.40   1.6726E-03,   16.50   1.6034E-03,   16.60   1.5371E-03,   16.70   1.4735E-03, 
  16.80   1.4126E-03,   16.90   1.3542E-03,   17.00   1.2982E-03,   17.10   1.2445E-03,   17.20   1.1931E-03,   17.30   1.1438E-03, 
  17.40   1.0965E-03,   17.50   1.0511E-03,   17.60   1.0077E-03,   17.70   9.6604E-04,   17.80   9.2611E-04,   17.90   8.8783E-04, 
  18.00   8.5114E-04,   18.10   8.1596E-04,   18.20   7.8224E-04,   18.30   7.4991E-04,   18.40   7.1892E-04,   18.50   6.8921E-04, 
  18.60   6.6073E-04,   18.70   6.3343E-04,   18.80   6.0725E-04,   18.90   5.8216E-04,   19.00   5.5811E-04,   19.10   5.3505E-04, 
  19.20   5.1295E-04,   19.30   4.9175E-04,   19.40   4.7144E-04,   19.50   4.5196E-04,   19.60   4.3329E-04,   19.70   4.1539E-04, 
  19.80   3.9823E-04,   19.90   3.8179E-04,   20.00   3.6602E-04,   20.10   3.5090E-04,   20.20   3.3640E-04,   20.30   3.2251E-04, 
  20.40   3.0919E-04,   20.50   2.9642E-04,   20.60   2.8418E-04,   20.70   2.7244E-04,   20.80   2.6119E-04,   20.90   2.5041E-04, 
  21.00   2.4007E-04,   21.10   2.3015E-04,   21.20   2.2065E-04,   21.30   2.1154E-04,   21.40   2.0281E-04,   21.50   1.9443E-04, 
  21.60   1.8640E-04,   21.70   1.7871E-04,   21.80   1.7133E-04,   21.90   1.6426E-04,   22.00   1.5748E-04,   22.10   1.5098E-04, 
  22.20   1.4474E-04,   22.30   1.3877E-04,   22.40   1.3304E-04,   22.50   1.2755E-04,   22.60   1.2228E-04,   22.70   1.1724E-04, 
  22.80   1.1240E-04,   22.90   1.0776E-04,   23.00   1.0331E-04,   23.10   9.9046E-05,   23.20   9.4958E-05,   23.30   9.1039E-05, 
  23.40   8.7282E-05,   23.50   8.3680E-05,   23.60   8.0226E-05,   23.70   7.6915E-05,   23.80   7.3741E-05,   23.90   7.0698E-05, 
  24.00   6.7781E-05, 

 No.   P1 P2 IN KIND T N  L  S1 IA J/S  IB BIND XFER  BE    SC PC FIL AFRAC Adjust  to  Z  Mass   K     Norm    rms      D0     D   ANC/Gsp

    At R=   23.990, ANC in ch  1 is    1.8773    ,   eta,eta*ln(2*rho)+rho =   0.54944E-01    10.222    

    1:  2  1  1  0     1  0 0.5  1 0.5   0   3   0   5.4935  1  1  0 0.0000 VR  0.8879; 1. 1.001 0.4192 1.0000  2.820 -166.8 -176.4  1.8773

 For Channel #  1 with l = 3,  j =  3.5, around core state #  1

   R    Y(R)
   0.00   0.0000E+00,    0.10   2.5025E-06,    0.20   3.9890E-05,    0.30   2.0068E-04,    0.40   6.2870E-04,    0.50   1.5176E-03, 
   0.60   3.1036E-03,    0.70   5.6561E-03,    0.80   9.4673E-03,    0.90   1.4840E-02,    1.00   2.2077E-02,    1.10   3.1463E-02, 
   1.20   4.3260E-02,    1.30   5.7685E-02,    1.40   7.4906E-02,    1.50   9.5029E-02,    1.60   1.1809E-01,    1.70   1.4404E-01, 
   1.80   1.7275E-01,    1.90   2.0401E-01,    2.00   2.3753E-01,    2.10   2.7293E-01,    2.20   3.0976E-01,    2.30   3.4750E-01, 
   2.40   3.8559E-01,    2.50   4.2342E-01,    2.60   4.6036E-01,    2.70   4.9578E-01,    2.80   5.2907E-01,    2.90   5.5963E-01, 
   3.00   5.8693E-01,    3.10   6.1053E-01,    3.20   6.3002E-01,    3.30   6.4514E-01,    3.40   6.5572E-01,    3.50   6.6167E-01, 
   3.60   6.6306E-01,    3.70   6.6002E-01,    3.80   6.5280E-01,    3.90   6.4173E-01,    4.00   6.2721E-01,    4.10   6.0967E-01, 
   4.20   5.8960E-01,    4.30   5.6748E-01,    4.40   5.4378E-01,    4.50   5.1897E-01,    4.60   4.9347E-01,    4.70   4.6766E-01, 
   4.80   4.4190E-01,    4.90   4.1646E-01,    5.00   3.9159E-01,    5.10   3.6747E-01,    5.20   3.4425E-01,    5.30   3.2203E-01, 
   5.40   3.0089E-01,    5.50   2.8086E-01,    5.60   2.6195E-01,    5.70   2.4418E-01,    5.80   2.2750E-01,    5.90   2.1190E-01, 
   6.00   1.9732E-01,    6.10   1.8373E-01,    6.20   1.7108E-01,    6.30   1.5930E-01,    6.40   1.4836E-01,    6.50   1.3819E-01, 
   6.60   1.2875E-01,    6.70   1.1998E-01,    6.80   1.1185E-01,    6.90   1.0430E-01,    7.00   9.7288E-02,    7.10   9.0784E-02, 
   7.20   8.4745E-02,    7.30   7.9137E-02,    7.40   7.3929E-02,    7.50   6.9090E-02,    7.60   6.4593E-02,    7.70   6.0412E-02, 
   7.80   5.6523E-02,    7.90   5.2905E-02,    8.00   4.9538E-02,    8.10   4.6402E-02,    8.20   4.3481E-02,    8.30   4.0759E-02, 
   8.40   3.8221E-02,    8.50   3.5854E-02,    8.60   3.3646E-02,    8.70   3.1584E-02,    8.80   2.9659E-02,    8.90   2.7860E-02, 
   9.00   2.6179E-02,    9.10   2.4607E-02,    9.20   2.3137E-02,    9.30   2.1762E-02,    9.40   2.0474E-02,    9.50   1.9268E-02, 
   9.60   1.8139E-02,    9.70   1.7080E-02,    9.80   1.6088E-02,    9.90   1.5158E-02,   10.00   1.4285E-02,   10.10   1.3466E-02, 
  10.20   1.2697E-02,   10.30   1.1975E-02,   10.40   1.1297E-02,   10.50   1.0660E-02,   10.60   1.0061E-02,   10.70   9.4984E-03, 
  10.80   8.9690E-03,   10.90   8.4710E-03,   11.00   8.0024E-03,   11.10   7.5614E-03,   11.20   7.1461E-03,   11.30   6.7551E-03, 
  11.40   6.3868E-03,   11.50   6.0397E-03,   11.60   5.7127E-03,   11.70   5.4044E-03,   11.80   5.1137E-03,   11.90   4.8395E-03, 
  12.00   4.5809E-03,   12.10   4.3368E-03,   12.20   4.1065E-03,   12.30   3.8891E-03,   12.40   3.6838E-03,   12.50   3.4900E-03, 
  12.60   3.3069E-03,   12.70   3.1339E-03,   12.80   2.9704E-03,   12.90   2.8159E-03,   13.00   2.6698E-03,   13.10   2.5317E-03, 
  13.20   2.4011E-03,   13.30   2.2776E-03,   13.40   2.1607E-03,   13.50   2.0501E-03,   13.60   1.9455E-03,   13.70   1.8464E-03, 
  13.80   1.7527E-03,   13.90   1.6639E-03,   14.00   1.5798E-03,   14.10   1.5001E-03,   14.20   1.4247E-03,   14.30   1.3532E-03, 
  14.40   1.2855E-03,   14.50   1.2213E-03,   14.60   1.1604E-03,   14.70   1.1027E-03,   14.80   1.0480E-03,   14.90   9.9614E-04, 
  15.00   9.4694E-04,   15.10   9.0027E-04,   15.20   8.5599E-04,   15.30   8.1398E-04,   15.40   7.7411E-04,   15.50   7.3628E-04, 
  15.60   7.0036E-04,   15.70   6.6627E-04,   15.80   6.3390E-04,   15.90   6.0316E-04,   16.00   5.7397E-04,   16.10   5.4624E-04, 
  16.20   5.1991E-04,   16.30   4.9489E-04,   16.40   4.7111E-04,   16.50   4.4852E-04,   16.60   4.2706E-04,   16.70   4.0665E-04, 
  16.80   3.8726E-04,   16.90   3.6882E-04,   17.00   3.5129E-04,   17.10   3.3462E-04,   17.20   3.1877E-04,   17.30   3.0370E-04, 
  17.40   2.8936E-04,   17.50   2.7572E-04,   17.60   2.6275E-04,   17.70   2.5040E-04,   17.80   2.3866E-04,   17.90   2.2748E-04, 
  18.00   2.1684E-04,   18.10   2.0672E-04,   18.20   1.9708E-04,   18.30   1.8791E-04,   18.40   1.7917E-04,   18.50   1.7086E-04, 
  18.60   1.6294E-04,   18.70   1.5540E-04,   18.80   1.4822E-04,   18.90   1.4138E-04,   19.00   1.3486E-04,   19.10   1.2866E-04, 
  19.20   1.2275E-04,   19.30   1.1711E-04,   19.40   1.1175E-04,   19.50   1.0663E-04,   19.60   1.0176E-04,   19.70   9.7112E-05, 
  19.80   9.2685E-05,   19.90   8.8465E-05,   20.00   8.4442E-05,   20.10   8.0607E-05,   20.20   7.6951E-05,   20.30   7.3465E-05, 
  20.40   7.0141E-05,   20.50   6.6971E-05,   20.60   6.3948E-05,   20.70   6.1065E-05,   20.80   5.8315E-05,   20.90   5.5692E-05, 
  21.00   5.3190E-05,   21.10   5.0803E-05,   21.20   4.8526E-05,   21.30   4.6353E-05,   21.40   4.4280E-05,   21.50   4.2302E-05, 
  21.60   4.0414E-05,   21.70   3.8613E-05,   21.80   3.6893E-05,   21.90   3.5252E-05,   22.00   3.3686E-05,   22.10   3.2191E-05, 
  22.20   3.0763E-05,   22.30   2.9401E-05,   22.40   2.8100E-05,   22.50   2.6858E-05,   22.60   2.5672E-05,   22.70   2.4539E-05, 
  22.80   2.3458E-05,   22.90   2.2425E-05,   23.00   2.1438E-05,   23.10   2.0496E-05,   23.20   1.9596E-05,   23.30   1.8737E-05, 
  23.40   1.7916E-05,   23.50   1.7132E-05,   23.60   1.6382E-05,   23.70   1.5666E-05,   23.80   1.4982E-05,   23.90   1.4329E-05, 
  24.00   1.3705E-05, 

 No.   P1 P2 IN KIND T N  L  S1 IA J/S  IB BIND XFER  BE    SC PC FIL AFRAC Adjust  to  Z  Mass   K     Norm    rms      D0     D   ANC/Gsp

    At R=   23.990, ANC in ch  2 is    8.6434    ,   eta,eta*ln(2*rho)+rho =    1.8019        13.700    

    2:  1  2  2  0     1  3 0.5  1 3.5   0   4   0   2.7148  1  1  0 0.0000 VR  1.2078; 1. 1.010 0.3576 1.0000  3.945   -3.9   13.1  8.6434

 ************************************************************************************************************************************

 TWO-way COUPLING # 1 for partitions  2 <-  1 of KIND  5,   0  0  0 -1 -1 & P1,P2 = -172.8000   0.0000 : for J <=    30.5 & R <  24.0 fm.


 data =  1  1  1  1  1.0000,  so  < [he3      #  1] / [h2       #  1]  * Eigen-form #  1>  =   1.0000            BE =  5.494     1

 data =  2  1  1  2  1.0000,  so  < [ca40     #  1] / [k39      #  1]  * Eigen-form #  2>  =   1.0000            BE =  2.715     2
 KNT =   2, KNP =   1: NK,NG,loc=   1   1   1  13  T  T  F

     So ZERO-RANGE TRANSFER, with D0 =  -172.800 and finite-range effective radius   0.0000 fm.

   2  1  1 13     5.494  -172.800  -172.800     1.001     0.669     0.000     0.010

 Incoming partition  1 in excitation state # 1,   Laboratory Energy given for partition  1 Nucleus 1 in Excitation pair 1

0Lab. ENERGY ranges :

   from    21.0000     to   21.0000     in     0 intervals
   from    21.0000     to   0.00000     in     0 intervals
   from    0.00000     to   0.00000     in     0 intervals

 Largest real,imaginary parts of any form factor at R=   23.90 are   6.02E-02  6.38E-09 MeV
 Finished all Couplings @    3.68000008E-02          13

 Symmetric Hamiltonian
1***********************************************************************************************************************************
************************************************************************************************************************************

        INCOMING he3      ;    LABORATORY he3      ENERGY =   21.000     MeV.

 ***********************************************************************************************************************************
 ***********************************************************************************************************************************

 Allocate arrays for            3  channels, of which            3  need wfs.

 Total SPIN, PARITY =     0.0 +,      3 chs,      0 cc.  Rmin & Coul turning =    0.0    2.8


    C Projectl Target   #   EX.   (L  Proj) J  + Targ = Jtotal     E-cm      Re K     Re Eta     RM*K            CH
    1 he3      k39      #    1: I   2 0.5    1.5  1.5     0.0    19.49135   1.61545   2.26756   38.7709  -0.01153  -0.51624 1 1 1   1
    2 h2       ca40     #    1:     3 1.0    4.0  4.0     0.0    16.71253   1.23821   1.06685   29.7169   0.11968  -0.49707 2 1 2   1
    3 h2       ca40     #    1:     5 1.0    4.0  4.0     0.0    16.71253   1.23821   1.06685   29.7169  -0.43724   0.27052 2 1 2   1
 Allocate arrays for            7  channels, of which            7  need wfs.
 Allocate arrays for            8  channels, of which            8  need wfs.
 Allocate arrays for           12  channels, of which           12  need wfs.
 Allocate arrays for           14  channels, of which           14  need wfs.
 Allocate arrays for           15  channels, of which           15  need wfs.
 Allocate arrays for           17  channels, of which           17  need wfs.
 Allocate arrays for           18  channels, of which           18  need wfs.
 Reaction Xsec    27.0+/26 @ 1 =   0.778/, Out:   0.000#   0.146#   0.001f
 Reaction Xsec    27.0+/26 @ 2 =   0.766/, Out:   0.000#   1.135#   0.001f
 Reaction Xsec    27.0+/28 @ 3 =   0.194/, Out:   0.000#   0.255#   0.000f
 Reaction Xsec    27.0+/28 @ 4 =   0.191/, Out:   0.000#   0.054#   0.000f
 Reaction Xsec    27.0-/25 @ 1 =   1.534/, Out:   0.000#   0.406#   0.002f
 Reaction Xsec    27.0-/27 @ 2 =   0.389/, Out:   0.000#   0.996#   0.000f
 Reaction Xsec    27.0-/27 @ 3 =   0.382/, Out:   0.000#   0.319#   0.000f
 Reaction Xsec    27.0-/29 @ 4 =   0.097/, Out:   0.000#   0.035#   0.000f
 Reaction Xsec    28.0+/26 @ 1 =   0.794/, Out:   0.000#   0.187#   0.001f
 Reaction Xsec    28.0+/28 @ 2 =   0.201/, Out:   0.000#   0.515#   0.000f
 Reaction Xsec    28.0+/28 @ 3 =   0.198/, Out:   0.000#   0.168#   0.000f
 Reaction Xsec    28.0+/30 @ 4 =   0.050/, Out:   0.000#   0.017#   0.000f
 Reaction Xsec    28.0-/27 @ 1 =   0.403/, Out:   0.000#   0.077#   0.000f
 Reaction Xsec    28.0-/27 @ 2 =   0.396/, Out:   0.000#   0.548#   0.000f
 Reaction Xsec    28.0-/29 @ 3 =   0.101/, Out:   0.000#   0.134#   0.000f
 Reaction Xsec    28.0-/29 @ 4 =   0.098/, Out:   0.000#   0.029#   0.000f
 Reaction Xsec    29.0+/28 @ 1 =   0.208/, Out:   0.000#   0.044#   0.000f
 Reaction Xsec    29.0+/28 @ 2 =   0.205/, Out:   0.000#   0.284#   0.000f
 Reaction Xsec    29.0+/30 @ 3 =   0.052/, Out:   0.000#   0.063#   0.000f
 Reaction Xsec    29.0+/30 @ 4 =   0.051/, Out:   0.000#   0.014#   0.000f
 Reaction Xsec    29.0-/27 @ 1 =   0.410/, Out:   0.000#   0.096#   0.000f
 Reaction Xsec    29.0-/29 @ 2 =   0.104/, Out:   0.000#   0.268#   0.000f
 Reaction Xsec    29.0-/29 @ 3 =   0.102/, Out:   0.000#   0.088#   0.000f
 Reaction Xsec    29.0-/31 @ 4 =   0.026/, Out:   0.000#   0.007#   0.000f
 Reaction Xsec    30.0+/28 @ 1 =   0.211/, Out:   0.000#   0.054#   0.000f
 Reaction Xsec    30.0+/30 @ 2 =   0.054/, Out:   0.000#   0.127#   0.000f
 Reaction Xsec    30.0+/30 @ 3 =   0.053/, Out:   0.000#   0.042#   0.000f
 Reaction Xsec    30.0+/32 @ 4 =   0.013/, Out:   0.000#   0.002#   0.000f
 Reaction Xsec    30.0-/29 @ 1 =   0.108/, Out:   0.000#   0.024#   0.000f
 Reaction Xsec    30.0-/29 @ 2 =   0.105/, Out:   0.000#   0.147#   0.000f
 Reaction Xsec    30.0-/31 @ 3 =   0.027/, Out:   0.000#   0.025#   0.000f
 Reaction Xsec    30.0-/31 @ 4 =   0.026/, Out:   0.000#   0.005#   0.000f
 Finished all CC sets @   0.293195009    
0CUMULATIVE REACTION cross section                 = 1423.29089  <L> =     7.34  <L**2> =     63.8
0CUMULATIVE outgoing cross sections in partition 1 :    0.00000
0CUMULATIVE outgoing cross sections in partition 2 :    4.44693
0Cumulative ABSORBTION by Imaginary Potentials     = 1418.84396  <L> =     7.33  <L**2> =     63.7
   Fusion for specific he3      M-states : 1424.866278 1424.866278
0CUMULATIVE OUTGOING cross section                 =    4.44693
 To convert to S-factors (MeV.mb = keV.b),  multiply by  3.0022E+07


 CROSS SECTIONS FOR OUTGOING he3      & k39      in state #   1 with spins & parities 0.5  + &  1.5  +;  0

     0.01 deg.: X-S =   8.4933E+16 mb/sr,                       & pols = 0. -0.00000
+                                         /R =   1.0000E+00
     1.00 deg.: X-S =   8.4909E+08 mb/sr,                       & pols =-0.  0.00000
+                                         /R =   9.9967E-01
     2.00 deg.: X-S =   5.3169E+07 mb/sr,                       & pols = 0. -0.00001
+                                         /R =   1.0014E+00
     3.00 deg.: X-S =   1.0282E+07 mb/sr,                       & pols =-0.  0.00002
+                                         /R =   9.8014E-01
     4.00 deg.: X-S =   3.2994E+06 mb/sr,                       & pols = 0.  0.00011
+                                         /R =   9.9366E-01
     5.00 deg.: X-S =   1.4097E+06 mb/sr,                       & pols = 0.  0.00006
+                                         /R =   1.0360E+00
     6.00 deg.: X-S =   7.0157E+05 mb/sr,                       & pols = 0. -0.00016
+                                         /R =   1.0686E+00
     7.00 deg.: X-S =   3.7943E+05 mb/sr,                       & pols = 0. -0.00046
+                                         /R =   1.0700E+00
     8.00 deg.: X-S =   2.1688E+05 mb/sr,                       & pols = 0. -0.00069
+                                         /R =   1.0426E+00
     9.00 deg.: X-S =   1.3008E+05 mb/sr,                       & pols =-0. -0.00074
+                                         /R =   1.0007E+00
    10.00 deg.: X-S =   8.1861E+04 mb/sr,                       & pols =-0. -0.00053
+                                         /R =   9.5895E-01
    11.00 deg.: X-S =   5.4042E+04 mb/sr,                       & pols =-0. -0.00006
+                                         /R =   9.2588E-01
    12.00 deg.: X-S =   3.7257E+04 mb/sr,                       & pols =-0.  0.00056
+                                         /R =   9.0298E-01
    13.00 deg.: X-S =   2.6590E+04 mb/sr,                       & pols =-0.  0.00119
+                                         /R =   8.8652E-01
    14.00 deg.: X-S =   1.9435E+04 mb/sr,                       & pols = 0.  0.00172
+                                         /R =   8.7037E-01
    15.00 deg.: X-S =   1.4401E+04 mb/sr,                       & pols = 0.  0.00208
+                                         /R =   8.4861E-01
    16.00 deg.: X-S =   1.0731E+04 mb/sr,                       & pols =-0.  0.00223
+                                         /R =   8.1731E-01
    17.00 deg.: X-S =  7999.907895 mb/sr,                       & pols =-0.  0.00221
+                                         /R =   7.7522E-01
    18.00 deg.: X-S =  5953.124945 mb/sr,                       & pols =-0.  0.00203
+                                         /R =   7.2378E-01
    19.00 deg.: X-S =  4423.479015 mb/sr,                       & pols =-0.  0.00175
+                                         /R =   6.6640E-01
    20.00 deg.: X-S =  3291.270678 mb/sr,                       & pols =-0.  0.00141
+                                         /R =   6.0754E-01
    21.00 deg.: X-S =  2464.346196 mb/sr,                       & pols =-0.  0.00111
+                                         /R =   5.5178E-01
    22.00 deg.: X-S =  1868.932495 mb/sr,                       & pols =-0.  0.00091
+                                         /R =   5.0295E-01
    23.00 deg.: X-S =  1445.373217 mb/sr,                       & pols =-0.  0.00089
+                                         /R =   4.6359E-01
    24.00 deg.: X-S =  1145.925820 mb/sr,                       & pols =-0.  0.00109
+                                         /R =   4.3472E-01
    25.00 deg.: X-S =   933.275598 mb/sr,                       & pols =-0.  0.00147
+                                         /R =   4.1580E-01
    26.00 deg.: X-S =   779.202243 mb/sr,                       & pols =-0.  0.00198
+                                         /R =   4.0507E-01
    27.00 deg.: X-S =   663.220598 mb/sr,                       & pols =-0.  0.00251
+                                         /R =   3.9988E-01
    28.00 deg.: X-S =   571.191283 mb/sr,                       & pols =-0.  0.00300
+                                         /R =   3.9721E-01
    29.00 deg.: X-S =   493.960535 mb/sr,                       & pols = 0.  0.00340
+                                         /R =   3.9412E-01
    30.00 deg.: X-S =   426.098161 mb/sr,                       & pols = 0.  0.00370
+                                         /R =   3.8817E-01
    31.00 deg.: X-S =   364.788346 mb/sr,                       & pols = 0.  0.00392
+                                         /R =   3.7772E-01
    32.00 deg.: X-S =   308.906308 mb/sr,                       & pols = 0.  0.00412
+                                         /R =   3.6200E-01
    33.00 deg.: X-S =   258.292245 mb/sr,                       & pols = 0.  0.00436
+                                         /R =   3.4120E-01
    34.00 deg.: X-S =   213.216288 mb/sr,                       & pols = 0.  0.00473
+                                         /R =   3.1630E-01
    35.00 deg.: X-S =   174.015430 mb/sr,                       & pols = 0.  0.00531
+                                         /R =   2.8886E-01
    36.00 deg.: X-S =   140.875538 mb/sr,                       & pols = 0.  0.00624
+                                         /R =   2.6079E-01
    37.00 deg.: X-S =   113.728003 mb/sr,                       & pols = 0.  0.00762
+                                         /R =   2.3405E-01
    38.00 deg.: X-S =    92.230449 mb/sr,                       & pols = 0.  0.00951
+                                         /R =   2.1037E-01
    39.00 deg.: X-S =    75.803239 mb/sr,                       & pols =-0.  0.01186
+                                         /R =   1.9107E-01
    40.00 deg.: X-S =    63.697511 mb/sr,                       & pols =-0.  0.01443
+                                         /R =   1.7695E-01
    41.00 deg.: X-S =    55.075310 mb/sr,                       & pols =-0.  0.01686
+                                         /R =   1.6819E-01
    42.00 deg.: X-S =    49.087412 mb/sr,                       & pols =-0.  0.01869
+                                         /R =   1.6437E-01
    43.00 deg.: X-S =    44.939338 mb/sr,                       & pols = 0.  0.01962
+                                         /R =   1.6461E-01
    44.00 deg.: X-S =    41.940264 mb/sr,                       & pols = 0.  0.01954
+                                         /R =   1.6767E-01
    45.00 deg.: X-S =    39.533056 mb/sr,                       & pols = 0.  0.01852
+                                         /R =   1.7213E-01
    46.00 deg.: X-S =    37.306289 mb/sr,                       & pols = 0.  0.01674
+                                         /R =   1.7653E-01
    47.00 deg.: X-S =    34.990903 mb/sr,                       & pols = 0.  0.01436
+                                         /R =   1.7959E-01
    48.00 deg.: X-S =    32.445136 mb/sr,                       & pols = 0.  0.01151
+                                         /R =   1.8027E-01
    49.00 deg.: X-S =    29.631740 mb/sr,                       & pols = 0.  0.00826
+                                         /R =   1.7791E-01
    50.00 deg.: X-S =    26.591346 mb/sr,                       & pols = 0.  0.00467
+                                         /R =   1.7221E-01
    51.00 deg.: X-S =    23.415296 mb/sr,                       & pols = 0.  0.00075
+                                         /R =   1.6329E-01
    52.00 deg.: X-S =    20.220580 mb/sr,                       & pols = 0. -0.00349
+                                         /R =   1.5160E-01
    53.00 deg.: X-S =    17.128675 mb/sr,                       & pols = 0. -0.00799
+                                         /R =   1.3784E-01
    54.00 deg.: X-S =    14.249329 mb/sr,                       & pols = 0. -0.01265
+                                         /R =   1.2289E-01
    55.00 deg.: X-S =    11.669592 mb/sr,                       & pols = 0. -0.01722
+                                         /R =   1.0770E-01
    56.00 deg.: X-S =     9.447882 mb/sr,                       & pols = 0. -0.02127
+                                         /R =   9.3176E-02
    57.00 deg.: X-S =     7.612408 mb/sr,                       & pols = 0. -0.02403
+                                         /R =   8.0114E-02
    58.00 deg.: X-S =     6.163073 mb/sr,                       & pols = 0. -0.02447
+                                         /R =   6.9122E-02
    59.00 deg.: X-S =     5.075836 mb/sr,                       & pols = 0. -0.02139
+                                         /R =   6.0589E-02
    60.00 deg.: X-S =     4.308547 mb/sr,                       & pols = 0. -0.01404
+                                         /R =   5.4669E-02
    61.00 deg.: X-S =     3.807339 mb/sr,                       & pols = 0. -0.00277
+                                         /R =   5.1290E-02
    62.00 deg.: X-S =     3.512860 mb/sr,                       & pols = 0.  0.01075
+                                         /R =   5.0182E-02
    63.00 deg.: X-S =     3.365777 mb/sr,                       & pols = 0.  0.02420
+                                         /R =   5.0928E-02
    64.00 deg.: X-S =     3.311211 mb/sr,                       & pols = 0.  0.03573
+                                         /R =   5.3010E-02
    65.00 deg.: X-S =     3.301918 mb/sr,                       & pols = 0.  0.04448
+                                         /R =   5.5868E-02
    66.00 deg.: X-S =     3.300198 mb/sr,                       & pols = 0.  0.05042
+                                         /R =   5.8953E-02
    67.00 deg.: X-S =     3.278640 mb/sr,                       & pols = 0.  0.05393
+                                         /R =   6.1771E-02
    68.00 deg.: X-S =     3.219879 mb/sr,                       & pols = 0.  0.05547
+                                         /R =   6.3917E-02
    69.00 deg.: X-S =     3.115596 mb/sr,                       & pols = 0.  0.05543
+                                         /R =   6.5101E-02
    70.00 deg.: X-S =     2.965008 mb/sr,                       & pols = 0.  0.05408
+                                         /R =   6.5151E-02
    71.00 deg.: X-S =     2.773087 mb/sr,                       & pols = 0.  0.05156
+                                         /R =   6.4020E-02
    72.00 deg.: X-S =     2.548717 mb/sr,                       & pols = 0.  0.04792
+                                         /R =   6.1763E-02
    73.00 deg.: X-S =     2.302940 mb/sr,                       & pols = 0.  0.04312
+                                         /R =   5.8528E-02
    74.00 deg.: X-S =     2.047445 mb/sr,                       & pols = 0.  0.03705
+                                         /R =   5.4525E-02
    75.00 deg.: X-S =     1.793335 mb/sr,                       & pols = 0.  0.02956
+                                         /R =   5.0001E-02
    76.00 deg.: X-S =     1.550245 mb/sr,                       & pols = 0.  0.02049
+                                         /R =   4.5217E-02
    77.00 deg.: X-S =     1.325778 mb/sr,                       & pols = 0.  0.00973
+                                         /R =   4.0421E-02
    78.00 deg.: X-S =     1.125250 mb/sr,                       & pols = 0. -0.00270
+                                         /R =   3.5832E-02
    79.00 deg.: X-S =     0.951686 mb/sr,                       & pols = 0. -0.01655
+                                         /R =   3.1628E-02
    80.00 deg.: X-S =     0.806018 mb/sr,                       & pols = 0. -0.03119
+                                         /R =   2.7935E-02
                                           Integrated********** mb, over [   0.000,  80.000] at    21.0000 MeV 

 CROSS SECTIONS FOR OUTGOING h2       & ca40     in state #   1 with spins & parities 1.0  + &  4.0  -;  0

     0.00 deg.: X-S =     2.235432 mb/sr,                       & pols =-0.  0.00000
+                                         REAC   4.4469E+00 mb
     1.00 deg.: X-S =     2.238176 mb/sr,                       & pols =-0.  0.00684
     2.00 deg.: X-S =     2.246626 mb/sr,                       & pols =-0.  0.01372
     3.00 deg.: X-S =     2.261460 mb/sr,                       & pols =-0.  0.02065
     4.00 deg.: X-S =     2.283847 mb/sr,                       & pols =-0.  0.02759
     5.00 deg.: X-S =     2.315473 mb/sr,                       & pols =-0.  0.03443
     6.00 deg.: X-S =     2.358506 mb/sr,                       & pols =-0.  0.04097
     7.00 deg.: X-S =     2.415461 mb/sr,                       & pols =-0.  0.04694
     8.00 deg.: X-S =     2.488928 mb/sr,                       & pols =-0.  0.05204
     9.00 deg.: X-S =     2.581174 mb/sr,                       & pols =-0.  0.05599
    10.00 deg.: X-S =     2.693635 mb/sr,                       & pols =-0.  0.05855
    11.00 deg.: X-S =     2.826381 mb/sr,                       & pols =-0.  0.05962
    12.00 deg.: X-S =     2.977625 mb/sr,                       & pols =-0.  0.05921
    13.00 deg.: X-S =     3.143385 mb/sr,                       & pols =-0.  0.05747
    14.00 deg.: X-S =     3.317387 mb/sr,                       & pols =-0.  0.05463
    15.00 deg.: X-S =     3.491240 mb/sr,                       & pols =-0.  0.05097
    16.00 deg.: X-S =     3.654925 mb/sr,                       & pols =-0.  0.04677
    17.00 deg.: X-S =     3.797524 mb/sr,                       & pols =-0.  0.04229
    18.00 deg.: X-S =     3.908126 mb/sr,                       & pols =-0.  0.03774
    19.00 deg.: X-S =     3.976802 mb/sr,                       & pols = 0.  0.03328
    20.00 deg.: X-S =     3.995514 mb/sr,                       & pols = 0.  0.02904
    21.00 deg.: X-S =     3.958874 mb/sr,                       & pols = 0.  0.02513
    22.00 deg.: X-S =     3.864660 mb/sr,                       & pols = 0.  0.02164
    23.00 deg.: X-S =     3.714045 mb/sr,                       & pols =-0.  0.01865
    24.00 deg.: X-S =     3.511533 mb/sr,                       & pols = 0.  0.01624
    25.00 deg.: X-S =     3.264616 mb/sr,                       & pols = 0.  0.01452
    26.00 deg.: X-S =     2.983192 mb/sr,                       & pols = 0.  0.01363
    27.00 deg.: X-S =     2.678822 mb/sr,                       & pols = 0.  0.01375
    28.00 deg.: X-S =     2.363868 mb/sr,                       & pols = 0.  0.01512
    29.00 deg.: X-S =     2.050625 mb/sr,                       & pols = 0.  0.01806
    30.00 deg.: X-S =     1.750491 mb/sr,                       & pols =-0.  0.02297
    31.00 deg.: X-S =     1.473258 mb/sr,                       & pols =-0.  0.03033
    32.00 deg.: X-S =     1.226583 mb/sr,                       & pols = 0.  0.04062
    33.00 deg.: X-S =     1.015660 mb/sr,                       & pols =-0.  0.05417
    34.00 deg.: X-S =     0.843113 mb/sr,                       & pols =-0.  0.07082
    35.00 deg.: X-S =     0.709106 mb/sr,                       & pols =-0.  0.08947
    36.00 deg.: X-S =     0.611619 mb/sr,                       & pols =-0.  0.10772
    37.00 deg.: X-S =     0.546865 mb/sr,                       & pols =-0.  0.12220
    38.00 deg.: X-S =     0.509776 mb/sr,                       & pols =-0.  0.12986
    39.00 deg.: X-S =     0.494523 mb/sr,                       & pols =-0.  0.12953
    40.00 deg.: X-S =     0.495010 mb/sr,                       & pols = 0.  0.12232
    41.00 deg.: X-S =     0.505311 mb/sr,                       & pols = 0.  0.11067
    42.00 deg.: X-S =     0.520037 mb/sr,                       & pols =-0.  0.09703
    43.00 deg.: X-S =     0.534598 mb/sr,                       & pols = 0.  0.08321
    44.00 deg.: X-S =     0.545386 mb/sr,                       & pols = 0.  0.07024
    45.00 deg.: X-S =     0.549855 mb/sr,                       & pols = 0.  0.05860
    46.00 deg.: X-S =     0.546517 mb/sr,                       & pols = 0.  0.04845
    47.00 deg.: X-S =     0.534873 mb/sr,                       & pols = 0.  0.03978
    48.00 deg.: X-S =     0.515277 mb/sr,                       & pols = 0.  0.03250
    49.00 deg.: X-S =     0.488761 mb/sr,                       & pols = 0.  0.02653
    50.00 deg.: X-S =     0.456833 mb/sr,                       & pols = 0.  0.02176
    51.00 deg.: X-S =     0.421275 mb/sr,                       & pols = 0.  0.01812
    52.00 deg.: X-S =     0.383942 mb/sr,                       & pols = 0.  0.01553
    53.00 deg.: X-S =     0.346603 mb/sr,                       & pols = 0.  0.01393
    54.00 deg.: X-S =     0.310801 mb/sr,                       & pols = 0.  0.01319
    55.00 deg.: X-S =     0.277769 mb/sr,                       & pols = 0.  0.01318
    56.00 deg.: X-S =     0.248380 mb/sr,                       & pols = 0.  0.01366
    57.00 deg.: X-S =     0.223137 mb/sr,                       & pols = 0.  0.01433
    58.00 deg.: X-S =     0.202198 mb/sr,                       & pols = 0.  0.01479
    59.00 deg.: X-S =     0.185419 mb/sr,                       & pols = 0.  0.01466
    60.00 deg.: X-S =     0.172415 mb/sr,                       & pols = 0.  0.01360
    61.00 deg.: X-S =     0.162630 mb/sr,                       & pols = 0.  0.01144
    62.00 deg.: X-S =     0.155404 mb/sr,                       & pols = 0.  0.00820
    63.00 deg.: X-S =     0.150043 mb/sr,                       & pols = 0.  0.00407
    64.00 deg.: X-S =     0.145871 mb/sr,                       & pols = 0. -0.00064
    65.00 deg.: X-S =     0.142285 mb/sr,                       & pols = 0. -0.00559
    66.00 deg.: X-S =     0.138785 mb/sr,                       & pols = 0. -0.01046
    67.00 deg.: X-S =     0.134999 mb/sr,                       & pols = 0. -0.01496
    68.00 deg.: X-S =     0.130695 mb/sr,                       & pols = 0. -0.01889
    69.00 deg.: X-S =     0.125775 mb/sr,                       & pols = 0. -0.02206
    70.00 deg.: X-S =     0.120265 mb/sr,                       & pols = 0. -0.02437
    71.00 deg.: X-S =     0.114292 mb/sr,                       & pols = 0. -0.02572
    72.00 deg.: X-S =     0.108059 mb/sr,                       & pols = 0. -0.02608
    73.00 deg.: X-S =     0.101818 mb/sr,                       & pols = 0. -0.02548
    74.00 deg.: X-S =     0.095834 mb/sr,                       & pols = 0. -0.02404
    75.00 deg.: X-S =     0.090368 mb/sr,                       & pols = 0. -0.02201
    76.00 deg.: X-S =     0.085647 mb/sr,                       & pols = 0. -0.01977
    77.00 deg.: X-S =     0.081848 mb/sr,                       & pols = 0. -0.01783
    78.00 deg.: X-S =     0.079093 mb/sr,                       & pols = 0. -0.01677
    79.00 deg.: X-S =     0.077434 mb/sr,                       & pols = 0. -0.01716
    80.00 deg.: X-S =     0.076859 mb/sr,                       & pols = 0. -0.01938
                                           Integrated    4.0714 mb, over [   0.000,  80.000] at    21.0000 MeV 
 Finished all xsecs @   0.316135019    

  The following files have been created:
   3:local copy of User input.            6:standard output.                   
  13:total cross sections/state.         16:tables of cross sections.          
  35:Astrophysics S-factors  / Ecm.      39:cross sections for each Ecm.       
  40:all cross sectns. for each Elab.    46:bs wave functions & ANC ratios.    
  56:Fusion for each Jtotal.             58:Single-particle wfns.              
  75:S-factors for lab energies.        201:Separate cross sections.           
 202:Separate cross sections.           

 PARAMETERS : MAXQRN   MFNL   MLOC  LMAX1 MCLIST
    ALLOWED :      7    324     19     50      6
    REQUIRED:      1      0     13     36      4


 ACCURACY ANALYSIS at    21.000 MeV :

  Elastic h*k = 0.016 so OK       compared with 0.200

   Real(S-el) > 0.01 first at J =       1.0
   Real(S-el) > 0.10 first at J =       5.0
   Real(S-el) > 0.50 first at J =       8.0
   Real(S-el) > 0.90 first at J =      10.0
   Real(S-el) > 0.99 first at J =      13.0
   R-turn =    20.33 fm    at J =      30.0

 Forward-angle excitation cut off below   8.519 deg by max JT =      30.0
                              and below   6.702 deg by max R.

 Total CPU  0 time =       0.32 seconds
