 FRESCO - FRES 3.4: Coupled Reaction Channels
 Assuming NAMELIST input.

 39K + 3He Elastic Scattering Liang Optical Model 21 MeV                         

   0.010  13.000   0.100   0.100  10.000  -0.300   0.000   0.000   0.000   0.000

 Centre-of-mass Range is   1302 * 0.0100 fm., Maximum at  13.00 fm., Interpolating NL forms every  0.10 fm.
 Non - locality width is    101 * 0.1000 fm., Maximum of  10.00 fm., Centred at -0.20 fm.
 2-Nucleon Separation of      0 * 0.1000 fm., Maximum of   0.00 fm., Minimum at  0.00 fm.
 Maximum single particle bins of 13.0000 fm.
               M,Mint =         1301        1301


 Range of total J is     0.0 <= J <=    20.0 (at least     0.0) and Absorbtion =>    -1.0000 mb.
 Dry Run = F, CC set limits =  0  0, Relativistic kinematics =  , Both/Far/Near Analyses =  1                     

 Cross Sections (and up to T1 for 0=projectile) for Theta from   0.0 to  80.0 in steps of  1.0 degrees, DGAM=0,  Coordinates = 0 (Mads)

 Lower Radial Cutoff = maximum of -1.60*L*h &       0.0 fm.,  Lower Cutoff for Couplings =   0.0  fm.


 Iterate Couplings between   0 and   1 times, to  0.000 % if sooner.                                          
  Block solved exactly =   0 chs., with Pade = 0 & Isocen =  =0, NOSOL = F, initwf =  0
  NL quadrature with   36 Gaussian points, Calculate multipoles up to    26 from   0
  M-transfers for lp+lt greater than or equal to  6, Angular Integration Cutoff below  0.6944 %


 Trace switches are :  CHANS =  1, LISTCC =  0, TRENEG =  0, CDETR =  0, SMATS =  0, XSTABL =  1, NLPL =  0

                       WAVES =  0, LAMPL =  0, VEFF =  0, KFUS =  0, WDISK =  1, BPM =  0, MELFIL =  0

                       CDCC =  0, NFUS =  0

 Using unit mass = 1.000000 amu and 1/fine-structure constant = 137.03599 ( 1.000000 * true ) with hc = 197.32705 MeV.fm,
  thus 2*amu/hbar^2 = 0.0478450 = 1/20.9008 and Coulomb constant = 0.1574855 so e^2 = 1.43997, and nuclear magneton= 0.1261183

 Now pre-scan input and save to file 3

  Input namelist OVERLAP read error:         5010
&OVERLAP
 KN1=0          ,
 KN2=0          ,
 IC1=0          ,
 IC2=0          ,
 IN=0          ,
 KIND=0          ,
 CH1=" ",
 NN=0          ,
 L=0          ,
 LMAX=0          ,
 SN=  0.00000000    ,
 IA=0          ,
 J=  0.00000000    ,
 IB=0          ,
 KBPOT=0          ,
 KRPOT=0          ,
 BE=  0.00000000    ,
 ISC=0          ,
 IPC=0          ,
 NFL=0          ,
 NAM=0          ,
 AMPL=  0.00000000    ,
 KEEP=F,
 DM=  0.0000000000000000     ,
 NK=0          ,
 ER=  0.00000000    ,
 E=  0.0000000000000000     ,
 RSMIN=  0.0000000000000000     ,
 RSMAX=  13.000000000000000     ,
 RSALPHA=  0.0000000000000000     ,
 NLAG=0          ,
 PHASE=  0.0000000000000000     ,
 AUTOWID=  0.00000000    ,
 /
