 FRESCO - FRES 3.4: Coupled Reaction Channels
 Assuming NAMELIST input.

 39K(3He,d)40Ca 21 MeV DWBA ZR 4491 keV Jpi=5- l=7 n=1 j=13/2                    

   0.010  15.000   0.100   0.100  10.000  -0.300   0.000   0.000   0.000   0.000

 Centre-of-mass Range is   1502 * 0.0100 fm., Maximum at  15.00 fm., Interpolating NL forms every  0.10 fm.
 Non - locality width is    101 * 0.1000 fm., Maximum of  10.00 fm., Centred at -0.20 fm.
 2-Nucleon Separation of      0 * 0.1000 fm., Maximum of   0.00 fm., Minimum at  0.00 fm.
 Maximum single particle bins of 15.0000 fm.
               M,Mint =         1501        1501


 Range of total J is     0.0 <= J <=    30.0 (at least     0.0) and Absorbtion =>    -1.0000 mb.
 Dry Run = F, CC set limits =  0  0, Relativistic kinematics =  , Both/Far/Near Analyses =  1                     

 Cross Sections (and up to T1 for 0=projectile) for Theta from   0.0 to  80.0 in steps of  1.0 degrees, DGAM=0,  Coordinates = 0 (Mads)

 Lower Radial Cutoff = maximum of -1.60*L*h &       0.0 fm.,  Lower Cutoff for Couplings =   0.0  fm.


 Iterate Couplings between   0 and   1 times, to  0.000 % if sooner.                                          
  Block solved exactly =   0 chs., with Pade = 0 & Isocen =  =0, NOSOL = F, initwf =  0
  NL quadrature with   36 Gaussian points, Calculate multipoles up to    36 from   0
  M-transfers for lp+lt greater than or equal to  6, Angular Integration Cutoff below  0.6944 %


 Trace switches are :  CHANS =  1, LISTCC =  0, TRENEG =  0, CDETR =  0, SMATS =  0, XSTABL =  1, NLPL =  0

                       WAVES =  0, LAMPL =  0, VEFF =  0, KFUS =  0, WDISK =  0, BPM =  0, MELFIL =  0

                       CDCC =  0, NFUS =  0

 Using unit mass = 1.000000 amu and 1/fine-structure constant = 137.03599 ( 1.000000 * true ) with hc = 197.32705 MeV.fm,
  thus 2*amu/hbar^2 = 0.0478450 = 1/20.9008 and Coulomb constant = 0.1574855 so e^2 = 1.43997, and nuclear magneton= 0.1261183

 Now pre-scan input and save to file 3

  WARNING: target longitudinal recoil NOT included in the ZR coupling #            1


 *********** PARTITION NUMBER  1 ******************************************************************************************

   PROJ=he3        MASS=  3.0150 Z=   2.0,        # STATES=    1T, TARG=k39      MASS= 38.9530 Z=  19.0,     Q-VALUE =   0.0000 MEV.

     1:  J= 0.5+ (B# 1), E=  0.0000, K= 0.5              Potl#  1       J= 1.5+ (B# 1), E=  0.0000, K= 0.5    


 *********** PARTITION NUMBER  2 ******************************************************************************************

   PROJ=h2         MASS=  2.0140 Z=   1.0,        # STATES=    1T, TARG=ca40     MASS= 39.9630 Z=  20.0,     Q-VALUE =   2.8347 MEV.

     1:  J= 1.0+ (B# 1), E=  0.0000, K= 0.0              Potl#  2       J= 5.0- (B#-1), E=  4.4914, K= 0.0    
0****** WARNING : COMPARED WITH PARTITION  1, THIS PARTITION HAS TOTAL MASS & CHARGE EXCESSES   0.01205 &   0.0000


 ************************************************************************************************************************************

 The following POTENTIALS are defined :

  KP#       TYPE      IT    SHAPE      at     V1        r1        a1        V2        r2        a2        A-in     A-used


                                            A#1       A#2        r0c       ac                                                h @ 1
    1    0=Coulomb       0=CHARGE (WS)  1    38.953     0.000    1.2890    0.0000    0.0000    0.0000     0.000    38.953   0.01000

    1    1=Volume        0=Woods-Saxon  2  117.8810    1.1780    0.7680   -0.6460    1.4150    0.8470     0.000    38.953

    1    2=Surface       0=Woods-Saxon  3    0.0000    0.0000    0.0000   20.6650    1.1980    0.8520     0.000    38.953

    1    3=Projtl S.O.   0=Woods-Saxon  4    2.0830    0.7380    0.9460   -1.1590    0.0000    0.0000     0.000    38.953
   --------------------------------------------------------------------------------------------------------------------

                                            A#1       A#2        r0c       ac                                                h @ 2
    2    0=Coulomb       0=CHARGE (WS)  5    39.963     0.000    1.3030    0.0000    0.0000    0.0000     0.000    39.963   0.01000

    2    1=Volume        0=Woods-Saxon  6   91.1200    1.1500    0.7620    2.2340    1.3340    0.5130     0.000    39.963

    2    2=Surface       0=Woods-Saxon  7    0.0000    0.0000    0.0000   10.2740    1.3780    0.7430     0.000    39.963

    2    3=Projtl S.O.   0=Woods-Saxon  8    3.5570    0.9720    1.0110    0.0000    0.0000    0.0000     0.000    39.963
   --------------------------------------------------------------------------------------------------------------------

                                            A#1       A#2        r0c       ac                                                h @ 0
    3    0=Coulomb       0=CHARGE (WS)  9     3.015     0.000    1.2500    0.0000    0.0000    0.0000     0.000     3.015   0.01000

    3    1=Volume        0=Woods-Saxon 10   50.0000    1.2500    0.6500    0.0000    0.0000    0.0000     0.000     3.015
   --------------------------------------------------------------------------------------------------------------------

                                            A#1       A#2        r0c       ac                                                h @ 0
    4    0=Coulomb       0=CHARGE (WS) 11    38.953     0.000    1.2500    0.0000    0.0000    0.0000     0.000    38.953   0.01000

    4    1=Volume        0=Woods-Saxon 12   50.0000    1.2500    0.6500    0.0000    0.0000    0.0000     0.000    38.953


 ************************************************************************************************************************************

 The following SINGLE-PARTICLE FORM FACTORS are constructed :


 No.   P1 P2 IN KIND T N  L  S1 IA J/S  IB BIND XFER  BE    SC PC FIL AFRAC Adjust  to  Z  Mass   K     Norm    rms      D0     D   ANC/Gsp

 For Channel #  1 with l = 0,  j =  0.5, around core state #  1

   R    Y(R)
   0.00   0.0000E+00,    0.10   5.8280E-02,    0.20   1.1592E-01,    0.30   1.7228E-01,    0.40   2.2680E-01,    0.50   2.7891E-01, 
   0.60   3.2812E-01,    0.70   3.7401E-01,    0.80   4.1621E-01,    0.90   4.5442E-01,    1.00   4.8843E-01,    1.10   5.1808E-01, 
   1.20   5.4333E-01,    1.30   5.6417E-01,    1.40   5.8070E-01,    1.50   5.9307E-01,    1.60   6.0147E-01,    1.70   6.0615E-01, 
   1.80   6.0742E-01,    1.90   6.0557E-01,    2.00   6.0095E-01,    2.10   5.9388E-01,    2.20   5.8471E-01,    2.30   5.7376E-01, 
   2.40   5.6134E-01,    2.50   5.4772E-01,    2.60   5.3318E-01,    2.70   5.1794E-01,    2.80   5.0221E-01,    2.90   4.8618E-01, 
   3.00   4.6999E-01,    3.10   4.5379E-01,    3.20   4.3767E-01,    3.30   4.2174E-01,    3.40   4.0605E-01,    3.50   3.9068E-01, 
   3.60   3.7566E-01,    3.70   3.6103E-01,    3.80   3.4682E-01,    3.90   3.3304E-01,    4.00   3.1970E-01,    4.10   3.0681E-01, 
   4.20   2.9437E-01,    4.30   2.8238E-01,    4.40   2.7083E-01,    4.50   2.5971E-01,    4.60   2.4902E-01,    4.70   2.3875E-01, 
   4.80   2.2887E-01,    4.90   2.1939E-01,    5.00   2.1029E-01,    5.10   2.0156E-01,    5.20   1.9318E-01,    5.30   1.8514E-01, 
   5.40   1.7743E-01,    5.50   1.7004E-01,    5.60   1.6296E-01,    5.70   1.5616E-01,    5.80   1.4965E-01,    5.90   1.4341E-01, 
   6.00   1.3743E-01,    6.10   1.3170E-01,    6.20   1.2620E-01,    6.30   1.2094E-01,    6.40   1.1590E-01,    6.50   1.1106E-01, 
   6.60   1.0643E-01,    6.70   1.0199E-01,    6.80   9.7738E-02,    6.90   9.3663E-02,    7.00   8.9758E-02,    7.10   8.6017E-02, 
   7.20   8.2432E-02,    7.30   7.8997E-02,    7.40   7.5705E-02,    7.50   7.2551E-02,    7.60   6.9529E-02,    7.70   6.6633E-02, 
   7.80   6.3858E-02,    7.90   6.1199E-02,    8.00   5.8651E-02,    8.10   5.6210E-02,    8.20   5.3871E-02,    8.30   5.1629E-02, 
   8.40   4.9480E-02,    8.50   4.7422E-02,    8.60   4.5449E-02,    8.70   4.3559E-02,    8.80   4.1747E-02,    8.90   4.0011E-02, 
   9.00   3.8348E-02,    9.10   3.6754E-02,    9.20   3.5226E-02,    9.30   3.3762E-02,    9.40   3.2359E-02,    9.50   3.1014E-02, 
   9.60   2.9725E-02,    9.70   2.8491E-02,    9.80   2.7307E-02,    9.90   2.6173E-02,   10.00   2.5086E-02,   10.10   2.4044E-02, 
  10.20   2.3046E-02,   10.30   2.2089E-02,   10.40   2.1172E-02,   10.50   2.0293E-02,   10.60   1.9451E-02,   10.70   1.8644E-02, 
  10.80   1.7870E-02,   10.90   1.7128E-02,   11.00   1.6418E-02,   11.10   1.5737E-02,   11.20   1.5084E-02,   11.30   1.4458E-02, 
  11.40   1.3858E-02,   11.50   1.3284E-02,   11.60   1.2733E-02,   11.70   1.2205E-02,   11.80   1.1699E-02,   11.90   1.1214E-02, 
  12.00   1.0749E-02,   12.10   1.0303E-02,   12.20   9.8761E-03,   12.30   9.4668E-03,   12.40   9.0744E-03,   12.50   8.6983E-03, 
  12.60   8.3379E-03,   12.70   7.9924E-03,   12.80   7.6612E-03,   12.90   7.3438E-03,   13.00   7.0396E-03,   13.10   6.7479E-03, 
  13.20   6.4684E-03,   13.30   6.2005E-03,   13.40   5.9437E-03,   13.50   5.6975E-03,   13.60   5.4615E-03,   13.70   5.2354E-03, 
  13.80   5.0186E-03,   13.90   4.8108E-03,   14.00   4.6116E-03,   14.10   4.4207E-03,   14.20   4.2376E-03,   14.30   4.0622E-03, 
  14.40   3.8941E-03,   14.50   3.7329E-03,   14.60   3.5784E-03,   14.70   3.4303E-03,   14.80   3.2883E-03,   14.90   3.1522E-03, 
  15.00   3.0218E-03, 

 No.   P1 P2 IN KIND T N  L  S1 IA J/S  IB BIND XFER  BE    SC PC FIL AFRAC Adjust  to  Z  Mass   K     Norm    rms      D0     D   ANC/Gsp

    At R=   14.990, ANC in ch  1 is    1.8773    ,   eta,eta*ln(2*rho)+rho =   0.54944E-01    6.4232    

    1:  2  1  1  0     1  0 0.5  1 0.5   0   3   0   5.4935  1  1  0 0.0000 VR  0.8879; 1. 1.001 0.4192 1.0000  2.820 -166.8 -181.0  1.8773

 For Channel #  1 with l = 7,  j =  6.5, around core state #  1

   R    Y(R)
   0.00   0.0000E+00,    0.10   7.9502E-12,    0.20   2.0206E-09,    0.30   5.1196E-08,    0.40   5.0326E-07,    0.50   2.9384E-06, 
   0.60   1.2319E-05,    0.70   4.1035E-05,    0.80   1.1536E-04,    0.90   2.8454E-04,    1.00   6.3243E-04,    1.10   1.2907E-03, 
   1.20   2.4530E-03,    1.30   4.3870E-03,    1.40   7.4442E-03,    1.50   1.2063E-02,    1.60   1.8764E-02,    1.70   2.8136E-02, 
   1.80   4.0813E-02,    1.90   5.7434E-02,    2.00   7.8600E-02,    2.10   1.0482E-01,    2.20   1.3646E-01,    2.30   1.7368E-01, 
   2.40   2.1638E-01,    2.50   2.6417E-01,    2.60   3.1635E-01,    2.70   3.7190E-01,    2.80   4.2954E-01,    2.90   4.8771E-01, 
   3.00   5.4472E-01,    3.10   5.9879E-01,    3.20   6.4816E-01,    3.30   6.9120E-01,    3.40   7.2654E-01,    3.50   7.5310E-01, 
   3.60   7.7018E-01,    3.70   7.7750E-01,    3.80   7.7519E-01,    3.90   7.6377E-01,    4.00   7.4408E-01,    4.10   7.1721E-01, 
   4.20   6.8444E-01,    4.30   6.4710E-01,    4.40   6.0655E-01,    4.50   5.6406E-01,    4.60   5.2079E-01,    4.70   4.7774E-01, 
   4.80   4.3571E-01,    4.90   3.9537E-01,    5.00   3.5716E-01,    5.10   3.2141E-01,    5.20   2.8829E-01,    5.30   2.5788E-01, 
   5.40   2.3015E-01,    5.50   2.0503E-01,    5.60   1.8239E-01,    5.70   1.6208E-01,    5.80   1.4392E-01,    5.90   1.2773E-01, 
   6.00   1.1334E-01,    6.10   1.0056E-01,    6.20   8.9236E-02,    6.30   7.9209E-02,    6.40   7.0338E-02,    6.50   6.2494E-02, 
   6.60   5.5558E-02,    6.70   4.9427E-02,    6.80   4.4006E-02,    6.90   3.9210E-02,    7.00   3.4967E-02,    7.10   3.1210E-02, 
   7.20   2.7882E-02,    7.30   2.4931E-02,    7.40   2.2313E-02,    7.50   1.9989E-02,    7.60   1.7924E-02,    7.70   1.6086E-02, 
   7.80   1.4451E-02,    7.90   1.2993E-02,    8.00   1.1694E-02,    8.10   1.0533E-02,    8.20   9.4965E-03,    8.30   8.5693E-03, 
   8.40   7.7392E-03,    8.50   6.9955E-03,    8.60   6.3284E-03,    8.70   5.7297E-03,    8.80   5.1917E-03,    8.90   4.7080E-03, 
   9.00   4.2726E-03,    9.10   3.8804E-03,    9.20   3.5268E-03,    9.30   3.2078E-03,    9.40   2.9197E-03,    9.50   2.6593E-03, 
   9.60   2.4238E-03,    9.70   2.2106E-03,    9.80   2.0175E-03,    9.90   1.8424E-03,   10.00   1.6836E-03,   10.10   1.5394E-03, 
  10.20   1.4085E-03,   10.30   1.2894E-03,   10.40   1.1810E-03,   10.50   1.0824E-03,   10.60   9.9259E-04,   10.70   9.1071E-04, 
  10.80   8.3602E-04,   10.90   7.6786E-04,   11.00   7.0562E-04,   11.10   6.4875E-04,   11.20   5.9676E-04,   11.30   5.4920E-04, 
  11.40   5.0566E-04,   11.50   4.6580E-04,   11.60   4.2927E-04,   11.70   3.9578E-04,   11.80   3.6507E-04,   11.90   3.3688E-04, 
  12.00   3.1100E-04,   12.10   2.8723E-04,   12.20   2.6539E-04,   12.30   2.4530E-04,   12.40   2.2682E-04,   12.50   2.0981E-04, 
  12.60   1.9416E-04,   12.70   1.7974E-04,   12.80   1.6645E-04,   12.90   1.5419E-04,   13.00   1.4289E-04,   13.10   1.3247E-04, 
  13.20   1.2285E-04,   13.30   1.1396E-04,   13.40   1.0575E-04,   13.50   9.8166E-05,   13.60   9.1153E-05,   13.70   8.4669E-05, 
  13.80   7.8669E-05,   13.90   7.3117E-05,   14.00   6.7977E-05,   14.10   6.3217E-05,   14.20   5.8807E-05,   14.30   5.4720E-05, 
  14.40   5.0932E-05,   14.50   4.7419E-05,   14.60   4.4160E-05,   14.70   4.1136E-05,   14.80   3.8329E-05,   14.90   3.5723E-05, 
  15.00   3.3303E-05, 

 No.   P1 P2 IN KIND T N  L  S1 IA J/S  IB BIND XFER  BE    SC PC FIL AFRAC Adjust  to  Z  Mass   K     Norm    rms      D0     D   ANC/Gsp

    At R=   14.990, ANC in ch  2 is   0.34283E-01,   eta,eta*ln(2*rho)+rho =    1.5157        10.230    

    2:  1  2  2  0     1  7 0.5  1 6.5   0   4   0   3.8369  1  1  0 0.0000 VR  3.5733; 1. 1.010 0.4251 1.0000  3.909   -0.0    0.0  0.0343

 ************************************************************************************************************************************

 TWO-way COUPLING # 1 for partitions  2 <-  1 of KIND  5,   0  0  0 -1 -1 & P1,P2 = -172.8000   0.0000 : for J <=    30.5 & R <  15.0 fm.


 data =  1  1  1  1  1.0000,  so  < [he3      #  1] / [h2       #  1]  * Eigen-form #  1>  =   1.0000            BE =  5.494     1

 data =  2  1  1  2  1.0000,  so  < [ca40     #  1] / [k39      #  1]  * Eigen-form #  2>  =   1.0000            BE =  3.837     2
 KNT =   2, KNP =   1: NK,NG,loc=   1   1   1  13  T  T  F

     So ZERO-RANGE TRANSFER, with D0 =  -172.800 and finite-range effective radius   0.0000 fm.

   2  1  1 13     5.494  -172.800  -172.800     1.001     0.669     0.000     0.010

 Incoming partition  1 in excitation state # 1,   Laboratory Energy given for partition  1 Nucleus 1 in Excitation pair 1

0Lab. ENERGY ranges :

   from    21.0000     to   21.0000     in     0 intervals
   from    21.0000     to   0.00000     in     0 intervals
   from    0.00000     to   0.00000     in     0 intervals

 Largest real,imaginary parts of any form factor at R=   14.90 are   9.66E-02  2.47E-04 MeV
 Finished all Couplings @    2.32309997E-02          13

 Symmetric Hamiltonian
1***********************************************************************************************************************************
************************************************************************************************************************************

        INCOMING he3      ;    LABORATORY he3      ENERGY =   21.000     MeV.

 ***********************************************************************************************************************************
 ***********************************************************************************************************************************

 Allocate arrays for            2  channels, of which            2  need wfs.

 Total SPIN, PARITY =     0.0 +,      2 chs,      0 cc.  Rmin & Coul turning =    0.0    2.8


    C Projectl Target   #   EX.   (L  Proj) J  + Targ = Jtotal     E-cm      Re K     Re Eta     RM*K            CH
    1 he3      k39      #    1: I   2 0.5    1.5  1.5     0.0    19.49135   1.61545   2.26756   24.2318  -0.39212  -0.35390 1 1 1   1
    2 h2       ca40     #    1:     5 1.0    5.0  5.0     0.0    17.83462   1.27910   1.03274   19.1865   0.35729  -0.38712 2 1 2   1
 Allocate arrays for            3  channels, of which            3  need wfs.
 Allocate arrays for            8  channels, of which            8  need wfs.
 Allocate arrays for           11  channels, of which           11  need wfs.
 Allocate arrays for           12  channels, of which           12  need wfs.
 Allocate arrays for           15  channels, of which           15  need wfs.
 Allocate arrays for           17  channels, of which           17  need wfs.
 Allocate arrays for           18  channels, of which           18  need wfs.
 Allocate arrays for           20  channels, of which           20  need wfs.
 Allocate arrays for           21  channels, of which           21  need wfs.
 Reaction Xsec    27.0+/26 @ 1 =   0.045/, Out:   0.000#   0.000#   0.000f
 Reaction Xsec    27.0+/26 @ 2 =   0.044/, Out:   0.000#   0.000#   0.000f
 Reaction Xsec    27.0+/28 @ 3 =   2.240#, Out:   0.000#   0.000#   0.000f
 Reaction Xsec    27.0+/28 @ 4 =   2.214#, Out:   0.000#   0.000#   0.000f
 Reaction Xsec    27.0-/25 @ 1 =   0.173/, Out:   0.000#   0.000#   0.000f
 Reaction Xsec    27.0-/27 @ 2 =   0.010/, Out:   0.000#   0.000#   0.000f
 Reaction Xsec    27.0-/27 @ 3 =   0.010/, Out:   0.000#   0.000#   0.000f
 Reaction Xsec    27.0-/29 @ 4 =   0.444#, Out:   0.000#   0.000#   0.000f
 Reaction Xsec    28.0+/26 @ 1 =   0.046/, Out:   0.000#   0.000#   0.000f
 Reaction Xsec    28.0+/28 @ 2 =   2.322#, Out:   0.000#   0.000#   0.000f
 Reaction Xsec    28.0+/28 @ 3 =   2.294#, Out:   0.000#   0.000#   0.000f
 Reaction Xsec    28.0+/30 @ 4 =   0.084#, Out:   0.000#   0.000#   0.000f
 Reaction Xsec    28.0-/27 @ 1 =   0.011/, Out:   0.000#   0.000#   0.000f
 Reaction Xsec    28.0-/27 @ 2 =   0.011/, Out:   0.000#   0.000#   0.000f
 Reaction Xsec    28.0-/29 @ 3 =   0.460#, Out:   0.000#   0.000#   0.000f
 Reaction Xsec    28.0-/29 @ 4 =   0.455#, Out:   0.000#   0.000#   0.000f
 Reaction Xsec    29.0+/28 @ 1 =   2.403#, Out:   0.000#   0.000#   0.000f
 Reaction Xsec    29.0+/28 @ 2 =   2.375#, Out:   0.000#   0.000#   0.000f
 Reaction Xsec    29.0+/30 @ 3 =   0.087#, Out:   0.000#   0.000#   0.000f
 Reaction Xsec    29.0+/30 @ 4 =   0.086#, Out:   0.000#   0.000#   0.000f
 Reaction Xsec    29.0-/27 @ 1 =   0.011/, Out:   0.000#   0.000#   0.000f
 Reaction Xsec    29.0-/29 @ 2 =   0.476#, Out:   0.000#   0.000#   0.000f
 Reaction Xsec    29.0-/29 @ 3 =   0.471#, Out:   0.000#   0.000#   0.000f
 Reaction Xsec    29.0-/31 @ 4 =   0.015#, Out:   0.000#   0.000#   0.000f
 Reaction Xsec    30.0+/28 @ 1 =   2.455#, Out:   0.000#   0.000#   0.000f
 Reaction Xsec    30.0+/30 @ 2 =   0.090#, Out:   0.000#   0.000#   0.000f
 Reaction Xsec    30.0+/30 @ 3 =   0.089#, Out:   0.000#   0.000#   0.000f
 Reaction Xsec    30.0+/32 @ 4 =   0.002#, Out:   0.000#   0.000#   0.000f
 Reaction Xsec    30.0-/29 @ 1 =   0.492#, Out:   0.000#   0.000#   0.000f
 Reaction Xsec    30.0-/29 @ 2 =   0.487#, Out:   0.000#   0.000#   0.000f
 Reaction Xsec    30.0-/31 @ 3 =   0.015#, Out:   0.000#   0.000#   0.000f
 Reaction Xsec    30.0-/31 @ 4 =   0.015#, Out:   0.000#   0.000#   0.000f
 Finished all CC sets @   0.240766004    
0CUMULATIVE REACTION cross section                 = 1422.89336  <L> =     7.33  <L**2> =     63.7
0CUMULATIVE outgoing cross sections in partition 1 :    0.00000
0CUMULATIVE outgoing cross sections in partition 2 :    0.58421
0Cumulative ABSORBTION by Imaginary Potentials     = 1422.30915  <L> =     7.33  <L**2> =     63.7
   Fusion for specific he3      M-states : 1428.331876 1428.331876
0CUMULATIVE OUTGOING cross section                 =    0.58421
 To convert to S-factors (MeV.mb = keV.b),  multiply by  3.0022E+07


 CROSS SECTIONS FOR OUTGOING he3      & k39      in state #   1 with spins & parities 0.5  + &  1.5  +;  0

     0.01 deg.: X-S =   8.4933E+16 mb/sr,                       & pols = 0. -0.00000
+                                         /R =   1.0000E+00
     1.00 deg.: X-S =   8.4909E+08 mb/sr,                       & pols = 0.  0.00000
+                                         /R =   9.9967E-01
     2.00 deg.: X-S =   5.3169E+07 mb/sr,                       & pols =-0. -0.00001
+                                         /R =   1.0014E+00
     3.00 deg.: X-S =   1.0282E+07 mb/sr,                       & pols = 0.  0.00002
+                                         /R =   9.8013E-01
     4.00 deg.: X-S =   3.2994E+06 mb/sr,                       & pols = 0.  0.00011
+                                         /R =   9.9367E-01
     5.00 deg.: X-S =   1.4097E+06 mb/sr,                       & pols =-0.  0.00006
+                                         /R =   1.0360E+00
     6.00 deg.: X-S =   7.0158E+05 mb/sr,                       & pols = 0. -0.00016
+                                         /R =   1.0686E+00
     7.00 deg.: X-S =   3.7943E+05 mb/sr,                       & pols = 0. -0.00046
+                                         /R =   1.0700E+00
     8.00 deg.: X-S =   2.1689E+05 mb/sr,                       & pols = 0. -0.00069
+                                         /R =   1.0426E+00
     9.00 deg.: X-S =   1.3008E+05 mb/sr,                       & pols = 0. -0.00074
+                                         /R =   1.0007E+00
    10.00 deg.: X-S =   8.1864E+04 mb/sr,                       & pols = 0. -0.00053
+                                         /R =   9.5898E-01
    11.00 deg.: X-S =   5.4044E+04 mb/sr,                       & pols =-0. -0.00006
+                                         /R =   9.2591E-01
    12.00 deg.: X-S =   3.7258E+04 mb/sr,                       & pols =-0.  0.00056
+                                         /R =   9.0301E-01
    13.00 deg.: X-S =   2.6591E+04 mb/sr,                       & pols =-0.  0.00119
+                                         /R =   8.8655E-01
    14.00 deg.: X-S =   1.9436E+04 mb/sr,                       & pols =-0.  0.00172
+                                         /R =   8.7039E-01
    15.00 deg.: X-S =   1.4401E+04 mb/sr,                       & pols = 0.  0.00207
+                                         /R =   8.4864E-01
    16.00 deg.: X-S =   1.0731E+04 mb/sr,                       & pols = 0.  0.00223
+                                         /R =   8.1735E-01
    17.00 deg.: X-S =  8000.449180 mb/sr,                       & pols =-0.  0.00221
+                                         /R =   7.7527E-01
    18.00 deg.: X-S =  5953.646169 mb/sr,                       & pols =-0.  0.00203
+                                         /R =   7.2384E-01
    19.00 deg.: X-S =  4423.934207 mb/sr,                       & pols =-0.  0.00175
+                                         /R =   6.6647E-01
    20.00 deg.: X-S =  3291.631831 mb/sr,                       & pols =-0.  0.00141
+                                         /R =   6.0761E-01
    21.00 deg.: X-S =  2464.608871 mb/sr,                       & pols =-0.  0.00111
+                                         /R =   5.5184E-01
    22.00 deg.: X-S =  1869.111321 mb/sr,                       & pols =-0.  0.00091
+                                         /R =   5.0299E-01
    23.00 deg.: X-S =  1445.492772 mb/sr,                       & pols =-0.  0.00090
+                                         /R =   4.6363E-01
    24.00 deg.: X-S =  1146.011455 mb/sr,                       & pols =-0.  0.00109
+                                         /R =   4.3475E-01
    25.00 deg.: X-S =   933.346946 mb/sr,                       & pols =-0.  0.00147
+                                         /R =   4.1584E-01
    26.00 deg.: X-S =   779.270364 mb/sr,                       & pols =-0.  0.00198
+                                         /R =   4.0511E-01
    27.00 deg.: X-S =   663.288347 mb/sr,                       & pols =-0.  0.00252
+                                         /R =   3.9992E-01
    28.00 deg.: X-S =   571.255758 mb/sr,                       & pols =-0.  0.00300
+                                         /R =   3.9725E-01
    29.00 deg.: X-S =   494.016297 mb/sr,                       & pols =-0.  0.00340
+                                         /R =   3.9416E-01
    30.00 deg.: X-S =   426.140119 mb/sr,                       & pols = 0.  0.00370
+                                         /R =   3.8821E-01
    31.00 deg.: X-S =   364.813668 mb/sr,                       & pols = 0.  0.00393
+                                         /R =   3.7775E-01
    32.00 deg.: X-S =   308.915132 mb/sr,                       & pols = 0.  0.00413
+                                         /R =   3.6201E-01
    33.00 deg.: X-S =   258.287359 mb/sr,                       & pols = 0.  0.00437
+                                         /R =   3.4120E-01
    34.00 deg.: X-S =   213.202148 mb/sr,                       & pols = 0.  0.00473
+                                         /R =   3.1628E-01
    35.00 deg.: X-S =   173.996950 mb/sr,                       & pols = 0.  0.00532
+                                         /R =   2.8883E-01
    36.00 deg.: X-S =   140.857021 mb/sr,                       & pols = 0.  0.00625
+                                         /R =   2.6076E-01
    37.00 deg.: X-S =   113.712448 mb/sr,                       & pols = 0.  0.00762
+                                         /R =   2.3402E-01
    38.00 deg.: X-S =    92.219305 mb/sr,                       & pols = 0.  0.00951
+                                         /R =   2.1034E-01
    39.00 deg.: X-S =    75.796565 mb/sr,                       & pols = 0.  0.01185
+                                         /R =   1.9106E-01
    40.00 deg.: X-S =    63.694403 mb/sr,                       & pols =-0.  0.01443
+                                         /R =   1.7695E-01
    41.00 deg.: X-S =    55.074417 mb/sr,                       & pols =-0.  0.01685
+                                         /R =   1.6818E-01
    42.00 deg.: X-S =    49.087419 mb/sr,                       & pols =-0.  0.01869
+                                         /R =   1.6437E-01
    43.00 deg.: X-S =    44.939293 mb/sr,                       & pols =-0.  0.01962
+                                         /R =   1.6461E-01
    44.00 deg.: X-S =    41.939724 mb/sr,                       & pols = 0.  0.01954
+                                         /R =   1.6767E-01
    45.00 deg.: X-S =    39.532061 mb/sr,                       & pols = 0.  0.01852
+                                         /R =   1.7212E-01
    46.00 deg.: X-S =    37.305220 mb/sr,                       & pols = 0.  0.01674
+                                         /R =   1.7653E-01
    47.00 deg.: X-S =    34.990281 mb/sr,                       & pols = 0.  0.01436
+                                         /R =   1.7959E-01
    48.00 deg.: X-S =    32.445432 mb/sr,                       & pols = 0.  0.01150
+                                         /R =   1.8028E-01
    49.00 deg.: X-S =    29.633241 mb/sr,                       & pols = 0.  0.00826
+                                         /R =   1.7792E-01
    50.00 deg.: X-S =    26.594091 mb/sr,                       & pols = 0.  0.00466
+                                         /R =   1.7223E-01
    51.00 deg.: X-S =    23.419087 mb/sr,                       & pols = 0.  0.00074
+                                         /R =   1.6332E-01
    52.00 deg.: X-S =    20.225043 mb/sr,                       & pols = 0. -0.00349
+                                         /R =   1.5163E-01
    53.00 deg.: X-S =    17.133356 mb/sr,                       & pols = 0. -0.00799
+                                         /R =   1.3787E-01
    54.00 deg.: X-S =    14.253781 mb/sr,                       & pols = 0. -0.01265
+                                         /R =   1.2293E-01
    55.00 deg.: X-S =    11.673456 mb/sr,                       & pols = 0. -0.01722
+                                         /R =   1.0773E-01
    56.00 deg.: X-S =     9.450925 mb/sr,                       & pols = 0. -0.02126
+                                         /R =   9.3206E-02
    57.00 deg.: X-S =     7.614537 mb/sr,                       & pols = 0. -0.02402
+                                         /R =   8.0136E-02
    58.00 deg.: X-S =     6.164319 mb/sr,                       & pols = 0. -0.02445
+                                         /R =   6.9136E-02
    59.00 deg.: X-S =     5.076321 mb/sr,                       & pols = 0. -0.02138
+                                         /R =   6.0595E-02
    60.00 deg.: X-S =     4.308443 mb/sr,                       & pols = 0. -0.01402
+                                         /R =   5.4668E-02
    61.00 deg.: X-S =     3.806831 mb/sr,                       & pols = 0. -0.00275
+                                         /R =   5.1283E-02
    62.00 deg.: X-S =     3.512117 mb/sr,                       & pols =-0.  0.01077
+                                         /R =   5.0172E-02
    63.00 deg.: X-S =     3.364938 mb/sr,                       & pols =-0.  0.02421
+                                         /R =   5.0916E-02
    64.00 deg.: X-S =     3.310374 mb/sr,                       & pols = 0.  0.03574
+                                         /R =   5.2997E-02
    65.00 deg.: X-S =     3.301144 mb/sr,                       & pols = 0.  0.04449
+                                         /R =   5.5855E-02
    66.00 deg.: X-S =     3.299519 mb/sr,                       & pols = 0.  0.05043
+                                         /R =   5.8941E-02
    67.00 deg.: X-S =     3.278068 mb/sr,                       & pols = 0.  0.05394
+                                         /R =   6.1760E-02
    68.00 deg.: X-S =     3.219413 mb/sr,                       & pols = 0.  0.05547
+                                         /R =   6.3908E-02
    69.00 deg.: X-S =     3.115228 mb/sr,                       & pols = 0.  0.05543
+                                         /R =   6.5093E-02
    70.00 deg.: X-S =     2.964730 mb/sr,                       & pols = 0.  0.05408
+                                         /R =   6.5145E-02
    71.00 deg.: X-S =     2.772890 mb/sr,                       & pols = 0.  0.05157
+                                         /R =   6.4015E-02
    72.00 deg.: X-S =     2.548591 mb/sr,                       & pols = 0.  0.04793
+                                         /R =   6.1760E-02
    73.00 deg.: X-S =     2.302877 mb/sr,                       & pols = 0.  0.04313
+                                         /R =   5.8527E-02
    74.00 deg.: X-S =     2.047436 mb/sr,                       & pols = 0.  0.03705
+                                         /R =   5.4525E-02
    75.00 deg.: X-S =     1.793373 mb/sr,                       & pols = 0.  0.02956
+                                         /R =   5.0002E-02
    76.00 deg.: X-S =     1.550321 mb/sr,                       & pols = 0.  0.02050
+                                         /R =   4.5219E-02
    77.00 deg.: X-S =     1.325886 mb/sr,                       & pols = 0.  0.00974
+                                         /R =   4.0424E-02
    78.00 deg.: X-S =     1.125386 mb/sr,                       & pols = 0. -0.00270
+                                         /R =   3.5836E-02
    79.00 deg.: X-S =     0.951848 mb/sr,                       & pols = 0. -0.01655
+                                         /R =   3.1633E-02
    80.00 deg.: X-S =     0.806203 mb/sr,                       & pols = 0. -0.03119
+                                         /R =   2.7941E-02
                                           Integrated********** mb, over [   0.000,  80.000] at    21.0000 MeV 

 CROSS SECTIONS FOR OUTGOING h2       & ca40     in state #   1 with spins & parities 1.0  + &  5.0  -;  0

     0.00 deg.: X-S =     0.088422 mb/sr,                       & pols = 0.  0.00000
+                                         REAC   5.8421E-01 mb
     1.00 deg.: X-S =     0.088435 mb/sr,                       & pols = 0.  0.00726
     2.00 deg.: X-S =     0.088471 mb/sr,                       & pols = 0.  0.01440
     3.00 deg.: X-S =     0.088526 mb/sr,                       & pols = 0.  0.02128
     4.00 deg.: X-S =     0.088592 mb/sr,                       & pols = 0.  0.02780
     5.00 deg.: X-S =     0.088660 mb/sr,                       & pols = 0.  0.03387
     6.00 deg.: X-S =     0.088718 mb/sr,                       & pols = 0.  0.03946
     7.00 deg.: X-S =     0.088754 mb/sr,                       & pols = 0.  0.04452
     8.00 deg.: X-S =     0.088755 mb/sr,                       & pols = 0.  0.04907
     9.00 deg.: X-S =     0.088712 mb/sr,                       & pols = 0.  0.05314
    10.00 deg.: X-S =     0.088613 mb/sr,                       & pols = 0.  0.05679
    11.00 deg.: X-S =     0.088453 mb/sr,                       & pols = 0.  0.06009
    12.00 deg.: X-S =     0.088225 mb/sr,                       & pols = 0.  0.06313
    13.00 deg.: X-S =     0.087930 mb/sr,                       & pols = 0.  0.06598
    14.00 deg.: X-S =     0.087569 mb/sr,                       & pols = 0.  0.06875
    15.00 deg.: X-S =     0.087146 mb/sr,                       & pols = 0.  0.07152
    16.00 deg.: X-S =     0.086670 mb/sr,                       & pols = 0.  0.07436
    17.00 deg.: X-S =     0.086154 mb/sr,                       & pols = 0.  0.07732
    18.00 deg.: X-S =     0.085612 mb/sr,                       & pols = 0.  0.08044
    19.00 deg.: X-S =     0.085061 mb/sr,                       & pols = 0.  0.08374
    20.00 deg.: X-S =     0.084524 mb/sr,                       & pols = 0.  0.08721
    21.00 deg.: X-S =     0.084023 mb/sr,                       & pols = 0.  0.09082
    22.00 deg.: X-S =     0.083585 mb/sr,                       & pols = 0.  0.09453
    23.00 deg.: X-S =     0.083240 mb/sr,                       & pols = 0.  0.09826
    24.00 deg.: X-S =     0.083019 mb/sr,                       & pols = 0.  0.10194
    25.00 deg.: X-S =     0.082955 mb/sr,                       & pols = 0.  0.10545
    26.00 deg.: X-S =     0.083084 mb/sr,                       & pols = 0.  0.10871
    27.00 deg.: X-S =     0.083438 mb/sr,                       & pols = 0.  0.11161
    28.00 deg.: X-S =     0.084053 mb/sr,                       & pols = 0.  0.11407
    29.00 deg.: X-S =     0.084959 mb/sr,                       & pols = 0.  0.11600
    30.00 deg.: X-S =     0.086182 mb/sr,                       & pols = 0.  0.11737
    31.00 deg.: X-S =     0.087742 mb/sr,                       & pols =-0.  0.11814
    32.00 deg.: X-S =     0.089650 mb/sr,                       & pols = 0.  0.11834
    33.00 deg.: X-S =     0.091907 mb/sr,                       & pols = 0.  0.11800
    34.00 deg.: X-S =     0.094502 mb/sr,                       & pols = 0.  0.11718
    35.00 deg.: X-S =     0.097411 mb/sr,                       & pols = 0.  0.11596
    36.00 deg.: X-S =     0.100596 mb/sr,                       & pols = 0.  0.11443
    37.00 deg.: X-S =     0.104007 mb/sr,                       & pols = 0.  0.11267
    38.00 deg.: X-S =     0.107578 mb/sr,                       & pols = 0.  0.11078
    39.00 deg.: X-S =     0.111233 mb/sr,                       & pols = 0.  0.10881
    40.00 deg.: X-S =     0.114886 mb/sr,                       & pols = 0.  0.10684
    41.00 deg.: X-S =     0.118443 mb/sr,                       & pols = 0.  0.10491
    42.00 deg.: X-S =     0.121808 mb/sr,                       & pols =-0.  0.10306
    43.00 deg.: X-S =     0.124881 mb/sr,                       & pols =-0.  0.10130
    44.00 deg.: X-S =     0.127568 mb/sr,                       & pols =-0.  0.09966
    45.00 deg.: X-S =     0.129781 mb/sr,                       & pols = 0.  0.09814
    46.00 deg.: X-S =     0.131441 mb/sr,                       & pols = 0.  0.09675
    47.00 deg.: X-S =     0.132485 mb/sr,                       & pols =-0.  0.09549
    48.00 deg.: X-S =     0.132862 mb/sr,                       & pols = 0.  0.09435
    49.00 deg.: X-S =     0.132544 mb/sr,                       & pols = 0.  0.09333
    50.00 deg.: X-S =     0.131517 mb/sr,                       & pols = 0.  0.09244
    51.00 deg.: X-S =     0.129790 mb/sr,                       & pols = 0.  0.09168
    52.00 deg.: X-S =     0.127390 mb/sr,                       & pols = 0.  0.09104
    53.00 deg.: X-S =     0.124363 mb/sr,                       & pols = 0.  0.09053
    54.00 deg.: X-S =     0.120771 mb/sr,                       & pols = 0.  0.09015
    55.00 deg.: X-S =     0.116687 mb/sr,                       & pols = 0.  0.08991
    56.00 deg.: X-S =     0.112198 mb/sr,                       & pols = 0.  0.08982
    57.00 deg.: X-S =     0.107398 mb/sr,                       & pols = 0.  0.08988
    58.00 deg.: X-S =     0.102382 mb/sr,                       & pols =-0.  0.09008
    59.00 deg.: X-S =     0.097249 mb/sr,                       & pols = 0.  0.09044
    60.00 deg.: X-S =     0.092092 mb/sr,                       & pols = 0.  0.09096
    61.00 deg.: X-S =     0.087000 mb/sr,                       & pols = 0.  0.09162
    62.00 deg.: X-S =     0.082051 mb/sr,                       & pols = 0.  0.09241
    63.00 deg.: X-S =     0.077316 mb/sr,                       & pols = 0.  0.09332
    64.00 deg.: X-S =     0.072850 mb/sr,                       & pols = 0.  0.09432
    65.00 deg.: X-S =     0.068698 mb/sr,                       & pols = 0.  0.09540
    66.00 deg.: X-S =     0.064889 mb/sr,                       & pols = 0.  0.09651
    67.00 deg.: X-S =     0.061442 mb/sr,                       & pols = 0.  0.09764
    68.00 deg.: X-S =     0.058363 mb/sr,                       & pols = 0.  0.09876
    69.00 deg.: X-S =     0.055645 mb/sr,                       & pols = 0.  0.09986
    70.00 deg.: X-S =     0.053275 mb/sr,                       & pols = 0.  0.10093
    71.00 deg.: X-S =     0.051230 mb/sr,                       & pols = 0.  0.10197
    72.00 deg.: X-S =     0.049481 mb/sr,                       & pols = 0.  0.10302
    73.00 deg.: X-S =     0.047995 mb/sr,                       & pols = 0.  0.10410
    74.00 deg.: X-S =     0.046737 mb/sr,                       & pols = 0.  0.10524
    75.00 deg.: X-S =     0.045670 mb/sr,                       & pols = 0.  0.10649
    76.00 deg.: X-S =     0.044759 mb/sr,                       & pols = 0.  0.10787
    77.00 deg.: X-S =     0.043967 mb/sr,                       & pols = 0.  0.10941
    78.00 deg.: X-S =     0.043263 mb/sr,                       & pols = 0.  0.11114
    79.00 deg.: X-S =     0.042617 mb/sr,                       & pols = 0.  0.11306
    80.00 deg.: X-S =     0.042002 mb/sr,                       & pols = 0.  0.11515
                                           Integrated    0.4564 mb, over [   0.000,  80.000] at    21.0000 MeV 
 Finished all xsecs @   0.271961004    

  The following files have been created:
   3:local copy of User input.            6:standard output.                   
  13:total cross sections/state.         16:tables of cross sections.          
  35:Astrophysics S-factors  / Ecm.      39:cross sections for each Ecm.       
  40:all cross sectns. for each Elab.    46:bs wave functions & ANC ratios.    
  56:Fusion for each Jtotal.             58:Single-particle wfns.              
  75:S-factors for lab energies.        201:Separate cross sections.           
 202:Separate cross sections.           

 PARAMETERS : MAXQRN   MFNL   MLOC  LMAX1 MCLIST
    ALLOWED :     11    441     23     50      6
    REQUIRED:      1      0     13     37      4


 ACCURACY ANALYSIS at    21.000 MeV :

  Elastic h*k = 0.016 so OK       compared with 0.200

   Real(S-el) > 0.01 first at J =       1.0
   Real(S-el) > 0.10 first at J =       5.0
   Real(S-el) > 0.50 first at J =       8.0
   Real(S-el) > 0.90 first at J =      10.0
   Real(S-el) > 0.99 first at J =      13.0
   R-turn =    20.33 fm    at J =      30.0

 Forward-angle excitation cut off below   8.519 deg by max JT =      30.0
                              and below  10.723 deg by max R.

 Total CPU  0 time =       0.27 seconds
