 FRESCO - FRES 3.4: Coupled Reaction Channels
 Assuming NAMELIST input.

 39K(3He,d)40Ca 21 MeV DWBA ZR 8425 keV Jpi=2- l=3 n=1 j=5/2                     

   0.010  30.000   0.100   0.100  10.000  -0.300   0.000   0.000   0.000   0.000

 Centre-of-mass Range is   3002 * 0.0100 fm., Maximum at  30.00 fm., Interpolating NL forms every  0.10 fm.
 Non - locality width is    101 * 0.1000 fm., Maximum of  10.00 fm., Centred at -0.20 fm.
 2-Nucleon Separation of      0 * 0.1000 fm., Maximum of   0.00 fm., Minimum at  0.00 fm.
 Maximum single particle bins of 30.0000 fm.
               M,Mint =         3001        3001


 Range of total J is     0.0 <= J <=    30.0 (at least     0.0) and Absorbtion =>    -1.0000 mb.
 Dry Run = F, CC set limits =  0  0, Relativistic kinematics =  , Both/Far/Near Analyses =  1                     

 Cross Sections (and up to T1 for 0=projectile) for Theta from   0.0 to  80.0 in steps of  1.0 degrees, DGAM=0,  Coordinates = 0 (Mads)

 Lower Radial Cutoff = maximum of -1.60*L*h &       0.0 fm.,  Lower Cutoff for Couplings =   0.0  fm.


 Iterate Couplings between   0 and   1 times, to  0.000 % if sooner.                                          
  Block solved exactly =   0 chs., with Pade = 0 & Isocen =  =0, NOSOL = F, initwf =  0
  NL quadrature with   36 Gaussian points, Calculate multipoles up to    36 from   0
  M-transfers for lp+lt greater than or equal to  6, Angular Integration Cutoff below  0.6944 %


 Trace switches are :  CHANS =  1, LISTCC =  0, TRENEG =  0, CDETR =  0, SMATS =  0, XSTABL =  1, NLPL =  0

                       WAVES =  0, LAMPL =  0, VEFF =  0, KFUS =  0, WDISK =  0, BPM =  0, MELFIL =  0

                       CDCC =  0, NFUS =  0

 Using unit mass = 1.000000 amu and 1/fine-structure constant = 137.03599 ( 1.000000 * true ) with hc = 197.32705 MeV.fm,
  thus 2*amu/hbar^2 = 0.0478450 = 1/20.9008 and Coulomb constant = 0.1574855 so e^2 = 1.43997, and nuclear magneton= 0.1261183

 Now pre-scan input and save to file 3

  WARNING: target longitudinal recoil NOT included in the ZR coupling #            1


 *********** PARTITION NUMBER  1 ******************************************************************************************

   PROJ=he3        MASS=  3.0150 Z=   2.0,        # STATES=    1T, TARG=k39      MASS= 38.9530 Z=  19.0,     Q-VALUE =   0.0000 MEV.

     1:  J= 0.5+ (B# 1), E=  0.0000, K= 0.5              Potl#  1       J= 1.5+ (B# 1), E=  0.0000, K= 0.5    


 *********** PARTITION NUMBER  2 ******************************************************************************************

   PROJ=h2         MASS=  2.0140 Z=   1.0,        # STATES=    1T, TARG=ca40     MASS= 39.9630 Z=  20.0,     Q-VALUE =   2.8347 MEV.

     1:  J= 1.0+ (B# 1), E=  0.0000, K= 0.0              Potl#  2       J= 2.0- (B#-1), E=  8.4248, K= 0.0    
0****** WARNING : COMPARED WITH PARTITION  1, THIS PARTITION HAS TOTAL MASS & CHARGE EXCESSES   0.01205 &   0.0000


 ************************************************************************************************************************************

 The following POTENTIALS are defined :

  KP#       TYPE      IT    SHAPE      at     V1        r1        a1        V2        r2        a2        A-in     A-used


                                            A#1       A#2        r0c       ac                                                h @ 1
    1    0=Coulomb       0=CHARGE (WS)  1    38.953     0.000    1.2890    0.0000    0.0000    0.0000     0.000    38.953   0.01000

    1    1=Volume        0=Woods-Saxon  2  117.8810    1.1780    0.7680   -0.6460    1.4150    0.8470     0.000    38.953

    1    2=Surface       0=Woods-Saxon  3    0.0000    0.0000    0.0000   20.6650    1.1980    0.8520     0.000    38.953

    1    3=Projtl S.O.   0=Woods-Saxon  4    2.0830    0.7380    0.9460   -1.1590    0.0000    0.0000     0.000    38.953
   --------------------------------------------------------------------------------------------------------------------

                                            A#1       A#2        r0c       ac                                                h @ 2
    2    0=Coulomb       0=CHARGE (WS)  5    39.963     0.000    1.3030    0.0000    0.0000    0.0000     0.000    39.963   0.01000

    2    1=Volume        0=Woods-Saxon  6   91.1200    1.1500    0.7620    2.2340    1.3340    0.5130     0.000    39.963

    2    2=Surface       0=Woods-Saxon  7    0.0000    0.0000    0.0000   10.2740    1.3780    0.7430     0.000    39.963

    2    3=Projtl S.O.   0=Woods-Saxon  8    3.5570    0.9720    1.0110    0.0000    0.0000    0.0000     0.000    39.963
   --------------------------------------------------------------------------------------------------------------------

                                            A#1       A#2        r0c       ac                                                h @ 0
    3    0=Coulomb       0=CHARGE (WS)  9     3.015     0.000    1.2500    0.0000    0.0000    0.0000     0.000     3.015   0.01000

    3    1=Volume        0=Woods-Saxon 10   50.0000    1.2500    0.6500    0.0000    0.0000    0.0000     0.000     3.015
   --------------------------------------------------------------------------------------------------------------------

                                            A#1       A#2        r0c       ac                                                h @ 0
    4    0=Coulomb       0=CHARGE (WS) 11    38.953     0.000    1.2500    0.0000    0.0000    0.0000     0.000    38.953   0.01000

    4    1=Volume        0=Woods-Saxon 12   50.0000    1.2500    0.6500    0.0000    0.0000    0.0000     0.000    38.953


 ************************************************************************************************************************************

 The following SINGLE-PARTICLE FORM FACTORS are constructed :


 No.   P1 P2 IN KIND T N  L  S1 IA J/S  IB BIND XFER  BE    SC PC FIL AFRAC Adjust  to  Z  Mass   K     Norm    rms      D0     D   ANC/Gsp

 For Channel #  1 with l = 0,  j =  0.5, around core state #  1

   R    Y(R)
   0.00   0.0000E+00,    0.10   5.8280E-02,    0.20   1.1591E-01,    0.30   1.7228E-01,    0.40   2.2679E-01,    0.50   2.7891E-01, 
   0.60   3.2812E-01,    0.70   3.7401E-01,    0.80   4.1621E-01,    0.90   4.5442E-01,    1.00   4.8842E-01,    1.10   5.1808E-01, 
   1.20   5.4332E-01,    1.30   5.6417E-01,    1.40   5.8070E-01,    1.50   5.9306E-01,    1.60   6.0146E-01,    1.70   6.0615E-01, 
   1.80   6.0741E-01,    1.90   6.0557E-01,    2.00   6.0094E-01,    2.10   5.9388E-01,    2.20   5.8471E-01,    2.30   5.7376E-01, 
   2.40   5.6133E-01,    2.50   5.4772E-01,    2.60   5.3317E-01,    2.70   5.1794E-01,    2.80   5.0221E-01,    2.90   4.8618E-01, 
   3.00   4.6999E-01,    3.10   4.5378E-01,    3.20   4.3767E-01,    3.30   4.2173E-01,    3.40   4.0605E-01,    3.50   3.9068E-01, 
   3.60   3.7566E-01,    3.70   3.6103E-01,    3.80   3.4682E-01,    3.90   3.3304E-01,    4.00   3.1970E-01,    4.10   3.0681E-01, 
   4.20   2.9437E-01,    4.30   2.8238E-01,    4.40   2.7083E-01,    4.50   2.5971E-01,    4.60   2.4902E-01,    4.70   2.3874E-01, 
   4.80   2.2887E-01,    4.90   2.1939E-01,    5.00   2.1029E-01,    5.10   2.0156E-01,    5.20   1.9318E-01,    5.30   1.8514E-01, 
   5.40   1.7743E-01,    5.50   1.7004E-01,    5.60   1.6296E-01,    5.70   1.5616E-01,    5.80   1.4965E-01,    5.90   1.4341E-01, 
   6.00   1.3743E-01,    6.10   1.3170E-01,    6.20   1.2620E-01,    6.30   1.2094E-01,    6.40   1.1589E-01,    6.50   1.1106E-01, 
   6.60   1.0643E-01,    6.70   1.0199E-01,    6.80   9.7738E-02,    6.90   9.3663E-02,    7.00   8.9758E-02,    7.10   8.6017E-02, 
   7.20   8.2432E-02,    7.30   7.8996E-02,    7.40   7.5705E-02,    7.50   7.2551E-02,    7.60   6.9529E-02,    7.70   6.6633E-02, 
   7.80   6.3858E-02,    7.90   6.1199E-02,    8.00   5.8651E-02,    8.10   5.6210E-02,    8.20   5.3870E-02,    8.30   5.1628E-02, 
   8.40   4.9480E-02,    8.50   4.7422E-02,    8.60   4.5449E-02,    8.70   4.3559E-02,    8.80   4.1747E-02,    8.90   4.0011E-02, 
   9.00   3.8348E-02,    9.10   3.6753E-02,    9.20   3.5226E-02,    9.30   3.3762E-02,    9.40   3.2358E-02,    9.50   3.1014E-02, 
   9.60   2.9725E-02,    9.70   2.8490E-02,    9.80   2.7307E-02,    9.90   2.6173E-02,   10.00   2.5086E-02,   10.10   2.4044E-02, 
  10.20   2.3046E-02,   10.30   2.2089E-02,   10.40   2.1172E-02,   10.50   2.0293E-02,   10.60   1.9451E-02,   10.70   1.8644E-02, 
  10.80   1.7870E-02,   10.90   1.7128E-02,   11.00   1.6418E-02,   11.10   1.5737E-02,   11.20   1.5084E-02,   11.30   1.4458E-02, 
  11.40   1.3858E-02,   11.50   1.3284E-02,   11.60   1.2733E-02,   11.70   1.2205E-02,   11.80   1.1699E-02,   11.90   1.1214E-02, 
  12.00   1.0749E-02,   12.10   1.0303E-02,   12.20   9.8761E-03,   12.30   9.4667E-03,   12.40   9.0744E-03,   12.50   8.6983E-03, 
  12.60   8.3378E-03,   12.70   7.9923E-03,   12.80   7.6612E-03,   12.90   7.3438E-03,   13.00   7.0395E-03,   13.10   6.7479E-03, 
  13.20   6.4684E-03,   13.30   6.2004E-03,   13.40   5.9436E-03,   13.50   5.6975E-03,   13.60   5.4615E-03,   13.70   5.2353E-03, 
  13.80   5.0185E-03,   13.90   4.8107E-03,   14.00   4.6116E-03,   14.10   4.4206E-03,   14.20   4.2376E-03,   14.30   4.0622E-03, 
  14.40   3.8940E-03,   14.50   3.7329E-03,   14.60   3.5783E-03,   14.70   3.4302E-03,   14.80   3.2883E-03,   14.90   3.1522E-03, 
  15.00   3.0217E-03,   15.10   2.8967E-03,   15.20   2.7768E-03,   15.30   2.6619E-03,   15.40   2.5518E-03,   15.50   2.4462E-03, 
  15.60   2.3450E-03,   15.70   2.2480E-03,   15.80   2.1550E-03,   15.90   2.0659E-03,   16.00   1.9804E-03,   16.10   1.8985E-03, 
  16.20   1.8200E-03,   16.30   1.7447E-03,   16.40   1.6726E-03,   16.50   1.6034E-03,   16.60   1.5371E-03,   16.70   1.4735E-03, 
  16.80   1.4126E-03,   16.90   1.3542E-03,   17.00   1.2982E-03,   17.10   1.2445E-03,   17.20   1.1931E-03,   17.30   1.1438E-03, 
  17.40   1.0965E-03,   17.50   1.0511E-03,   17.60   1.0077E-03,   17.70   9.6604E-04,   17.80   9.2611E-04,   17.90   8.8783E-04, 
  18.00   8.5114E-04,   18.10   8.1596E-04,   18.20   7.8224E-04,   18.30   7.4991E-04,   18.40   7.1892E-04,   18.50   6.8921E-04, 
  18.60   6.6073E-04,   18.70   6.3343E-04,   18.80   6.0725E-04,   18.90   5.8216E-04,   19.00   5.5811E-04,   19.10   5.3505E-04, 
  19.20   5.1295E-04,   19.30   4.9175E-04,   19.40   4.7144E-04,   19.50   4.5196E-04,   19.60   4.3329E-04,   19.70   4.1539E-04, 
  19.80   3.9823E-04,   19.90   3.8179E-04,   20.00   3.6602E-04,   20.10   3.5090E-04,   20.20   3.3640E-04,   20.30   3.2251E-04, 
  20.40   3.0919E-04,   20.50   2.9642E-04,   20.60   2.8418E-04,   20.70   2.7244E-04,   20.80   2.6119E-04,   20.90   2.5041E-04, 
  21.00   2.4007E-04,   21.10   2.3015E-04,   21.20   2.2065E-04,   21.30   2.1154E-04,   21.40   2.0281E-04,   21.50   1.9443E-04, 
  21.60   1.8640E-04,   21.70   1.7871E-04,   21.80   1.7133E-04,   21.90   1.6426E-04,   22.00   1.5748E-04,   22.10   1.5098E-04, 
  22.20   1.4474E-04,   22.30   1.3877E-04,   22.40   1.3304E-04,   22.50   1.2755E-04,   22.60   1.2228E-04,   22.70   1.1724E-04, 
  22.80   1.1240E-04,   22.90   1.0776E-04,   23.00   1.0331E-04,   23.10   9.9046E-05,   23.20   9.4958E-05,   23.30   9.1039E-05, 
  23.40   8.7282E-05,   23.50   8.3680E-05,   23.60   8.0226E-05,   23.70   7.6915E-05,   23.80   7.3741E-05,   23.90   7.0698E-05, 
  24.00   6.7781E-05,   24.10   6.4984E-05,   24.20   6.2303E-05,   24.30   5.9732E-05,   24.40   5.7267E-05,   24.50   5.4904E-05, 
  24.60   5.2639E-05,   24.70   5.0467E-05,   24.80   4.8385E-05,   24.90   4.6389E-05,   25.00   4.4475E-05,   25.10   4.2640E-05, 
  25.20   4.0881E-05,   25.30   3.9194E-05,   25.40   3.7577E-05,   25.50   3.6027E-05,   25.60   3.4541E-05,   25.70   3.3116E-05, 
  25.80   3.1750E-05,   25.90   3.0440E-05,   26.00   2.9184E-05,   26.10   2.7981E-05,   26.20   2.6827E-05,   26.30   2.5720E-05, 
  26.40   2.4659E-05,   26.50   2.3642E-05,   26.60   2.2667E-05,   26.70   2.1732E-05,   26.80   2.0836E-05,   26.90   1.9976E-05, 
  27.00   1.9152E-05,   27.10   1.8363E-05,   27.20   1.7605E-05,   27.30   1.6879E-05,   27.40   1.6183E-05,   27.50   1.5516E-05, 
  27.60   1.4876E-05,   27.70   1.4262E-05,   27.80   1.3674E-05,   27.90   1.3110E-05,   28.00   1.2570E-05,   28.10   1.2051E-05, 
  28.20   1.1554E-05,   28.30   1.1078E-05,   28.40   1.0621E-05,   28.50   1.0183E-05,   28.60   9.7634E-06,   28.70   9.3608E-06, 
  28.80   8.9749E-06,   28.90   8.6048E-06,   29.00   8.2500E-06,   29.10   7.9099E-06,   29.20   7.5838E-06,   29.30   7.2711E-06, 
  29.40   6.9713E-06,   29.50   6.6839E-06,   29.60   6.4084E-06,   29.70   6.1442E-06,   29.80   5.8909E-06,   29.90   5.6480E-06, 
  30.00   5.4152E-06, 

 No.   P1 P2 IN KIND T N  L  S1 IA J/S  IB BIND XFER  BE    SC PC FIL AFRAC Adjust  to  Z  Mass   K     Norm    rms      D0     D   ANC/Gsp

    At R=   29.990, ANC in ch  1 is    1.8773    ,   eta,eta*ln(2*rho)+rho =   0.54944E-01    12.750    

    1:  2  1  1  0     1  0 0.5  1 0.5   0   3   0   5.4935  1  1  0 0.0000 VR  0.8879; 1. 1.001 0.4192 1.0000  2.820 -166.8 -174.2  1.8773

 For Channel #  1 with l = 3,  j =  2.5, around core state #  1

   R    Y(R)
   0.00   0.0000E+00,    0.10   2.2603E-06,    0.20   3.6034E-05,    0.30   1.8132E-04,    0.40   5.6823E-04,    0.50   1.3722E-03, 
   0.60   2.8077E-03,    0.70   5.1198E-03,    0.80   8.5756E-03,    0.90   1.3453E-02,    1.00   2.0031E-02,    1.10   2.8576E-02, 
   1.20   3.9333E-02,    1.30   5.2511E-02,    1.40   6.8278E-02,    1.50   8.6743E-02,    1.60   1.0796E-01,    1.70   1.3190E-01, 
   1.80   1.5847E-01,    1.90   1.8750E-01,    2.00   2.1876E-01,    2.10   2.5191E-01,    2.20   2.8656E-01,    2.30   3.2227E-01, 
   2.40   3.5853E-01,    2.50   3.9480E-01,    2.60   4.3052E-01,    2.70   4.6509E-01,    2.80   4.9796E-01,    2.90   5.2857E-01, 
   3.00   5.5641E-01,    3.10   5.8103E-01,    3.20   6.0206E-01,    3.30   6.1917E-01,    3.40   6.3218E-01,    3.50   6.4098E-01, 
   3.60   6.4553E-01,    3.70   6.4594E-01,    3.80   6.4238E-01,    3.90   6.3510E-01,    4.00   6.2443E-01,    4.10   6.1073E-01, 
   4.20   5.9442E-01,    4.30   5.7592E-01,    4.40   5.5567E-01,    4.50   5.3407E-01,    4.60   5.1153E-01,    4.70   4.8842E-01, 
   4.80   4.6506E-01,    4.90   4.4174E-01,    5.00   4.1870E-01,    5.10   3.9614E-01,    5.20   3.7421E-01,    5.30   3.5305E-01, 
   5.40   3.3273E-01,    5.50   3.1332E-01,    5.60   2.9485E-01,    5.70   2.7733E-01,    5.80   2.6077E-01,    5.90   2.4515E-01, 
   6.00   2.3044E-01,    6.10   2.1662E-01,    6.20   2.0364E-01,    6.30   1.9148E-01,    6.40   1.8008E-01,    6.50   1.6941E-01, 
   6.60   1.5942E-01,    6.70   1.5008E-01,    6.80   1.4134E-01,    6.90   1.3316E-01,    7.00   1.2551E-01,    7.10   1.1835E-01, 
   7.20   1.1165E-01,    7.30   1.0538E-01,    7.40   9.9506E-02,    7.50   9.4005E-02,    7.60   8.8850E-02,    7.70   8.4017E-02, 
   7.80   7.9485E-02,    7.90   7.5231E-02,    8.00   7.1239E-02,    8.10   6.7489E-02,    8.20   6.3965E-02,    8.30   6.0652E-02, 
   8.40   5.7537E-02,    8.50   5.4605E-02,    8.60   5.1844E-02,    8.70   4.9244E-02,    8.80   4.6793E-02,    8.90   4.4483E-02, 
   9.00   4.2303E-02,    9.10   4.0246E-02,    9.20   3.8304E-02,    9.30   3.6469E-02,    9.40   3.4735E-02,    9.50   3.3096E-02, 
   9.60   3.1545E-02,    9.70   3.0078E-02,    9.80   2.8689E-02,    9.90   2.7373E-02,   10.00   2.6126E-02,   10.10   2.4944E-02, 
  10.20   2.3824E-02,   10.30   2.2761E-02,   10.40   2.1752E-02,   10.50   2.0794E-02,   10.60   1.9884E-02,   10.70   1.9020E-02, 
  10.80   1.8199E-02,   10.90   1.7418E-02,   11.00   1.6675E-02,   11.10   1.5968E-02,   11.20   1.5295E-02,   11.30   1.4655E-02, 
  11.40   1.4045E-02,   11.50   1.3464E-02,   11.60   1.2910E-02,   11.70   1.2383E-02,   11.80   1.1879E-02,   11.90   1.1399E-02, 
  12.00   1.0941E-02,   12.10   1.0504E-02,   12.20   1.0086E-02,   12.30   9.6876E-03,   12.40   9.3068E-03,   12.50   8.9429E-03, 
  12.60   8.5952E-03,   12.70   8.2627E-03,   12.80   7.9448E-03,   12.90   7.6407E-03,   13.00   7.3497E-03,   13.10   7.0713E-03, 
  13.20   6.8047E-03,   13.30   6.5495E-03,   13.40   6.3051E-03,   13.50   6.0710E-03,   13.60   5.8466E-03,   13.70   5.6316E-03, 
  13.80   5.4255E-03,   13.90   5.2279E-03,   14.00   5.0384E-03,   14.10   4.8566E-03,   14.20   4.6822E-03,   14.30   4.5149E-03, 
  14.40   4.3542E-03,   14.50   4.2000E-03,   14.60   4.0519E-03,   14.70   3.9097E-03,   14.80   3.7731E-03,   14.90   3.6418E-03, 
  15.00   3.5156E-03,   15.10   3.3944E-03,   15.20   3.2778E-03,   15.30   3.1657E-03,   15.40   3.0579E-03,   15.50   2.9542E-03, 
  15.60   2.8545E-03,   15.70   2.7585E-03,   15.80   2.6661E-03,   15.90   2.5772E-03,   16.00   2.4916E-03,   16.10   2.4092E-03, 
  16.20   2.3298E-03,   16.30   2.2533E-03,   16.40   2.1797E-03,   16.50   2.1087E-03,   16.60   2.0403E-03,   16.70   1.9744E-03, 
  16.80   1.9108E-03,   16.90   1.8495E-03,   17.00   1.7905E-03,   17.10   1.7335E-03,   17.20   1.6785E-03,   17.30   1.6255E-03, 
  17.40   1.5744E-03,   17.50   1.5250E-03,   17.60   1.4773E-03,   17.70   1.4314E-03,   17.80   1.3870E-03,   17.90   1.3441E-03, 
  18.00   1.3027E-03,   18.10   1.2627E-03,   18.20   1.2241E-03,   18.30   1.1868E-03,   18.40   1.1507E-03,   18.50   1.1159E-03, 
  18.60   1.0823E-03,   18.70   1.0497E-03,   18.80   1.0183E-03,   18.90   9.8786E-04,   19.00   9.5846E-04,   19.10   9.3003E-04, 
  19.20   9.0253E-04,   19.30   8.7593E-04,   19.40   8.5020E-04,   19.50   8.2531E-04,   19.60   8.0122E-04,   19.70   7.7791E-04, 
  19.80   7.5535E-04,   19.90   7.3352E-04,   20.00   7.1238E-04,   20.10   6.9191E-04,   20.20   6.7209E-04,   20.30   6.5291E-04, 
  20.40   6.3432E-04,   20.50   6.1632E-04,   20.60   5.9889E-04,   20.70   5.8199E-04,   20.80   5.6563E-04,   20.90   5.4977E-04, 
  21.00   5.3440E-04,   21.10   5.1950E-04,   21.20   5.0507E-04,   21.30   4.9107E-04,   21.40   4.7750E-04,   21.50   4.6435E-04, 
  21.60   4.5159E-04,   21.70   4.3922E-04,   21.80   4.2723E-04,   21.90   4.1559E-04,   22.00   4.0430E-04,   22.10   3.9335E-04, 
  22.20   3.8273E-04,   22.30   3.7242E-04,   22.40   3.6242E-04,   22.50   3.5271E-04,   22.60   3.4329E-04,   22.70   3.3414E-04, 
  22.80   3.2527E-04,   22.90   3.1665E-04,   23.00   3.0828E-04,   23.10   3.0016E-04,   23.20   2.9227E-04,   23.30   2.8460E-04, 
  23.40   2.7716E-04,   23.50   2.6993E-04,   23.60   2.6291E-04,   23.70   2.5609E-04,   23.80   2.4947E-04,   23.90   2.4303E-04, 
  24.00   2.3677E-04,   24.10   2.3069E-04,   24.20   2.2478E-04,   24.30   2.1904E-04,   24.40   2.1346E-04,   24.50   2.0803E-04, 
  24.60   2.0276E-04,   24.70   1.9763E-04,   24.80   1.9264E-04,   24.90   1.8779E-04,   25.00   1.8308E-04,   25.10   1.7849E-04, 
  25.20   1.7403E-04,   25.30   1.6970E-04,   25.40   1.6548E-04,   25.50   1.6137E-04,   25.60   1.5738E-04,   25.70   1.5349E-04, 
  25.80   1.4971E-04,   25.90   1.4604E-04,   26.00   1.4246E-04,   26.10   1.3897E-04,   26.20   1.3558E-04,   26.30   1.3228E-04, 
  26.40   1.2907E-04,   26.50   1.2594E-04,   26.60   1.2290E-04,   26.70   1.1994E-04,   26.80   1.1705E-04,   26.90   1.1424E-04, 
  27.00   1.1151E-04,   27.10   1.0884E-04,   27.20   1.0625E-04,   27.30   1.0372E-04,   27.40   1.0126E-04,   27.50   9.8865E-05, 
  27.60   9.6530E-05,   27.70   9.4255E-05,   27.80   9.2039E-05,   27.90   8.9880E-05,   28.00   8.7777E-05,   28.10   8.5727E-05, 
  28.20   8.3730E-05,   28.30   8.1783E-05,   28.40   7.9887E-05,   28.50   7.8038E-05,   28.60   7.6236E-05,   28.70   7.4480E-05, 
  28.80   7.2768E-05,   28.90   7.1099E-05,   29.00   6.9472E-05,   29.10   6.7886E-05,   29.20   6.6340E-05,   29.30   6.4832E-05, 
  29.40   6.3362E-05,   29.50   6.1929E-05,   29.60   6.0531E-05,   29.70   5.9168E-05,   29.80   5.7839E-05,   29.90   5.6542E-05, 
  30.00   5.5278E-05, 

 No.   P1 P2 IN KIND T N  L  S1 IA J/S  IB BIND XFER  BE    SC PC FIL AFRAC Adjust  to  Z  Mass   K     Norm    rms      D0     D   ANC/Gsp

    At R=   29.990, ANC in ch  2 is      Infinity,   eta,eta*ln(2*rho)+rho =    93.885       -83.125    

    2:  1  2  2  0     1  3 0.5  1 2.5   0   4   0   0.0010  1  1  0 0.0000 VR  1.1187; 1. 1.010 0.0069 1.0000  4.110   -0.2   -0.2  Infinity

 ************************************************************************************************************************************

 TWO-way COUPLING # 1 for partitions  2 <-  1 of KIND  5,   0  0  0 -1 -1 & P1,P2 = -172.8000   0.0000 : for J <=    30.5 & R <  30.0 fm.


 data =  1  1  1  1  1.0000,  so  < [he3      #  1] / [h2       #  1]  * Eigen-form #  1>  =   1.0000            BE =  5.494     1

 data =  2  1  1  2  1.0000,  so  < [ca40     #  1] / [k39      #  1]  * Eigen-form #  2>  =   1.0000            BE =  0.001     2
 KNT =   2, KNP =   1: NK,NG,loc=   1   1   1  13  T  T  F

     So ZERO-RANGE TRANSFER, with D0 =  -172.800 and finite-range effective radius   0.0000 fm.

   2  1  1 13     5.591  -172.800  -172.800     1.001     0.669     0.000     0.010

 Incoming partition  1 in excitation state # 1,   Laboratory Energy given for partition  1 Nucleus 1 in Excitation pair 1

0Lab. ENERGY ranges :

   from    21.0000     to   21.0000     in     0 intervals
   from    21.0000     to   0.00000     in     0 intervals
   from    0.00000     to   0.00000     in     0 intervals

 Largest real,imaginary parts of any form factor at R=   29.90 are   4.82E-02  5.58E-12 MeV
 Finished all Couplings @    1.90957212              13

 Symmetric Hamiltonian
1***********************************************************************************************************************************
************************************************************************************************************************************

        INCOMING he3      ;    LABORATORY he3      ENERGY =   21.000     MeV.

 ***********************************************************************************************************************************
 ***********************************************************************************************************************************

 Allocate arrays for            3  channels, of which            3  need wfs.

 Total SPIN, PARITY =     0.0 +,      3 chs,      0 cc.  Rmin & Coul turning =    0.0    2.8


    C Projectl Target   #   EX.   (L  Proj) J  + Targ = Jtotal     E-cm      Re K     Re Eta     RM*K            CH
    1 he3      k39      #    1: I   2 0.5    1.5  1.5     0.0    19.49135   1.61545   2.26756   48.4636   0.14692   0.49129 1 1 1   1
    2 h2       ca40     #    1:     1 1.0    2.0  2.0     0.0    13.90124   1.12927   1.16976   33.8781  -0.13055  -0.49224 2 1 2   1
    3 h2       ca40     #    1:     3 1.0    2.0  2.0     0.0    13.90124   1.12927   1.16976   33.8781  -0.36335   0.35853 2 1 2   1
 Allocate arrays for            7  channels, of which            7  need wfs.
 Allocate arrays for            8  channels, of which            8  need wfs.
 Allocate arrays for           11  channels, of which           11  need wfs.
 Allocate arrays for           12  channels, of which           12  need wfs.
 Reaction Xsec    27.0+/26 @ 1 =   0.778/, Out:   0.000#   0.032#   0.001f
 Reaction Xsec    27.0+/26 @ 2 =   0.766/, Out:   0.000#   0.066#   0.001f
 Reaction Xsec    27.0+/28 @ 3 =   0.194/, Out:   0.000#   0.218#   0.000f
 Reaction Xsec    27.0+/28 @ 4 =   0.191/, Out:   0.000#   0.313#   0.000f
 Reaction Xsec    27.0-/25 @ 1 =   1.534/, Out:   0.000#   0.043#   0.002f
 Reaction Xsec    27.0-/27 @ 2 =   0.389/, Out:   0.000#   0.037#   0.000f
 Reaction Xsec    27.0-/27 @ 3 =   0.382/, Out:   0.000#   1.159#   0.000f
 Reaction Xsec    27.0-/29 @ 4 =   0.097/, Out:   0.000#   0.081#   0.000f
 Reaction Xsec    28.0+/26 @ 1 =   0.794/, Out:   0.000#   0.028#   0.001f
 Reaction Xsec    28.0+/28 @ 2 =   0.202/, Out:   0.000#   0.042#   0.000f
 Reaction Xsec    28.0+/28 @ 3 =   0.198/, Out:   0.000#   0.454#   0.000f
 Reaction Xsec    28.0+/30 @ 4 =   0.050/, Out:   0.000#   0.043#   0.000f
 Reaction Xsec    28.0-/27 @ 1 =   0.403/, Out:   0.000#   0.027#   0.000f
 Reaction Xsec    28.0-/27 @ 2 =   0.396/, Out:   0.000#   0.039#   0.000f
 Reaction Xsec    28.0-/29 @ 3 =   0.101/, Out:   0.000#   0.105#   0.000f
 Reaction Xsec    28.0-/29 @ 4 =   0.099/, Out:   0.000#   0.151#   0.000f
 Reaction Xsec    29.0+/28 @ 1 =   0.209/, Out:   0.000#   0.017#   0.000f
 Reaction Xsec    29.0+/28 @ 2 =   0.205/, Out:   0.000#   0.025#   0.000f
 Reaction Xsec    29.0+/30 @ 3 =   0.052/, Out:   0.000#   0.054#   0.000f
 Reaction Xsec    29.0+/30 @ 4 =   0.051/, Out:   0.000#   0.079#   0.000f
 Reaction Xsec    29.0-/27 @ 1 =   0.410/, Out:   0.000#   0.008#   0.000f
 Reaction Xsec    29.0-/29 @ 2 =   0.104/, Out:   0.000#   0.040#   0.000f
 Reaction Xsec    29.0-/29 @ 3 =   0.102/, Out:   0.000#   0.209#   0.000f
 Reaction Xsec    29.0-/31 @ 4 =   0.026/, Out:   0.000#   0.010#   0.000f
 Reaction Xsec    30.0+/28 @ 1 =   0.212/, Out:   0.000#   0.019#   0.000f
 Reaction Xsec    30.0+/30 @ 2 =   0.054/, Out:   0.000#   0.016#   0.000f
 Reaction Xsec    30.0+/30 @ 3 =   0.053/, Out:   0.000#   0.106#   0.000f
 Reaction Xsec    30.0+/32 @ 4 =   0.013/, Out:   0.000#   0.002#   0.000f
 Reaction Xsec    30.0-/29 @ 1 =   0.108/, Out:   0.000#   0.022#   0.000f
 Reaction Xsec    30.0-/29 @ 2 =   0.105/, Out:   0.000#   0.021#   0.000f
 Reaction Xsec    30.0-/31 @ 3 =   0.027/, Out:   0.000#   0.014#   0.000f
 Reaction Xsec    30.0-/31 @ 4 =   0.026/, Out:   0.000#   0.019#   0.000f
 Finished all CC sets @    2.14346004    
0CUMULATIVE REACTION cross section                 = 1423.29090  <L> =     7.34  <L**2> =     63.8
0CUMULATIVE outgoing cross sections in partition 1 :    0.00000
0CUMULATIVE outgoing cross sections in partition 2 :    4.17584
0Cumulative ABSORBTION by Imaginary Potentials     = 1419.11506  <L> =     7.33  <L**2> =     63.7
   Fusion for specific he3      M-states : 1425.138379 1425.138379
0CUMULATIVE OUTGOING cross section                 =    4.17584
 To convert to S-factors (MeV.mb = keV.b),  multiply by  3.0022E+07


 CROSS SECTIONS FOR OUTGOING he3      & k39      in state #   1 with spins & parities 0.5  + &  1.5  +;  0

     0.01 deg.: X-S =   8.4933E+16 mb/sr,                       & pols =-0. -0.00000
+                                         /R =   1.0000E+00
     1.00 deg.: X-S =   8.4909E+08 mb/sr,                       & pols =-0.  0.00000
+                                         /R =   9.9967E-01
     2.00 deg.: X-S =   5.3169E+07 mb/sr,                       & pols = 0. -0.00001
+                                         /R =   1.0014E+00
     3.00 deg.: X-S =   1.0282E+07 mb/sr,                       & pols = 0.  0.00002
+                                         /R =   9.8014E-01
     4.00 deg.: X-S =   3.2994E+06 mb/sr,                       & pols = 0.  0.00011
+                                         /R =   9.9366E-01
     5.00 deg.: X-S =   1.4097E+06 mb/sr,                       & pols = 0.  0.00006
+                                         /R =   1.0360E+00
     6.00 deg.: X-S =   7.0157E+05 mb/sr,                       & pols = 0. -0.00016
+                                         /R =   1.0686E+00
     7.00 deg.: X-S =   3.7943E+05 mb/sr,                       & pols = 0. -0.00046
+                                         /R =   1.0700E+00
     8.00 deg.: X-S =   2.1688E+05 mb/sr,                       & pols = 0. -0.00069
+                                         /R =   1.0426E+00
     9.00 deg.: X-S =   1.3008E+05 mb/sr,                       & pols = 0. -0.00074
+                                         /R =   1.0007E+00
    10.00 deg.: X-S =   8.1861E+04 mb/sr,                       & pols =-0. -0.00053
+                                         /R =   9.5895E-01
    11.00 deg.: X-S =   5.4042E+04 mb/sr,                       & pols =-0. -0.00006
+                                         /R =   9.2588E-01
    12.00 deg.: X-S =   3.7257E+04 mb/sr,                       & pols =-0.  0.00056
+                                         /R =   9.0298E-01
    13.00 deg.: X-S =   2.6590E+04 mb/sr,                       & pols =-0.  0.00119
+                                         /R =   8.8652E-01
    14.00 deg.: X-S =   1.9435E+04 mb/sr,                       & pols =-0.  0.00172
+                                         /R =   8.7037E-01
    15.00 deg.: X-S =   1.4401E+04 mb/sr,                       & pols =-0.  0.00208
+                                         /R =   8.4861E-01
    16.00 deg.: X-S =   1.0731E+04 mb/sr,                       & pols =-0.  0.00223
+                                         /R =   8.1731E-01
    17.00 deg.: X-S =  7999.907883 mb/sr,                       & pols =-0.  0.00221
+                                         /R =   7.7522E-01
    18.00 deg.: X-S =  5953.124937 mb/sr,                       & pols = 0.  0.00203
+                                         /R =   7.2378E-01
    19.00 deg.: X-S =  4423.479009 mb/sr,                       & pols =-0.  0.00175
+                                         /R =   6.6640E-01
    20.00 deg.: X-S =  3291.270673 mb/sr,                       & pols =-0.  0.00141
+                                         /R =   6.0754E-01
    21.00 deg.: X-S =  2464.346191 mb/sr,                       & pols =-0.  0.00111
+                                         /R =   5.5178E-01
    22.00 deg.: X-S =  1868.932491 mb/sr,                       & pols =-0.  0.00091
+                                         /R =   5.0295E-01
    23.00 deg.: X-S =  1445.373214 mb/sr,                       & pols =-0.  0.00089
+                                         /R =   4.6359E-01
    24.00 deg.: X-S =  1145.925818 mb/sr,                       & pols =-0.  0.00109
+                                         /R =   4.3472E-01
    25.00 deg.: X-S =   933.275597 mb/sr,                       & pols =-0.  0.00147
+                                         /R =   4.1580E-01
    26.00 deg.: X-S =   779.202243 mb/sr,                       & pols =-0.  0.00198
+                                         /R =   4.0507E-01
    27.00 deg.: X-S =   663.220599 mb/sr,                       & pols =-0.  0.00251
+                                         /R =   3.9988E-01
    28.00 deg.: X-S =   571.191283 mb/sr,                       & pols =-0.  0.00300
+                                         /R =   3.9721E-01
    29.00 deg.: X-S =   493.960536 mb/sr,                       & pols =-0.  0.00340
+                                         /R =   3.9412E-01
    30.00 deg.: X-S =   426.098161 mb/sr,                       & pols =-0.  0.00370
+                                         /R =   3.8817E-01
    31.00 deg.: X-S =   364.788346 mb/sr,                       & pols = 0.  0.00392
+                                         /R =   3.7772E-01
    32.00 deg.: X-S =   308.906308 mb/sr,                       & pols = 0.  0.00412
+                                         /R =   3.6200E-01
    33.00 deg.: X-S =   258.292245 mb/sr,                       & pols = 0.  0.00436
+                                         /R =   3.4120E-01
    34.00 deg.: X-S =   213.216288 mb/sr,                       & pols = 0.  0.00473
+                                         /R =   3.1630E-01
    35.00 deg.: X-S =   174.015430 mb/sr,                       & pols = 0.  0.00531
+                                         /R =   2.8886E-01
    36.00 deg.: X-S =   140.875538 mb/sr,                       & pols = 0.  0.00624
+                                         /R =   2.6079E-01
    37.00 deg.: X-S =   113.728003 mb/sr,                       & pols = 0.  0.00762
+                                         /R =   2.3405E-01
    38.00 deg.: X-S =    92.230449 mb/sr,                       & pols = 0.  0.00951
+                                         /R =   2.1037E-01
    39.00 deg.: X-S =    75.803238 mb/sr,                       & pols =-0.  0.01186
+                                         /R =   1.9107E-01
    40.00 deg.: X-S =    63.697511 mb/sr,                       & pols =-0.  0.01443
+                                         /R =   1.7695E-01
    41.00 deg.: X-S =    55.075310 mb/sr,                       & pols =-0.  0.01686
+                                         /R =   1.6819E-01
    42.00 deg.: X-S =    49.087412 mb/sr,                       & pols =-0.  0.01869
+                                         /R =   1.6437E-01
    43.00 deg.: X-S =    44.939338 mb/sr,                       & pols =-0.  0.01962
+                                         /R =   1.6461E-01
    44.00 deg.: X-S =    41.940265 mb/sr,                       & pols = 0.  0.01954
+                                         /R =   1.6767E-01
    45.00 deg.: X-S =    39.533056 mb/sr,                       & pols = 0.  0.01852
+                                         /R =   1.7213E-01
    46.00 deg.: X-S =    37.306289 mb/sr,                       & pols = 0.  0.01674
+                                         /R =   1.7653E-01
    47.00 deg.: X-S =    34.990903 mb/sr,                       & pols = 0.  0.01436
+                                         /R =   1.7959E-01
    48.00 deg.: X-S =    32.445136 mb/sr,                       & pols = 0.  0.01151
+                                         /R =   1.8027E-01
    49.00 deg.: X-S =    29.631740 mb/sr,                       & pols = 0.  0.00826
+                                         /R =   1.7791E-01
    50.00 deg.: X-S =    26.591346 mb/sr,                       & pols = 0.  0.00467
+                                         /R =   1.7221E-01
    51.00 deg.: X-S =    23.415296 mb/sr,                       & pols = 0.  0.00075
+                                         /R =   1.6329E-01
    52.00 deg.: X-S =    20.220580 mb/sr,                       & pols = 0. -0.00349
+                                         /R =   1.5160E-01
    53.00 deg.: X-S =    17.128675 mb/sr,                       & pols = 0. -0.00799
+                                         /R =   1.3784E-01
    54.00 deg.: X-S =    14.249329 mb/sr,                       & pols = 0. -0.01265
+                                         /R =   1.2289E-01
    55.00 deg.: X-S =    11.669592 mb/sr,                       & pols = 0. -0.01722
+                                         /R =   1.0770E-01
    56.00 deg.: X-S =     9.447882 mb/sr,                       & pols = 0. -0.02127
+                                         /R =   9.3176E-02
    57.00 deg.: X-S =     7.612408 mb/sr,                       & pols = 0. -0.02403
+                                         /R =   8.0114E-02
    58.00 deg.: X-S =     6.163073 mb/sr,                       & pols = 0. -0.02447
+                                         /R =   6.9122E-02
    59.00 deg.: X-S =     5.075836 mb/sr,                       & pols = 0. -0.02139
+                                         /R =   6.0589E-02
    60.00 deg.: X-S =     4.308547 mb/sr,                       & pols = 0. -0.01404
+                                         /R =   5.4669E-02
    61.00 deg.: X-S =     3.807339 mb/sr,                       & pols = 0. -0.00277
+                                         /R =   5.1290E-02
    62.00 deg.: X-S =     3.512860 mb/sr,                       & pols =-0.  0.01075
+                                         /R =   5.0182E-02
    63.00 deg.: X-S =     3.365777 mb/sr,                       & pols = 0.  0.02420
+                                         /R =   5.0928E-02
    64.00 deg.: X-S =     3.311211 mb/sr,                       & pols = 0.  0.03573
+                                         /R =   5.3010E-02
    65.00 deg.: X-S =     3.301918 mb/sr,                       & pols = 0.  0.04448
+                                         /R =   5.5868E-02
    66.00 deg.: X-S =     3.300198 mb/sr,                       & pols = 0.  0.05042
+                                         /R =   5.8953E-02
    67.00 deg.: X-S =     3.278640 mb/sr,                       & pols = 0.  0.05393
+                                         /R =   6.1771E-02
    68.00 deg.: X-S =     3.219879 mb/sr,                       & pols = 0.  0.05547
+                                         /R =   6.3917E-02
    69.00 deg.: X-S =     3.115596 mb/sr,                       & pols = 0.  0.05543
+                                         /R =   6.5101E-02
    70.00 deg.: X-S =     2.965008 mb/sr,                       & pols = 0.  0.05408
+                                         /R =   6.5151E-02
    71.00 deg.: X-S =     2.773087 mb/sr,                       & pols = 0.  0.05156
+                                         /R =   6.4020E-02
    72.00 deg.: X-S =     2.548717 mb/sr,                       & pols = 0.  0.04792
+                                         /R =   6.1763E-02
    73.00 deg.: X-S =     2.302940 mb/sr,                       & pols = 0.  0.04312
+                                         /R =   5.8528E-02
    74.00 deg.: X-S =     2.047445 mb/sr,                       & pols = 0.  0.03705
+                                         /R =   5.4525E-02
    75.00 deg.: X-S =     1.793335 mb/sr,                       & pols = 0.  0.02956
+                                         /R =   5.0001E-02
    76.00 deg.: X-S =     1.550245 mb/sr,                       & pols = 0.  0.02049
+                                         /R =   4.5217E-02
    77.00 deg.: X-S =     1.325778 mb/sr,                       & pols = 0.  0.00973
+                                         /R =   4.0421E-02
    78.00 deg.: X-S =     1.125250 mb/sr,                       & pols = 0. -0.00270
+                                         /R =   3.5832E-02
    79.00 deg.: X-S =     0.951686 mb/sr,                       & pols = 0. -0.01655
+                                         /R =   3.1628E-02
    80.00 deg.: X-S =     0.806018 mb/sr,                       & pols = 0. -0.03119
+                                         /R =   2.7935E-02
                                           Integrated********** mb, over [   0.000,  80.000] at    21.0000 MeV 

 CROSS SECTIONS FOR OUTGOING h2       & ca40     in state #   1 with spins & parities 1.0  + &  2.0  -;  0

     0.00 deg.: X-S =     3.290120 mb/sr,                       & pols =-0.  0.00000
+                                         REAC   4.1758E+00 mb
     1.00 deg.: X-S =     3.298287 mb/sr,                       & pols =-0. -0.01479
     2.00 deg.: X-S =     3.322529 mb/sr,                       & pols =-0. -0.02909
     3.00 deg.: X-S =     3.362054 mb/sr,                       & pols =-0. -0.04245
     4.00 deg.: X-S =     3.415508 mb/sr,                       & pols =-0. -0.05450
     5.00 deg.: X-S =     3.480963 mb/sr,                       & pols =-0. -0.06499
     6.00 deg.: X-S =     3.555925 mb/sr,                       & pols =-0. -0.07374
     7.00 deg.: X-S =     3.637408 mb/sr,                       & pols =-0. -0.08070
     8.00 deg.: X-S =     3.722038 mb/sr,                       & pols =-0. -0.08591
     9.00 deg.: X-S =     3.806168 mb/sr,                       & pols =-0. -0.08946
    10.00 deg.: X-S =     3.885985 mb/sr,                       & pols =-0. -0.09151
    11.00 deg.: X-S =     3.957567 mb/sr,                       & pols =-0. -0.09225
    12.00 deg.: X-S =     4.016922 mb/sr,                       & pols =-0. -0.09189
    13.00 deg.: X-S =     4.060025 mb/sr,                       & pols =-0. -0.09062
    14.00 deg.: X-S =     4.082911 mb/sr,                       & pols =-0. -0.08866
    15.00 deg.: X-S =     4.081841 mb/sr,                       & pols =-0. -0.08618
    16.00 deg.: X-S =     4.053557 mb/sr,                       & pols =-0. -0.08336
    17.00 deg.: X-S =     3.995585 mb/sr,                       & pols =-0. -0.08036
    18.00 deg.: X-S =     3.906534 mb/sr,                       & pols =-0. -0.07730
    19.00 deg.: X-S =     3.786302 mb/sr,                       & pols =-0. -0.07430
    20.00 deg.: X-S =     3.636168 mb/sr,                       & pols =-0. -0.07149
    21.00 deg.: X-S =     3.458728 mb/sr,                       & pols =-0. -0.06896
    22.00 deg.: X-S =     3.257720 mb/sr,                       & pols =-0. -0.06680
    23.00 deg.: X-S =     3.037765 mb/sr,                       & pols =-0. -0.06511
    24.00 deg.: X-S =     2.804096 mb/sr,                       & pols =-0. -0.06395
    25.00 deg.: X-S =     2.562296 mb/sr,                       & pols =-0. -0.06339
    26.00 deg.: X-S =     2.318069 mb/sr,                       & pols =-0. -0.06346
    27.00 deg.: X-S =     2.077037 mb/sr,                       & pols =-0. -0.06419
    28.00 deg.: X-S =     1.844544 mb/sr,                       & pols =-0. -0.06553
    29.00 deg.: X-S =     1.625446 mb/sr,                       & pols =-0. -0.06740
    30.00 deg.: X-S =     1.423902 mb/sr,                       & pols =-0. -0.06961
    31.00 deg.: X-S =     1.243168 mb/sr,                       & pols =-0. -0.07184
    32.00 deg.: X-S =     1.085438 mb/sr,                       & pols =-0. -0.07360
    33.00 deg.: X-S =     0.951753 mb/sr,                       & pols =-0. -0.07423
    34.00 deg.: X-S =     0.842005 mb/sr,                       & pols =-0. -0.07299
    35.00 deg.: X-S =     0.755036 mb/sr,                       & pols =-0. -0.06918
    36.00 deg.: X-S =     0.688827 mb/sr,                       & pols =-0. -0.06239
    37.00 deg.: X-S =     0.640716 mb/sr,                       & pols =-0. -0.05271
    38.00 deg.: X-S =     0.607654 mb/sr,                       & pols =-0. -0.04074
    39.00 deg.: X-S =     0.586420 mb/sr,                       & pols =-0. -0.02748
    40.00 deg.: X-S =     0.573820 mb/sr,                       & pols =-0. -0.01404
    41.00 deg.: X-S =     0.566826 mb/sr,                       & pols =-0. -0.00137
    42.00 deg.: X-S =     0.562693 mb/sr,                       & pols =-0.  0.00986
    43.00 deg.: X-S =     0.559036 mb/sr,                       & pols =-0.  0.01929
    44.00 deg.: X-S =     0.553894 mb/sr,                       & pols =-0.  0.02678
    45.00 deg.: X-S =     0.545772 mb/sr,                       & pols =-0.  0.03235
    46.00 deg.: X-S =     0.533667 mb/sr,                       & pols =-0.  0.03609
    47.00 deg.: X-S =     0.517068 mb/sr,                       & pols =-0.  0.03809
    48.00 deg.: X-S =     0.495924 mb/sr,                       & pols =-0.  0.03843
    49.00 deg.: X-S =     0.470586 mb/sr,                       & pols =-0.  0.03719
    50.00 deg.: X-S =     0.441723 mb/sr,                       & pols =-0.  0.03440
    51.00 deg.: X-S =     0.410214 mb/sr,                       & pols =-0.  0.03008
    52.00 deg.: X-S =     0.377053 mb/sr,                       & pols =-0.  0.02427
    53.00 deg.: X-S =     0.343247 mb/sr,                       & pols =-0.  0.01699
    54.00 deg.: X-S =     0.309746 mb/sr,                       & pols =-0.  0.00831
    55.00 deg.: X-S =     0.277389 mb/sr,                       & pols =-0. -0.00163
    56.00 deg.: X-S =     0.246872 mb/sr,                       & pols =-0. -0.01266
    57.00 deg.: X-S =     0.218734 mb/sr,                       & pols =-0. -0.02444
    58.00 deg.: X-S =     0.193354 mb/sr,                       & pols =-0. -0.03652
    59.00 deg.: X-S =     0.170956 mb/sr,                       & pols =-0. -0.04824
    60.00 deg.: X-S =     0.151617 mb/sr,                       & pols =-0. -0.05878
    61.00 deg.: X-S =     0.135279 mb/sr,                       & pols =-0. -0.06715
    62.00 deg.: X-S =     0.121770 mb/sr,                       & pols = 0. -0.07236
    63.00 deg.: X-S =     0.110820 mb/sr,                       & pols =-0. -0.07359
    64.00 deg.: X-S =     0.102099 mb/sr,                       & pols = 0. -0.07043
    65.00 deg.: X-S =     0.095237 mb/sr,                       & pols = 0. -0.06292
    66.00 deg.: X-S =     0.089862 mb/sr,                       & pols = 0. -0.05161
    67.00 deg.: X-S =     0.085623 mb/sr,                       & pols = 0. -0.03740
    68.00 deg.: X-S =     0.082208 mb/sr,                       & pols = 0. -0.02132
    69.00 deg.: X-S =     0.079359 mb/sr,                       & pols = 0. -0.00434
    70.00 deg.: X-S =     0.076869 mb/sr,                       & pols = 0.  0.01274
    71.00 deg.: X-S =     0.074589 mb/sr,                       & pols = 0.  0.02932
    72.00 deg.: X-S =     0.072412 mb/sr,                       & pols = 0.  0.04501
    73.00 deg.: X-S =     0.070275 mb/sr,                       & pols = 0.  0.05957
    74.00 deg.: X-S =     0.068143 mb/sr,                       & pols = 0.  0.07290
    75.00 deg.: X-S =     0.066012 mb/sr,                       & pols = 0.  0.08495
    76.00 deg.: X-S =     0.063895 mb/sr,                       & pols = 0.  0.09568
    77.00 deg.: X-S =     0.061822 mb/sr,                       & pols = 0.  0.10508
    78.00 deg.: X-S =     0.059829 mb/sr,                       & pols = 0.  0.11312
    79.00 deg.: X-S =     0.057956 mb/sr,                       & pols = 0.  0.11976
    80.00 deg.: X-S =     0.056238 mb/sr,                       & pols = 0.  0.12496
                                           Integrated    3.9680 mb, over [   0.000,  80.000] at    21.0000 MeV 
 Finished all xsecs @    2.15540600    

  The following files have been created:
   3:local copy of User input.            6:standard output.                   
  13:total cross sections/state.         16:tables of cross sections.          
  35:Astrophysics S-factors  / Ecm.      39:cross sections for each Ecm.       
  40:all cross sectns. for each Elab.    46:bs wave functions & ANC ratios.    
  56:Fusion for each Jtotal.             58:Single-particle wfns.              
  75:S-factors for lab energies.        201:Separate cross sections.           
 202:Separate cross sections.           

 PARAMETERS : MAXQRN   MFNL   MLOC  LMAX1 MCLIST
    ALLOWED :      5    144     17     50      6
    REQUIRED:      1      0     13     34      4


 ACCURACY ANALYSIS at    21.000 MeV :

  Elastic h*k = 0.016 so OK       compared with 0.200

   Real(S-el) > 0.01 first at J =       1.0
   Real(S-el) > 0.10 first at J =       5.0
   Real(S-el) > 0.50 first at J =       8.0
   Real(S-el) > 0.90 first at J =      10.0
   Real(S-el) > 0.99 first at J =      13.0
   R-turn =    20.33 fm    at J =      30.0

 Forward-angle excitation cut off below   8.519 deg by max JT =      30.0
                              and below   5.362 deg by max R.

 Total CPU  0 time =       2.16 seconds
