 FRESCO - FRES 3.4: Coupled Reaction Channels
 Assuming NAMELIST input.

 39K(3He,d)40Ca 21 MeV DWBA ZR 8113 keV Jpi=1- l=3 n=1 j=5/2                     

   0.010  25.000   0.100   0.100  10.000  -0.300   0.000   0.000   0.000   0.000

 Centre-of-mass Range is   2502 * 0.0100 fm., Maximum at  25.00 fm., Interpolating NL forms every  0.10 fm.
 Non - locality width is    101 * 0.1000 fm., Maximum of  10.00 fm., Centred at -0.20 fm.
 2-Nucleon Separation of      0 * 0.1000 fm., Maximum of   0.00 fm., Minimum at  0.00 fm.
 Maximum single particle bins of 25.0000 fm.
               M,Mint =         2501        2501


 Range of total J is     0.0 <= J <=    30.0 (at least     0.0) and Absorbtion =>    -1.0000 mb.
 Dry Run = F, CC set limits =  0  0, Relativistic kinematics =  , Both/Far/Near Analyses =  1                     

 Cross Sections (and up to T1 for 0=projectile) for Theta from   0.0 to  80.0 in steps of  1.0 degrees, DGAM=0,  Coordinates = 0 (Mads)

 Lower Radial Cutoff = maximum of -1.60*L*h &       0.0 fm.,  Lower Cutoff for Couplings =   0.0  fm.


 Iterate Couplings between   0 and   1 times, to  0.000 % if sooner.                                          
  Block solved exactly =   0 chs., with Pade = 0 & Isocen =  =0, NOSOL = F, initwf =  0
  NL quadrature with   36 Gaussian points, Calculate multipoles up to    36 from   0
  M-transfers for lp+lt greater than or equal to  6, Angular Integration Cutoff below  0.6944 %


 Trace switches are :  CHANS =  1, LISTCC =  0, TRENEG =  0, CDETR =  0, SMATS =  0, XSTABL =  1, NLPL =  0

                       WAVES =  0, LAMPL =  0, VEFF =  0, KFUS =  0, WDISK =  0, BPM =  0, MELFIL =  0

                       CDCC =  0, NFUS =  0

 Using unit mass = 1.000000 amu and 1/fine-structure constant = 137.03599 ( 1.000000 * true ) with hc = 197.32705 MeV.fm,
  thus 2*amu/hbar^2 = 0.0478450 = 1/20.9008 and Coulomb constant = 0.1574855 so e^2 = 1.43997, and nuclear magneton= 0.1261183

 Now pre-scan input and save to file 3

  WARNING: target longitudinal recoil NOT included in the ZR coupling #            1


 *********** PARTITION NUMBER  1 ******************************************************************************************

   PROJ=he3        MASS=  3.0150 Z=   2.0,        # STATES=    1T, TARG=k39      MASS= 38.9530 Z=  19.0,     Q-VALUE =   0.0000 MEV.

     1:  J= 0.5+ (B# 1), E=  0.0000, K= 0.5              Potl#  1       J= 1.5+ (B# 1), E=  0.0000, K= 0.5    


 *********** PARTITION NUMBER  2 ******************************************************************************************

   PROJ=h2         MASS=  2.0140 Z=   1.0,        # STATES=    1T, TARG=ca40     MASS= 39.9630 Z=  20.0,     Q-VALUE =   2.8347 MEV.

     1:  J= 1.0+ (B# 1), E=  0.0000, K= 0.0              Potl#  2       J= 1.0- (B#-1), E=  8.1132, K= 0.0    
0****** WARNING : COMPARED WITH PARTITION  1, THIS PARTITION HAS TOTAL MASS & CHARGE EXCESSES   0.01205 &   0.0000


 ************************************************************************************************************************************

 The following POTENTIALS are defined :

  KP#       TYPE      IT    SHAPE      at     V1        r1        a1        V2        r2        a2        A-in     A-used


                                            A#1       A#2        r0c       ac                                                h @ 1
    1    0=Coulomb       0=CHARGE (WS)  1    38.953     0.000    1.2890    0.0000    0.0000    0.0000     0.000    38.953   0.01000

    1    1=Volume        0=Woods-Saxon  2  117.8810    1.1780    0.7680   -0.6460    1.4150    0.8470     0.000    38.953

    1    2=Surface       0=Woods-Saxon  3    0.0000    0.0000    0.0000   20.6650    1.1980    0.8520     0.000    38.953

    1    3=Projtl S.O.   0=Woods-Saxon  4    2.0830    0.7380    0.9460   -1.1590    0.0000    0.0000     0.000    38.953
   --------------------------------------------------------------------------------------------------------------------

                                            A#1       A#2        r0c       ac                                                h @ 2
    2    0=Coulomb       0=CHARGE (WS)  5    39.963     0.000    1.3030    0.0000    0.0000    0.0000     0.000    39.963   0.01000

    2    1=Volume        0=Woods-Saxon  6   91.1200    1.1500    0.7620    2.2340    1.3340    0.5130     0.000    39.963

    2    2=Surface       0=Woods-Saxon  7    0.0000    0.0000    0.0000   10.2740    1.3780    0.7430     0.000    39.963

    2    3=Projtl S.O.   0=Woods-Saxon  8    3.5570    0.9720    1.0110    0.0000    0.0000    0.0000     0.000    39.963
   --------------------------------------------------------------------------------------------------------------------

                                            A#1       A#2        r0c       ac                                                h @ 0
    3    0=Coulomb       0=CHARGE (WS)  9     3.015     0.000    1.2500    0.0000    0.0000    0.0000     0.000     3.015   0.01000

    3    1=Volume        0=Woods-Saxon 10   50.0000    1.2500    0.6500    0.0000    0.0000    0.0000     0.000     3.015
   --------------------------------------------------------------------------------------------------------------------

                                            A#1       A#2        r0c       ac                                                h @ 0
    4    0=Coulomb       0=CHARGE (WS) 11    38.953     0.000    1.2500    0.0000    0.0000    0.0000     0.000    38.953   0.01000

    4    1=Volume        0=Woods-Saxon 12   50.0000    1.2500    0.6500    0.0000    0.0000    0.0000     0.000    38.953


 ************************************************************************************************************************************

 The following SINGLE-PARTICLE FORM FACTORS are constructed :


 No.   P1 P2 IN KIND T N  L  S1 IA J/S  IB BIND XFER  BE    SC PC FIL AFRAC Adjust  to  Z  Mass   K     Norm    rms      D0     D   ANC/Gsp

 For Channel #  1 with l = 0,  j =  0.5, around core state #  1

   R    Y(R)
   0.00   0.0000E+00,    0.10   5.8280E-02,    0.20   1.1591E-01,    0.30   1.7228E-01,    0.40   2.2679E-01,    0.50   2.7891E-01, 
   0.60   3.2812E-01,    0.70   3.7401E-01,    0.80   4.1621E-01,    0.90   4.5442E-01,    1.00   4.8842E-01,    1.10   5.1808E-01, 
   1.20   5.4332E-01,    1.30   5.6417E-01,    1.40   5.8070E-01,    1.50   5.9306E-01,    1.60   6.0146E-01,    1.70   6.0615E-01, 
   1.80   6.0741E-01,    1.90   6.0557E-01,    2.00   6.0094E-01,    2.10   5.9388E-01,    2.20   5.8471E-01,    2.30   5.7376E-01, 
   2.40   5.6133E-01,    2.50   5.4772E-01,    2.60   5.3317E-01,    2.70   5.1794E-01,    2.80   5.0221E-01,    2.90   4.8618E-01, 
   3.00   4.6999E-01,    3.10   4.5378E-01,    3.20   4.3767E-01,    3.30   4.2173E-01,    3.40   4.0605E-01,    3.50   3.9068E-01, 
   3.60   3.7566E-01,    3.70   3.6103E-01,    3.80   3.4682E-01,    3.90   3.3304E-01,    4.00   3.1970E-01,    4.10   3.0681E-01, 
   4.20   2.9437E-01,    4.30   2.8238E-01,    4.40   2.7083E-01,    4.50   2.5971E-01,    4.60   2.4902E-01,    4.70   2.3874E-01, 
   4.80   2.2887E-01,    4.90   2.1939E-01,    5.00   2.1029E-01,    5.10   2.0156E-01,    5.20   1.9318E-01,    5.30   1.8514E-01, 
   5.40   1.7743E-01,    5.50   1.7004E-01,    5.60   1.6296E-01,    5.70   1.5616E-01,    5.80   1.4965E-01,    5.90   1.4341E-01, 
   6.00   1.3743E-01,    6.10   1.3170E-01,    6.20   1.2620E-01,    6.30   1.2094E-01,    6.40   1.1589E-01,    6.50   1.1106E-01, 
   6.60   1.0643E-01,    6.70   1.0199E-01,    6.80   9.7738E-02,    6.90   9.3663E-02,    7.00   8.9758E-02,    7.10   8.6017E-02, 
   7.20   8.2432E-02,    7.30   7.8996E-02,    7.40   7.5705E-02,    7.50   7.2551E-02,    7.60   6.9529E-02,    7.70   6.6633E-02, 
   7.80   6.3858E-02,    7.90   6.1199E-02,    8.00   5.8651E-02,    8.10   5.6210E-02,    8.20   5.3870E-02,    8.30   5.1628E-02, 
   8.40   4.9480E-02,    8.50   4.7422E-02,    8.60   4.5449E-02,    8.70   4.3559E-02,    8.80   4.1747E-02,    8.90   4.0011E-02, 
   9.00   3.8348E-02,    9.10   3.6753E-02,    9.20   3.5226E-02,    9.30   3.3762E-02,    9.40   3.2358E-02,    9.50   3.1014E-02, 
   9.60   2.9725E-02,    9.70   2.8490E-02,    9.80   2.7307E-02,    9.90   2.6173E-02,   10.00   2.5086E-02,   10.10   2.4044E-02, 
  10.20   2.3046E-02,   10.30   2.2089E-02,   10.40   2.1172E-02,   10.50   2.0293E-02,   10.60   1.9451E-02,   10.70   1.8644E-02, 
  10.80   1.7870E-02,   10.90   1.7128E-02,   11.00   1.6418E-02,   11.10   1.5737E-02,   11.20   1.5084E-02,   11.30   1.4458E-02, 
  11.40   1.3858E-02,   11.50   1.3284E-02,   11.60   1.2733E-02,   11.70   1.2205E-02,   11.80   1.1699E-02,   11.90   1.1214E-02, 
  12.00   1.0749E-02,   12.10   1.0303E-02,   12.20   9.8761E-03,   12.30   9.4667E-03,   12.40   9.0744E-03,   12.50   8.6983E-03, 
  12.60   8.3378E-03,   12.70   7.9923E-03,   12.80   7.6612E-03,   12.90   7.3438E-03,   13.00   7.0395E-03,   13.10   6.7479E-03, 
  13.20   6.4684E-03,   13.30   6.2004E-03,   13.40   5.9436E-03,   13.50   5.6975E-03,   13.60   5.4615E-03,   13.70   5.2353E-03, 
  13.80   5.0185E-03,   13.90   4.8107E-03,   14.00   4.6116E-03,   14.10   4.4206E-03,   14.20   4.2376E-03,   14.30   4.0622E-03, 
  14.40   3.8940E-03,   14.50   3.7329E-03,   14.60   3.5783E-03,   14.70   3.4302E-03,   14.80   3.2883E-03,   14.90   3.1522E-03, 
  15.00   3.0217E-03,   15.10   2.8967E-03,   15.20   2.7768E-03,   15.30   2.6619E-03,   15.40   2.5518E-03,   15.50   2.4462E-03, 
  15.60   2.3450E-03,   15.70   2.2480E-03,   15.80   2.1550E-03,   15.90   2.0659E-03,   16.00   1.9804E-03,   16.10   1.8985E-03, 
  16.20   1.8200E-03,   16.30   1.7447E-03,   16.40   1.6726E-03,   16.50   1.6034E-03,   16.60   1.5371E-03,   16.70   1.4735E-03, 
  16.80   1.4126E-03,   16.90   1.3542E-03,   17.00   1.2982E-03,   17.10   1.2445E-03,   17.20   1.1931E-03,   17.30   1.1438E-03, 
  17.40   1.0965E-03,   17.50   1.0511E-03,   17.60   1.0077E-03,   17.70   9.6604E-04,   17.80   9.2611E-04,   17.90   8.8783E-04, 
  18.00   8.5114E-04,   18.10   8.1596E-04,   18.20   7.8224E-04,   18.30   7.4991E-04,   18.40   7.1892E-04,   18.50   6.8921E-04, 
  18.60   6.6073E-04,   18.70   6.3343E-04,   18.80   6.0725E-04,   18.90   5.8216E-04,   19.00   5.5811E-04,   19.10   5.3505E-04, 
  19.20   5.1295E-04,   19.30   4.9175E-04,   19.40   4.7144E-04,   19.50   4.5196E-04,   19.60   4.3329E-04,   19.70   4.1539E-04, 
  19.80   3.9823E-04,   19.90   3.8179E-04,   20.00   3.6602E-04,   20.10   3.5090E-04,   20.20   3.3640E-04,   20.30   3.2251E-04, 
  20.40   3.0919E-04,   20.50   2.9642E-04,   20.60   2.8418E-04,   20.70   2.7244E-04,   20.80   2.6119E-04,   20.90   2.5041E-04, 
  21.00   2.4007E-04,   21.10   2.3015E-04,   21.20   2.2065E-04,   21.30   2.1154E-04,   21.40   2.0281E-04,   21.50   1.9443E-04, 
  21.60   1.8640E-04,   21.70   1.7871E-04,   21.80   1.7133E-04,   21.90   1.6426E-04,   22.00   1.5748E-04,   22.10   1.5098E-04, 
  22.20   1.4474E-04,   22.30   1.3877E-04,   22.40   1.3304E-04,   22.50   1.2755E-04,   22.60   1.2228E-04,   22.70   1.1724E-04, 
  22.80   1.1240E-04,   22.90   1.0776E-04,   23.00   1.0331E-04,   23.10   9.9046E-05,   23.20   9.4958E-05,   23.30   9.1039E-05, 
  23.40   8.7282E-05,   23.50   8.3680E-05,   23.60   8.0226E-05,   23.70   7.6915E-05,   23.80   7.3741E-05,   23.90   7.0698E-05, 
  24.00   6.7781E-05,   24.10   6.4984E-05,   24.20   6.2303E-05,   24.30   5.9732E-05,   24.40   5.7267E-05,   24.50   5.4904E-05, 
  24.60   5.2639E-05,   24.70   5.0467E-05,   24.80   4.8385E-05,   24.90   4.6389E-05,   25.00   4.4475E-05, 

 No.   P1 P2 IN KIND T N  L  S1 IA J/S  IB BIND XFER  BE    SC PC FIL AFRAC Adjust  to  Z  Mass   K     Norm    rms      D0     D   ANC/Gsp

    At R=   24.990, ANC in ch  1 is    1.8773    ,   eta,eta*ln(2*rho)+rho =   0.54944E-01    10.644    

    1:  2  1  1  0     1  0 0.5  1 0.5   0   3   0   5.4935  1  1  0 0.0000 VR  0.8879; 1. 1.001 0.4192 1.0000  2.820 -166.8 -176.0  1.8773

 For Channel #  1 with l = 3,  j =  2.5, around core state #  1

   R    Y(R)
   0.00   0.0000E+00,    0.10   2.2807E-06,    0.20   3.6359E-05,    0.30   1.8296E-04,    0.40   5.7334E-04,    0.50   1.3845E-03, 
   0.60   2.8327E-03,    0.70   5.1652E-03,    0.80   8.6511E-03,    0.90   1.3571E-02,    1.00   2.0204E-02,    1.10   2.8821E-02, 
   1.20   3.9666E-02,    1.30   5.2951E-02,    1.40   6.8842E-02,    1.50   8.7449E-02,    1.60   1.0882E-01,    1.70   1.3293E-01, 
   1.80   1.5969E-01,    1.90   1.8892E-01,    2.00   2.2037E-01,    2.10   2.5372E-01,    2.20   2.8857E-01,    2.30   3.2446E-01, 
   2.40   3.6089E-01,    2.50   3.9731E-01,    2.60   4.3314E-01,    2.70   4.6780E-01,    2.80   5.0072E-01,    2.90   5.3134E-01, 
   3.00   5.5916E-01,    3.10   5.8371E-01,    3.20   6.0462E-01,    3.30   6.2158E-01,    3.40   6.3440E-01,    3.50   6.4297E-01, 
   3.60   6.4727E-01,    3.70   6.4739E-01,    3.80   6.4353E-01,    3.90   6.3593E-01,    4.00   6.2493E-01,    4.10   6.1090E-01, 
   4.20   5.9427E-01,    4.30   5.7545E-01,    4.40   5.5489E-01,    4.50   5.3300E-01,    4.60   5.1020E-01,    4.70   4.8684E-01, 
   4.80   4.6325E-01,    4.90   4.3973E-01,    5.00   4.1651E-01,    5.10   3.9380E-01,    5.20   3.7174E-01,    5.30   3.5046E-01, 
   5.40   3.3005E-01,    5.50   3.1056E-01,    5.60   2.9203E-01,    5.70   2.7447E-01,    5.80   2.5788E-01,    5.90   2.4224E-01, 
   6.00   2.2752E-01,    6.10   2.1370E-01,    6.20   2.0073E-01,    6.30   1.8859E-01,    6.40   1.7721E-01,    6.50   1.6657E-01, 
   6.60   1.5661E-01,    6.70   1.4731E-01,    6.80   1.3860E-01,    6.90   1.3047E-01,    7.00   1.2286E-01,    7.10   1.1575E-01, 
   7.20   1.0910E-01,    7.30   1.0287E-01,    7.40   9.7048E-02,    7.50   9.1596E-02,    7.60   8.6491E-02,    7.70   8.1708E-02, 
   7.80   7.7224E-02,    7.90   7.3021E-02,    8.00   6.9077E-02,    8.10   6.5376E-02,    8.20   6.1900E-02,    8.30   5.8635E-02, 
   8.40   5.5566E-02,    8.50   5.2680E-02,    8.60   4.9965E-02,    8.70   4.7409E-02,    8.80   4.5002E-02,    8.90   4.2735E-02, 
   9.00   4.0597E-02,    9.10   3.8582E-02,    9.20   3.6680E-02,    9.30   3.4885E-02,    9.40   3.3190E-02,    9.50   3.1588E-02, 
   9.60   3.0075E-02,    9.70   2.8643E-02,    9.80   2.7289E-02,    9.90   2.6008E-02,   10.00   2.4795E-02,   10.10   2.3646E-02, 
  10.20   2.2558E-02,   10.30   2.1526E-02,   10.40   2.0547E-02,   10.50   1.9619E-02,   10.60   1.8739E-02,   10.70   1.7903E-02, 
  10.80   1.7109E-02,   10.90   1.6355E-02,   11.00   1.5638E-02,   11.10   1.4957E-02,   11.20   1.4309E-02,   11.30   1.3693E-02, 
  11.40   1.3107E-02,   11.50   1.2549E-02,   11.60   1.2018E-02,   11.70   1.1512E-02,   11.80   1.1029E-02,   11.90   1.0570E-02, 
  12.00   1.0132E-02,   12.10   9.7146E-03,   12.20   9.3164E-03,   12.30   8.9364E-03,   12.40   8.5738E-03,   12.50   8.2277E-03, 
  12.60   7.8972E-03,   12.70   7.5816E-03,   12.80   7.2801E-03,   12.90   6.9919E-03,   13.00   6.7165E-03,   13.10   6.4533E-03, 
  13.20   6.2015E-03,   13.30   5.9607E-03,   13.40   5.7303E-03,   13.50   5.5098E-03,   13.60   5.2988E-03,   13.70   5.0968E-03, 
  13.80   4.9034E-03,   13.90   4.7181E-03,   14.00   4.5406E-03,   14.10   4.3705E-03,   14.20   4.2076E-03,   14.30   4.0513E-03, 
  14.40   3.9015E-03,   14.50   3.7579E-03,   14.60   3.6201E-03,   14.70   3.4879E-03,   14.80   3.3610E-03,   14.90   3.2393E-03, 
  15.00   3.1225E-03,   15.10   3.0103E-03,   15.20   2.9025E-03,   15.30   2.7991E-03,   15.40   2.6997E-03,   15.50   2.6042E-03, 
  15.60   2.5125E-03,   15.70   2.4243E-03,   15.80   2.3395E-03,   15.90   2.2580E-03,   16.00   2.1796E-03,   16.10   2.1043E-03, 
  16.20   2.0318E-03,   16.30   1.9620E-03,   16.40   1.8949E-03,   16.50   1.8303E-03,   16.60   1.7682E-03,   16.70   1.7083E-03, 
  16.80   1.6507E-03,   16.90   1.5953E-03,   17.00   1.5418E-03,   17.10   1.4904E-03,   17.20   1.4408E-03,   17.30   1.3930E-03, 
  17.40   1.3470E-03,   17.50   1.3027E-03,   17.60   1.2599E-03,   17.70   1.2187E-03,   17.80   1.1789E-03,   17.90   1.1406E-03, 
  18.00   1.1037E-03,   18.10   1.0680E-03,   18.20   1.0336E-03,   18.30   1.0005E-03,   18.40   9.6845E-04,   18.50   9.3756E-04, 
  18.60   9.0775E-04,   18.70   8.7897E-04,   18.80   8.5119E-04,   18.90   8.2437E-04,   19.00   7.9847E-04,   19.10   7.7346E-04, 
  19.20   7.4930E-04,   19.30   7.2597E-04,   19.40   7.0343E-04,   19.50   6.8165E-04,   19.60   6.6061E-04,   19.70   6.4027E-04, 
  19.80   6.2062E-04,   19.90   6.0162E-04,   20.00   5.8326E-04,   20.10   5.6550E-04,   20.20   5.4834E-04,   20.30   5.3174E-04, 
  20.40   5.1568E-04,   20.50   5.0016E-04,   20.60   4.8514E-04,   20.70   4.7061E-04,   20.80   4.5656E-04,   20.90   4.4296E-04, 
  21.00   4.2980E-04,   21.10   4.1706E-04,   21.20   4.0473E-04,   21.30   3.9280E-04,   21.40   3.8125E-04,   21.50   3.7007E-04, 
  21.60   3.5924E-04,   21.70   3.4876E-04,   21.80   3.3861E-04,   21.90   3.2878E-04,   22.00   3.1925E-04,   22.10   3.1003E-04, 
  22.20   3.0109E-04,   22.30   2.9244E-04,   22.40   2.8405E-04,   22.50   2.7592E-04,   22.60   2.6804E-04,   22.70   2.6041E-04, 
  22.80   2.5301E-04,   22.90   2.4584E-04,   23.00   2.3889E-04,   23.10   2.3215E-04,   23.20   2.2561E-04,   23.30   2.1928E-04, 
  23.40   2.1313E-04,   23.50   2.0717E-04,   23.60   2.0140E-04,   23.70   1.9579E-04,   23.80   1.9035E-04,   23.90   1.8508E-04, 
  24.00   1.7996E-04,   24.10   1.7500E-04,   24.20   1.7018E-04,   24.30   1.6551E-04,   24.40   1.6097E-04,   24.50   1.5657E-04, 
  24.60   1.5230E-04,   24.70   1.4815E-04,   24.80   1.4412E-04,   24.90   1.4022E-04,   25.00   1.3642E-04, 

 No.   P1 P2 IN KIND T N  L  S1 IA J/S  IB BIND XFER  BE    SC PC FIL AFRAC Adjust  to  Z  Mass   K     Norm    rms      D0     D   ANC/Gsp

    At R=   24.990, ANC in ch  2 is    1729.0    ,   eta,eta*ln(2*rho)+rho =    6.4014        12.857    

    2:  1  2  2  0     1  3 0.5  1 2.5   0   4   0   0.2151  1  1  0 0.0000 VR  1.1260; 1. 1.010 0.1007 1.0000  4.094   -0.9    0.4  1.73E+03

 ************************************************************************************************************************************

 TWO-way COUPLING # 1 for partitions  2 <-  1 of KIND  5,   0  0  0 -1 -1 & P1,P2 = -172.8000   0.0000 : for J <=    30.5 & R <  25.0 fm.


 data =  1  1  1  1  1.0000,  so  < [he3      #  1] / [h2       #  1]  * Eigen-form #  1>  =   1.0000            BE =  5.494     1

 data =  2  1  1  2  1.0000,  so  < [ca40     #  1] / [k39      #  1]  * Eigen-form #  2>  =   1.0000            BE =  0.215     2
 KNT =   2, KNP =   1: NK,NG,loc=   1   1   1  13  T  T  F

     So ZERO-RANGE TRANSFER, with D0 =  -172.800 and finite-range effective radius   0.0000 fm.

   2  1  1 13     5.494  -172.800  -172.800     1.001     0.669     0.000     0.010

 Incoming partition  1 in excitation state # 1,   Laboratory Energy given for partition  1 Nucleus 1 in Excitation pair 1

0Lab. ENERGY ranges :

   from    21.0000     to   21.0000     in     0 intervals
   from    21.0000     to   0.00000     in     0 intervals
   from    0.00000     to   0.00000     in     0 intervals

 Largest real,imaginary parts of any form factor at R=   24.90 are   5.78E-02  1.97E-09 MeV
 Finished all Couplings @    6.22049980E-02          13

 Symmetric Hamiltonian
1***********************************************************************************************************************************
************************************************************************************************************************************

        INCOMING he3      ;    LABORATORY he3      ENERGY =   21.000     MeV.

 ***********************************************************************************************************************************
 ***********************************************************************************************************************************

 Allocate arrays for            2  channels, of which            2  need wfs.

 Total SPIN, PARITY =     0.0 +,      2 chs,      0 cc.  Rmin & Coul turning =    0.0    2.8


    C Projectl Target   #   EX.   (L  Proj) J  + Targ = Jtotal     E-cm      Re K     Re Eta     RM*K            CH
    1 he3      k39      #    1: I   2 0.5    1.5  1.5     0.0    19.49135   1.61545   2.26756   40.3863   0.51414  -0.03931 1 1 1   1
    2 h2       ca40     #    1:     1 1.0    1.0  1.0     0.0    14.21285   1.14186   1.15687   28.5465   0.41429  -0.29916 2 1 2   1
 Allocate arrays for            3  channels, of which            3  need wfs.
 Allocate arrays for            7  channels, of which            7  need wfs.
 Allocate arrays for            8  channels, of which            8  need wfs.
 Allocate arrays for            9  channels, of which            9  need wfs.
 Reaction Xsec    27.0+/26 @ 1 =   0.778/, Out:   0.000#   0.030#   0.001f
 Reaction Xsec    27.0+/26 @ 2 =   0.766/, Out:   0.000#   0.034#   0.001f
 Reaction Xsec    27.0+/28 @ 3 =   0.194/, Out:   0.000#   0.001#   0.000f
 Reaction Xsec    27.0+/28 @ 4 =   0.191/, Out:   0.000#   0.578#   0.000f
 Reaction Xsec    27.0-/25 @ 1 =   1.534/, Out:   0.000#   0.015#   0.002f
 Reaction Xsec    27.0-/27 @ 2 =   0.389/, Out:   0.000#   0.015#   0.000f
 Reaction Xsec    27.0-/27 @ 3 =   0.382/, Out:   0.000#   0.014#   0.000f
 Reaction Xsec    27.0-/29 @ 4 =   0.097/, Out:   0.000#   0.318#   0.000f
 Reaction Xsec    28.0+/26 @ 1 =   0.794/, Out:   0.000#   0.021#   0.001f
 Reaction Xsec    28.0+/28 @ 2 =   0.201/, Out:   0.000#   0.001#   0.000f
 Reaction Xsec    28.0+/28 @ 3 =   0.198/, Out:   0.000#   0.000#   0.000f
 Reaction Xsec    28.0+/30 @ 4 =   0.050/, Out:   0.000#   0.294#   0.000f
 Reaction Xsec    28.0-/27 @ 1 =   0.403/, Out:   0.000#   0.013#   0.000f
 Reaction Xsec    28.0-/27 @ 2 =   0.396/, Out:   0.000#   0.015#   0.000f
 Reaction Xsec    28.0-/29 @ 3 =   0.101/, Out:   0.000#   0.008#   0.000f
 Reaction Xsec    28.0-/29 @ 4 =   0.099/, Out:   0.000#   0.667#   0.000f
 Reaction Xsec    29.0+/28 @ 1 =   0.209/, Out:   0.000#   0.002#   0.000f
 Reaction Xsec    29.0+/28 @ 2 =   0.205/, Out:   0.000#   0.001#   0.000f
 Reaction Xsec    29.0+/30 @ 3 =   0.052/, Out:   0.000#   0.012#   0.000f
 Reaction Xsec    29.0+/30 @ 4 =   0.051/, Out:   0.000#   0.612#   0.000f
 Reaction Xsec    29.0-/27 @ 1 =   0.410/, Out:   0.000#   0.009#   0.000f
 Reaction Xsec    29.0-/29 @ 2 =   0.104/, Out:   0.000#   0.002#   0.000f
 Reaction Xsec    29.0-/29 @ 3 =   0.102/, Out:   0.000#   0.010#   0.000f
 Reaction Xsec    29.0-/31 @ 4 =   0.026/, Out:   0.000#   0.188#   0.000f
 Reaction Xsec    30.0+/28 @ 1 =   0.212/, Out:   0.000#   0.001#   0.000f
 Reaction Xsec    30.0+/30 @ 2 =   0.054/, Out:   0.000#   0.003#   0.000f
 Reaction Xsec    30.0+/30 @ 3 =   0.053/, Out:   0.000#   0.015#   0.000f
 Reaction Xsec    30.0+/32 @ 4 =   0.013/, Out:   0.000#   0.086#   0.000f
 Reaction Xsec    30.0-/29 @ 1 =   0.108/, Out:   0.000#   0.000#   0.000f
 Reaction Xsec    30.0-/29 @ 2 =   0.105/, Out:   0.000#   0.004#   0.000f
 Reaction Xsec    30.0-/31 @ 3 =   0.027/, Out:   0.000#   0.008#   0.000f
 Reaction Xsec    30.0-/31 @ 4 =   0.026/, Out:   0.000#   0.392#   0.000f
 Finished all CC sets @   0.208168000    
0CUMULATIVE REACTION cross section                 = 1423.29090  <L> =     7.34  <L**2> =     63.8
0CUMULATIVE outgoing cross sections in partition 1 :    0.00000
0CUMULATIVE outgoing cross sections in partition 2 :    2.44672
0Cumulative ABSORBTION by Imaginary Potentials     = 1420.84418  <L> =     7.34  <L**2> =     63.7
   Fusion for specific he3      M-states : 1426.867747 1426.867747
0CUMULATIVE OUTGOING cross section                 =    2.44672
 To convert to S-factors (MeV.mb = keV.b),  multiply by  3.0022E+07


 CROSS SECTIONS FOR OUTGOING he3      & k39      in state #   1 with spins & parities 0.5  + &  1.5  +;  0

     0.01 deg.: X-S =   8.4933E+16 mb/sr,                       & pols = 0. -0.00000
+                                         /R =   1.0000E+00
     1.00 deg.: X-S =   8.4909E+08 mb/sr,                       & pols = 0.  0.00000
+                                         /R =   9.9967E-01
     2.00 deg.: X-S =   5.3169E+07 mb/sr,                       & pols = 0. -0.00001
+                                         /R =   1.0014E+00
     3.00 deg.: X-S =   1.0282E+07 mb/sr,                       & pols =-0.  0.00002
+                                         /R =   9.8014E-01
     4.00 deg.: X-S =   3.2994E+06 mb/sr,                       & pols =-0.  0.00011
+                                         /R =   9.9366E-01
     5.00 deg.: X-S =   1.4097E+06 mb/sr,                       & pols = 0.  0.00006
+                                         /R =   1.0360E+00
     6.00 deg.: X-S =   7.0157E+05 mb/sr,                       & pols = 0. -0.00016
+                                         /R =   1.0686E+00
     7.00 deg.: X-S =   3.7943E+05 mb/sr,                       & pols = 0. -0.00046
+                                         /R =   1.0700E+00
     8.00 deg.: X-S =   2.1688E+05 mb/sr,                       & pols = 0. -0.00069
+                                         /R =   1.0426E+00
     9.00 deg.: X-S =   1.3008E+05 mb/sr,                       & pols = 0. -0.00074
+                                         /R =   1.0007E+00
    10.00 deg.: X-S =   8.1861E+04 mb/sr,                       & pols =-0. -0.00053
+                                         /R =   9.5895E-01
    11.00 deg.: X-S =   5.4042E+04 mb/sr,                       & pols =-0. -0.00006
+                                         /R =   9.2588E-01
    12.00 deg.: X-S =   3.7257E+04 mb/sr,                       & pols =-0.  0.00056
+                                         /R =   9.0298E-01
    13.00 deg.: X-S =   2.6590E+04 mb/sr,                       & pols =-0.  0.00119
+                                         /R =   8.8652E-01
    14.00 deg.: X-S =   1.9435E+04 mb/sr,                       & pols =-0.  0.00172
+                                         /R =   8.7037E-01
    15.00 deg.: X-S =   1.4401E+04 mb/sr,                       & pols = 0.  0.00208
+                                         /R =   8.4861E-01
    16.00 deg.: X-S =   1.0731E+04 mb/sr,                       & pols =-0.  0.00223
+                                         /R =   8.1731E-01
    17.00 deg.: X-S =  7999.907887 mb/sr,                       & pols = 0.  0.00221
+                                         /R =   7.7522E-01
    18.00 deg.: X-S =  5953.124940 mb/sr,                       & pols = 0.  0.00203
+                                         /R =   7.2378E-01
    19.00 deg.: X-S =  4423.479011 mb/sr,                       & pols =-0.  0.00175
+                                         /R =   6.6640E-01
    20.00 deg.: X-S =  3291.270675 mb/sr,                       & pols =-0.  0.00141
+                                         /R =   6.0754E-01
    21.00 deg.: X-S =  2464.346193 mb/sr,                       & pols =-0.  0.00111
+                                         /R =   5.5178E-01
    22.00 deg.: X-S =  1868.932492 mb/sr,                       & pols =-0.  0.00091
+                                         /R =   5.0295E-01
    23.00 deg.: X-S =  1445.373215 mb/sr,                       & pols =-0.  0.00089
+                                         /R =   4.6359E-01
    24.00 deg.: X-S =  1145.925818 mb/sr,                       & pols =-0.  0.00109
+                                         /R =   4.3472E-01
    25.00 deg.: X-S =   933.275597 mb/sr,                       & pols =-0.  0.00147
+                                         /R =   4.1580E-01
    26.00 deg.: X-S =   779.202243 mb/sr,                       & pols =-0.  0.00198
+                                         /R =   4.0507E-01
    27.00 deg.: X-S =   663.220599 mb/sr,                       & pols =-0.  0.00251
+                                         /R =   3.9988E-01
    28.00 deg.: X-S =   571.191283 mb/sr,                       & pols =-0.  0.00300
+                                         /R =   3.9721E-01
    29.00 deg.: X-S =   493.960536 mb/sr,                       & pols =-0.  0.00340
+                                         /R =   3.9412E-01
    30.00 deg.: X-S =   426.098161 mb/sr,                       & pols = 0.  0.00370
+                                         /R =   3.8817E-01
    31.00 deg.: X-S =   364.788346 mb/sr,                       & pols = 0.  0.00392
+                                         /R =   3.7772E-01
    32.00 deg.: X-S =   308.906308 mb/sr,                       & pols = 0.  0.00412
+                                         /R =   3.6200E-01
    33.00 deg.: X-S =   258.292245 mb/sr,                       & pols = 0.  0.00436
+                                         /R =   3.4120E-01
    34.00 deg.: X-S =   213.216288 mb/sr,                       & pols = 0.  0.00473
+                                         /R =   3.1630E-01
    35.00 deg.: X-S =   174.015430 mb/sr,                       & pols = 0.  0.00531
+                                         /R =   2.8886E-01
    36.00 deg.: X-S =   140.875538 mb/sr,                       & pols = 0.  0.00624
+                                         /R =   2.6079E-01
    37.00 deg.: X-S =   113.728003 mb/sr,                       & pols = 0.  0.00762
+                                         /R =   2.3405E-01
    38.00 deg.: X-S =    92.230449 mb/sr,                       & pols = 0.  0.00951
+                                         /R =   2.1037E-01
    39.00 deg.: X-S =    75.803238 mb/sr,                       & pols =-0.  0.01186
+                                         /R =   1.9107E-01
    40.00 deg.: X-S =    63.697511 mb/sr,                       & pols =-0.  0.01443
+                                         /R =   1.7695E-01
    41.00 deg.: X-S =    55.075310 mb/sr,                       & pols =-0.  0.01686
+                                         /R =   1.6819E-01
    42.00 deg.: X-S =    49.087412 mb/sr,                       & pols = 0.  0.01869
+                                         /R =   1.6437E-01
    43.00 deg.: X-S =    44.939338 mb/sr,                       & pols =-0.  0.01962
+                                         /R =   1.6461E-01
    44.00 deg.: X-S =    41.940265 mb/sr,                       & pols = 0.  0.01954
+                                         /R =   1.6767E-01
    45.00 deg.: X-S =    39.533056 mb/sr,                       & pols = 0.  0.01852
+                                         /R =   1.7213E-01
    46.00 deg.: X-S =    37.306289 mb/sr,                       & pols = 0.  0.01674
+                                         /R =   1.7653E-01
    47.00 deg.: X-S =    34.990903 mb/sr,                       & pols = 0.  0.01436
+                                         /R =   1.7959E-01
    48.00 deg.: X-S =    32.445136 mb/sr,                       & pols = 0.  0.01151
+                                         /R =   1.8027E-01
    49.00 deg.: X-S =    29.631740 mb/sr,                       & pols = 0.  0.00826
+                                         /R =   1.7791E-01
    50.00 deg.: X-S =    26.591346 mb/sr,                       & pols = 0.  0.00467
+                                         /R =   1.7221E-01
    51.00 deg.: X-S =    23.415296 mb/sr,                       & pols = 0.  0.00075
+                                         /R =   1.6329E-01
    52.00 deg.: X-S =    20.220580 mb/sr,                       & pols = 0. -0.00349
+                                         /R =   1.5160E-01
    53.00 deg.: X-S =    17.128675 mb/sr,                       & pols = 0. -0.00799
+                                         /R =   1.3784E-01
    54.00 deg.: X-S =    14.249329 mb/sr,                       & pols = 0. -0.01265
+                                         /R =   1.2289E-01
    55.00 deg.: X-S =    11.669592 mb/sr,                       & pols = 0. -0.01722
+                                         /R =   1.0770E-01
    56.00 deg.: X-S =     9.447882 mb/sr,                       & pols = 0. -0.02127
+                                         /R =   9.3176E-02
    57.00 deg.: X-S =     7.612408 mb/sr,                       & pols = 0. -0.02403
+                                         /R =   8.0114E-02
    58.00 deg.: X-S =     6.163073 mb/sr,                       & pols = 0. -0.02447
+                                         /R =   6.9122E-02
    59.00 deg.: X-S =     5.075836 mb/sr,                       & pols = 0. -0.02139
+                                         /R =   6.0589E-02
    60.00 deg.: X-S =     4.308547 mb/sr,                       & pols = 0. -0.01404
+                                         /R =   5.4669E-02
    61.00 deg.: X-S =     3.807339 mb/sr,                       & pols =-0. -0.00277
+                                         /R =   5.1290E-02
    62.00 deg.: X-S =     3.512860 mb/sr,                       & pols = 0.  0.01075
+                                         /R =   5.0182E-02
    63.00 deg.: X-S =     3.365777 mb/sr,                       & pols = 0.  0.02420
+                                         /R =   5.0928E-02
    64.00 deg.: X-S =     3.311211 mb/sr,                       & pols = 0.  0.03573
+                                         /R =   5.3010E-02
    65.00 deg.: X-S =     3.301918 mb/sr,                       & pols = 0.  0.04448
+                                         /R =   5.5868E-02
    66.00 deg.: X-S =     3.300198 mb/sr,                       & pols = 0.  0.05042
+                                         /R =   5.8953E-02
    67.00 deg.: X-S =     3.278640 mb/sr,                       & pols = 0.  0.05393
+                                         /R =   6.1771E-02
    68.00 deg.: X-S =     3.219879 mb/sr,                       & pols = 0.  0.05547
+                                         /R =   6.3917E-02
    69.00 deg.: X-S =     3.115596 mb/sr,                       & pols = 0.  0.05543
+                                         /R =   6.5101E-02
    70.00 deg.: X-S =     2.965008 mb/sr,                       & pols = 0.  0.05408
+                                         /R =   6.5151E-02
    71.00 deg.: X-S =     2.773087 mb/sr,                       & pols = 0.  0.05156
+                                         /R =   6.4020E-02
    72.00 deg.: X-S =     2.548717 mb/sr,                       & pols = 0.  0.04792
+                                         /R =   6.1763E-02
    73.00 deg.: X-S =     2.302940 mb/sr,                       & pols = 0.  0.04312
+                                         /R =   5.8528E-02
    74.00 deg.: X-S =     2.047445 mb/sr,                       & pols = 0.  0.03705
+                                         /R =   5.4525E-02
    75.00 deg.: X-S =     1.793335 mb/sr,                       & pols = 0.  0.02956
+                                         /R =   5.0001E-02
    76.00 deg.: X-S =     1.550245 mb/sr,                       & pols = 0.  0.02049
+                                         /R =   4.5217E-02
    77.00 deg.: X-S =     1.325778 mb/sr,                       & pols = 0.  0.00973
+                                         /R =   4.0421E-02
    78.00 deg.: X-S =     1.125250 mb/sr,                       & pols = 0. -0.00270
+                                         /R =   3.5832E-02
    79.00 deg.: X-S =     0.951686 mb/sr,                       & pols = 0. -0.01655
+                                         /R =   3.1628E-02
    80.00 deg.: X-S =     0.806018 mb/sr,                       & pols = 0. -0.03119
+                                         /R =   2.7935E-02
                                           Integrated********** mb, over [   0.000,  80.000] at    21.0000 MeV 

 CROSS SECTIONS FOR OUTGOING h2       & ca40     in state #   1 with spins & parities 1.0  + &  1.0  -;  0

     0.00 deg.: X-S =     1.830896 mb/sr,                       & pols =-0.  0.00000
+                                         REAC   2.4467E+00 mb
     1.00 deg.: X-S =     1.835752 mb/sr,                       & pols =-0. -0.01510
     2.00 deg.: X-S =     1.850196 mb/sr,                       & pols =-0. -0.02968
     3.00 deg.: X-S =     1.873852 mb/sr,                       & pols =-0. -0.04328
     4.00 deg.: X-S =     1.906097 mb/sr,                       & pols =-0. -0.05551
     5.00 deg.: X-S =     1.946053 mb/sr,                       & pols =-0. -0.06609
     6.00 deg.: X-S =     1.992568 mb/sr,                       & pols =-0. -0.07485
     7.00 deg.: X-S =     2.044191 mb/sr,                       & pols =-0. -0.08175
     8.00 deg.: X-S =     2.099141 mb/sr,                       & pols =-0. -0.08682
     9.00 deg.: X-S =     2.155295 mb/sr,                       & pols =-0. -0.09016
    10.00 deg.: X-S =     2.210219 mb/sr,                       & pols =-0. -0.09194
    11.00 deg.: X-S =     2.261236 mb/sr,                       & pols =-0. -0.09235
    12.00 deg.: X-S =     2.305553 mb/sr,                       & pols =-0. -0.09159
    13.00 deg.: X-S =     2.340411 mb/sr,                       & pols =-0. -0.08987
    14.00 deg.: X-S =     2.363245 mb/sr,                       & pols =-0. -0.08740
    15.00 deg.: X-S =     2.371818 mb/sr,                       & pols =-0. -0.08437
    16.00 deg.: X-S =     2.364320 mb/sr,                       & pols =-0. -0.08097
    17.00 deg.: X-S =     2.339422 mb/sr,                       & pols =-0. -0.07739
    18.00 deg.: X-S =     2.296306 mb/sr,                       & pols = 0. -0.07378
    19.00 deg.: X-S =     2.234687 mb/sr,                       & pols = 0. -0.07030
    20.00 deg.: X-S =     2.154842 mb/sr,                       & pols = 0. -0.06708
    21.00 deg.: X-S =     2.057655 mb/sr,                       & pols = 0. -0.06421
    22.00 deg.: X-S =     1.944670 mb/sr,                       & pols = 0. -0.06180
    23.00 deg.: X-S =     1.818120 mb/sr,                       & pols = 0. -0.05991
    24.00 deg.: X-S =     1.680903 mb/sr,                       & pols = 0. -0.05860
    25.00 deg.: X-S =     1.536492 mb/sr,                       & pols = 0. -0.05793
    26.00 deg.: X-S =     1.388751 mb/sr,                       & pols = 0. -0.05792
    27.00 deg.: X-S =     1.241701 mb/sr,                       & pols = 0. -0.05860
    28.00 deg.: X-S =     1.099233 mb/sr,                       & pols =-0. -0.05996
    29.00 deg.: X-S =     0.964839 mb/sr,                       & pols =-0. -0.06191
    30.00 deg.: X-S =     0.841396 mb/sr,                       & pols =-0. -0.06429
    31.00 deg.: X-S =     0.731017 mb/sr,                       & pols =-0. -0.06679
    32.00 deg.: X-S =     0.635001 mb/sr,                       & pols =-0. -0.06892
    33.00 deg.: X-S =     0.553867 mb/sr,                       & pols =-0. -0.07000
    34.00 deg.: X-S =     0.487437 mb/sr,                       & pols =-0. -0.06924
    35.00 deg.: X-S =     0.434962 mb/sr,                       & pols =-0. -0.06584
    36.00 deg.: X-S =     0.395245 mb/sr,                       & pols =-0. -0.05931
    37.00 deg.: X-S =     0.366756 mb/sr,                       & pols =-0. -0.04963
    38.00 deg.: X-S =     0.347732 mb/sr,                       & pols =-0. -0.03741
    39.00 deg.: X-S =     0.336261 mb/sr,                       & pols =-0. -0.02373
    40.00 deg.: X-S =     0.330365 mb/sr,                       & pols =-0. -0.00981
    41.00 deg.: X-S =     0.328087 mb/sr,                       & pols =-0.  0.00324
    42.00 deg.: X-S =     0.327578 mb/sr,                       & pols =-0.  0.01471
    43.00 deg.: X-S =     0.327194 mb/sr,                       & pols =-0.  0.02419
    44.00 deg.: X-S =     0.325576 mb/sr,                       & pols = 0.  0.03160
    45.00 deg.: X-S =     0.321720 mb/sr,                       & pols =-0.  0.03697
    46.00 deg.: X-S =     0.315002 mb/sr,                       & pols = 0.  0.04045
    47.00 deg.: X-S =     0.305178 mb/sr,                       & pols = 0.  0.04216
    48.00 deg.: X-S =     0.292335 mb/sr,                       & pols = 0.  0.04221
    49.00 deg.: X-S =     0.276824 mb/sr,                       & pols = 0.  0.04070
    50.00 deg.: X-S =     0.259176 mb/sr,                       & pols = 0.  0.03766
    51.00 deg.: X-S =     0.240016 mb/sr,                       & pols = 0.  0.03315
    52.00 deg.: X-S =     0.219992 mb/sr,                       & pols = 0.  0.02717
    53.00 deg.: X-S =     0.199722 mb/sr,                       & pols = 0.  0.01977
    54.00 deg.: X-S =     0.179760 mb/sr,                       & pols = 0.  0.01097
    55.00 deg.: X-S =     0.160578 mb/sr,                       & pols = 0.  0.00088
    56.00 deg.: X-S =     0.142562 mb/sr,                       & pols = 0. -0.01034
    57.00 deg.: X-S =     0.126012 mb/sr,                       & pols = 0. -0.02240
    58.00 deg.: X-S =     0.111142 mb/sr,                       & pols =-0. -0.03484
    59.00 deg.: X-S =     0.098082 mb/sr,                       & pols = 0. -0.04698
    60.00 deg.: X-S =     0.086875 mb/sr,                       & pols = 0. -0.05790
    61.00 deg.: X-S =     0.077487 mb/sr,                       & pols = 0. -0.06653
    62.00 deg.: X-S =     0.069807 mb/sr,                       & pols = 0. -0.07176
    63.00 deg.: X-S =     0.063664 mb/sr,                       & pols = 0. -0.07275
    64.00 deg.: X-S =     0.058845 mb/sr,                       & pols = 0. -0.06912
    65.00 deg.: X-S =     0.055112 mb/sr,                       & pols = 0. -0.06106
    66.00 deg.: X-S =     0.052227 mb/sr,                       & pols = 0. -0.04928
    67.00 deg.: X-S =     0.049969 mb/sr,                       & pols = 0. -0.03479
    68.00 deg.: X-S =     0.048147 mb/sr,                       & pols = 0. -0.01867
    69.00 deg.: X-S =     0.046607 mb/sr,                       & pols = 0. -0.00184
    70.00 deg.: X-S =     0.045234 mb/sr,                       & pols = 0.  0.01496
    71.00 deg.: X-S =     0.043950 mb/sr,                       & pols = 0.  0.03123
    72.00 deg.: X-S =     0.042707 mb/sr,                       & pols = 0.  0.04667
    73.00 deg.: X-S =     0.041480 mb/sr,                       & pols = 0.  0.06109
    74.00 deg.: X-S =     0.040263 mb/sr,                       & pols = 0.  0.07438
    75.00 deg.: X-S =     0.039061 mb/sr,                       & pols = 0.  0.08648
    76.00 deg.: X-S =     0.037888 mb/sr,                       & pols = 0.  0.09734
    77.00 deg.: X-S =     0.036763 mb/sr,                       & pols = 0.  0.10694
    78.00 deg.: X-S =     0.035702 mb/sr,                       & pols = 0.  0.11523
    79.00 deg.: X-S =     0.034724 mb/sr,                       & pols = 0.  0.12219
    80.00 deg.: X-S =     0.033840 mb/sr,                       & pols = 0.  0.12782
                                           Integrated    2.3205 mb, over [   0.000,  80.000] at    21.0000 MeV 
 Finished all xsecs @   0.215314999    

  The following files have been created:
   3:local copy of User input.            6:standard output.                   
  13:total cross sections/state.         16:tables of cross sections.          
  35:Astrophysics S-factors  / Ecm.      39:cross sections for each Ecm.       
  40:all cross sectns. for each Elab.    46:bs wave functions & ANC ratios.    
  56:Fusion for each Jtotal.             58:Single-particle wfns.              
  75:S-factors for lab energies.        201:Separate cross sections.           
 202:Separate cross sections.           

 PARAMETERS : MAXQRN   MFNL   MLOC  LMAX1 MCLIST
    ALLOWED :      5     81     17     50      6
    REQUIRED:      1      0     13     33      4


 ACCURACY ANALYSIS at    21.000 MeV :

  Elastic h*k = 0.016 so OK       compared with 0.200

   Real(S-el) > 0.01 first at J =       1.0
   Real(S-el) > 0.10 first at J =       5.0
   Real(S-el) > 0.50 first at J =       8.0
   Real(S-el) > 0.90 first at J =      10.0
   Real(S-el) > 0.99 first at J =      13.0
   R-turn =    20.33 fm    at J =      30.0

 Forward-angle excitation cut off below   8.519 deg by max JT =      30.0
                              and below   6.434 deg by max R.

 Total CPU  0 time =       0.22 seconds
