 FRESCO - FRES 3.4: Coupled Reaction Channels
 Assuming NAMELIST input.

 39K(3He,d)40Ca 21 MeV DWBA ZR 5903 keV Jpi=1- l=3 n=1 j=5/2                     

   0.010  23.000   0.100   0.100  10.000  -0.300   0.000   0.000   0.000   0.000

 Centre-of-mass Range is   2302 * 0.0100 fm., Maximum at  23.00 fm., Interpolating NL forms every  0.10 fm.
 Non - locality width is    101 * 0.1000 fm., Maximum of  10.00 fm., Centred at -0.20 fm.
 2-Nucleon Separation of      0 * 0.1000 fm., Maximum of   0.00 fm., Minimum at  0.00 fm.
 Maximum single particle bins of 23.0000 fm.
               M,Mint =         2301        2301


 Range of total J is     0.0 <= J <=    30.0 (at least     0.0) and Absorbtion =>    -1.0000 mb.
 Dry Run = F, CC set limits =  0  0, Relativistic kinematics =  , Both/Far/Near Analyses =  1                     

 Cross Sections (and up to T1 for 0=projectile) for Theta from   0.0 to  80.0 in steps of  1.0 degrees, DGAM=0,  Coordinates = 0 (Mads)

 Lower Radial Cutoff = maximum of -1.60*L*h &       0.0 fm.,  Lower Cutoff for Couplings =   0.0  fm.


 Iterate Couplings between   0 and   1 times, to  0.000 % if sooner.                                          
  Block solved exactly =   0 chs., with Pade = 0 & Isocen =  =0, NOSOL = F, initwf =  0
  NL quadrature with   36 Gaussian points, Calculate multipoles up to    36 from   0
  M-transfers for lp+lt greater than or equal to  6, Angular Integration Cutoff below  0.6944 %


 Trace switches are :  CHANS =  1, LISTCC =  0, TRENEG =  0, CDETR =  0, SMATS =  0, XSTABL =  1, NLPL =  0

                       WAVES =  0, LAMPL =  0, VEFF =  0, KFUS =  0, WDISK =  0, BPM =  0, MELFIL =  0

                       CDCC =  0, NFUS =  0

 Using unit mass = 1.000000 amu and 1/fine-structure constant = 137.03599 ( 1.000000 * true ) with hc = 197.32705 MeV.fm,
  thus 2*amu/hbar^2 = 0.0478450 = 1/20.9008 and Coulomb constant = 0.1574855 so e^2 = 1.43997, and nuclear magneton= 0.1261183

 Now pre-scan input and save to file 3

  WARNING: target longitudinal recoil NOT included in the ZR coupling #            1


 *********** PARTITION NUMBER  1 ******************************************************************************************

   PROJ=he3        MASS=  3.0150 Z=   2.0,        # STATES=    1T, TARG=k39      MASS= 38.9530 Z=  19.0,     Q-VALUE =   0.0000 MEV.

     1:  J= 0.5+ (B# 1), E=  0.0000, K= 0.5              Potl#  1       J= 1.5+ (B# 1), E=  0.0000, K= 0.5    


 *********** PARTITION NUMBER  2 ******************************************************************************************

   PROJ=h2         MASS=  2.0140 Z=   1.0,        # STATES=    1T, TARG=ca40     MASS= 39.9630 Z=  20.0,     Q-VALUE =   2.8347 MEV.

     1:  J= 1.0+ (B# 1), E=  0.0000, K= 0.0              Potl#  2       J= 1.0- (B#-1), E=  5.9026, K= 0.0    
0****** WARNING : COMPARED WITH PARTITION  1, THIS PARTITION HAS TOTAL MASS & CHARGE EXCESSES   0.01205 &   0.0000


 ************************************************************************************************************************************

 The following POTENTIALS are defined :

  KP#       TYPE      IT    SHAPE      at     V1        r1        a1        V2        r2        a2        A-in     A-used


                                            A#1       A#2        r0c       ac                                                h @ 1
    1    0=Coulomb       0=CHARGE (WS)  1    38.953     0.000    1.2890    0.0000    0.0000    0.0000     0.000    38.953   0.01000

    1    1=Volume        0=Woods-Saxon  2  117.8810    1.1780    0.7680   -0.6460    1.4150    0.8470     0.000    38.953

    1    2=Surface       0=Woods-Saxon  3    0.0000    0.0000    0.0000   20.6650    1.1980    0.8520     0.000    38.953

    1    3=Projtl S.O.   0=Woods-Saxon  4    2.0830    0.7380    0.9460   -1.1590    0.0000    0.0000     0.000    38.953
   --------------------------------------------------------------------------------------------------------------------

                                            A#1       A#2        r0c       ac                                                h @ 2
    2    0=Coulomb       0=CHARGE (WS)  5    39.963     0.000    1.3030    0.0000    0.0000    0.0000     0.000    39.963   0.01000

    2    1=Volume        0=Woods-Saxon  6   91.1200    1.1500    0.7620    2.2340    1.3340    0.5130     0.000    39.963

    2    2=Surface       0=Woods-Saxon  7    0.0000    0.0000    0.0000   10.2740    1.3780    0.7430     0.000    39.963

    2    3=Projtl S.O.   0=Woods-Saxon  8    3.5570    0.9720    1.0110    0.0000    0.0000    0.0000     0.000    39.963
   --------------------------------------------------------------------------------------------------------------------

                                            A#1       A#2        r0c       ac                                                h @ 0
    3    0=Coulomb       0=CHARGE (WS)  9     3.015     0.000    1.2500    0.0000    0.0000    0.0000     0.000     3.015   0.01000

    3    1=Volume        0=Woods-Saxon 10   50.0000    1.2500    0.6500    0.0000    0.0000    0.0000     0.000     3.015
   --------------------------------------------------------------------------------------------------------------------

                                            A#1       A#2        r0c       ac                                                h @ 0
    4    0=Coulomb       0=CHARGE (WS) 11    38.953     0.000    1.2500    0.0000    0.0000    0.0000     0.000    38.953   0.01000

    4    1=Volume        0=Woods-Saxon 12   50.0000    1.2500    0.6500    0.0000    0.0000    0.0000     0.000    38.953


 ************************************************************************************************************************************

 The following SINGLE-PARTICLE FORM FACTORS are constructed :


 No.   P1 P2 IN KIND T N  L  S1 IA J/S  IB BIND XFER  BE    SC PC FIL AFRAC Adjust  to  Z  Mass   K     Norm    rms      D0     D   ANC/Gsp

 For Channel #  1 with l = 0,  j =  0.5, around core state #  1

   R    Y(R)
   0.00   0.0000E+00,    0.10   5.8280E-02,    0.20   1.1591E-01,    0.30   1.7228E-01,    0.40   2.2679E-01,    0.50   2.7891E-01, 
   0.60   3.2812E-01,    0.70   3.7401E-01,    0.80   4.1621E-01,    0.90   4.5442E-01,    1.00   4.8842E-01,    1.10   5.1808E-01, 
   1.20   5.4332E-01,    1.30   5.6417E-01,    1.40   5.8070E-01,    1.50   5.9306E-01,    1.60   6.0146E-01,    1.70   6.0615E-01, 
   1.80   6.0741E-01,    1.90   6.0557E-01,    2.00   6.0094E-01,    2.10   5.9388E-01,    2.20   5.8471E-01,    2.30   5.7376E-01, 
   2.40   5.6133E-01,    2.50   5.4772E-01,    2.60   5.3317E-01,    2.70   5.1794E-01,    2.80   5.0221E-01,    2.90   4.8618E-01, 
   3.00   4.6999E-01,    3.10   4.5378E-01,    3.20   4.3767E-01,    3.30   4.2173E-01,    3.40   4.0605E-01,    3.50   3.9068E-01, 
   3.60   3.7566E-01,    3.70   3.6103E-01,    3.80   3.4682E-01,    3.90   3.3304E-01,    4.00   3.1970E-01,    4.10   3.0681E-01, 
   4.20   2.9437E-01,    4.30   2.8238E-01,    4.40   2.7083E-01,    4.50   2.5971E-01,    4.60   2.4902E-01,    4.70   2.3874E-01, 
   4.80   2.2887E-01,    4.90   2.1939E-01,    5.00   2.1029E-01,    5.10   2.0156E-01,    5.20   1.9318E-01,    5.30   1.8514E-01, 
   5.40   1.7743E-01,    5.50   1.7004E-01,    5.60   1.6296E-01,    5.70   1.5616E-01,    5.80   1.4965E-01,    5.90   1.4341E-01, 
   6.00   1.3743E-01,    6.10   1.3170E-01,    6.20   1.2620E-01,    6.30   1.2094E-01,    6.40   1.1589E-01,    6.50   1.1106E-01, 
   6.60   1.0643E-01,    6.70   1.0199E-01,    6.80   9.7738E-02,    6.90   9.3663E-02,    7.00   8.9758E-02,    7.10   8.6017E-02, 
   7.20   8.2432E-02,    7.30   7.8996E-02,    7.40   7.5705E-02,    7.50   7.2551E-02,    7.60   6.9529E-02,    7.70   6.6633E-02, 
   7.80   6.3858E-02,    7.90   6.1199E-02,    8.00   5.8651E-02,    8.10   5.6210E-02,    8.20   5.3870E-02,    8.30   5.1628E-02, 
   8.40   4.9480E-02,    8.50   4.7422E-02,    8.60   4.5449E-02,    8.70   4.3559E-02,    8.80   4.1747E-02,    8.90   4.0011E-02, 
   9.00   3.8348E-02,    9.10   3.6753E-02,    9.20   3.5226E-02,    9.30   3.3762E-02,    9.40   3.2358E-02,    9.50   3.1014E-02, 
   9.60   2.9725E-02,    9.70   2.8490E-02,    9.80   2.7307E-02,    9.90   2.6173E-02,   10.00   2.5086E-02,   10.10   2.4044E-02, 
  10.20   2.3046E-02,   10.30   2.2089E-02,   10.40   2.1172E-02,   10.50   2.0293E-02,   10.60   1.9451E-02,   10.70   1.8644E-02, 
  10.80   1.7870E-02,   10.90   1.7128E-02,   11.00   1.6418E-02,   11.10   1.5737E-02,   11.20   1.5084E-02,   11.30   1.4458E-02, 
  11.40   1.3858E-02,   11.50   1.3284E-02,   11.60   1.2733E-02,   11.70   1.2205E-02,   11.80   1.1699E-02,   11.90   1.1214E-02, 
  12.00   1.0749E-02,   12.10   1.0303E-02,   12.20   9.8761E-03,   12.30   9.4667E-03,   12.40   9.0744E-03,   12.50   8.6983E-03, 
  12.60   8.3378E-03,   12.70   7.9923E-03,   12.80   7.6612E-03,   12.90   7.3438E-03,   13.00   7.0395E-03,   13.10   6.7479E-03, 
  13.20   6.4684E-03,   13.30   6.2004E-03,   13.40   5.9436E-03,   13.50   5.6975E-03,   13.60   5.4615E-03,   13.70   5.2353E-03, 
  13.80   5.0185E-03,   13.90   4.8107E-03,   14.00   4.6116E-03,   14.10   4.4206E-03,   14.20   4.2376E-03,   14.30   4.0622E-03, 
  14.40   3.8940E-03,   14.50   3.7329E-03,   14.60   3.5783E-03,   14.70   3.4302E-03,   14.80   3.2883E-03,   14.90   3.1522E-03, 
  15.00   3.0217E-03,   15.10   2.8967E-03,   15.20   2.7768E-03,   15.30   2.6619E-03,   15.40   2.5518E-03,   15.50   2.4462E-03, 
  15.60   2.3450E-03,   15.70   2.2480E-03,   15.80   2.1550E-03,   15.90   2.0659E-03,   16.00   1.9804E-03,   16.10   1.8985E-03, 
  16.20   1.8200E-03,   16.30   1.7447E-03,   16.40   1.6726E-03,   16.50   1.6034E-03,   16.60   1.5371E-03,   16.70   1.4735E-03, 
  16.80   1.4126E-03,   16.90   1.3542E-03,   17.00   1.2982E-03,   17.10   1.2445E-03,   17.20   1.1931E-03,   17.30   1.1438E-03, 
  17.40   1.0965E-03,   17.50   1.0511E-03,   17.60   1.0077E-03,   17.70   9.6604E-04,   17.80   9.2611E-04,   17.90   8.8783E-04, 
  18.00   8.5114E-04,   18.10   8.1596E-04,   18.20   7.8224E-04,   18.30   7.4991E-04,   18.40   7.1892E-04,   18.50   6.8921E-04, 
  18.60   6.6073E-04,   18.70   6.3343E-04,   18.80   6.0725E-04,   18.90   5.8216E-04,   19.00   5.5811E-04,   19.10   5.3505E-04, 
  19.20   5.1295E-04,   19.30   4.9175E-04,   19.40   4.7144E-04,   19.50   4.5196E-04,   19.60   4.3329E-04,   19.70   4.1539E-04, 
  19.80   3.9823E-04,   19.90   3.8179E-04,   20.00   3.6602E-04,   20.10   3.5090E-04,   20.20   3.3640E-04,   20.30   3.2251E-04, 
  20.40   3.0919E-04,   20.50   2.9642E-04,   20.60   2.8418E-04,   20.70   2.7244E-04,   20.80   2.6119E-04,   20.90   2.5041E-04, 
  21.00   2.4007E-04,   21.10   2.3015E-04,   21.20   2.2065E-04,   21.30   2.1154E-04,   21.40   2.0281E-04,   21.50   1.9443E-04, 
  21.60   1.8640E-04,   21.70   1.7871E-04,   21.80   1.7133E-04,   21.90   1.6426E-04,   22.00   1.5748E-04,   22.10   1.5098E-04, 
  22.20   1.4474E-04,   22.30   1.3877E-04,   22.40   1.3304E-04,   22.50   1.2755E-04,   22.60   1.2228E-04,   22.70   1.1724E-04, 
  22.80   1.1240E-04,   22.90   1.0776E-04,   23.00   1.0331E-04, 

 No.   P1 P2 IN KIND T N  L  S1 IA J/S  IB BIND XFER  BE    SC PC FIL AFRAC Adjust  to  Z  Mass   K     Norm    rms      D0     D   ANC/Gsp

    At R=   22.990, ANC in ch  1 is    1.8773    ,   eta,eta*ln(2*rho)+rho =   0.54944E-01    9.8005    

    1:  2  1  1  0     1  0 0.5  1 0.5   0   3   0   5.4935  1  1  0 0.0000 VR  0.8879; 1. 1.001 0.4192 1.0000  2.820 -166.8 -176.8  1.8773

 For Channel #  1 with l = 3,  j =  2.5, around core state #  1

   R    Y(R)
   0.00   0.0000E+00,    0.10   2.4782E-06,    0.20   3.9503E-05,    0.30   1.9874E-04,    0.40   6.2263E-04,    0.50   1.5030E-03, 
   0.60   3.0739E-03,    0.70   5.6023E-03,    0.80   9.3780E-03,    0.90   1.4701E-02,    1.00   2.1872E-02,    1.10   3.1175E-02, 
   1.20   4.2868E-02,    1.30   5.7169E-02,    1.40   7.4246E-02,    1.50   9.4205E-02,    1.60   1.1708E-01,    1.70   1.4283E-01, 
   1.80   1.7133E-01,    1.90   2.0238E-01,    2.00   2.3568E-01,    2.10   2.7086E-01,    2.20   3.0748E-01,    2.30   3.4503E-01, 
   2.40   3.8295E-01,    2.50   4.2064E-01,    2.60   4.5748E-01,    2.70   4.9283E-01,    2.80   5.2609E-01,    2.90   5.5667E-01, 
   3.00   5.8405E-01,    3.10   6.0777E-01,    3.20   6.2743E-01,    3.30   6.4277E-01,    3.40   6.5360E-01,    3.50   6.5986E-01, 
   3.60   6.6157E-01,    3.70   6.5888E-01,    3.80   6.5203E-01,    3.90   6.4134E-01,    4.00   6.2720E-01,    4.10   6.1005E-01, 
   4.20   5.9034E-01,    4.30   5.6857E-01,    4.40   5.4520E-01,    4.50   5.2069E-01,    4.60   4.9547E-01,    4.70   4.6991E-01, 
   4.80   4.4436E-01,    4.90   4.1911E-01,    5.00   3.9439E-01,    5.10   3.7040E-01,    5.20   3.4729E-01,    5.30   3.2515E-01, 
   5.40   3.0406E-01,    5.50   2.8407E-01,    5.60   2.6519E-01,    5.70   2.4741E-01,    5.80   2.3072E-01,    5.90   2.1510E-01, 
   6.00   2.0049E-01,    6.10   1.8686E-01,    6.20   1.7415E-01,    6.30   1.6232E-01,    6.40   1.5132E-01,    6.50   1.4108E-01, 
   6.60   1.3157E-01,    6.70   1.2274E-01,    6.80   1.1453E-01,    6.90   1.0691E-01,    7.00   9.9824E-02,    7.10   9.3245E-02, 
   7.20   8.7132E-02,    7.30   8.1451E-02,    7.40   7.6170E-02,    7.50   7.1260E-02,    7.60   6.6692E-02,    7.70   6.2442E-02, 
   7.80   5.8486E-02,    7.90   5.4801E-02,    8.00   5.1369E-02,    8.10   4.8170E-02,    8.20   4.5188E-02,    8.30   4.2406E-02, 
   8.40   3.9810E-02,    8.50   3.7386E-02,    8.60   3.5123E-02,    8.70   3.3008E-02,    8.80   3.1031E-02,    8.90   2.9182E-02, 
   9.00   2.7453E-02,    9.10   2.5835E-02,    9.20   2.4319E-02,    9.30   2.2900E-02,    9.40   2.1571E-02,    9.50   2.0324E-02, 
   9.60   1.9155E-02,    9.70   1.8059E-02,    9.80   1.7030E-02,    9.90   1.6065E-02,   10.00   1.5158E-02,   10.10   1.4306E-02, 
  10.20   1.3506E-02,   10.30   1.2753E-02,   10.40   1.2046E-02,   10.50   1.1380E-02,   10.60   1.0754E-02,   10.70   1.0165E-02, 
  10.80   9.6106E-03,   10.90   9.0883E-03,   11.00   8.5963E-03,   11.10   8.1327E-03,   11.20   7.6958E-03,   11.30   7.2839E-03, 
  11.40   6.8954E-03,   11.50   6.5291E-03,   11.60   6.1834E-03,   11.70   5.8571E-03,   11.80   5.5492E-03,   11.90   5.2584E-03, 
  12.00   4.9838E-03,   12.10   4.7245E-03,   12.20   4.4794E-03,   12.30   4.2477E-03,   12.40   4.0288E-03,   12.50   3.8218E-03, 
  12.60   3.6260E-03,   12.70   3.4409E-03,   12.80   3.2657E-03,   12.90   3.0999E-03,   13.00   2.9430E-03,   13.10   2.7945E-03, 
  13.20   2.6539E-03,   13.30   2.5207E-03,   13.40   2.3946E-03,   13.50   2.2751E-03,   13.60   2.1619E-03,   13.70   2.0546E-03, 
  13.80   1.9529E-03,   13.90   1.8565E-03,   14.00   1.7650E-03,   14.10   1.6784E-03,   14.20   1.5961E-03,   14.30   1.5181E-03, 
  14.40   1.4441E-03,   14.50   1.3739E-03,   14.60   1.3072E-03,   14.70   1.2439E-03,   14.80   1.1839E-03,   14.90   1.1268E-03, 
  15.00   1.0727E-03,   15.10   1.0212E-03,   15.20   9.7237E-04,   15.30   9.2594E-04,   15.40   8.8183E-04,   15.50   8.3990E-04, 
  15.60   8.0006E-04,   15.70   7.6219E-04,   15.80   7.2618E-04,   15.90   6.9195E-04,   16.00   6.5940E-04,   16.10   6.2844E-04, 
  16.20   5.9899E-04,   16.30   5.7098E-04,   16.40   5.4433E-04,   16.50   5.1897E-04,   16.60   4.9484E-04,   16.70   4.7188E-04, 
  16.80   4.5002E-04,   16.90   4.2921E-04,   17.00   4.0940E-04,   17.10   3.9054E-04,   17.20   3.7258E-04,   17.30   3.5548E-04, 
  17.40   3.3919E-04,   17.50   3.2367E-04,   17.60   3.0889E-04,   17.70   2.9481E-04,   17.80   2.8139E-04,   17.90   2.6861E-04, 
  18.00   2.5642E-04,   18.10   2.4481E-04,   18.20   2.3374E-04,   18.30   2.2319E-04,   18.40   2.1313E-04,   18.50   2.0354E-04, 
  18.60   1.9439E-04,   18.70   1.8567E-04,   18.80   1.7736E-04,   18.90   1.6942E-04,   19.00   1.6186E-04,   19.10   1.5464E-04, 
  19.20   1.4775E-04,   19.30   1.4118E-04,   19.40   1.3491E-04,   19.50   1.2893E-04,   19.60   1.2322E-04,   19.70   1.1778E-04, 
  19.80   1.1257E-04,   19.90   1.0761E-04,   20.00   1.0287E-04,   20.10   9.8349E-05,   20.20   9.4030E-05,   20.30   8.9906E-05, 
  20.40   8.5968E-05,   20.50   8.2208E-05,   20.60   7.8616E-05,   20.70   7.5186E-05,   20.80   7.1909E-05,   20.90   6.8780E-05, 
  21.00   6.5790E-05,   21.10   6.2934E-05,   21.20   6.0205E-05,   21.30   5.7597E-05,   21.40   5.5106E-05,   21.50   5.2725E-05, 
  21.60   5.0449E-05,   21.70   4.8274E-05,   21.80   4.6196E-05,   21.90   4.4209E-05,   22.00   4.2310E-05,   22.10   4.0494E-05, 
  22.20   3.8759E-05,   22.30   3.7099E-05,   22.40   3.5512E-05,   22.50   3.3995E-05,   22.60   3.2544E-05,   22.70   3.1157E-05, 
  22.80   2.9830E-05,   22.90   2.8561E-05,   23.00   2.7347E-05, 

 No.   P1 P2 IN KIND T N  L  S1 IA J/S  IB BIND XFER  BE    SC PC FIL AFRAC Adjust  to  Z  Mass   K     Norm    rms      D0     D   ANC/Gsp

    At R=   22.990, ANC in ch  2 is    8.5456    ,   eta,eta*ln(2*rho)+rho =    1.9062        13.001    

    2:  1  2  2  0     1  3 0.5  1 2.5   0   4   0   2.4257  1  1  0 0.0000 VR  1.1985; 1. 1.010 0.3380 1.0000  3.960   -3.7   10.2  8.5456

 ************************************************************************************************************************************

 TWO-way COUPLING # 1 for partitions  2 <-  1 of KIND  5,   0  0  0 -1 -1 & P1,P2 = -172.8000   0.0000 : for J <=    30.5 & R <  23.0 fm.


 data =  1  1  1  1  1.0000,  so  < [he3      #  1] / [h2       #  1]  * Eigen-form #  1>  =   1.0000            BE =  5.494     1

 data =  2  1  1  2  1.0000,  so  < [ca40     #  1] / [k39      #  1]  * Eigen-form #  2>  =   1.0000            BE =  2.426     2
 KNT =   2, KNP =   1: NK,NG,loc=   1   1   1  13  T  T  F

     So ZERO-RANGE TRANSFER, with D0 =  -172.800 and finite-range effective radius   0.0000 fm.

   2  1  1 13     5.494  -172.800  -172.800     1.001     0.669     0.000     0.010

 Incoming partition  1 in excitation state # 1,   Laboratory Energy given for partition  1 Nucleus 1 in Excitation pair 1

0Lab. ENERGY ranges :

   from    21.0000     to   21.0000     in     0 intervals
   from    21.0000     to   0.00000     in     0 intervals
   from    0.00000     to   0.00000     in     0 intervals

 Largest real,imaginary parts of any form factor at R=   22.90 are   6.29E-02  2.06E-08 MeV
 Finished all Couplings @    3.40550020E-02          13

 Symmetric Hamiltonian
1***********************************************************************************************************************************
************************************************************************************************************************************

        INCOMING he3      ;    LABORATORY he3      ENERGY =   21.000     MeV.

 ***********************************************************************************************************************************
 ***********************************************************************************************************************************

 Allocate arrays for            2  channels, of which            2  need wfs.

 Total SPIN, PARITY =     0.0 +,      2 chs,      0 cc.  Rmin & Coul turning =    0.0    2.8


    C Projectl Target   #   EX.   (L  Proj) J  + Targ = Jtotal     E-cm      Re K     Re Eta     RM*K            CH
    1 he3      k39      #    1: I   2 0.5    1.5  1.5     0.0    19.49135   1.61545   2.26756   37.1554  -0.51683  -0.01868 1 1 1   1
    2 h2       ca40     #    1:     1 1.0    1.0  1.0     0.0    16.42342   1.22745   1.07620   28.2313   0.40449  -0.31120 2 1 2   1
 Allocate arrays for            3  channels, of which            3  need wfs.
 Allocate arrays for            7  channels, of which            7  need wfs.
 Allocate arrays for            8  channels, of which            8  need wfs.
 Allocate arrays for            9  channels, of which            9  need wfs.
 Reaction Xsec    27.0+/26 @ 1 =   0.777/, Out:   0.000#   0.001#   0.001f
 Reaction Xsec    27.0+/26 @ 2 =   0.766/, Out:   0.000#   0.023#   0.001f
 Reaction Xsec    27.0+/28 @ 3 =   0.194/, Out:   0.000#   0.014#   0.000f
 Reaction Xsec    27.0+/28 @ 4 =   0.191/, Out:   0.000#   0.417#   0.000f
 Reaction Xsec    27.0-/25 @ 1 =   1.533/, Out:   0.000#   0.001#   0.002f
 Reaction Xsec    27.0-/27 @ 2 =   0.389/, Out:   0.000#   0.008#   0.000f
 Reaction Xsec    27.0-/27 @ 3 =   0.382/, Out:   0.000#   0.036#   0.000f
 Reaction Xsec    27.0-/29 @ 4 =   0.097/, Out:   0.000#   0.088#   0.000f
 Reaction Xsec    28.0+/26 @ 1 =   0.794/, Out:   0.000#   0.001#   0.001f
 Reaction Xsec    28.0+/28 @ 2 =   0.201/, Out:   0.000#   0.004#   0.000f
 Reaction Xsec    28.0+/28 @ 3 =   0.197/, Out:   0.000#   0.018#   0.000f
 Reaction Xsec    28.0+/30 @ 4 =   0.050/, Out:   0.000#   0.031#   0.000f
 Reaction Xsec    28.0-/27 @ 1 =   0.403/, Out:   0.000#   0.001#   0.000f
 Reaction Xsec    28.0-/27 @ 2 =   0.396/, Out:   0.000#   0.015#   0.000f
 Reaction Xsec    28.0-/29 @ 3 =   0.100/, Out:   0.000#   0.006#   0.000f
 Reaction Xsec    28.0-/29 @ 4 =   0.098/, Out:   0.000#   0.182#   0.000f
 Reaction Xsec    29.0+/28 @ 1 =   0.208/, Out:   0.000#   0.001#   0.000f
 Reaction Xsec    29.0+/28 @ 2 =   0.204/, Out:   0.000#   0.008#   0.000f
 Reaction Xsec    29.0+/30 @ 3 =   0.052/, Out:   0.000#   0.002#   0.000f
 Reaction Xsec    29.0+/30 @ 4 =   0.050/, Out:   0.000#   0.065#   0.000f
 Reaction Xsec    29.0-/27 @ 1 =   0.410/, Out:   0.000#   0.001#   0.000f
 Reaction Xsec    29.0-/29 @ 2 =   0.104/, Out:   0.000#   0.002#   0.000f
 Reaction Xsec    29.0-/29 @ 3 =   0.102/, Out:   0.000#   0.007#   0.000f
 Reaction Xsec    29.0-/31 @ 4 =   0.025/, Out:   0.000#   0.009#   0.000f
 Reaction Xsec    30.0+/28 @ 1 =   0.211/, Out:   0.000#   0.001#   0.000f
 Reaction Xsec    30.0+/30 @ 2 =   0.053/, Out:   0.000#   0.001#   0.000f
 Reaction Xsec    30.0+/30 @ 3 =   0.052/, Out:   0.000#   0.002#   0.000f
 Reaction Xsec    30.0+/32 @ 4 =   0.012/, Out:   0.000#   0.002#   0.000f
 Reaction Xsec    30.0-/29 @ 1 =   0.108/, Out:   0.000#   0.000#   0.000f
 Reaction Xsec    30.0-/29 @ 2 =   0.105/, Out:   0.000#   0.003#   0.000f
 Reaction Xsec    30.0-/31 @ 3 =   0.026/, Out:   0.000#   0.000#   0.000f
 Reaction Xsec    30.0-/31 @ 4 =   0.025/, Out:   0.000#   0.019#   0.000f
 Finished all CC sets @   0.169154003    
0CUMULATIVE REACTION cross section                 = 1423.29086  <L> =     7.34  <L**2> =     63.8
0CUMULATIVE outgoing cross sections in partition 1 :    0.00000
0CUMULATIVE outgoing cross sections in partition 2 :    1.57542
0Cumulative ABSORBTION by Imaginary Potentials     = 1421.71544  <L> =     7.34  <L**2> =     63.7
   Fusion for specific he3      M-states : 1427.738662 1427.738662
0CUMULATIVE OUTGOING cross section                 =    1.57542
 To convert to S-factors (MeV.mb = keV.b),  multiply by  3.0022E+07


 CROSS SECTIONS FOR OUTGOING he3      & k39      in state #   1 with spins & parities 0.5  + &  1.5  +;  0

     0.01 deg.: X-S =   8.4933E+16 mb/sr,                       & pols =-0. -0.00000
+                                         /R =   1.0000E+00
     1.00 deg.: X-S =   8.4909E+08 mb/sr,                       & pols = 0.  0.00000
+                                         /R =   9.9967E-01
     2.00 deg.: X-S =   5.3169E+07 mb/sr,                       & pols =-0. -0.00001
+                                         /R =   1.0014E+00
     3.00 deg.: X-S =   1.0282E+07 mb/sr,                       & pols = 0.  0.00002
+                                         /R =   9.8014E-01
     4.00 deg.: X-S =   3.2994E+06 mb/sr,                       & pols = 0.  0.00011
+                                         /R =   9.9366E-01
     5.00 deg.: X-S =   1.4097E+06 mb/sr,                       & pols =-0.  0.00006
+                                         /R =   1.0360E+00
     6.00 deg.: X-S =   7.0157E+05 mb/sr,                       & pols = 0. -0.00016
+                                         /R =   1.0686E+00
     7.00 deg.: X-S =   3.7943E+05 mb/sr,                       & pols = 0. -0.00046
+                                         /R =   1.0700E+00
     8.00 deg.: X-S =   2.1688E+05 mb/sr,                       & pols = 0. -0.00069
+                                         /R =   1.0426E+00
     9.00 deg.: X-S =   1.3008E+05 mb/sr,                       & pols = 0. -0.00074
+                                         /R =   1.0007E+00
    10.00 deg.: X-S =   8.1861E+04 mb/sr,                       & pols =-0. -0.00053
+                                         /R =   9.5895E-01
    11.00 deg.: X-S =   5.4042E+04 mb/sr,                       & pols =-0. -0.00006
+                                         /R =   9.2588E-01
    12.00 deg.: X-S =   3.7257E+04 mb/sr,                       & pols = 0.  0.00056
+                                         /R =   9.0298E-01
    13.00 deg.: X-S =   2.6590E+04 mb/sr,                       & pols =-0.  0.00119
+                                         /R =   8.8652E-01
    14.00 deg.: X-S =   1.9435E+04 mb/sr,                       & pols = 0.  0.00172
+                                         /R =   8.7037E-01
    15.00 deg.: X-S =   1.4401E+04 mb/sr,                       & pols =-0.  0.00208
+                                         /R =   8.4861E-01
    16.00 deg.: X-S =   1.0731E+04 mb/sr,                       & pols = 0.  0.00223
+                                         /R =   8.1731E-01
    17.00 deg.: X-S =  7999.907921 mb/sr,                       & pols = 0.  0.00221
+                                         /R =   7.7522E-01
    18.00 deg.: X-S =  5953.124965 mb/sr,                       & pols =-0.  0.00203
+                                         /R =   7.2378E-01
    19.00 deg.: X-S =  4423.479031 mb/sr,                       & pols = 0.  0.00175
+                                         /R =   6.6640E-01
    20.00 deg.: X-S =  3291.270690 mb/sr,                       & pols =-0.  0.00141
+                                         /R =   6.0754E-01
    21.00 deg.: X-S =  2464.346205 mb/sr,                       & pols =-0.  0.00111
+                                         /R =   5.5178E-01
    22.00 deg.: X-S =  1868.932502 mb/sr,                       & pols =-0.  0.00091
+                                         /R =   5.0295E-01
    23.00 deg.: X-S =  1445.373222 mb/sr,                       & pols =-0.  0.00089
+                                         /R =   4.6359E-01
    24.00 deg.: X-S =  1145.925822 mb/sr,                       & pols =-0.  0.00109
+                                         /R =   4.3472E-01
    25.00 deg.: X-S =   933.275599 mb/sr,                       & pols =-0.  0.00147
+                                         /R =   4.1580E-01
    26.00 deg.: X-S =   779.202244 mb/sr,                       & pols =-0.  0.00198
+                                         /R =   4.0507E-01
    27.00 deg.: X-S =   663.220599 mb/sr,                       & pols =-0.  0.00251
+                                         /R =   3.9988E-01
    28.00 deg.: X-S =   571.191283 mb/sr,                       & pols =-0.  0.00300
+                                         /R =   3.9721E-01
    29.00 deg.: X-S =   493.960535 mb/sr,                       & pols =-0.  0.00340
+                                         /R =   3.9412E-01
    30.00 deg.: X-S =   426.098161 mb/sr,                       & pols = 0.  0.00370
+                                         /R =   3.8817E-01
    31.00 deg.: X-S =   364.788346 mb/sr,                       & pols = 0.  0.00392
+                                         /R =   3.7772E-01
    32.00 deg.: X-S =   308.906308 mb/sr,                       & pols = 0.  0.00412
+                                         /R =   3.6200E-01
    33.00 deg.: X-S =   258.292245 mb/sr,                       & pols = 0.  0.00436
+                                         /R =   3.4120E-01
    34.00 deg.: X-S =   213.216289 mb/sr,                       & pols = 0.  0.00473
+                                         /R =   3.1630E-01
    35.00 deg.: X-S =   174.015431 mb/sr,                       & pols = 0.  0.00531
+                                         /R =   2.8886E-01
    36.00 deg.: X-S =   140.875538 mb/sr,                       & pols = 0.  0.00624
+                                         /R =   2.6079E-01
    37.00 deg.: X-S =   113.728004 mb/sr,                       & pols = 0.  0.00762
+                                         /R =   2.3405E-01
    38.00 deg.: X-S =    92.230450 mb/sr,                       & pols = 0.  0.00951
+                                         /R =   2.1037E-01
    39.00 deg.: X-S =    75.803239 mb/sr,                       & pols =-0.  0.01186
+                                         /R =   1.9107E-01
    40.00 deg.: X-S =    63.697512 mb/sr,                       & pols =-0.  0.01443
+                                         /R =   1.7695E-01
    41.00 deg.: X-S =    55.075310 mb/sr,                       & pols =-0.  0.01686
+                                         /R =   1.6819E-01
    42.00 deg.: X-S =    49.087412 mb/sr,                       & pols =-0.  0.01869
+                                         /R =   1.6437E-01
    43.00 deg.: X-S =    44.939339 mb/sr,                       & pols =-0.  0.01962
+                                         /R =   1.6461E-01
    44.00 deg.: X-S =    41.940265 mb/sr,                       & pols = 0.  0.01954
+                                         /R =   1.6767E-01
    45.00 deg.: X-S =    39.533056 mb/sr,                       & pols = 0.  0.01852
+                                         /R =   1.7213E-01
    46.00 deg.: X-S =    37.306289 mb/sr,                       & pols = 0.  0.01674
+                                         /R =   1.7653E-01
    47.00 deg.: X-S =    34.990903 mb/sr,                       & pols = 0.  0.01436
+                                         /R =   1.7959E-01
    48.00 deg.: X-S =    32.445136 mb/sr,                       & pols = 0.  0.01151
+                                         /R =   1.8027E-01
    49.00 deg.: X-S =    29.631740 mb/sr,                       & pols = 0.  0.00826
+                                         /R =   1.7791E-01
    50.00 deg.: X-S =    26.591346 mb/sr,                       & pols = 0.  0.00467
+                                         /R =   1.7221E-01
    51.00 deg.: X-S =    23.415296 mb/sr,                       & pols = 0.  0.00075
+                                         /R =   1.6329E-01
    52.00 deg.: X-S =    20.220580 mb/sr,                       & pols = 0. -0.00349
+                                         /R =   1.5160E-01
    53.00 deg.: X-S =    17.128675 mb/sr,                       & pols = 0. -0.00799
+                                         /R =   1.3784E-01
    54.00 deg.: X-S =    14.249329 mb/sr,                       & pols = 0. -0.01265
+                                         /R =   1.2289E-01
    55.00 deg.: X-S =    11.669592 mb/sr,                       & pols = 0. -0.01722
+                                         /R =   1.0770E-01
    56.00 deg.: X-S =     9.447882 mb/sr,                       & pols = 0. -0.02127
+                                         /R =   9.3176E-02
    57.00 deg.: X-S =     7.612408 mb/sr,                       & pols = 0. -0.02403
+                                         /R =   8.0114E-02
    58.00 deg.: X-S =     6.163073 mb/sr,                       & pols = 0. -0.02447
+                                         /R =   6.9122E-02
    59.00 deg.: X-S =     5.075836 mb/sr,                       & pols = 0. -0.02139
+                                         /R =   6.0589E-02
    60.00 deg.: X-S =     4.308547 mb/sr,                       & pols = 0. -0.01404
+                                         /R =   5.4669E-02
    61.00 deg.: X-S =     3.807340 mb/sr,                       & pols =-0. -0.00277
+                                         /R =   5.1290E-02
    62.00 deg.: X-S =     3.512860 mb/sr,                       & pols = 0.  0.01075
+                                         /R =   5.0182E-02
    63.00 deg.: X-S =     3.365777 mb/sr,                       & pols = 0.  0.02420
+                                         /R =   5.0928E-02
    64.00 deg.: X-S =     3.311211 mb/sr,                       & pols = 0.  0.03573
+                                         /R =   5.3010E-02
    65.00 deg.: X-S =     3.301918 mb/sr,                       & pols = 0.  0.04448
+                                         /R =   5.5868E-02
    66.00 deg.: X-S =     3.300198 mb/sr,                       & pols = 0.  0.05042
+                                         /R =   5.8953E-02
    67.00 deg.: X-S =     3.278640 mb/sr,                       & pols = 0.  0.05393
+                                         /R =   6.1771E-02
    68.00 deg.: X-S =     3.219879 mb/sr,                       & pols = 0.  0.05547
+                                         /R =   6.3917E-02
    69.00 deg.: X-S =     3.115596 mb/sr,                       & pols = 0.  0.05543
+                                         /R =   6.5101E-02
    70.00 deg.: X-S =     2.965008 mb/sr,                       & pols = 0.  0.05408
+                                         /R =   6.5151E-02
    71.00 deg.: X-S =     2.773087 mb/sr,                       & pols = 0.  0.05156
+                                         /R =   6.4020E-02
    72.00 deg.: X-S =     2.548717 mb/sr,                       & pols = 0.  0.04792
+                                         /R =   6.1763E-02
    73.00 deg.: X-S =     2.302940 mb/sr,                       & pols = 0.  0.04312
+                                         /R =   5.8528E-02
    74.00 deg.: X-S =     2.047445 mb/sr,                       & pols = 0.  0.03705
+                                         /R =   5.4525E-02
    75.00 deg.: X-S =     1.793335 mb/sr,                       & pols = 0.  0.02956
+                                         /R =   5.0001E-02
    76.00 deg.: X-S =     1.550245 mb/sr,                       & pols = 0.  0.02049
+                                         /R =   4.5217E-02
    77.00 deg.: X-S =     1.325778 mb/sr,                       & pols = 0.  0.00973
+                                         /R =   4.0421E-02
    78.00 deg.: X-S =     1.125250 mb/sr,                       & pols = 0. -0.00270
+                                         /R =   3.5832E-02
    79.00 deg.: X-S =     0.951686 mb/sr,                       & pols = 0. -0.01655
+                                         /R =   3.1628E-02
    80.00 deg.: X-S =     0.806018 mb/sr,                       & pols = 0. -0.03119
+                                         /R =   2.7935E-02
                                           Integrated********** mb, over [   0.000,  80.000] at    21.0000 MeV 

 CROSS SECTIONS FOR OUTGOING h2       & ca40     in state #   1 with spins & parities 1.0  + &  1.0  -;  0

     0.00 deg.: X-S =     0.676239 mb/sr,                       & pols =-0.  0.00000
+                                         REAC   1.5754E+00 mb
     1.00 deg.: X-S =     0.678867 mb/sr,                       & pols =-0. -0.01703
     2.00 deg.: X-S =     0.686777 mb/sr,                       & pols =-0. -0.03356
     3.00 deg.: X-S =     0.700061 mb/sr,                       & pols =-0. -0.04908
     4.00 deg.: X-S =     0.718878 mb/sr,                       & pols =-0. -0.06313
     5.00 deg.: X-S =     0.743464 mb/sr,                       & pols =-0. -0.07524
     6.00 deg.: X-S =     0.774118 mb/sr,                       & pols =-0. -0.08503
     7.00 deg.: X-S =     0.811159 mb/sr,                       & pols =-0. -0.09220
     8.00 deg.: X-S =     0.854847 mb/sr,                       & pols =-0. -0.09659
     9.00 deg.: X-S =     0.905263 mb/sr,                       & pols =-0. -0.09818
    10.00 deg.: X-S =     0.962162 mb/sr,                       & pols =-0. -0.09715
    11.00 deg.: X-S =     1.024824 mb/sr,                       & pols =-0. -0.09382
    12.00 deg.: X-S =     1.091920 mb/sr,                       & pols =-0. -0.08862
    13.00 deg.: X-S =     1.161445 mb/sr,                       & pols =-0. -0.08203
    14.00 deg.: X-S =     1.230716 mb/sr,                       & pols =-0. -0.07454
    15.00 deg.: X-S =     1.296485 mb/sr,                       & pols =-0. -0.06658
    16.00 deg.: X-S =     1.355126 mb/sr,                       & pols =-0. -0.05853
    17.00 deg.: X-S =     1.402915 mb/sr,                       & pols = 0. -0.05067
    18.00 deg.: X-S =     1.436340 mb/sr,                       & pols = 0. -0.04323
    19.00 deg.: X-S =     1.452417 mb/sr,                       & pols =-0. -0.03635
    20.00 deg.: X-S =     1.448973 mb/sr,                       & pols = 0. -0.03015
    21.00 deg.: X-S =     1.424847 mb/sr,                       & pols = 0. -0.02472
    22.00 deg.: X-S =     1.380014 mb/sr,                       & pols = 0. -0.02010
    23.00 deg.: X-S =     1.315597 mb/sr,                       & pols =-0. -0.01636
    24.00 deg.: X-S =     1.233797 mb/sr,                       & pols = 0. -0.01354
    25.00 deg.: X-S =     1.137731 mb/sr,                       & pols = 0. -0.01171
    26.00 deg.: X-S =     1.031219 mb/sr,                       & pols =-0. -0.01092
    27.00 deg.: X-S =     0.918517 mb/sr,                       & pols =-0. -0.01125
    28.00 deg.: X-S =     0.804033 mb/sr,                       & pols =-0. -0.01277
    29.00 deg.: X-S =     0.692045 mb/sr,                       & pols =-0. -0.01555
    30.00 deg.: X-S =     0.586431 mb/sr,                       & pols =-0. -0.01960
    31.00 deg.: X-S =     0.490445 mb/sr,                       & pols =-0. -0.02480
    32.00 deg.: X-S =     0.406548 mb/sr,                       & pols =-0. -0.03079
    33.00 deg.: X-S =     0.336304 mb/sr,                       & pols =-0. -0.03674
    34.00 deg.: X-S =     0.280360 mb/sr,                       & pols =-0. -0.04123
    35.00 deg.: X-S =     0.238491 mb/sr,                       & pols =-0. -0.04228
    36.00 deg.: X-S =     0.209713 mb/sr,                       & pols =-0. -0.03796
    37.00 deg.: X-S =     0.192439 mb/sr,                       & pols =-0. -0.02745
    38.00 deg.: X-S =     0.184667 mb/sr,                       & pols =-0. -0.01188
    39.00 deg.: X-S =     0.184170 mb/sr,                       & pols =-0.  0.00615
    40.00 deg.: X-S =     0.188669 mb/sr,                       & pols =-0.  0.02386
    41.00 deg.: X-S =     0.195997 mb/sr,                       & pols =-0.  0.03944
    42.00 deg.: X-S =     0.204213 mb/sr,                       & pols =-0.  0.05214
    43.00 deg.: X-S =     0.211689 mb/sr,                       & pols = 0.  0.06194
    44.00 deg.: X-S =     0.217165 mb/sr,                       & pols = 0.  0.06917
    45.00 deg.: X-S =     0.219768 mb/sr,                       & pols = 0.  0.07424
    46.00 deg.: X-S =     0.219006 mb/sr,                       & pols = 0.  0.07751
    47.00 deg.: X-S =     0.214736 mb/sr,                       & pols = 0.  0.07925
    48.00 deg.: X-S =     0.207122 mb/sr,                       & pols = 0.  0.07969
    49.00 deg.: X-S =     0.196574 mb/sr,                       & pols = 0.  0.07893
    50.00 deg.: X-S =     0.183674 mb/sr,                       & pols = 0.  0.07706
    51.00 deg.: X-S =     0.169113 mb/sr,                       & pols = 0.  0.07409
    52.00 deg.: X-S =     0.153615 mb/sr,                       & pols = 0.  0.07001
    53.00 deg.: X-S =     0.137879 mb/sr,                       & pols = 0.  0.06481
    54.00 deg.: X-S =     0.122533 mb/sr,                       & pols = 0.  0.05845
    55.00 deg.: X-S =     0.108090 mb/sr,                       & pols = 0.  0.05099
    56.00 deg.: X-S =     0.094938 mb/sr,                       & pols = 0.  0.04253
    57.00 deg.: X-S =     0.083328 mb/sr,                       & pols = 0.  0.03334
    58.00 deg.: X-S =     0.073381 mb/sr,                       & pols = 0.  0.02385
    59.00 deg.: X-S =     0.065105 mb/sr,                       & pols = 0.  0.01469
    60.00 deg.: X-S =     0.058415 mb/sr,                       & pols = 0.  0.00662
    61.00 deg.: X-S =     0.053157 mb/sr,                       & pols = 0.  0.00044
    62.00 deg.: X-S =     0.049131 mb/sr,                       & pols = 0. -0.00323
    63.00 deg.: X-S =     0.046114 mb/sr,                       & pols = 0. -0.00407
    64.00 deg.: X-S =     0.043880 mb/sr,                       & pols = 0. -0.00207
    65.00 deg.: X-S =     0.042219 mb/sr,                       & pols = 0.  0.00248
    66.00 deg.: X-S =     0.040941 mb/sr,                       & pols = 0.  0.00918
    67.00 deg.: X-S =     0.039896 mb/sr,                       & pols = 0.  0.01761
    68.00 deg.: X-S =     0.038967 mb/sr,                       & pols = 0.  0.02744
    69.00 deg.: X-S =     0.038078 mb/sr,                       & pols = 0.  0.03846
    70.00 deg.: X-S =     0.037186 mb/sr,                       & pols = 0.  0.05056
    71.00 deg.: X-S =     0.036279 mb/sr,                       & pols = 0.  0.06367
    72.00 deg.: X-S =     0.035369 mb/sr,                       & pols = 0.  0.07776
    73.00 deg.: X-S =     0.034483 mb/sr,                       & pols = 0.  0.09272
    74.00 deg.: X-S =     0.033656 mb/sr,                       & pols = 0.  0.10837
    75.00 deg.: X-S =     0.032924 mb/sr,                       & pols = 0.  0.12438
    76.00 deg.: X-S =     0.032318 mb/sr,                       & pols = 0.  0.14032
    77.00 deg.: X-S =     0.031861 mb/sr,                       & pols = 0.  0.15564
    78.00 deg.: X-S =     0.031562 mb/sr,                       & pols = 0.  0.16974
    79.00 deg.: X-S =     0.031420 mb/sr,                       & pols = 0.  0.18209
    80.00 deg.: X-S =     0.031416 mb/sr,                       & pols = 0.  0.19225
                                           Integrated    1.4577 mb, over [   0.000,  80.000] at    21.0000 MeV 
 Finished all xsecs @   0.176220000    

  The following files have been created:
   3:local copy of User input.            6:standard output.                   
  13:total cross sections/state.         16:tables of cross sections.          
  35:Astrophysics S-factors  / Ecm.      39:cross sections for each Ecm.       
  40:all cross sectns. for each Elab.    46:bs wave functions & ANC ratios.    
  56:Fusion for each Jtotal.             58:Single-particle wfns.              
  75:S-factors for lab energies.        201:Separate cross sections.           
 202:Separate cross sections.           

 PARAMETERS : MAXQRN   MFNL   MLOC  LMAX1 MCLIST
    ALLOWED :      5     81     17     50      6
    REQUIRED:      1      0     13     33      4


 ACCURACY ANALYSIS at    21.000 MeV :

  Elastic h*k = 0.016 so OK       compared with 0.200

   Real(S-el) > 0.01 first at J =       1.0
   Real(S-el) > 0.10 first at J =       5.0
   Real(S-el) > 0.50 first at J =       8.0
   Real(S-el) > 0.90 first at J =      10.0
   Real(S-el) > 0.99 first at J =      13.0
   R-turn =    20.33 fm    at J =      30.0

 Forward-angle excitation cut off below   8.519 deg by max JT =      30.0
                              and below   6.993 deg by max R.

 Total CPU  0 time =       0.18 seconds
