 FRESCO - FRES 3.4: Coupled Reaction Channels
 Assuming NAMELIST input.

 39K(3He,d)40Ca 21 MeV DWBA ZR 6285 keV Jpi=3- l=1 n=2 j=3/2                     

   0.010  25.000   0.100   0.100  10.000  -0.300   0.000   0.000   0.000   0.000

 Centre-of-mass Range is   2502 * 0.0100 fm., Maximum at  25.00 fm., Interpolating NL forms every  0.10 fm.
 Non - locality width is    101 * 0.1000 fm., Maximum of  10.00 fm., Centred at -0.20 fm.
 2-Nucleon Separation of      0 * 0.1000 fm., Maximum of   0.00 fm., Minimum at  0.00 fm.
 Maximum single particle bins of 25.0000 fm.
               M,Mint =         2501        2501


 Range of total J is     0.0 <= J <=    30.0 (at least     0.0) and Absorbtion =>    -1.0000 mb.
 Dry Run = F, CC set limits =  0  0, Relativistic kinematics =  , Both/Far/Near Analyses =  1                     

 Cross Sections (and up to T1 for 0=projectile) for Theta from   0.0 to  80.0 in steps of  1.0 degrees, DGAM=0,  Coordinates = 0 (Mads)

 Lower Radial Cutoff = maximum of -1.60*L*h &       0.0 fm.,  Lower Cutoff for Couplings =   0.0  fm.


 Iterate Couplings between   0 and   1 times, to  0.000 % if sooner.                                          
  Block solved exactly =   0 chs., with Pade = 0 & Isocen =  =0, NOSOL = F, initwf =  0
  NL quadrature with   36 Gaussian points, Calculate multipoles up to    36 from   0
  M-transfers for lp+lt greater than or equal to  6, Angular Integration Cutoff below  0.6944 %


 Trace switches are :  CHANS =  1, LISTCC =  0, TRENEG =  0, CDETR =  0, SMATS =  0, XSTABL =  1, NLPL =  0

                       WAVES =  0, LAMPL =  0, VEFF =  0, KFUS =  0, WDISK =  0, BPM =  0, MELFIL =  0

                       CDCC =  0, NFUS =  0

 Using unit mass = 1.000000 amu and 1/fine-structure constant = 137.03599 ( 1.000000 * true ) with hc = 197.32705 MeV.fm,
  thus 2*amu/hbar^2 = 0.0478450 = 1/20.9008 and Coulomb constant = 0.1574855 so e^2 = 1.43997, and nuclear magneton= 0.1261183

 Now pre-scan input and save to file 3

  WARNING: target longitudinal recoil NOT included in the ZR coupling #            1


 *********** PARTITION NUMBER  1 ******************************************************************************************

   PROJ=he3        MASS=  3.0150 Z=   2.0,        # STATES=    1T, TARG=k39      MASS= 38.9530 Z=  19.0,     Q-VALUE =   0.0000 MEV.

     1:  J= 0.5+ (B# 1), E=  0.0000, K= 0.5              Potl#  1       J= 1.5+ (B# 1), E=  0.0000, K= 0.5    


 *********** PARTITION NUMBER  2 ******************************************************************************************

   PROJ=h2         MASS=  2.0140 Z=   1.0,        # STATES=    1T, TARG=ca40     MASS= 39.9630 Z=  20.0,     Q-VALUE =   2.8347 MEV.

     1:  J= 1.0+ (B# 1), E=  0.0000, K= 0.0              Potl#  2       J= 3.0- (B#-1), E=  6.2852, K= 0.0    
0****** WARNING : COMPARED WITH PARTITION  1, THIS PARTITION HAS TOTAL MASS & CHARGE EXCESSES   0.01205 &   0.0000


 ************************************************************************************************************************************

 The following POTENTIALS are defined :

  KP#       TYPE      IT    SHAPE      at     V1        r1        a1        V2        r2        a2        A-in     A-used


                                            A#1       A#2        r0c       ac                                                h @ 1
    1    0=Coulomb       0=CHARGE (WS)  1    38.953     0.000    1.2890    0.0000    0.0000    0.0000     0.000    38.953   0.01000

    1    1=Volume        0=Woods-Saxon  2  117.8810    1.1780    0.7680   -0.6460    1.4150    0.8470     0.000    38.953

    1    2=Surface       0=Woods-Saxon  3    0.0000    0.0000    0.0000   20.6650    1.1980    0.8520     0.000    38.953

    1    3=Projtl S.O.   0=Woods-Saxon  4    2.0830    0.7380    0.9460   -1.1590    0.0000    0.0000     0.000    38.953
   --------------------------------------------------------------------------------------------------------------------

                                            A#1       A#2        r0c       ac                                                h @ 2
    2    0=Coulomb       0=CHARGE (WS)  5    39.963     0.000    1.3030    0.0000    0.0000    0.0000     0.000    39.963   0.01000

    2    1=Volume        0=Woods-Saxon  6   91.1200    1.1500    0.7620    2.2340    1.3340    0.5130     0.000    39.963

    2    2=Surface       0=Woods-Saxon  7    0.0000    0.0000    0.0000   10.2740    1.3780    0.7430     0.000    39.963

    2    3=Projtl S.O.   0=Woods-Saxon  8    3.5570    0.9720    1.0110    0.0000    0.0000    0.0000     0.000    39.963
   --------------------------------------------------------------------------------------------------------------------

                                            A#1       A#2        r0c       ac                                                h @ 0
    3    0=Coulomb       0=CHARGE (WS)  9     3.015     0.000    1.2500    0.0000    0.0000    0.0000     0.000     3.015   0.01000

    3    1=Volume        0=Woods-Saxon 10   50.0000    1.2500    0.6500    0.0000    0.0000    0.0000     0.000     3.015
   --------------------------------------------------------------------------------------------------------------------

                                            A#1       A#2        r0c       ac                                                h @ 0
    4    0=Coulomb       0=CHARGE (WS) 11    38.953     0.000    1.2500    0.0000    0.0000    0.0000     0.000    38.953   0.01000

    4    1=Volume        0=Woods-Saxon 12   50.0000    1.2500    0.6500    0.0000    0.0000    0.0000     0.000    38.953


 ************************************************************************************************************************************

 The following SINGLE-PARTICLE FORM FACTORS are constructed :


 No.   P1 P2 IN KIND T N  L  S1 IA J/S  IB BIND XFER  BE    SC PC FIL AFRAC Adjust  to  Z  Mass   K     Norm    rms      D0     D   ANC/Gsp

 For Channel #  1 with l = 0,  j =  0.5, around core state #  1

   R    Y(R)
   0.00   0.0000E+00,    0.10   5.8280E-02,    0.20   1.1591E-01,    0.30   1.7228E-01,    0.40   2.2679E-01,    0.50   2.7891E-01, 
   0.60   3.2812E-01,    0.70   3.7401E-01,    0.80   4.1621E-01,    0.90   4.5442E-01,    1.00   4.8842E-01,    1.10   5.1808E-01, 
   1.20   5.4332E-01,    1.30   5.6417E-01,    1.40   5.8070E-01,    1.50   5.9306E-01,    1.60   6.0146E-01,    1.70   6.0615E-01, 
   1.80   6.0741E-01,    1.90   6.0557E-01,    2.00   6.0094E-01,    2.10   5.9388E-01,    2.20   5.8471E-01,    2.30   5.7376E-01, 
   2.40   5.6133E-01,    2.50   5.4772E-01,    2.60   5.3317E-01,    2.70   5.1794E-01,    2.80   5.0221E-01,    2.90   4.8618E-01, 
   3.00   4.6999E-01,    3.10   4.5378E-01,    3.20   4.3767E-01,    3.30   4.2173E-01,    3.40   4.0605E-01,    3.50   3.9068E-01, 
   3.60   3.7566E-01,    3.70   3.6103E-01,    3.80   3.4682E-01,    3.90   3.3304E-01,    4.00   3.1970E-01,    4.10   3.0681E-01, 
   4.20   2.9437E-01,    4.30   2.8238E-01,    4.40   2.7083E-01,    4.50   2.5971E-01,    4.60   2.4902E-01,    4.70   2.3874E-01, 
   4.80   2.2887E-01,    4.90   2.1939E-01,    5.00   2.1029E-01,    5.10   2.0156E-01,    5.20   1.9318E-01,    5.30   1.8514E-01, 
   5.40   1.7743E-01,    5.50   1.7004E-01,    5.60   1.6296E-01,    5.70   1.5616E-01,    5.80   1.4965E-01,    5.90   1.4341E-01, 
   6.00   1.3743E-01,    6.10   1.3170E-01,    6.20   1.2620E-01,    6.30   1.2094E-01,    6.40   1.1589E-01,    6.50   1.1106E-01, 
   6.60   1.0643E-01,    6.70   1.0199E-01,    6.80   9.7738E-02,    6.90   9.3663E-02,    7.00   8.9758E-02,    7.10   8.6017E-02, 
   7.20   8.2432E-02,    7.30   7.8996E-02,    7.40   7.5705E-02,    7.50   7.2551E-02,    7.60   6.9529E-02,    7.70   6.6633E-02, 
   7.80   6.3858E-02,    7.90   6.1199E-02,    8.00   5.8651E-02,    8.10   5.6210E-02,    8.20   5.3870E-02,    8.30   5.1628E-02, 
   8.40   4.9480E-02,    8.50   4.7422E-02,    8.60   4.5449E-02,    8.70   4.3559E-02,    8.80   4.1747E-02,    8.90   4.0011E-02, 
   9.00   3.8348E-02,    9.10   3.6753E-02,    9.20   3.5226E-02,    9.30   3.3762E-02,    9.40   3.2358E-02,    9.50   3.1014E-02, 
   9.60   2.9725E-02,    9.70   2.8490E-02,    9.80   2.7307E-02,    9.90   2.6173E-02,   10.00   2.5086E-02,   10.10   2.4044E-02, 
  10.20   2.3046E-02,   10.30   2.2089E-02,   10.40   2.1172E-02,   10.50   2.0293E-02,   10.60   1.9451E-02,   10.70   1.8644E-02, 
  10.80   1.7870E-02,   10.90   1.7128E-02,   11.00   1.6418E-02,   11.10   1.5737E-02,   11.20   1.5084E-02,   11.30   1.4458E-02, 
  11.40   1.3858E-02,   11.50   1.3284E-02,   11.60   1.2733E-02,   11.70   1.2205E-02,   11.80   1.1699E-02,   11.90   1.1214E-02, 
  12.00   1.0749E-02,   12.10   1.0303E-02,   12.20   9.8761E-03,   12.30   9.4667E-03,   12.40   9.0744E-03,   12.50   8.6983E-03, 
  12.60   8.3378E-03,   12.70   7.9923E-03,   12.80   7.6612E-03,   12.90   7.3438E-03,   13.00   7.0395E-03,   13.10   6.7479E-03, 
  13.20   6.4684E-03,   13.30   6.2004E-03,   13.40   5.9436E-03,   13.50   5.6975E-03,   13.60   5.4615E-03,   13.70   5.2353E-03, 
  13.80   5.0185E-03,   13.90   4.8107E-03,   14.00   4.6116E-03,   14.10   4.4206E-03,   14.20   4.2376E-03,   14.30   4.0622E-03, 
  14.40   3.8940E-03,   14.50   3.7329E-03,   14.60   3.5783E-03,   14.70   3.4302E-03,   14.80   3.2883E-03,   14.90   3.1522E-03, 
  15.00   3.0217E-03,   15.10   2.8967E-03,   15.20   2.7768E-03,   15.30   2.6619E-03,   15.40   2.5518E-03,   15.50   2.4462E-03, 
  15.60   2.3450E-03,   15.70   2.2480E-03,   15.80   2.1550E-03,   15.90   2.0659E-03,   16.00   1.9804E-03,   16.10   1.8985E-03, 
  16.20   1.8200E-03,   16.30   1.7447E-03,   16.40   1.6726E-03,   16.50   1.6034E-03,   16.60   1.5371E-03,   16.70   1.4735E-03, 
  16.80   1.4126E-03,   16.90   1.3542E-03,   17.00   1.2982E-03,   17.10   1.2445E-03,   17.20   1.1931E-03,   17.30   1.1438E-03, 
  17.40   1.0965E-03,   17.50   1.0511E-03,   17.60   1.0077E-03,   17.70   9.6604E-04,   17.80   9.2611E-04,   17.90   8.8783E-04, 
  18.00   8.5114E-04,   18.10   8.1596E-04,   18.20   7.8224E-04,   18.30   7.4991E-04,   18.40   7.1892E-04,   18.50   6.8921E-04, 
  18.60   6.6073E-04,   18.70   6.3343E-04,   18.80   6.0725E-04,   18.90   5.8216E-04,   19.00   5.5811E-04,   19.10   5.3505E-04, 
  19.20   5.1295E-04,   19.30   4.9175E-04,   19.40   4.7144E-04,   19.50   4.5196E-04,   19.60   4.3329E-04,   19.70   4.1539E-04, 
  19.80   3.9823E-04,   19.90   3.8179E-04,   20.00   3.6602E-04,   20.10   3.5090E-04,   20.20   3.3640E-04,   20.30   3.2251E-04, 
  20.40   3.0919E-04,   20.50   2.9642E-04,   20.60   2.8418E-04,   20.70   2.7244E-04,   20.80   2.6119E-04,   20.90   2.5041E-04, 
  21.00   2.4007E-04,   21.10   2.3015E-04,   21.20   2.2065E-04,   21.30   2.1154E-04,   21.40   2.0281E-04,   21.50   1.9443E-04, 
  21.60   1.8640E-04,   21.70   1.7871E-04,   21.80   1.7133E-04,   21.90   1.6426E-04,   22.00   1.5748E-04,   22.10   1.5098E-04, 
  22.20   1.4474E-04,   22.30   1.3877E-04,   22.40   1.3304E-04,   22.50   1.2755E-04,   22.60   1.2228E-04,   22.70   1.1724E-04, 
  22.80   1.1240E-04,   22.90   1.0776E-04,   23.00   1.0331E-04,   23.10   9.9046E-05,   23.20   9.4958E-05,   23.30   9.1039E-05, 
  23.40   8.7282E-05,   23.50   8.3680E-05,   23.60   8.0226E-05,   23.70   7.6915E-05,   23.80   7.3741E-05,   23.90   7.0698E-05, 
  24.00   6.7781E-05,   24.10   6.4984E-05,   24.20   6.2303E-05,   24.30   5.9732E-05,   24.40   5.7267E-05,   24.50   5.4904E-05, 
  24.60   5.2639E-05,   24.70   5.0467E-05,   24.80   4.8385E-05,   24.90   4.6389E-05,   25.00   4.4475E-05, 

 No.   P1 P2 IN KIND T N  L  S1 IA J/S  IB BIND XFER  BE    SC PC FIL AFRAC Adjust  to  Z  Mass   K     Norm    rms      D0     D   ANC/Gsp

    At R=   24.990, ANC in ch  1 is    1.8773    ,   eta,eta*ln(2*rho)+rho =   0.54944E-01    10.644    

    1:  2  1  1  0     1  0 0.5  1 0.5   0   3   0   5.4935  1  1  0 0.0000 VR  0.8879; 1. 1.001 0.4192 1.0000  2.820 -166.8 -176.0  1.8773

 For Channel #  1 with l = 1,  j =  1.5, around core state #  1

   R    Y(R)
   0.00  -0.0000E+00,    0.10   3.6244E-03,    0.20   1.4395E-02,    0.30   3.2009E-02,    0.40   5.5971E-02,    0.50   8.5603E-02, 
   0.60   1.2007E-01,    0.70   1.5837E-01,    0.80   1.9943E-01,    0.90   2.4204E-01,    1.00   2.8496E-01,    1.10   3.2692E-01, 
   1.20   3.6664E-01,    1.30   4.0289E-01,    1.40   4.3451E-01,    1.50   4.6045E-01,    1.60   4.7978E-01,    1.70   4.9172E-01, 
   1.80   4.9569E-01,    1.90   4.9127E-01,    2.00   4.7828E-01,    2.10   4.5671E-01,    2.20   4.2681E-01,    2.30   3.8899E-01, 
   2.40   3.4389E-01,    2.50   2.9230E-01,    2.60   2.3518E-01,    2.70   1.7360E-01,    2.80   1.0875E-01,    2.90   4.1867E-02, 
   3.00  -2.5798E-02,    3.10  -9.2994E-02,    3.20  -1.5853E-01,    3.30  -2.2130E-01,    3.40  -2.8030E-01,    3.50  -3.3470E-01, 
   3.60  -3.8382E-01,    3.70  -4.2713E-01,    3.80  -4.6432E-01,    3.90  -4.9524E-01,    4.00  -5.1990E-01,    4.10  -5.3849E-01, 
   4.20  -5.5129E-01,    4.30  -5.5872E-01,    4.40  -5.6124E-01,    4.50  -5.5940E-01,    4.60  -5.5375E-01,    4.70  -5.4485E-01, 
   4.80  -5.3325E-01,    4.90  -5.1947E-01,    5.00  -5.0399E-01,    5.10  -4.8724E-01,    5.20  -4.6959E-01,    5.30  -4.5137E-01, 
   5.40  -4.3287E-01,    5.50  -4.1431E-01,    5.60  -3.9588E-01,    5.70  -3.7773E-01,    5.80  -3.5999E-01,    5.90  -3.4274E-01, 
   6.00  -3.2604E-01,    6.10  -3.0996E-01,    6.20  -2.9450E-01,    6.30  -2.7970E-01,    6.40  -2.6555E-01,    6.50  -2.5205E-01, 
   6.60  -2.3919E-01,    6.70  -2.2697E-01,    6.80  -2.1535E-01,    6.90  -2.0432E-01,    7.00  -1.9386E-01,    7.10  -1.8395E-01, 
   7.20  -1.7455E-01,    7.30  -1.6565E-01,    7.40  -1.5722E-01,    7.50  -1.4923E-01,    7.60  -1.4168E-01,    7.70  -1.3452E-01, 
   7.80  -1.2775E-01,    7.90  -1.2133E-01,    8.00  -1.1526E-01,    8.10  -1.0951E-01,    8.20  -1.0406E-01,    8.30  -9.8904E-02, 
   8.40  -9.4019E-02,    8.50  -8.9390E-02,    8.60  -8.5003E-02,    8.70  -8.0846E-02,    8.80  -7.6906E-02,    8.90  -7.3170E-02, 
   9.00  -6.9628E-02,    9.10  -6.6268E-02,    9.20  -6.3080E-02,    9.30  -6.0056E-02,    9.40  -5.7186E-02,    9.50  -5.4462E-02, 
   9.60  -5.1875E-02,    9.70  -4.9420E-02,    9.80  -4.7087E-02,    9.90  -4.4872E-02,   10.00  -4.2767E-02,   10.10  -4.0766E-02, 
  10.20  -3.8865E-02,   10.30  -3.7058E-02,   10.40  -3.5339E-02,   10.50  -3.3705E-02,   10.60  -3.2151E-02,   10.70  -3.0672E-02, 
  10.80  -2.9266E-02,   10.90  -2.7927E-02,   11.00  -2.6653E-02,   11.10  -2.5440E-02,   11.20  -2.4286E-02,   11.30  -2.3186E-02, 
  11.40  -2.2139E-02,   11.50  -2.1142E-02,   11.60  -2.0192E-02,   11.70  -1.9286E-02,   11.80  -1.8424E-02,   11.90  -1.7602E-02, 
  12.00  -1.6818E-02,   12.10  -1.6071E-02,   12.20  -1.5359E-02,   12.30  -1.4680E-02,   12.40  -1.4032E-02,   12.50  -1.3414E-02, 
  12.60  -1.2825E-02,   12.70  -1.2263E-02,   12.80  -1.1726E-02,   12.90  -1.1214E-02,   13.00  -1.0726E-02,   13.10  -1.0259E-02, 
  13.20  -9.8140E-03,   13.30  -9.3890E-03,   13.40  -8.9831E-03,   13.50  -8.5956E-03,   13.60  -8.2254E-03,   13.70  -7.8719E-03, 
  13.80  -7.5342E-03,   13.90  -7.2115E-03,   14.00  -6.9033E-03,   14.10  -6.6087E-03,   14.20  -6.3273E-03,   14.30  -6.0582E-03, 
  14.40  -5.8011E-03,   14.50  -5.5553E-03,   14.60  -5.3203E-03,   14.70  -5.0956E-03,   14.80  -4.8808E-03,   14.90  -4.6754E-03, 
  15.00  -4.4789E-03,   15.10  -4.2910E-03,   15.20  -4.1113E-03,   15.30  -3.9393E-03,   15.40  -3.7749E-03,   15.50  -3.6175E-03, 
  15.60  -3.4669E-03,   15.70  -3.3228E-03,   15.80  -3.1849E-03,   15.90  -3.0529E-03,   16.00  -2.9266E-03,   16.10  -2.8057E-03, 
  16.20  -2.6899E-03,   16.30  -2.5791E-03,   16.40  -2.4729E-03,   16.50  -2.3713E-03,   16.60  -2.2740E-03,   16.70  -2.1809E-03, 
  16.80  -2.0916E-03,   16.90  -2.0062E-03,   17.00  -1.9243E-03,   17.10  -1.8459E-03,   17.20  -1.7707E-03,   17.30  -1.6988E-03, 
  17.40  -1.6298E-03,   17.50  -1.5637E-03,   17.60  -1.5004E-03,   17.70  -1.4397E-03,   17.80  -1.3816E-03,   17.90  -1.3258E-03, 
  18.00  -1.2724E-03,   18.10  -1.2212E-03,   18.20  -1.1721E-03,   18.30  -1.1250E-03,   18.40  -1.0799E-03,   18.50  -1.0366E-03, 
  18.60  -9.9517E-04,   18.70  -9.5540E-04,   18.80  -9.1725E-04,   18.90  -8.8068E-04,   19.00  -8.4560E-04,   19.10  -8.1195E-04, 
  19.20  -7.7968E-04,   19.30  -7.4872E-04,   19.40  -7.1903E-04,   19.50  -6.9054E-04,   19.60  -6.6321E-04,   19.70  -6.3699E-04, 
  19.80  -6.1184E-04,   19.90  -5.8770E-04,   20.00  -5.6454E-04,   20.10  -5.4231E-04,   20.20  -5.2098E-04,   20.30  -5.0051E-04, 
  20.40  -4.8086E-04,   20.50  -4.6200E-04,   20.60  -4.4390E-04,   20.70  -4.2653E-04,   20.80  -4.0985E-04,   20.90  -3.9384E-04, 
  21.00  -3.7846E-04,   21.10  -3.6371E-04,   21.20  -3.4954E-04,   21.30  -3.3593E-04,   21.40  -3.2287E-04,   21.50  -3.1033E-04, 
  21.60  -2.9828E-04,   21.70  -2.8671E-04,   21.80  -2.7560E-04,   21.90  -2.6493E-04,   22.00  -2.5469E-04,   22.10  -2.4484E-04, 
  22.20  -2.3539E-04,   22.30  -2.2631E-04,   22.40  -2.1759E-04,   22.50  -2.0921E-04,   22.60  -2.0115E-04,   22.70  -1.9342E-04, 
  22.80  -1.8599E-04,   22.90  -1.7885E-04,   23.00  -1.7199E-04,   23.10  -1.6540E-04,   23.20  -1.5906E-04,   23.30  -1.5298E-04, 
  23.40  -1.4713E-04,   23.50  -1.4151E-04,   23.60  -1.3611E-04,   23.70  -1.3091E-04,   23.80  -1.2592E-04,   23.90  -1.2113E-04, 
  24.00  -1.1652E-04,   24.10  -1.1209E-04,   24.20  -1.0783E-04,   24.30  -1.0373E-04,   24.40  -9.9796E-05,   24.50  -9.6012E-05, 
  24.60  -9.2374E-05,   24.70  -8.8876E-05,   24.80  -8.5513E-05,   24.90  -8.2280E-05,   25.00  -7.9171E-05, 

 No.   P1 P2 IN KIND T N  L  S1 IA J/S  IB BIND XFER  BE    SC PC FIL AFRAC Adjust  to  Z  Mass   K     Norm    rms      D0     D   ANC/Gsp

    At R=   24.990, ANC in ch  2 is   -69.847    ,   eta,eta*ln(2*rho)+rho =    2.0770        13.446    

    2:  1  2  2  0     2  1 0.5  1 1.5   0   4   0   2.0432  1  1  0 0.0000 VR  1.2328; 1. 1.010 0.3102 1.0000  4.351   84.8  -60.6-69.8469

 ************************************************************************************************************************************

 TWO-way COUPLING # 1 for partitions  2 <-  1 of KIND  5,   0  0  0 -1 -1 & P1,P2 = -172.8000   0.0000 : for J <=    30.5 & R <  25.0 fm.


 data =  1  1  1  1  1.0000,  so  < [he3      #  1] / [h2       #  1]  * Eigen-form #  1>  =   1.0000            BE =  5.494     1

 data =  2  1  1  2  1.0000,  so  < [ca40     #  1] / [k39      #  1]  * Eigen-form #  2>  =   1.0000            BE =  2.043     2
 KNT =   2, KNP =   1: NK,NG,loc=   1   1   1  13  T  T  F

     So ZERO-RANGE TRANSFER, with D0 =  -172.800 and finite-range effective radius   0.0000 fm.

   2  1  1 13     5.494  -172.800  -172.800     1.001     0.669     0.000     0.010

 Incoming partition  1 in excitation state # 1,   Laboratory Energy given for partition  1 Nucleus 1 in Excitation pair 1

0Lab. ENERGY ranges :

   from    21.0000     to   21.0000     in     0 intervals
   from    21.0000     to   0.00000     in     0 intervals
   from    0.00000     to   0.00000     in     0 intervals

 Largest real,imaginary parts of any form factor at R=   24.90 are   5.78E-02  1.97E-09 MeV
 Finished all Couplings @    3.85350026E-02          13

 Symmetric Hamiltonian
1***********************************************************************************************************************************
************************************************************************************************************************************

        INCOMING he3      ;    LABORATORY he3      ENERGY =   21.000     MeV.

 ***********************************************************************************************************************************
 ***********************************************************************************************************************************

 Allocate arrays for            2  channels, of which            2  need wfs.

 Total SPIN, PARITY =     0.0 +,      2 chs,      0 cc.  Rmin & Coul turning =    0.0    2.8


    C Projectl Target   #   EX.   (L  Proj) J  + Targ = Jtotal     E-cm      Re K     Re Eta     RM*K            CH
    1 he3      k39      #    1: I   2 0.5    1.5  1.5     0.0    19.49135   1.61545   2.26756   40.3863   0.51414  -0.03931 1 1 1   1
    2 h2       ca40     #    1:     3 1.0    3.0  3.0     0.0    16.04090   1.21307   1.08895   30.3268   0.35170  -0.37099 2 1 2   1
 Allocate arrays for            3  channels, of which            3  need wfs.
 Allocate arrays for            8  channels, of which            8  need wfs.
 Allocate arrays for           11  channels, of which           11  need wfs.
 Allocate arrays for           12  channels, of which           12  need wfs.
 Allocate arrays for           14  channels, of which           14  need wfs.
 Allocate arrays for           15  channels, of which           15  need wfs.
 Reaction Xsec    27.0+/26 @ 1 =   0.778/, Out:   0.000#   2.210#   0.001f
 Reaction Xsec    27.0+/26 @ 2 =   0.766/, Out:   0.000#   0.896#   0.001f
 Reaction Xsec    27.0+/28 @ 3 =   0.194/, Out:   0.000#   0.163#   0.000f
 Reaction Xsec    27.0+/28 @ 4 =   0.191/, Out:   0.000#   0.059#   0.000f
 Reaction Xsec    27.0-/25 @ 1 =   1.534/, Out:   0.000#   3.750#   0.002f
 Reaction Xsec    27.0-/27 @ 2 =   0.389/, Out:   0.000#   0.523#   0.000f
 Reaction Xsec    27.0-/27 @ 3 =   0.382/, Out:   0.000#   0.214#   0.000f
 Reaction Xsec    27.0-/29 @ 4 =   0.097/, Out:   0.000#   0.059#   0.000f
 Reaction Xsec    28.0+/26 @ 1 =   0.794/, Out:   0.000#   1.412#   0.001f
 Reaction Xsec    28.0+/28 @ 2 =   0.201/, Out:   0.000#   0.376#   0.000f
 Reaction Xsec    28.0+/28 @ 3 =   0.198/, Out:   0.000#   0.157#   0.000f
 Reaction Xsec    28.0+/30 @ 4 =   0.050/, Out:   0.000#   0.052#   0.000f
 Reaction Xsec    28.0-/27 @ 1 =   0.403/, Out:   0.000#   1.014#   0.000f
 Reaction Xsec    28.0-/27 @ 2 =   0.396/, Out:   0.000#   0.411#   0.000f
 Reaction Xsec    28.0-/29 @ 3 =   0.101/, Out:   0.000#   0.154#   0.000f
 Reaction Xsec    28.0-/29 @ 4 =   0.099/, Out:   0.000#   0.077#   0.000f
 Reaction Xsec    29.0+/28 @ 1 =   0.209/, Out:   0.000#   0.726#   0.000f
 Reaction Xsec    29.0+/28 @ 2 =   0.205/, Out:   0.000#   0.296#   0.000f
 Reaction Xsec    29.0+/30 @ 3 =   0.052/, Out:   0.000#   0.123#   0.000f
 Reaction Xsec    29.0+/30 @ 4 =   0.051/, Out:   0.000#   0.071#   0.000f
 Reaction Xsec    29.0-/27 @ 1 =   0.410/, Out:   0.000#   0.647#   0.000f
 Reaction Xsec    29.0-/29 @ 2 =   0.104/, Out:   0.000#   0.337#   0.000f
 Reaction Xsec    29.0-/29 @ 3 =   0.102/, Out:   0.000#   0.153#   0.000f
 Reaction Xsec    29.0-/31 @ 4 =   0.026/, Out:   0.000#   0.031#   0.000f
 Reaction Xsec    30.0+/28 @ 1 =   0.212/, Out:   0.000#   0.463#   0.000f
 Reaction Xsec    30.0+/30 @ 2 =   0.054/, Out:   0.000#   0.259#   0.000f
 Reaction Xsec    30.0+/30 @ 3 =   0.053/, Out:   0.000#   0.124#   0.000f
 Reaction Xsec    30.0+/32 @ 4 =   0.013/, Out:   0.000#   0.013#   0.000f
 Reaction Xsec    30.0-/29 @ 1 =   0.108/, Out:   0.000#   0.638#   0.000f
 Reaction Xsec    30.0-/29 @ 2 =   0.105/, Out:   0.000#   0.267#   0.000f
 Reaction Xsec    30.0-/31 @ 3 =   0.027/, Out:   0.000#   0.071#   0.000f
 Reaction Xsec    30.0-/31 @ 4 =   0.026/, Out:   0.000#   0.043#   0.000f
 Finished all CC sets @   0.216290012    
0CUMULATIVE REACTION cross section                 = 1423.29090  <L> =     7.34  <L**2> =     63.8
0CUMULATIVE outgoing cross sections in partition 1 :    0.00000
0CUMULATIVE outgoing cross sections in partition 2 :   17.88326
0Cumulative ABSORBTION by Imaginary Potentials     = 1405.40763  <L> =     7.31  <L**2> =     63.4
   Fusion for specific he3      M-states : 1411.445842 1411.445842
0CUMULATIVE OUTGOING cross section                 =   17.88326
 To convert to S-factors (MeV.mb = keV.b),  multiply by  3.0022E+07


 CROSS SECTIONS FOR OUTGOING he3      & k39      in state #   1 with spins & parities 0.5  + &  1.5  +;  0

     0.01 deg.: X-S =   8.4933E+16 mb/sr,                       & pols = 0. -0.00000
+                                         /R =   1.0000E+00
     1.00 deg.: X-S =   8.4909E+08 mb/sr,                       & pols = 0.  0.00000
+                                         /R =   9.9967E-01
     2.00 deg.: X-S =   5.3169E+07 mb/sr,                       & pols =-0. -0.00001
+                                         /R =   1.0014E+00
     3.00 deg.: X-S =   1.0282E+07 mb/sr,                       & pols = 0.  0.00002
+                                         /R =   9.8014E-01
     4.00 deg.: X-S =   3.2994E+06 mb/sr,                       & pols = 0.  0.00011
+                                         /R =   9.9366E-01
     5.00 deg.: X-S =   1.4097E+06 mb/sr,                       & pols = 0.  0.00006
+                                         /R =   1.0360E+00
     6.00 deg.: X-S =   7.0157E+05 mb/sr,                       & pols = 0. -0.00016
+                                         /R =   1.0686E+00
     7.00 deg.: X-S =   3.7943E+05 mb/sr,                       & pols = 0. -0.00046
+                                         /R =   1.0700E+00
     8.00 deg.: X-S =   2.1688E+05 mb/sr,                       & pols = 0. -0.00069
+                                         /R =   1.0426E+00
     9.00 deg.: X-S =   1.3008E+05 mb/sr,                       & pols = 0. -0.00074
+                                         /R =   1.0007E+00
    10.00 deg.: X-S =   8.1861E+04 mb/sr,                       & pols =-0. -0.00053
+                                         /R =   9.5895E-01
    11.00 deg.: X-S =   5.4042E+04 mb/sr,                       & pols = 0. -0.00006
+                                         /R =   9.2588E-01
    12.00 deg.: X-S =   3.7257E+04 mb/sr,                       & pols =-0.  0.00056
+                                         /R =   9.0298E-01
    13.00 deg.: X-S =   2.6590E+04 mb/sr,                       & pols =-0.  0.00119
+                                         /R =   8.8652E-01
    14.00 deg.: X-S =   1.9435E+04 mb/sr,                       & pols = 0.  0.00172
+                                         /R =   8.7037E-01
    15.00 deg.: X-S =   1.4401E+04 mb/sr,                       & pols =-0.  0.00208
+                                         /R =   8.4861E-01
    16.00 deg.: X-S =   1.0731E+04 mb/sr,                       & pols =-0.  0.00223
+                                         /R =   8.1731E-01
    17.00 deg.: X-S =  7999.907887 mb/sr,                       & pols =-0.  0.00221
+                                         /R =   7.7522E-01
    18.00 deg.: X-S =  5953.124940 mb/sr,                       & pols =-0.  0.00203
+                                         /R =   7.2378E-01
    19.00 deg.: X-S =  4423.479011 mb/sr,                       & pols =-0.  0.00175
+                                         /R =   6.6640E-01
    20.00 deg.: X-S =  3291.270675 mb/sr,                       & pols =-0.  0.00141
+                                         /R =   6.0754E-01
    21.00 deg.: X-S =  2464.346193 mb/sr,                       & pols =-0.  0.00111
+                                         /R =   5.5178E-01
    22.00 deg.: X-S =  1868.932492 mb/sr,                       & pols =-0.  0.00091
+                                         /R =   5.0295E-01
    23.00 deg.: X-S =  1445.373215 mb/sr,                       & pols =-0.  0.00089
+                                         /R =   4.6359E-01
    24.00 deg.: X-S =  1145.925818 mb/sr,                       & pols =-0.  0.00109
+                                         /R =   4.3472E-01
    25.00 deg.: X-S =   933.275597 mb/sr,                       & pols =-0.  0.00147
+                                         /R =   4.1580E-01
    26.00 deg.: X-S =   779.202243 mb/sr,                       & pols =-0.  0.00198
+                                         /R =   4.0507E-01
    27.00 deg.: X-S =   663.220599 mb/sr,                       & pols =-0.  0.00251
+                                         /R =   3.9988E-01
    28.00 deg.: X-S =   571.191283 mb/sr,                       & pols =-0.  0.00300
+                                         /R =   3.9721E-01
    29.00 deg.: X-S =   493.960536 mb/sr,                       & pols =-0.  0.00340
+                                         /R =   3.9412E-01
    30.00 deg.: X-S =   426.098161 mb/sr,                       & pols = 0.  0.00370
+                                         /R =   3.8817E-01
    31.00 deg.: X-S =   364.788346 mb/sr,                       & pols = 0.  0.00392
+                                         /R =   3.7772E-01
    32.00 deg.: X-S =   308.906308 mb/sr,                       & pols = 0.  0.00412
+                                         /R =   3.6200E-01
    33.00 deg.: X-S =   258.292245 mb/sr,                       & pols = 0.  0.00436
+                                         /R =   3.4120E-01
    34.00 deg.: X-S =   213.216288 mb/sr,                       & pols = 0.  0.00473
+                                         /R =   3.1630E-01
    35.00 deg.: X-S =   174.015430 mb/sr,                       & pols = 0.  0.00531
+                                         /R =   2.8886E-01
    36.00 deg.: X-S =   140.875538 mb/sr,                       & pols = 0.  0.00624
+                                         /R =   2.6079E-01
    37.00 deg.: X-S =   113.728003 mb/sr,                       & pols = 0.  0.00762
+                                         /R =   2.3405E-01
    38.00 deg.: X-S =    92.230449 mb/sr,                       & pols = 0.  0.00951
+                                         /R =   2.1037E-01
    39.00 deg.: X-S =    75.803238 mb/sr,                       & pols = 0.  0.01186
+                                         /R =   1.9107E-01
    40.00 deg.: X-S =    63.697511 mb/sr,                       & pols =-0.  0.01443
+                                         /R =   1.7695E-01
    41.00 deg.: X-S =    55.075310 mb/sr,                       & pols =-0.  0.01686
+                                         /R =   1.6819E-01
    42.00 deg.: X-S =    49.087412 mb/sr,                       & pols =-0.  0.01869
+                                         /R =   1.6437E-01
    43.00 deg.: X-S =    44.939338 mb/sr,                       & pols =-0.  0.01962
+                                         /R =   1.6461E-01
    44.00 deg.: X-S =    41.940265 mb/sr,                       & pols = 0.  0.01954
+                                         /R =   1.6767E-01
    45.00 deg.: X-S =    39.533056 mb/sr,                       & pols = 0.  0.01852
+                                         /R =   1.7213E-01
    46.00 deg.: X-S =    37.306289 mb/sr,                       & pols = 0.  0.01674
+                                         /R =   1.7653E-01
    47.00 deg.: X-S =    34.990903 mb/sr,                       & pols = 0.  0.01436
+                                         /R =   1.7959E-01
    48.00 deg.: X-S =    32.445136 mb/sr,                       & pols = 0.  0.01151
+                                         /R =   1.8027E-01
    49.00 deg.: X-S =    29.631740 mb/sr,                       & pols = 0.  0.00826
+                                         /R =   1.7791E-01
    50.00 deg.: X-S =    26.591346 mb/sr,                       & pols = 0.  0.00467
+                                         /R =   1.7221E-01
    51.00 deg.: X-S =    23.415296 mb/sr,                       & pols = 0.  0.00075
+                                         /R =   1.6329E-01
    52.00 deg.: X-S =    20.220580 mb/sr,                       & pols = 0. -0.00349
+                                         /R =   1.5160E-01
    53.00 deg.: X-S =    17.128675 mb/sr,                       & pols = 0. -0.00799
+                                         /R =   1.3784E-01
    54.00 deg.: X-S =    14.249329 mb/sr,                       & pols = 0. -0.01265
+                                         /R =   1.2289E-01
    55.00 deg.: X-S =    11.669592 mb/sr,                       & pols = 0. -0.01722
+                                         /R =   1.0770E-01
    56.00 deg.: X-S =     9.447882 mb/sr,                       & pols = 0. -0.02127
+                                         /R =   9.3176E-02
    57.00 deg.: X-S =     7.612408 mb/sr,                       & pols = 0. -0.02403
+                                         /R =   8.0114E-02
    58.00 deg.: X-S =     6.163073 mb/sr,                       & pols = 0. -0.02447
+                                         /R =   6.9122E-02
    59.00 deg.: X-S =     5.075836 mb/sr,                       & pols = 0. -0.02139
+                                         /R =   6.0589E-02
    60.00 deg.: X-S =     4.308547 mb/sr,                       & pols = 0. -0.01404
+                                         /R =   5.4669E-02
    61.00 deg.: X-S =     3.807339 mb/sr,                       & pols =-0. -0.00277
+                                         /R =   5.1290E-02
    62.00 deg.: X-S =     3.512860 mb/sr,                       & pols =-0.  0.01075
+                                         /R =   5.0182E-02
    63.00 deg.: X-S =     3.365777 mb/sr,                       & pols =-0.  0.02420
+                                         /R =   5.0928E-02
    64.00 deg.: X-S =     3.311211 mb/sr,                       & pols =-0.  0.03573
+                                         /R =   5.3010E-02
    65.00 deg.: X-S =     3.301918 mb/sr,                       & pols = 0.  0.04448
+                                         /R =   5.5868E-02
    66.00 deg.: X-S =     3.300198 mb/sr,                       & pols = 0.  0.05042
+                                         /R =   5.8953E-02
    67.00 deg.: X-S =     3.278640 mb/sr,                       & pols = 0.  0.05393
+                                         /R =   6.1771E-02
    68.00 deg.: X-S =     3.219879 mb/sr,                       & pols = 0.  0.05547
+                                         /R =   6.3917E-02
    69.00 deg.: X-S =     3.115596 mb/sr,                       & pols = 0.  0.05543
+                                         /R =   6.5101E-02
    70.00 deg.: X-S =     2.965008 mb/sr,                       & pols = 0.  0.05408
+                                         /R =   6.5151E-02
    71.00 deg.: X-S =     2.773087 mb/sr,                       & pols = 0.  0.05156
+                                         /R =   6.4020E-02
    72.00 deg.: X-S =     2.548717 mb/sr,                       & pols = 0.  0.04792
+                                         /R =   6.1763E-02
    73.00 deg.: X-S =     2.302940 mb/sr,                       & pols = 0.  0.04312
+                                         /R =   5.8528E-02
    74.00 deg.: X-S =     2.047445 mb/sr,                       & pols = 0.  0.03705
+                                         /R =   5.4525E-02
    75.00 deg.: X-S =     1.793335 mb/sr,                       & pols = 0.  0.02956
+                                         /R =   5.0001E-02
    76.00 deg.: X-S =     1.550245 mb/sr,                       & pols = 0.  0.02049
+                                         /R =   4.5217E-02
    77.00 deg.: X-S =     1.325778 mb/sr,                       & pols = 0.  0.00973
+                                         /R =   4.0421E-02
    78.00 deg.: X-S =     1.125250 mb/sr,                       & pols = 0. -0.00270
+                                         /R =   3.5832E-02
    79.00 deg.: X-S =     0.951686 mb/sr,                       & pols = 0. -0.01655
+                                         /R =   3.1628E-02
    80.00 deg.: X-S =     0.806018 mb/sr,                       & pols = 0. -0.03119
+                                         /R =   2.7935E-02
                                           Integrated********** mb, over [   0.000,  80.000] at    21.0000 MeV 

 CROSS SECTIONS FOR OUTGOING h2       & ca40     in state #   1 with spins & parities 1.0  + &  3.0  -;  0

     0.00 deg.: X-S =    29.300616 mb/sr,                       & pols = 0.  0.00000
+                                         REAC   1.7883E+01 mb
     1.00 deg.: X-S =    29.636947 mb/sr,                       & pols = 0. -0.01028
     2.00 deg.: X-S =    30.597928 mb/sr,                       & pols = 0. -0.01941
     3.00 deg.: X-S =    32.045624 mb/sr,                       & pols = 0. -0.02663
     4.00 deg.: X-S =    33.769687 mb/sr,                       & pols = 0. -0.03171
     5.00 deg.: X-S =    35.513896 mb/sr,                       & pols = 0. -0.03483
     6.00 deg.: X-S =    37.008184 mb/sr,                       & pols = 0. -0.03637
     7.00 deg.: X-S =    38.001893 mb/sr,                       & pols = 0. -0.03670
     8.00 deg.: X-S =    38.293881 mb/sr,                       & pols = 0. -0.03615
     9.00 deg.: X-S =    37.755667 mb/sr,                       & pols = 0. -0.03491
    10.00 deg.: X-S =    36.344805 mb/sr,                       & pols = 0. -0.03309
    11.00 deg.: X-S =    34.107178 mb/sr,                       & pols = 0. -0.03067
    12.00 deg.: X-S =    31.168465 mb/sr,                       & pols = 0. -0.02753
    13.00 deg.: X-S =    27.716540 mb/sr,                       & pols = 0. -0.02339
    14.00 deg.: X-S =    23.977693 mb/sr,                       & pols = 0. -0.01781
    15.00 deg.: X-S =    20.190211 mb/sr,                       & pols = 0. -0.01013
    16.00 deg.: X-S =    16.578856 mb/sr,                       & pols = 0.  0.00065
    17.00 deg.: X-S =    13.333322 mb/sr,                       & pols = 0.  0.01582
    18.00 deg.: X-S =    10.592838 mb/sr,                       & pols = 0.  0.03681
    19.00 deg.: X-S =     8.438015 mb/sr,                       & pols = 0.  0.06437
    20.00 deg.: X-S =     6.889983 mb/sr,                       & pols = 0.  0.09688
    21.00 deg.: X-S =     5.915932 mb/sr,                       & pols = 0.  0.12871
    22.00 deg.: X-S =     5.439583 mb/sr,                       & pols = 0.  0.15167
    23.00 deg.: X-S =     5.354712 mb/sr,                       & pols =-0.  0.16049
    24.00 deg.: X-S =     5.539822 mb/sr,                       & pols = 0.  0.15649
    25.00 deg.: X-S =     5.872214 mb/sr,                       & pols = 0.  0.14488
    26.00 deg.: X-S =     6.240008 mb/sr,                       & pols =-0.  0.13058
    27.00 deg.: X-S =     6.551153 mb/sr,                       & pols = 0.  0.11648
    28.00 deg.: X-S =     6.738911 mb/sr,                       & pols = 0.  0.10384
    29.00 deg.: X-S =     6.763807 mb/sr,                       & pols = 0.  0.09298
    30.00 deg.: X-S =     6.612446 mb/sr,                       & pols = 0.  0.08379
    31.00 deg.: X-S =     6.293873 mb/sr,                       & pols = 0.  0.07602
    32.00 deg.: X-S =     5.834346 mb/sr,                       & pols = 0.  0.06933
    33.00 deg.: X-S =     5.271395 mb/sr,                       & pols = 0.  0.06339
    34.00 deg.: X-S =     4.647942 mb/sr,                       & pols = 0.  0.05784
    35.00 deg.: X-S =     4.007068 mb/sr,                       & pols = 0.  0.05224
    36.00 deg.: X-S =     3.387824 mb/sr,                       & pols = 0.  0.04606
    37.00 deg.: X-S =     2.822250 mb/sr,                       & pols = 0.  0.03864
    38.00 deg.: X-S =     2.333609 mb/sr,                       & pols = 0.  0.02922
    39.00 deg.: X-S =     1.935752 mb/sr,                       & pols = 0.  0.01707
    40.00 deg.: X-S =     1.633411 mb/sr,                       & pols = 0.  0.00199
    41.00 deg.: X-S =     1.423247 mb/sr,                       & pols = 0. -0.01522
    42.00 deg.: X-S =     1.295421 mb/sr,                       & pols = 0. -0.03249
    43.00 deg.: X-S =     1.235481 mb/sr,                       & pols = 0. -0.04724
    44.00 deg.: X-S =     1.226351 mb/sr,                       & pols = 0. -0.05769
    45.00 deg.: X-S =     1.250242 mb/sr,                       & pols = 0. -0.06356
    46.00 deg.: X-S =     1.290313 mb/sr,                       & pols = 0. -0.06560
    47.00 deg.: X-S =     1.331971 mb/sr,                       & pols = 0. -0.06493
    48.00 deg.: X-S =     1.363724 mb/sr,                       & pols = 0. -0.06244
    49.00 deg.: X-S =     1.377603 mb/sr,                       & pols = 0. -0.05873
    50.00 deg.: X-S =     1.369175 mb/sr,                       & pols = 0. -0.05409
    51.00 deg.: X-S =     1.337234 mb/sr,                       & pols = 0. -0.04859
    52.00 deg.: X-S =     1.283274 mb/sr,                       & pols = 0. -0.04218
    53.00 deg.: X-S =     1.210841 mb/sr,                       & pols = 0. -0.03468
    54.00 deg.: X-S =     1.124847 mb/sr,                       & pols = 0. -0.02586
    55.00 deg.: X-S =     1.030918 mb/sr,                       & pols = 0. -0.01549
    56.00 deg.: X-S =     0.934805 mb/sr,                       & pols = 0. -0.00337
    57.00 deg.: X-S =     0.841888 mb/sr,                       & pols = 0.  0.01053
    58.00 deg.: X-S =     0.756790 mb/sr,                       & pols = 0.  0.02593
    59.00 deg.: X-S =     0.683094 mb/sr,                       & pols = 0.  0.04203
    60.00 deg.: X-S =     0.623180 mb/sr,                       & pols = 0.  0.05746
    61.00 deg.: X-S =     0.578174 mb/sr,                       & pols = 0.  0.07040
    62.00 deg.: X-S =     0.548007 mb/sr,                       & pols = 0.  0.07897
    63.00 deg.: X-S =     0.531558 mb/sr,                       & pols = 0.  0.08188
    64.00 deg.: X-S =     0.526879 mb/sr,                       & pols = 0.  0.07887
    65.00 deg.: X-S =     0.531452 mb/sr,                       & pols = 0.  0.07071
    66.00 deg.: X-S =     0.542454 mb/sr,                       & pols = 0.  0.05878
    67.00 deg.: X-S =     0.557011 mb/sr,                       & pols = 0.  0.04455
    68.00 deg.: X-S =     0.572406 mb/sr,                       & pols = 0.  0.02923
    69.00 deg.: X-S =     0.586237 mb/sr,                       & pols = 0.  0.01369
    70.00 deg.: X-S =     0.596526 mb/sr,                       & pols = 0. -0.00157
    71.00 deg.: X-S =     0.601770 mb/sr,                       & pols = 0. -0.01628
    72.00 deg.: X-S =     0.600968 mb/sr,                       & pols = 0. -0.03034
    73.00 deg.: X-S =     0.593603 mb/sr,                       & pols = 0. -0.04371
    74.00 deg.: X-S =     0.579608 mb/sr,                       & pols = 0. -0.05639
    75.00 deg.: X-S =     0.559313 mb/sr,                       & pols = 0. -0.06837
    76.00 deg.: X-S =     0.533382 mb/sr,                       & pols = 0. -0.07959
    77.00 deg.: X-S =     0.502736 mb/sr,                       & pols = 0. -0.08998
    78.00 deg.: X-S =     0.468474 mb/sr,                       & pols = 0. -0.09936
    79.00 deg.: X-S =     0.431791 mb/sr,                       & pols =-0. -0.10752
    80.00 deg.: X-S =     0.393898 mb/sr,                       & pols =-0. -0.11414
                                           Integrated   17.2549 mb, over [   0.000,  80.000] at    21.0000 MeV 
 Finished all xsecs @   0.232452005    

  The following files have been created:
   3:local copy of User input.            6:standard output.                   
  13:total cross sections/state.         16:tables of cross sections.          
  35:Astrophysics S-factors  / Ecm.      39:cross sections for each Ecm.       
  40:all cross sectns. for each Elab.    46:bs wave functions & ANC ratios.    
  56:Fusion for each Jtotal.             58:Single-particle wfns.              
  75:S-factors for lab energies.        201:Separate cross sections.           
 202:Separate cross sections.           

 PARAMETERS : MAXQRN   MFNL   MLOC  LMAX1 MCLIST
    ALLOWED :      4    225     16     50      6
    REQUIRED:      1      0     13     35      4


 ACCURACY ANALYSIS at    21.000 MeV :

  Elastic h*k = 0.016 so OK       compared with 0.200

   Real(S-el) > 0.01 first at J =       1.0
   Real(S-el) > 0.10 first at J =       5.0
   Real(S-el) > 0.50 first at J =       8.0
   Real(S-el) > 0.90 first at J =      10.0
   Real(S-el) > 0.99 first at J =      13.0
   R-turn =    20.33 fm    at J =      30.0

 Forward-angle excitation cut off below   8.519 deg by max JT =      30.0
                              and below   6.434 deg by max R.

 Total CPU  0 time =       0.23 seconds
