 FRESCO - FRES 3.4: Coupled Reaction Channels
 Assuming NAMELIST input.

 39K(3He,d)40Ca 21 MeV DWBA ZR 8113 keV Jpi=1- l=1 n=2 j=1/2                     

   0.010  32.000   0.100   0.100  10.000  -0.300   0.000   0.000   0.000   0.000

 Centre-of-mass Range is   3202 * 0.0100 fm., Maximum at  32.00 fm., Interpolating NL forms every  0.10 fm.
 Non - locality width is    101 * 0.1000 fm., Maximum of  10.00 fm., Centred at -0.20 fm.
 2-Nucleon Separation of      0 * 0.1000 fm., Maximum of   0.00 fm., Minimum at  0.00 fm.
 Maximum single particle bins of 32.0000 fm.
               M,Mint =         3201        3201


 Range of total J is     0.0 <= J <=    30.0 (at least     0.0) and Absorbtion =>    -1.0000 mb.
 Dry Run = F, CC set limits =  0  0, Relativistic kinematics =  , Both/Far/Near Analyses =  1                     

 Cross Sections (and up to T1 for 0=projectile) for Theta from   0.0 to  80.0 in steps of  1.0 degrees, DGAM=0,  Coordinates = 0 (Mads)

 Lower Radial Cutoff = maximum of -1.60*L*h &       0.0 fm.,  Lower Cutoff for Couplings =   0.0  fm.


 Iterate Couplings between   0 and   1 times, to  0.000 % if sooner.                                          
  Block solved exactly =   0 chs., with Pade = 0 & Isocen =  =0, NOSOL = F, initwf =  0
  NL quadrature with   36 Gaussian points, Calculate multipoles up to    36 from   0
  M-transfers for lp+lt greater than or equal to  6, Angular Integration Cutoff below  0.6944 %


 Trace switches are :  CHANS =  1, LISTCC =  0, TRENEG =  0, CDETR =  0, SMATS =  0, XSTABL =  1, NLPL =  0

                       WAVES =  0, LAMPL =  0, VEFF =  0, KFUS =  0, WDISK =  0, BPM =  0, MELFIL =  0

                       CDCC =  0, NFUS =  0

 Using unit mass = 1.000000 amu and 1/fine-structure constant = 137.03599 ( 1.000000 * true ) with hc = 197.32705 MeV.fm,
  thus 2*amu/hbar^2 = 0.0478450 = 1/20.9008 and Coulomb constant = 0.1574855 so e^2 = 1.43997, and nuclear magneton= 0.1261183

 Now pre-scan input and save to file 3

  WARNING: target longitudinal recoil NOT included in the ZR coupling #            1


 *********** PARTITION NUMBER  1 ******************************************************************************************

   PROJ=he3        MASS=  3.0150 Z=   2.0,        # STATES=    1T, TARG=k39      MASS= 38.9530 Z=  19.0,     Q-VALUE =   0.0000 MEV.

     1:  J= 0.5+ (B# 1), E=  0.0000, K= 0.5              Potl#  1       J= 1.5+ (B# 1), E=  0.0000, K= 0.5    


 *********** PARTITION NUMBER  2 ******************************************************************************************

   PROJ=h2         MASS=  2.0140 Z=   1.0,        # STATES=    1T, TARG=ca40     MASS= 39.9630 Z=  20.0,     Q-VALUE =   2.8347 MEV.

     1:  J= 1.0+ (B# 1), E=  0.0000, K= 0.0              Potl#  2       J= 1.0- (B#-1), E=  8.1132, K= 0.0    
0****** WARNING : COMPARED WITH PARTITION  1, THIS PARTITION HAS TOTAL MASS & CHARGE EXCESSES   0.01205 &   0.0000


 ************************************************************************************************************************************

 The following POTENTIALS are defined :

  KP#       TYPE      IT    SHAPE      at     V1        r1        a1        V2        r2        a2        A-in     A-used


                                            A#1       A#2        r0c       ac                                                h @ 1
    1    0=Coulomb       0=CHARGE (WS)  1    38.953     0.000    1.2890    0.0000    0.0000    0.0000     0.000    38.953   0.01000

    1    1=Volume        0=Woods-Saxon  2  117.8810    1.1780    0.7680   -0.6460    1.4150    0.8470     0.000    38.953

    1    2=Surface       0=Woods-Saxon  3    0.0000    0.0000    0.0000   20.6650    1.1980    0.8520     0.000    38.953

    1    3=Projtl S.O.   0=Woods-Saxon  4    2.0830    0.7380    0.9460   -1.1590    0.0000    0.0000     0.000    38.953
   --------------------------------------------------------------------------------------------------------------------

                                            A#1       A#2        r0c       ac                                                h @ 2
    2    0=Coulomb       0=CHARGE (WS)  5    39.963     0.000    1.3030    0.0000    0.0000    0.0000     0.000    39.963   0.01000

    2    1=Volume        0=Woods-Saxon  6   91.1200    1.1500    0.7620    2.2340    1.3340    0.5130     0.000    39.963

    2    2=Surface       0=Woods-Saxon  7    0.0000    0.0000    0.0000   10.2740    1.3780    0.7430     0.000    39.963

    2    3=Projtl S.O.   0=Woods-Saxon  8    3.5570    0.9720    1.0110    0.0000    0.0000    0.0000     0.000    39.963
   --------------------------------------------------------------------------------------------------------------------

                                            A#1       A#2        r0c       ac                                                h @ 0
    3    0=Coulomb       0=CHARGE (WS)  9     3.015     0.000    1.2500    0.0000    0.0000    0.0000     0.000     3.015   0.01000

    3    1=Volume        0=Woods-Saxon 10   50.0000    1.2500    0.6500    0.0000    0.0000    0.0000     0.000     3.015
   --------------------------------------------------------------------------------------------------------------------

                                            A#1       A#2        r0c       ac                                                h @ 0
    4    0=Coulomb       0=CHARGE (WS) 11    38.953     0.000    1.2500    0.0000    0.0000    0.0000     0.000    38.953   0.01000

    4    1=Volume        0=Woods-Saxon 12   50.0000    1.2500    0.6500    0.0000    0.0000    0.0000     0.000    38.953


 ************************************************************************************************************************************

 The following SINGLE-PARTICLE FORM FACTORS are constructed :


 No.   P1 P2 IN KIND T N  L  S1 IA J/S  IB BIND XFER  BE    SC PC FIL AFRAC Adjust  to  Z  Mass   K     Norm    rms      D0     D   ANC/Gsp

 For Channel #  1 with l = 0,  j =  0.5, around core state #  1

   R    Y(R)
   0.00   0.0000E+00,    0.10   5.8280E-02,    0.20   1.1591E-01,    0.30   1.7228E-01,    0.40   2.2679E-01,    0.50   2.7891E-01, 
   0.60   3.2812E-01,    0.70   3.7401E-01,    0.80   4.1621E-01,    0.90   4.5442E-01,    1.00   4.8842E-01,    1.10   5.1808E-01, 
   1.20   5.4332E-01,    1.30   5.6417E-01,    1.40   5.8070E-01,    1.50   5.9306E-01,    1.60   6.0146E-01,    1.70   6.0615E-01, 
   1.80   6.0741E-01,    1.90   6.0557E-01,    2.00   6.0094E-01,    2.10   5.9388E-01,    2.20   5.8471E-01,    2.30   5.7376E-01, 
   2.40   5.6133E-01,    2.50   5.4772E-01,    2.60   5.3317E-01,    2.70   5.1794E-01,    2.80   5.0221E-01,    2.90   4.8618E-01, 
   3.00   4.6999E-01,    3.10   4.5378E-01,    3.20   4.3767E-01,    3.30   4.2173E-01,    3.40   4.0605E-01,    3.50   3.9068E-01, 
   3.60   3.7566E-01,    3.70   3.6103E-01,    3.80   3.4682E-01,    3.90   3.3304E-01,    4.00   3.1970E-01,    4.10   3.0681E-01, 
   4.20   2.9437E-01,    4.30   2.8238E-01,    4.40   2.7083E-01,    4.50   2.5971E-01,    4.60   2.4902E-01,    4.70   2.3874E-01, 
   4.80   2.2887E-01,    4.90   2.1939E-01,    5.00   2.1029E-01,    5.10   2.0156E-01,    5.20   1.9318E-01,    5.30   1.8514E-01, 
   5.40   1.7743E-01,    5.50   1.7004E-01,    5.60   1.6296E-01,    5.70   1.5616E-01,    5.80   1.4965E-01,    5.90   1.4341E-01, 
   6.00   1.3743E-01,    6.10   1.3170E-01,    6.20   1.2620E-01,    6.30   1.2094E-01,    6.40   1.1589E-01,    6.50   1.1106E-01, 
   6.60   1.0643E-01,    6.70   1.0199E-01,    6.80   9.7738E-02,    6.90   9.3663E-02,    7.00   8.9758E-02,    7.10   8.6017E-02, 
   7.20   8.2432E-02,    7.30   7.8996E-02,    7.40   7.5705E-02,    7.50   7.2551E-02,    7.60   6.9529E-02,    7.70   6.6633E-02, 
   7.80   6.3858E-02,    7.90   6.1199E-02,    8.00   5.8651E-02,    8.10   5.6210E-02,    8.20   5.3870E-02,    8.30   5.1628E-02, 
   8.40   4.9480E-02,    8.50   4.7422E-02,    8.60   4.5449E-02,    8.70   4.3559E-02,    8.80   4.1747E-02,    8.90   4.0011E-02, 
   9.00   3.8348E-02,    9.10   3.6753E-02,    9.20   3.5226E-02,    9.30   3.3762E-02,    9.40   3.2358E-02,    9.50   3.1014E-02, 
   9.60   2.9725E-02,    9.70   2.8490E-02,    9.80   2.7307E-02,    9.90   2.6173E-02,   10.00   2.5086E-02,   10.10   2.4044E-02, 
  10.20   2.3046E-02,   10.30   2.2089E-02,   10.40   2.1172E-02,   10.50   2.0293E-02,   10.60   1.9451E-02,   10.70   1.8644E-02, 
  10.80   1.7870E-02,   10.90   1.7128E-02,   11.00   1.6418E-02,   11.10   1.5737E-02,   11.20   1.5084E-02,   11.30   1.4458E-02, 
  11.40   1.3858E-02,   11.50   1.3284E-02,   11.60   1.2733E-02,   11.70   1.2205E-02,   11.80   1.1699E-02,   11.90   1.1214E-02, 
  12.00   1.0749E-02,   12.10   1.0303E-02,   12.20   9.8761E-03,   12.30   9.4667E-03,   12.40   9.0744E-03,   12.50   8.6983E-03, 
  12.60   8.3378E-03,   12.70   7.9923E-03,   12.80   7.6612E-03,   12.90   7.3438E-03,   13.00   7.0395E-03,   13.10   6.7479E-03, 
  13.20   6.4684E-03,   13.30   6.2004E-03,   13.40   5.9436E-03,   13.50   5.6975E-03,   13.60   5.4615E-03,   13.70   5.2353E-03, 
  13.80   5.0185E-03,   13.90   4.8107E-03,   14.00   4.6116E-03,   14.10   4.4206E-03,   14.20   4.2376E-03,   14.30   4.0622E-03, 
  14.40   3.8940E-03,   14.50   3.7329E-03,   14.60   3.5783E-03,   14.70   3.4302E-03,   14.80   3.2883E-03,   14.90   3.1522E-03, 
  15.00   3.0217E-03,   15.10   2.8967E-03,   15.20   2.7768E-03,   15.30   2.6619E-03,   15.40   2.5518E-03,   15.50   2.4462E-03, 
  15.60   2.3450E-03,   15.70   2.2480E-03,   15.80   2.1550E-03,   15.90   2.0659E-03,   16.00   1.9804E-03,   16.10   1.8985E-03, 
  16.20   1.8200E-03,   16.30   1.7447E-03,   16.40   1.6726E-03,   16.50   1.6034E-03,   16.60   1.5371E-03,   16.70   1.4735E-03, 
  16.80   1.4126E-03,   16.90   1.3542E-03,   17.00   1.2982E-03,   17.10   1.2445E-03,   17.20   1.1931E-03,   17.30   1.1438E-03, 
  17.40   1.0965E-03,   17.50   1.0511E-03,   17.60   1.0077E-03,   17.70   9.6604E-04,   17.80   9.2611E-04,   17.90   8.8783E-04, 
  18.00   8.5114E-04,   18.10   8.1596E-04,   18.20   7.8224E-04,   18.30   7.4991E-04,   18.40   7.1892E-04,   18.50   6.8921E-04, 
  18.60   6.6073E-04,   18.70   6.3343E-04,   18.80   6.0725E-04,   18.90   5.8216E-04,   19.00   5.5811E-04,   19.10   5.3505E-04, 
  19.20   5.1295E-04,   19.30   4.9175E-04,   19.40   4.7144E-04,   19.50   4.5196E-04,   19.60   4.3329E-04,   19.70   4.1539E-04, 
  19.80   3.9823E-04,   19.90   3.8179E-04,   20.00   3.6602E-04,   20.10   3.5090E-04,   20.20   3.3640E-04,   20.30   3.2251E-04, 
  20.40   3.0919E-04,   20.50   2.9642E-04,   20.60   2.8418E-04,   20.70   2.7244E-04,   20.80   2.6119E-04,   20.90   2.5041E-04, 
  21.00   2.4007E-04,   21.10   2.3015E-04,   21.20   2.2065E-04,   21.30   2.1154E-04,   21.40   2.0281E-04,   21.50   1.9443E-04, 
  21.60   1.8640E-04,   21.70   1.7871E-04,   21.80   1.7133E-04,   21.90   1.6426E-04,   22.00   1.5748E-04,   22.10   1.5098E-04, 
  22.20   1.4474E-04,   22.30   1.3877E-04,   22.40   1.3304E-04,   22.50   1.2755E-04,   22.60   1.2228E-04,   22.70   1.1724E-04, 
  22.80   1.1240E-04,   22.90   1.0776E-04,   23.00   1.0331E-04,   23.10   9.9046E-05,   23.20   9.4958E-05,   23.30   9.1039E-05, 
  23.40   8.7282E-05,   23.50   8.3680E-05,   23.60   8.0226E-05,   23.70   7.6915E-05,   23.80   7.3741E-05,   23.90   7.0698E-05, 
  24.00   6.7781E-05,   24.10   6.4984E-05,   24.20   6.2303E-05,   24.30   5.9732E-05,   24.40   5.7267E-05,   24.50   5.4904E-05, 
  24.60   5.2639E-05,   24.70   5.0467E-05,   24.80   4.8385E-05,   24.90   4.6389E-05,   25.00   4.4475E-05,   25.10   4.2640E-05, 
  25.20   4.0881E-05,   25.30   3.9194E-05,   25.40   3.7577E-05,   25.50   3.6027E-05,   25.60   3.4541E-05,   25.70   3.3116E-05, 
  25.80   3.1750E-05,   25.90   3.0440E-05,   26.00   2.9184E-05,   26.10   2.7981E-05,   26.20   2.6827E-05,   26.30   2.5720E-05, 
  26.40   2.4659E-05,   26.50   2.3642E-05,   26.60   2.2667E-05,   26.70   2.1732E-05,   26.80   2.0836E-05,   26.90   1.9976E-05, 
  27.00   1.9152E-05,   27.10   1.8363E-05,   27.20   1.7605E-05,   27.30   1.6879E-05,   27.40   1.6183E-05,   27.50   1.5516E-05, 
  27.60   1.4876E-05,   27.70   1.4262E-05,   27.80   1.3674E-05,   27.90   1.3110E-05,   28.00   1.2570E-05,   28.10   1.2051E-05, 
  28.20   1.1554E-05,   28.30   1.1078E-05,   28.40   1.0621E-05,   28.50   1.0183E-05,   28.60   9.7634E-06,   28.70   9.3608E-06, 
  28.80   8.9749E-06,   28.90   8.6048E-06,   29.00   8.2500E-06,   29.10   7.9099E-06,   29.20   7.5838E-06,   29.30   7.2711E-06, 
  29.40   6.9713E-06,   29.50   6.6839E-06,   29.60   6.4084E-06,   29.70   6.1442E-06,   29.80   5.8909E-06,   29.90   5.6480E-06, 
  30.00   5.4152E-06,   30.10   5.1919E-06,   30.20   4.9779E-06,   30.30   4.7727E-06,   30.40   4.5760E-06,   30.50   4.3873E-06, 
  30.60   4.2065E-06,   30.70   4.0331E-06,   30.80   3.8668E-06,   30.90   3.7074E-06,   31.00   3.5546E-06,   31.10   3.4081E-06, 
  31.20   3.2676E-06,   31.30   3.1329E-06,   31.40   3.0038E-06,   31.50   2.8800E-06,   31.60   2.7613E-06,   31.70   2.6475E-06, 
  31.80   2.5384E-06,   31.90   2.4337E-06,   32.00   2.3334E-06, 

 No.   P1 P2 IN KIND T N  L  S1 IA J/S  IB BIND XFER  BE    SC PC FIL AFRAC Adjust  to  Z  Mass   K     Norm    rms      D0     D   ANC/Gsp

    At R=   31.990, ANC in ch  1 is    1.8773    ,   eta,eta*ln(2*rho)+rho =   0.54944E-01    13.592    

    1:  2  1  1  0     1  0 0.5  1 0.5   0   3   0   5.4935  1  1  0 0.0000 VR  0.8879; 1. 1.001 0.4192 1.0000  2.820 -166.8 -173.6  1.8773

 For Channel #  1 with l = 1,  j =  0.5, around core state #  1

   R    Y(R)
   0.00  -0.0000E+00,    0.10   3.3321E-03,    0.20   1.3237E-02,    0.30   2.9447E-02,    0.40   5.1522E-02,    0.50   7.8859E-02, 
   0.60   1.1071E-01,    0.70   1.4620E-01,    0.80   1.8435E-01,    0.90   2.2409E-01,    1.00   2.6431E-01,    1.10   3.0384E-01, 
   1.20   3.4154E-01,    1.30   3.7629E-01,    1.40   4.0703E-01,    1.50   4.3278E-01,    1.60   4.5266E-01,    1.70   4.6593E-01, 
   1.80   4.7203E-01,    1.90   4.7051E-01,    2.00   4.6115E-01,    2.10   4.4389E-01,    2.20   4.1886E-01,    2.30   3.8639E-01, 
   2.40   3.4697E-01,    2.50   3.0127E-01,    2.60   2.5007E-01,    2.70   1.9433E-01,    2.80   1.3505E-01,    2.90   7.3330E-02, 
   3.00   1.0299E-02,    3.10  -5.2916E-02,    3.20  -1.1522E-01,    3.30  -1.7557E-01,    3.40  -2.3303E-01,    3.50  -2.8677E-01, 
   3.60  -3.3610E-01,    3.70  -3.8048E-01,    3.80  -4.1953E-01,    3.90  -4.5302E-01,    4.00  -4.8088E-01,    4.10  -5.0319E-01, 
   4.20  -5.2013E-01,    4.30  -5.3200E-01,    4.40  -5.3919E-01,    4.50  -5.4211E-01,    4.60  -5.4124E-01,    4.70  -5.3707E-01, 
   4.80  -5.3008E-01,    4.90  -5.2074E-01,    5.00  -5.0947E-01,    5.10  -4.9668E-01,    5.20  -4.8273E-01,    5.30  -4.6793E-01, 
   5.40  -4.5256E-01,    5.50  -4.3686E-01,    5.60  -4.2100E-01,    5.70  -4.0517E-01,    5.80  -3.8949E-01,    5.90  -3.7405E-01, 
   6.00  -3.5895E-01,    6.10  -3.4425E-01,    6.20  -3.2998E-01,    6.30  -3.1619E-01,    6.40  -3.0288E-01,    6.50  -2.9007E-01, 
   6.60  -2.7777E-01,    6.70  -2.6598E-01,    6.80  -2.5467E-01,    6.90  -2.4386E-01,    7.00  -2.3352E-01,    7.10  -2.2363E-01, 
   7.20  -2.1419E-01,    7.30  -2.0518E-01,    7.40  -1.9657E-01,    7.50  -1.8836E-01,    7.60  -1.8053E-01,    7.70  -1.7305E-01, 
   7.80  -1.6592E-01,    7.90  -1.5912E-01,    8.00  -1.5262E-01,    8.10  -1.4642E-01,    8.20  -1.4051E-01,    8.30  -1.3486E-01, 
   8.40  -1.2946E-01,    8.50  -1.2431E-01,    8.60  -1.1939E-01,    8.70  -1.1469E-01,    8.80  -1.1020E-01,    8.90  -1.0591E-01, 
   9.00  -1.0180E-01,    9.10  -9.7879E-02,    9.20  -9.4124E-02,    9.30  -9.0532E-02,    9.40  -8.7095E-02,    9.50  -8.3804E-02, 
   9.60  -8.0654E-02,    9.70  -7.7637E-02,    9.80  -7.4747E-02,    9.90  -7.1978E-02,   10.00  -6.9324E-02,   10.10  -6.6781E-02, 
  10.20  -6.4342E-02,   10.30  -6.2004E-02,   10.40  -5.9760E-02,   10.50  -5.7608E-02,   10.60  -5.5543E-02,   10.70  -5.3561E-02, 
  10.80  -5.1658E-02,   10.90  -4.9830E-02,   11.00  -4.8075E-02,   11.10  -4.6389E-02,   11.20  -4.4770E-02,   11.30  -4.3213E-02, 
  11.40  -4.1717E-02,   11.50  -4.0278E-02,   11.60  -3.8895E-02,   11.70  -3.7565E-02,   11.80  -3.6285E-02,   11.90  -3.5054E-02, 
  12.00  -3.3869E-02,   12.10  -3.2729E-02,   12.20  -3.1632E-02,   12.30  -3.0575E-02,   12.40  -2.9558E-02,   12.50  -2.8578E-02, 
  12.60  -2.7634E-02,   12.70  -2.6725E-02,   12.80  -2.5849E-02,   12.90  -2.5005E-02,   13.00  -2.4191E-02,   13.10  -2.3406E-02, 
  13.20  -2.2650E-02,   13.30  -2.1921E-02,   13.40  -2.1217E-02,   13.50  -2.0539E-02,   13.60  -1.9884E-02,   13.70  -1.9253E-02, 
  13.80  -1.8643E-02,   13.90  -1.8055E-02,   14.00  -1.7487E-02,   14.10  -1.6939E-02,   14.20  -1.6410E-02,   14.30  -1.5899E-02, 
  14.40  -1.5406E-02,   14.50  -1.4929E-02,   14.60  -1.4468E-02,   14.70  -1.4024E-02,   14.80  -1.3594E-02,   14.90  -1.3178E-02, 
  15.00  -1.2777E-02,   15.10  -1.2389E-02,   15.20  -1.2014E-02,   15.30  -1.1651E-02,   15.40  -1.1300E-02,   15.50  -1.0961E-02, 
  15.60  -1.0633E-02,   15.70  -1.0316E-02,   15.80  -1.0009E-02,   15.90  -9.7121E-03,   16.00  -9.4248E-03,   16.10  -9.1468E-03, 
  16.20  -8.8777E-03,   16.30  -8.6173E-03,   16.40  -8.3652E-03,   16.50  -8.1211E-03,   16.60  -7.8848E-03,   16.70  -7.6561E-03, 
  16.80  -7.4345E-03,   16.90  -7.2199E-03,   17.00  -7.0121E-03,   17.10  -6.8107E-03,   17.20  -6.6157E-03,   17.30  -6.4267E-03, 
  17.40  -6.2437E-03,   17.50  -6.0662E-03,   17.60  -5.8943E-03,   17.70  -5.7276E-03,   17.80  -5.5661E-03,   17.90  -5.4095E-03, 
  18.00  -5.2577E-03,   18.10  -5.1105E-03,   18.20  -4.9678E-03,   18.30  -4.8294E-03,   18.40  -4.6952E-03,   18.50  -4.5650E-03, 
  18.60  -4.4388E-03,   18.70  -4.3163E-03,   18.80  -4.1975E-03,   18.90  -4.0822E-03,   19.00  -3.9703E-03,   19.10  -3.8618E-03, 
  19.20  -3.7564E-03,   19.30  -3.6542E-03,   19.40  -3.5550E-03,   19.50  -3.4587E-03,   19.60  -3.3652E-03,   19.70  -3.2744E-03, 
  19.80  -3.1863E-03,   19.90  -3.1008E-03,   20.00  -3.0177E-03,   20.10  -2.9370E-03,   20.20  -2.8587E-03,   20.30  -2.7826E-03, 
  20.40  -2.7086E-03,   20.50  -2.6368E-03,   20.60  -2.5671E-03,   20.70  -2.4993E-03,   20.80  -2.4335E-03,   20.90  -2.3695E-03, 
  21.00  -2.3074E-03,   21.10  -2.2470E-03,   21.20  -2.1883E-03,   21.30  -2.1312E-03,   21.40  -2.0757E-03,   21.50  -2.0218E-03, 
  21.60  -1.9694E-03,   21.70  -1.9185E-03,   21.80  -1.8690E-03,   21.90  -1.8208E-03,   22.00  -1.7740E-03,   22.10  -1.7285E-03, 
  22.20  -1.6842E-03,   22.30  -1.6411E-03,   22.40  -1.5993E-03,   22.50  -1.5585E-03,   22.60  -1.5189E-03,   22.70  -1.4804E-03, 
  22.80  -1.4429E-03,   22.90  -1.4064E-03,   23.00  -1.3709E-03,   23.10  -1.3364E-03,   23.20  -1.3028E-03,   23.30  -1.2701E-03, 
  23.40  -1.2383E-03,   23.50  -1.2073E-03,   23.60  -1.1772E-03,   23.70  -1.1479E-03,   23.80  -1.1193E-03,   23.90  -1.0915E-03, 
  24.00  -1.0645E-03,   24.10  -1.0382E-03,   24.20  -1.0125E-03,   24.30  -9.8756E-04,   24.40  -9.6326E-04,   24.50  -9.3959E-04, 
  24.60  -9.1655E-04,   24.70  -8.9411E-04,   24.80  -8.7225E-04,   24.90  -8.5097E-04,   25.00  -8.3024E-04,   25.10  -8.1005E-04, 
  25.20  -7.9038E-04,   25.30  -7.7122E-04,   25.40  -7.5255E-04,   25.50  -7.3437E-04,   25.60  -7.1666E-04,   25.70  -6.9940E-04, 
  25.80  -6.8258E-04,   25.90  -6.6620E-04,   26.00  -6.5023E-04,   26.10  -6.3467E-04,   26.20  -6.1951E-04,   26.30  -6.0473E-04, 
  26.40  -5.9033E-04,   26.50  -5.7629E-04,   26.60  -5.6261E-04,   26.70  -5.4927E-04,   26.80  -5.3627E-04,   26.90  -5.2360E-04, 
  27.00  -5.1124E-04,   27.10  -4.9919E-04,   27.20  -4.8745E-04,   27.30  -4.7600E-04,   27.40  -4.6484E-04,   27.50  -4.5395E-04, 
  27.60  -4.4333E-04,   27.70  -4.3298E-04,   27.80  -4.2289E-04,   27.90  -4.1304E-04,   28.00  -4.0344E-04,   28.10  -3.9407E-04, 
  28.20  -3.8494E-04,   28.30  -3.7603E-04,   28.40  -3.6734E-04,   28.50  -3.5886E-04,   28.60  -3.5059E-04,   28.70  -3.4252E-04, 
  28.80  -3.3464E-04,   28.90  -3.2696E-04,   29.00  -3.1947E-04,   29.10  -3.1216E-04,   29.20  -3.0502E-04,   29.30  -2.9806E-04, 
  29.40  -2.9127E-04,   29.50  -2.8464E-04,   29.60  -2.7817E-04,   29.70  -2.7186E-04,   29.80  -2.6569E-04,   29.90  -2.5968E-04, 
  30.00  -2.5381E-04,   30.10  -2.4808E-04,   30.20  -2.4248E-04,   30.30  -2.3702E-04,   30.40  -2.3169E-04,   30.50  -2.2649E-04, 
  30.60  -2.2141E-04,   30.70  -2.1645E-04,   30.80  -2.1161E-04,   30.90  -2.0688E-04,   31.00  -2.0226E-04,   31.10  -1.9776E-04, 
  31.20  -1.9336E-04,   31.30  -1.8906E-04,   31.40  -1.8486E-04,   31.50  -1.8076E-04,   31.60  -1.7676E-04,   31.70  -1.7285E-04, 
  31.80  -1.6903E-04,   31.90  -1.6530E-04,   32.00  -1.6166E-04, 

 No.   P1 P2 IN KIND T N  L  S1 IA J/S  IB BIND XFER  BE    SC PC FIL AFRAC Adjust  to  Z  Mass   K     Norm    rms      D0     D   ANC/Gsp

    At R=   31.990, ANC in ch  2 is   -30319.    ,   eta,eta*ln(2*rho)+rho =    6.4014        15.143    

    2:  1  2  2  0     2  1 0.5  1 0.5   0   4   0   0.2151  1  1  0 0.0000 VR  1.1607; 1. 1.010 0.1007 1.0000  4.683   13.7   -7.1 -3.03E+04

 ************************************************************************************************************************************

 TWO-way COUPLING # 1 for partitions  2 <-  1 of KIND  5,   0  0  0 -1 -1 & P1,P2 = -172.8000   0.0000 : for J <=    30.5 & R <  32.0 fm.


 data =  1  1  1  1  1.0000,  so  < [he3      #  1] / [h2       #  1]  * Eigen-form #  1>  =   1.0000            BE =  5.494     1

 data =  2  1  1  2  1.0000,  so  < [ca40     #  1] / [k39      #  1]  * Eigen-form #  2>  =   1.0000            BE =  0.215     2
 KNT =   2, KNP =   1: NK,NG,loc=   1   1   1  13  T  T  F

     So ZERO-RANGE TRANSFER, with D0 =  -172.800 and finite-range effective radius   0.0000 fm.

   2  1  1 13     5.494  -172.800  -172.800     1.001     0.669     0.000     0.010

 Incoming partition  1 in excitation state # 1,   Laboratory Energy given for partition  1 Nucleus 1 in Excitation pair 1

0Lab. ENERGY ranges :

   from    21.0000     to   21.0000     in     0 intervals
   from    21.0000     to   0.00000     in     0 intervals
   from    0.00000     to   0.00000     in     0 intervals

 Largest real,imaginary parts of any form factor at R=   31.90 are   4.51E-02  5.33E-13 MeV
 Finished all Couplings @    7.70649984E-02          13

 Symmetric Hamiltonian
1***********************************************************************************************************************************
************************************************************************************************************************************

        INCOMING he3      ;    LABORATORY he3      ENERGY =   21.000     MeV.

 ***********************************************************************************************************************************
 ***********************************************************************************************************************************

 Allocate arrays for            2  channels, of which            2  need wfs.

 Total SPIN, PARITY =     0.0 +,      2 chs,      0 cc.  Rmin & Coul turning =    0.0    2.8


    C Projectl Target   #   EX.   (L  Proj) J  + Targ = Jtotal     E-cm      Re K     Re Eta     RM*K            CH
    1 he3      k39      #    1: I   2 0.5    1.5  1.5     0.0    19.49135   1.61545   2.26756   51.6945  -0.17799  -0.47998 1 1 1   1
    2 h2       ca40     #    1:     1 1.0    1.0  1.0     0.0    14.21285   1.14186   1.15687   36.5395   0.35941   0.35964 2 1 2   1
 Allocate arrays for            3  channels, of which            3  need wfs.
 Allocate arrays for            7  channels, of which            7  need wfs.
 Allocate arrays for            8  channels, of which            8  need wfs.
 Allocate arrays for            9  channels, of which            9  need wfs.
 Reaction Xsec    27.0+/26 @ 1 =   0.778/, Out:   0.000#   0.014#   0.001f
 Reaction Xsec    27.0+/26 @ 2 =   0.766/, Out:   0.000#   0.498#   0.001f
 Reaction Xsec    27.0+/28 @ 3 =   0.194/, Out:   0.000#   0.228#   0.000f
 Reaction Xsec    27.0+/28 @ 4 =   0.191/, Out:   0.000#   0.683#   0.000f
 Reaction Xsec    27.0-/25 @ 1 =   1.534/, Out:   0.000#   0.015#   0.002f
 Reaction Xsec    27.0-/27 @ 2 =   0.389/, Out:   0.000#   0.156#   0.000f
 Reaction Xsec    27.0-/27 @ 3 =   0.382/, Out:   0.000#   0.622#   0.000f
 Reaction Xsec    27.0-/29 @ 4 =   0.097/, Out:   0.000#   0.171#   0.000f
 Reaction Xsec    28.0+/26 @ 1 =   0.794/, Out:   0.000#   0.007#   0.001f
 Reaction Xsec    28.0+/28 @ 2 =   0.202/, Out:   0.000#   0.121#   0.000f
 Reaction Xsec    28.0+/28 @ 3 =   0.198/, Out:   0.000#   0.480#   0.000f
 Reaction Xsec    28.0+/30 @ 4 =   0.050/, Out:   0.000#   0.087#   0.000f
 Reaction Xsec    28.0-/27 @ 1 =   0.403/, Out:   0.000#   0.000#   0.000f
 Reaction Xsec    28.0-/27 @ 2 =   0.396/, Out:   0.000#   0.328#   0.000f
 Reaction Xsec    28.0-/29 @ 3 =   0.101/, Out:   0.000#   0.123#   0.000f
 Reaction Xsec    28.0-/29 @ 4 =   0.099/, Out:   0.000#   0.361#   0.000f
 Reaction Xsec    29.0+/28 @ 1 =   0.209/, Out:   0.000#   0.002#   0.000f
 Reaction Xsec    29.0+/28 @ 2 =   0.205/, Out:   0.000#   0.253#   0.000f
 Reaction Xsec    29.0+/30 @ 3 =   0.052/, Out:   0.000#   0.062#   0.000f
 Reaction Xsec    29.0+/30 @ 4 =   0.051/, Out:   0.000#   0.182#   0.000f
 Reaction Xsec    29.0-/27 @ 1 =   0.410/, Out:   0.000#   0.000#   0.000f
 Reaction Xsec    29.0-/29 @ 2 =   0.104/, Out:   0.000#   0.068#   0.000f
 Reaction Xsec    29.0-/29 @ 3 =   0.102/, Out:   0.000#   0.254#   0.000f
 Reaction Xsec    29.0-/31 @ 4 =   0.026/, Out:   0.000#   0.101#   0.000f
 Reaction Xsec    30.0+/28 @ 1 =   0.212/, Out:   0.000#   0.001#   0.000f
 Reaction Xsec    30.0+/30 @ 2 =   0.054/, Out:   0.000#   0.035#   0.000f
 Reaction Xsec    30.0+/30 @ 3 =   0.053/, Out:   0.000#   0.128#   0.000f
 Reaction Xsec    30.0+/32 @ 4 =   0.013/, Out:   0.000#   0.140#   0.000f
 Reaction Xsec    30.0-/29 @ 1 =   0.108/, Out:   0.000#   0.008#   0.000f
 Reaction Xsec    30.0-/29 @ 2 =   0.105/, Out:   0.000#   0.136#   0.000f
 Reaction Xsec    30.0-/31 @ 3 =   0.027/, Out:   0.000#   0.108#   0.000f
 Reaction Xsec    30.0-/31 @ 4 =   0.026/, Out:   0.000#   0.213#   0.000f
 Finished all CC sets @   0.237831995    
0CUMULATIVE REACTION cross section                 = 1423.29090  <L> =     7.34  <L**2> =     63.8
0CUMULATIVE outgoing cross sections in partition 1 :    0.00000
0CUMULATIVE outgoing cross sections in partition 2 :    7.58985
0Cumulative ABSORBTION by Imaginary Potentials     = 1415.70105  <L> =     7.33  <L**2> =     63.7
   Fusion for specific he3      M-states : 1421.732673 1421.732673
0CUMULATIVE OUTGOING cross section                 =    7.58985
 To convert to S-factors (MeV.mb = keV.b),  multiply by  3.0022E+07


 CROSS SECTIONS FOR OUTGOING he3      & k39      in state #   1 with spins & parities 0.5  + &  1.5  +;  0

     0.01 deg.: X-S =   8.4933E+16 mb/sr,                       & pols =-0. -0.00000
+                                         /R =   1.0000E+00
     1.00 deg.: X-S =   8.4909E+08 mb/sr,                       & pols = 0.  0.00000
+                                         /R =   9.9967E-01
     2.00 deg.: X-S =   5.3169E+07 mb/sr,                       & pols =-0. -0.00001
+                                         /R =   1.0014E+00
     3.00 deg.: X-S =   1.0282E+07 mb/sr,                       & pols = 0.  0.00002
+                                         /R =   9.8014E-01
     4.00 deg.: X-S =   3.2994E+06 mb/sr,                       & pols =-0.  0.00011
+                                         /R =   9.9366E-01
     5.00 deg.: X-S =   1.4097E+06 mb/sr,                       & pols =-0.  0.00006
+                                         /R =   1.0360E+00
     6.00 deg.: X-S =   7.0157E+05 mb/sr,                       & pols =-0. -0.00016
+                                         /R =   1.0686E+00
     7.00 deg.: X-S =   3.7943E+05 mb/sr,                       & pols = 0. -0.00046
+                                         /R =   1.0700E+00
     8.00 deg.: X-S =   2.1688E+05 mb/sr,                       & pols = 0. -0.00069
+                                         /R =   1.0426E+00
     9.00 deg.: X-S =   1.3008E+05 mb/sr,                       & pols = 0. -0.00074
+                                         /R =   1.0007E+00
    10.00 deg.: X-S =   8.1861E+04 mb/sr,                       & pols = 0. -0.00053
+                                         /R =   9.5895E-01
    11.00 deg.: X-S =   5.4042E+04 mb/sr,                       & pols = 0. -0.00006
+                                         /R =   9.2588E-01
    12.00 deg.: X-S =   3.7257E+04 mb/sr,                       & pols =-0.  0.00056
+                                         /R =   9.0298E-01
    13.00 deg.: X-S =   2.6590E+04 mb/sr,                       & pols =-0.  0.00119
+                                         /R =   8.8652E-01
    14.00 deg.: X-S =   1.9435E+04 mb/sr,                       & pols =-0.  0.00172
+                                         /R =   8.7037E-01
    15.00 deg.: X-S =   1.4401E+04 mb/sr,                       & pols =-0.  0.00208
+                                         /R =   8.4861E-01
    16.00 deg.: X-S =   1.0731E+04 mb/sr,                       & pols =-0.  0.00223
+                                         /R =   8.1731E-01
    17.00 deg.: X-S =  7999.907883 mb/sr,                       & pols = 0.  0.00221
+                                         /R =   7.7522E-01
    18.00 deg.: X-S =  5953.124937 mb/sr,                       & pols = 0.  0.00203
+                                         /R =   7.2378E-01
    19.00 deg.: X-S =  4423.479009 mb/sr,                       & pols = 0.  0.00175
+                                         /R =   6.6640E-01
    20.00 deg.: X-S =  3291.270673 mb/sr,                       & pols =-0.  0.00141
+                                         /R =   6.0754E-01
    21.00 deg.: X-S =  2464.346191 mb/sr,                       & pols =-0.  0.00111
+                                         /R =   5.5178E-01
    22.00 deg.: X-S =  1868.932491 mb/sr,                       & pols =-0.  0.00091
+                                         /R =   5.0295E-01
    23.00 deg.: X-S =  1445.373214 mb/sr,                       & pols =-0.  0.00089
+                                         /R =   4.6359E-01
    24.00 deg.: X-S =  1145.925818 mb/sr,                       & pols =-0.  0.00109
+                                         /R =   4.3472E-01
    25.00 deg.: X-S =   933.275597 mb/sr,                       & pols =-0.  0.00147
+                                         /R =   4.1580E-01
    26.00 deg.: X-S =   779.202243 mb/sr,                       & pols =-0.  0.00198
+                                         /R =   4.0507E-01
    27.00 deg.: X-S =   663.220599 mb/sr,                       & pols =-0.  0.00251
+                                         /R =   3.9988E-01
    28.00 deg.: X-S =   571.191283 mb/sr,                       & pols =-0.  0.00300
+                                         /R =   3.9721E-01
    29.00 deg.: X-S =   493.960536 mb/sr,                       & pols =-0.  0.00340
+                                         /R =   3.9412E-01
    30.00 deg.: X-S =   426.098161 mb/sr,                       & pols = 0.  0.00370
+                                         /R =   3.8817E-01
    31.00 deg.: X-S =   364.788346 mb/sr,                       & pols = 0.  0.00392
+                                         /R =   3.7772E-01
    32.00 deg.: X-S =   308.906308 mb/sr,                       & pols = 0.  0.00412
+                                         /R =   3.6200E-01
    33.00 deg.: X-S =   258.292245 mb/sr,                       & pols = 0.  0.00436
+                                         /R =   3.4120E-01
    34.00 deg.: X-S =   213.216288 mb/sr,                       & pols = 0.  0.00473
+                                         /R =   3.1630E-01
    35.00 deg.: X-S =   174.015430 mb/sr,                       & pols = 0.  0.00531
+                                         /R =   2.8886E-01
    36.00 deg.: X-S =   140.875538 mb/sr,                       & pols = 0.  0.00624
+                                         /R =   2.6079E-01
    37.00 deg.: X-S =   113.728003 mb/sr,                       & pols =-0.  0.00762
+                                         /R =   2.3405E-01
    38.00 deg.: X-S =    92.230449 mb/sr,                       & pols = 0.  0.00951
+                                         /R =   2.1037E-01
    39.00 deg.: X-S =    75.803238 mb/sr,                       & pols = 0.  0.01186
+                                         /R =   1.9107E-01
    40.00 deg.: X-S =    63.697511 mb/sr,                       & pols =-0.  0.01443
+                                         /R =   1.7695E-01
    41.00 deg.: X-S =    55.075310 mb/sr,                       & pols =-0.  0.01686
+                                         /R =   1.6819E-01
    42.00 deg.: X-S =    49.087412 mb/sr,                       & pols =-0.  0.01869
+                                         /R =   1.6437E-01
    43.00 deg.: X-S =    44.939338 mb/sr,                       & pols = 0.  0.01962
+                                         /R =   1.6461E-01
    44.00 deg.: X-S =    41.940265 mb/sr,                       & pols = 0.  0.01954
+                                         /R =   1.6767E-01
    45.00 deg.: X-S =    39.533056 mb/sr,                       & pols = 0.  0.01852
+                                         /R =   1.7213E-01
    46.00 deg.: X-S =    37.306289 mb/sr,                       & pols = 0.  0.01674
+                                         /R =   1.7653E-01
    47.00 deg.: X-S =    34.990903 mb/sr,                       & pols = 0.  0.01436
+                                         /R =   1.7959E-01
    48.00 deg.: X-S =    32.445136 mb/sr,                       & pols = 0.  0.01151
+                                         /R =   1.8027E-01
    49.00 deg.: X-S =    29.631740 mb/sr,                       & pols = 0.  0.00826
+                                         /R =   1.7791E-01
    50.00 deg.: X-S =    26.591346 mb/sr,                       & pols = 0.  0.00467
+                                         /R =   1.7221E-01
    51.00 deg.: X-S =    23.415296 mb/sr,                       & pols = 0.  0.00075
+                                         /R =   1.6329E-01
    52.00 deg.: X-S =    20.220580 mb/sr,                       & pols = 0. -0.00349
+                                         /R =   1.5160E-01
    53.00 deg.: X-S =    17.128675 mb/sr,                       & pols = 0. -0.00799
+                                         /R =   1.3784E-01
    54.00 deg.: X-S =    14.249329 mb/sr,                       & pols = 0. -0.01265
+                                         /R =   1.2289E-01
    55.00 deg.: X-S =    11.669592 mb/sr,                       & pols = 0. -0.01722
+                                         /R =   1.0770E-01
    56.00 deg.: X-S =     9.447882 mb/sr,                       & pols = 0. -0.02127
+                                         /R =   9.3176E-02
    57.00 deg.: X-S =     7.612408 mb/sr,                       & pols = 0. -0.02403
+                                         /R =   8.0114E-02
    58.00 deg.: X-S =     6.163073 mb/sr,                       & pols = 0. -0.02447
+                                         /R =   6.9122E-02
    59.00 deg.: X-S =     5.075836 mb/sr,                       & pols = 0. -0.02139
+                                         /R =   6.0589E-02
    60.00 deg.: X-S =     4.308547 mb/sr,                       & pols = 0. -0.01404
+                                         /R =   5.4669E-02
    61.00 deg.: X-S =     3.807339 mb/sr,                       & pols = 0. -0.00277
+                                         /R =   5.1290E-02
    62.00 deg.: X-S =     3.512860 mb/sr,                       & pols = 0.  0.01075
+                                         /R =   5.0182E-02
    63.00 deg.: X-S =     3.365777 mb/sr,                       & pols =-0.  0.02420
+                                         /R =   5.0928E-02
    64.00 deg.: X-S =     3.311211 mb/sr,                       & pols = 0.  0.03573
+                                         /R =   5.3010E-02
    65.00 deg.: X-S =     3.301918 mb/sr,                       & pols = 0.  0.04448
+                                         /R =   5.5868E-02
    66.00 deg.: X-S =     3.300198 mb/sr,                       & pols = 0.  0.05042
+                                         /R =   5.8953E-02
    67.00 deg.: X-S =     3.278640 mb/sr,                       & pols = 0.  0.05393
+                                         /R =   6.1771E-02
    68.00 deg.: X-S =     3.219879 mb/sr,                       & pols = 0.  0.05547
+                                         /R =   6.3917E-02
    69.00 deg.: X-S =     3.115596 mb/sr,                       & pols = 0.  0.05543
+                                         /R =   6.5101E-02
    70.00 deg.: X-S =     2.965008 mb/sr,                       & pols = 0.  0.05408
+                                         /R =   6.5151E-02
    71.00 deg.: X-S =     2.773087 mb/sr,                       & pols = 0.  0.05156
+                                         /R =   6.4020E-02
    72.00 deg.: X-S =     2.548717 mb/sr,                       & pols = 0.  0.04792
+                                         /R =   6.1763E-02
    73.00 deg.: X-S =     2.302940 mb/sr,                       & pols = 0.  0.04312
+                                         /R =   5.8528E-02
    74.00 deg.: X-S =     2.047445 mb/sr,                       & pols = 0.  0.03705
+                                         /R =   5.4525E-02
    75.00 deg.: X-S =     1.793335 mb/sr,                       & pols = 0.  0.02956
+                                         /R =   5.0001E-02
    76.00 deg.: X-S =     1.550245 mb/sr,                       & pols = 0.  0.02049
+                                         /R =   4.5217E-02
    77.00 deg.: X-S =     1.325778 mb/sr,                       & pols = 0.  0.00973
+                                         /R =   4.0421E-02
    78.00 deg.: X-S =     1.125250 mb/sr,                       & pols = 0. -0.00270
+                                         /R =   3.5832E-02
    79.00 deg.: X-S =     0.951686 mb/sr,                       & pols = 0. -0.01655
+                                         /R =   3.1628E-02
    80.00 deg.: X-S =     0.806018 mb/sr,                       & pols = 0. -0.03119
+                                         /R =   2.7935E-02
                                           Integrated********** mb, over [   0.000,  80.000] at    21.0000 MeV 

 CROSS SECTIONS FOR OUTGOING h2       & ca40     in state #   1 with spins & parities 1.0  + &  1.0  -;  0

     0.00 deg.: X-S =    17.272802 mb/sr,                       & pols =-0.  0.00000
+                                         REAC   7.5898E+00 mb
     1.00 deg.: X-S =    17.254977 mb/sr,                       & pols =-0.  0.00920
     2.00 deg.: X-S =    17.195530 mb/sr,                       & pols =-0.  0.01793
     3.00 deg.: X-S =    17.077587 mb/sr,                       & pols =-0.  0.02578
     4.00 deg.: X-S =    16.876352 mb/sr,                       & pols =-0.  0.03242
     5.00 deg.: X-S =    16.563535 mb/sr,                       & pols =-0.  0.03763
     6.00 deg.: X-S =    16.112536 mb/sr,                       & pols =-0.  0.04126
     7.00 deg.: X-S =    15.503560 mb/sr,                       & pols =-0.  0.04322
     8.00 deg.: X-S =    14.727863 mb/sr,                       & pols =-0.  0.04341
     9.00 deg.: X-S =    13.790483 mb/sr,                       & pols =-0.  0.04169
    10.00 deg.: X-S =    12.711073 mb/sr,                       & pols =-0.  0.03789
    11.00 deg.: X-S =    11.522744 mb/sr,                       & pols =-0.  0.03169
    12.00 deg.: X-S =    10.269164 mb/sr,                       & pols =-0.  0.02269
    13.00 deg.: X-S =     9.000385 mb/sr,                       & pols =-0.  0.01035
    14.00 deg.: X-S =     7.768021 mb/sr,                       & pols =-0. -0.00596
    15.00 deg.: X-S =     6.620434 mb/sr,                       & pols =-0. -0.02683
    16.00 deg.: X-S =     5.598500 mb/sr,                       & pols =-0. -0.05252
    17.00 deg.: X-S =     4.732407 mb/sr,                       & pols =-0. -0.08249
    18.00 deg.: X-S =     4.039715 mb/sr,                       & pols =-0. -0.11471
    19.00 deg.: X-S =     3.524779 mb/sr,                       & pols =-0. -0.14514
    20.00 deg.: X-S =     3.179438 mb/sr,                       & pols =-0. -0.16843
    21.00 deg.: X-S =     2.984781 mb/sr,                       & pols =-0. -0.17998
    22.00 deg.: X-S =     2.913722 mb/sr,                       & pols =-0. -0.17849
    23.00 deg.: X-S =     2.934055 mb/sr,                       & pols =-0. -0.16645
    24.00 deg.: X-S =     3.011673 mb/sr,                       & pols =-0. -0.14832
    25.00 deg.: X-S =     3.113607 mb/sr,                       & pols =-0. -0.12837
    26.00 deg.: X-S =     3.210627 mb/sr,                       & pols =-0. -0.10950
    27.00 deg.: X-S =     3.279186 mb/sr,                       & pols =-0. -0.09329
    28.00 deg.: X-S =     3.302572 mb/sr,                       & pols =-0. -0.08035
    29.00 deg.: X-S =     3.271269 mb/sr,                       & pols =-0. -0.07081
    30.00 deg.: X-S =     3.182572 mb/sr,                       & pols =-0. -0.06454
    31.00 deg.: X-S =     3.039636 mb/sr,                       & pols =-0. -0.06136
    32.00 deg.: X-S =     2.850140 mb/sr,                       & pols =-0. -0.06106
    33.00 deg.: X-S =     2.624780 mb/sr,                       & pols =-0. -0.06346
    34.00 deg.: X-S =     2.375789 mb/sr,                       & pols =-0. -0.06839
    35.00 deg.: X-S =     2.115612 mb/sr,                       & pols =-0. -0.07568
    36.00 deg.: X-S =     1.855844 mb/sr,                       & pols =-0. -0.08508
    37.00 deg.: X-S =     1.606452 mb/sr,                       & pols =-0. -0.09627
    38.00 deg.: X-S =     1.375295 mb/sr,                       & pols =-0. -0.10872
    39.00 deg.: X-S =     1.167899 mb/sr,                       & pols =-0. -0.12160
    40.00 deg.: X-S =     0.987474 mb/sr,                       & pols = 0. -0.13374
    41.00 deg.: X-S =     0.835087 mb/sr,                       & pols = 0. -0.14356
    42.00 deg.: X-S =     0.709989 mb/sr,                       & pols = 0. -0.14925
    43.00 deg.: X-S =     0.610016 mb/sr,                       & pols = 0. -0.14914
    44.00 deg.: X-S =     0.532035 mb/sr,                       & pols = 0. -0.14229
    45.00 deg.: X-S =     0.472391 mb/sr,                       & pols = 0. -0.12897
    46.00 deg.: X-S =     0.427309 mb/sr,                       & pols = 0. -0.11090
    47.00 deg.: X-S =     0.393227 mb/sr,                       & pols =-0. -0.09078
    48.00 deg.: X-S =     0.367045 mb/sr,                       & pols =-0. -0.07163
    49.00 deg.: X-S =     0.346263 mb/sr,                       & pols =-0. -0.05605
    50.00 deg.: X-S =     0.329044 mb/sr,                       & pols =-0. -0.04577
    51.00 deg.: X-S =     0.314189 mb/sr,                       & pols =-0. -0.04163
    52.00 deg.: X-S =     0.301058 mb/sr,                       & pols =-0. -0.04362
    53.00 deg.: X-S =     0.289458 mb/sr,                       & pols =-0. -0.05103
    54.00 deg.: X-S =     0.279511 mb/sr,                       & pols =-0. -0.06253
    55.00 deg.: X-S =     0.271520 mb/sr,                       & pols =-0. -0.07636
    56.00 deg.: X-S =     0.265848 mb/sr,                       & pols =-0. -0.09039
    57.00 deg.: X-S =     0.262815 mb/sr,                       & pols =-0. -0.10246
    58.00 deg.: X-S =     0.262612 mb/sr,                       & pols =-0. -0.11068
    59.00 deg.: X-S =     0.265253 mb/sr,                       & pols =-0. -0.11380
    60.00 deg.: X-S =     0.270548 mb/sr,                       & pols =-0. -0.11134
    61.00 deg.: X-S =     0.278097 mb/sr,                       & pols =-0. -0.10368
    62.00 deg.: X-S =     0.287319 mb/sr,                       & pols =-0. -0.09174
    63.00 deg.: X-S =     0.297489 mb/sr,                       & pols =-0. -0.07677
    64.00 deg.: X-S =     0.307791 mb/sr,                       & pols =-0. -0.06005
    65.00 deg.: X-S =     0.317375 mb/sr,                       & pols =-0. -0.04270
    66.00 deg.: X-S =     0.325419 mb/sr,                       & pols =-0. -0.02561
    67.00 deg.: X-S =     0.331175 mb/sr,                       & pols = 0. -0.00942
    68.00 deg.: X-S =     0.334021 mb/sr,                       & pols =-0.  0.00546
    69.00 deg.: X-S =     0.333491 mb/sr,                       & pols = 0.  0.01879
    70.00 deg.: X-S =     0.329300 mb/sr,                       & pols = 0.  0.03043
    71.00 deg.: X-S =     0.321354 mb/sr,                       & pols = 0.  0.04036
    72.00 deg.: X-S =     0.309749 mb/sr,                       & pols = 0.  0.04858
    73.00 deg.: X-S =     0.294756 mb/sr,                       & pols = 0.  0.05513
    74.00 deg.: X-S =     0.276798 mb/sr,                       & pols = 0.  0.06002
    75.00 deg.: X-S =     0.256419 mb/sr,                       & pols = 0.  0.06328
    76.00 deg.: X-S =     0.234249 mb/sr,                       & pols =-0.  0.06491
    77.00 deg.: X-S =     0.210964 mb/sr,                       & pols =-0.  0.06490
    78.00 deg.: X-S =     0.187252 mb/sr,                       & pols =-0.  0.06324
    79.00 deg.: X-S =     0.163783 mb/sr,                       & pols =-0.  0.05992
    80.00 deg.: X-S =     0.141178 mb/sr,                       & pols =-0.  0.05502
                                           Integrated    7.2967 mb, over [   0.000,  80.000] at    21.0000 MeV 
 Finished all xsecs @   0.244826004    

  The following files have been created:
   3:local copy of User input.            6:standard output.                   
  13:total cross sections/state.         16:tables of cross sections.          
  35:Astrophysics S-factors  / Ecm.      39:cross sections for each Ecm.       
  40:all cross sectns. for each Elab.    46:bs wave functions & ANC ratios.    
  56:Fusion for each Jtotal.             58:Single-particle wfns.              
  75:S-factors for lab energies.        201:Separate cross sections.           
 202:Separate cross sections.           

 PARAMETERS : MAXQRN   MFNL   MLOC  LMAX1 MCLIST
    ALLOWED :      2     81     14     50      6
    REQUIRED:      1      0     13     33      4


 ACCURACY ANALYSIS at    21.000 MeV :

  Elastic h*k = 0.016 so OK       compared with 0.200

   Real(S-el) > 0.01 first at J =       1.0
   Real(S-el) > 0.10 first at J =       5.0
   Real(S-el) > 0.50 first at J =       8.0
   Real(S-el) > 0.90 first at J =      10.0
   Real(S-el) > 0.99 first at J =      13.0
   R-turn =    20.33 fm    at J =      30.0

 Forward-angle excitation cut off below   8.519 deg by max JT =      30.0
                              and below   5.027 deg by max R.

 Total CPU  0 time =       0.24 seconds
