 FRESCO - FRES 3.4: Coupled Reaction Channels
 Assuming NAMELIST input.

 39K(3He,d)40Ca 21 MeV DWBA ZR 8851 keV Jpi=7- l=9 n=1 j=17/2                    

   0.010  25.000   0.100   0.100  10.000  -0.300   0.000   0.000   0.000   0.000

 Centre-of-mass Range is   2502 * 0.0100 fm., Maximum at  25.00 fm., Interpolating NL forms every  0.10 fm.
 Non - locality width is    101 * 0.1000 fm., Maximum of  10.00 fm., Centred at -0.20 fm.
 2-Nucleon Separation of      0 * 0.1000 fm., Maximum of   0.00 fm., Minimum at  0.00 fm.
 Maximum single particle bins of 25.0000 fm.
               M,Mint =         2501        2501


 Range of total J is     0.0 <= J <=    35.0 (at least     0.0) and Absorbtion =>    -1.0000 mb.
 Dry Run = F, CC set limits =  0  0, Relativistic kinematics =  , Both/Far/Near Analyses =  1                     

 Cross Sections (and up to T1 for 0=projectile) for Theta from   0.0 to  80.0 in steps of  1.0 degrees, DGAM=0,  Coordinates = 0 (Mads)

 Lower Radial Cutoff = maximum of -1.60*L*h &       0.0 fm.,  Lower Cutoff for Couplings =   0.0  fm.


 Iterate Couplings between   0 and   1 times, to  0.000 % if sooner.                                          
  Block solved exactly =   0 chs., with Pade = 0 & Isocen =  =0, NOSOL = F, initwf =  0
  NL quadrature with   36 Gaussian points, Calculate multipoles up to    41 from   0
  M-transfers for lp+lt greater than or equal to  6, Angular Integration Cutoff below  0.6944 %


 Trace switches are :  CHANS =  1, LISTCC =  0, TRENEG =  0, CDETR =  0, SMATS =  0, XSTABL =  1, NLPL =  0

                       WAVES =  0, LAMPL =  0, VEFF =  0, KFUS =  0, WDISK =  0, BPM =  0, MELFIL =  0

                       CDCC =  0, NFUS =  0

 Using unit mass = 1.000000 amu and 1/fine-structure constant = 137.03599 ( 1.000000 * true ) with hc = 197.32705 MeV.fm,
  thus 2*amu/hbar^2 = 0.0478450 = 1/20.9008 and Coulomb constant = 0.1574855 so e^2 = 1.43997, and nuclear magneton= 0.1261183

 Now pre-scan input and save to file 3

  WARNING: target longitudinal recoil NOT included in the ZR coupling #            1


 *********** PARTITION NUMBER  1 ******************************************************************************************

   PROJ=he3        MASS=  3.0150 Z=   2.0,        # STATES=    1T, TARG=k39      MASS= 38.9530 Z=  19.0,     Q-VALUE =   0.0000 MEV.

     1:  J= 0.5+ (B# 1), E=  0.0000, K= 0.5              Potl#  1       J= 1.5+ (B# 1), E=  0.0000, K= 0.5    


 *********** PARTITION NUMBER  2 ******************************************************************************************

   PROJ=h2         MASS=  2.0140 Z=   1.0,        # STATES=    1T, TARG=ca40     MASS= 39.9630 Z=  20.0,     Q-VALUE =   2.8347 MEV.

     1:  J= 1.0+ (B# 1), E=  0.0000, K= 0.0              Potl#  2       J= 7.0- (B#-1), E=  8.8506, K= 0.0    
0****** WARNING : COMPARED WITH PARTITION  1, THIS PARTITION HAS TOTAL MASS & CHARGE EXCESSES   0.01205 &   0.0000


 ************************************************************************************************************************************

 The following POTENTIALS are defined :

  KP#       TYPE      IT    SHAPE      at     V1        r1        a1        V2        r2        a2        A-in     A-used


                                            A#1       A#2        r0c       ac                                                h @ 1
    1    0=Coulomb       0=CHARGE (WS)  1    38.953     0.000    1.2890    0.0000    0.0000    0.0000     0.000    38.953   0.01000

    1    1=Volume        0=Woods-Saxon  2  117.8810    1.1780    0.7680   -0.6460    1.4150    0.8470     0.000    38.953

    1    2=Surface       0=Woods-Saxon  3    0.0000    0.0000    0.0000   20.6650    1.1980    0.8520     0.000    38.953

    1    3=Projtl S.O.   0=Woods-Saxon  4    2.0830    0.7380    0.9460   -1.1590    0.0000    0.0000     0.000    38.953
   --------------------------------------------------------------------------------------------------------------------

                                            A#1       A#2        r0c       ac                                                h @ 2
    2    0=Coulomb       0=CHARGE (WS)  5    39.963     0.000    1.3030    0.0000    0.0000    0.0000     0.000    39.963   0.01000

    2    1=Volume        0=Woods-Saxon  6   91.1200    1.1500    0.7620    2.2340    1.3340    0.5130     0.000    39.963

    2    2=Surface       0=Woods-Saxon  7    0.0000    0.0000    0.0000   10.2740    1.3780    0.7430     0.000    39.963

    2    3=Projtl S.O.   0=Woods-Saxon  8    3.5570    0.9720    1.0110    0.0000    0.0000    0.0000     0.000    39.963
   --------------------------------------------------------------------------------------------------------------------

                                            A#1       A#2        r0c       ac                                                h @ 0
    3    0=Coulomb       0=CHARGE (WS)  9     3.015     0.000    1.2500    0.0000    0.0000    0.0000     0.000     3.015   0.01000

    3    1=Volume        0=Woods-Saxon 10   50.0000    1.2500    0.6500    0.0000    0.0000    0.0000     0.000     3.015
   --------------------------------------------------------------------------------------------------------------------

                                            A#1       A#2        r0c       ac                                                h @ 0
    4    0=Coulomb       0=CHARGE (WS) 11    38.953     0.000    1.2500    0.0000    0.0000    0.0000     0.000    38.953   0.01000

    4    1=Volume        0=Woods-Saxon 12   50.0000    1.2500    0.6500    0.0000    0.0000    0.0000     0.000    38.953


 ************************************************************************************************************************************

 The following SINGLE-PARTICLE FORM FACTORS are constructed :


 No.   P1 P2 IN KIND T N  L  S1 IA J/S  IB BIND XFER  BE    SC PC FIL AFRAC Adjust  to  Z  Mass   K     Norm    rms      D0     D   ANC/Gsp

 For Channel #  1 with l = 0,  j =  0.5, around core state #  1

   R    Y(R)
   0.00   0.0000E+00,    0.10   5.8280E-02,    0.20   1.1591E-01,    0.30   1.7228E-01,    0.40   2.2679E-01,    0.50   2.7891E-01, 
   0.60   3.2812E-01,    0.70   3.7401E-01,    0.80   4.1621E-01,    0.90   4.5442E-01,    1.00   4.8842E-01,    1.10   5.1808E-01, 
   1.20   5.4332E-01,    1.30   5.6417E-01,    1.40   5.8070E-01,    1.50   5.9306E-01,    1.60   6.0146E-01,    1.70   6.0615E-01, 
   1.80   6.0741E-01,    1.90   6.0557E-01,    2.00   6.0094E-01,    2.10   5.9388E-01,    2.20   5.8471E-01,    2.30   5.7376E-01, 
   2.40   5.6133E-01,    2.50   5.4772E-01,    2.60   5.3317E-01,    2.70   5.1794E-01,    2.80   5.0221E-01,    2.90   4.8618E-01, 
   3.00   4.6999E-01,    3.10   4.5378E-01,    3.20   4.3767E-01,    3.30   4.2173E-01,    3.40   4.0605E-01,    3.50   3.9068E-01, 
   3.60   3.7566E-01,    3.70   3.6103E-01,    3.80   3.4682E-01,    3.90   3.3304E-01,    4.00   3.1970E-01,    4.10   3.0681E-01, 
   4.20   2.9437E-01,    4.30   2.8238E-01,    4.40   2.7083E-01,    4.50   2.5971E-01,    4.60   2.4902E-01,    4.70   2.3874E-01, 
   4.80   2.2887E-01,    4.90   2.1939E-01,    5.00   2.1029E-01,    5.10   2.0156E-01,    5.20   1.9318E-01,    5.30   1.8514E-01, 
   5.40   1.7743E-01,    5.50   1.7004E-01,    5.60   1.6296E-01,    5.70   1.5616E-01,    5.80   1.4965E-01,    5.90   1.4341E-01, 
   6.00   1.3743E-01,    6.10   1.3170E-01,    6.20   1.2620E-01,    6.30   1.2094E-01,    6.40   1.1589E-01,    6.50   1.1106E-01, 
   6.60   1.0643E-01,    6.70   1.0199E-01,    6.80   9.7738E-02,    6.90   9.3663E-02,    7.00   8.9758E-02,    7.10   8.6017E-02, 
   7.20   8.2432E-02,    7.30   7.8996E-02,    7.40   7.5705E-02,    7.50   7.2551E-02,    7.60   6.9529E-02,    7.70   6.6633E-02, 
   7.80   6.3858E-02,    7.90   6.1199E-02,    8.00   5.8651E-02,    8.10   5.6210E-02,    8.20   5.3870E-02,    8.30   5.1628E-02, 
   8.40   4.9480E-02,    8.50   4.7422E-02,    8.60   4.5449E-02,    8.70   4.3559E-02,    8.80   4.1747E-02,    8.90   4.0011E-02, 
   9.00   3.8348E-02,    9.10   3.6753E-02,    9.20   3.5226E-02,    9.30   3.3762E-02,    9.40   3.2358E-02,    9.50   3.1014E-02, 
   9.60   2.9725E-02,    9.70   2.8490E-02,    9.80   2.7307E-02,    9.90   2.6173E-02,   10.00   2.5086E-02,   10.10   2.4044E-02, 
  10.20   2.3046E-02,   10.30   2.2089E-02,   10.40   2.1172E-02,   10.50   2.0293E-02,   10.60   1.9451E-02,   10.70   1.8644E-02, 
  10.80   1.7870E-02,   10.90   1.7128E-02,   11.00   1.6418E-02,   11.10   1.5737E-02,   11.20   1.5084E-02,   11.30   1.4458E-02, 
  11.40   1.3858E-02,   11.50   1.3284E-02,   11.60   1.2733E-02,   11.70   1.2205E-02,   11.80   1.1699E-02,   11.90   1.1214E-02, 
  12.00   1.0749E-02,   12.10   1.0303E-02,   12.20   9.8761E-03,   12.30   9.4667E-03,   12.40   9.0744E-03,   12.50   8.6983E-03, 
  12.60   8.3378E-03,   12.70   7.9923E-03,   12.80   7.6612E-03,   12.90   7.3438E-03,   13.00   7.0395E-03,   13.10   6.7479E-03, 
  13.20   6.4684E-03,   13.30   6.2004E-03,   13.40   5.9436E-03,   13.50   5.6975E-03,   13.60   5.4615E-03,   13.70   5.2353E-03, 
  13.80   5.0185E-03,   13.90   4.8107E-03,   14.00   4.6116E-03,   14.10   4.4206E-03,   14.20   4.2376E-03,   14.30   4.0622E-03, 
  14.40   3.8940E-03,   14.50   3.7329E-03,   14.60   3.5783E-03,   14.70   3.4302E-03,   14.80   3.2883E-03,   14.90   3.1522E-03, 
  15.00   3.0217E-03,   15.10   2.8967E-03,   15.20   2.7768E-03,   15.30   2.6619E-03,   15.40   2.5518E-03,   15.50   2.4462E-03, 
  15.60   2.3450E-03,   15.70   2.2480E-03,   15.80   2.1550E-03,   15.90   2.0659E-03,   16.00   1.9804E-03,   16.10   1.8985E-03, 
  16.20   1.8200E-03,   16.30   1.7447E-03,   16.40   1.6726E-03,   16.50   1.6034E-03,   16.60   1.5371E-03,   16.70   1.4735E-03, 
  16.80   1.4126E-03,   16.90   1.3542E-03,   17.00   1.2982E-03,   17.10   1.2445E-03,   17.20   1.1931E-03,   17.30   1.1438E-03, 
  17.40   1.0965E-03,   17.50   1.0511E-03,   17.60   1.0077E-03,   17.70   9.6604E-04,   17.80   9.2611E-04,   17.90   8.8783E-04, 
  18.00   8.5114E-04,   18.10   8.1596E-04,   18.20   7.8224E-04,   18.30   7.4991E-04,   18.40   7.1892E-04,   18.50   6.8921E-04, 
  18.60   6.6073E-04,   18.70   6.3343E-04,   18.80   6.0725E-04,   18.90   5.8216E-04,   19.00   5.5811E-04,   19.10   5.3505E-04, 
  19.20   5.1295E-04,   19.30   4.9175E-04,   19.40   4.7144E-04,   19.50   4.5196E-04,   19.60   4.3329E-04,   19.70   4.1539E-04, 
  19.80   3.9823E-04,   19.90   3.8179E-04,   20.00   3.6602E-04,   20.10   3.5090E-04,   20.20   3.3640E-04,   20.30   3.2251E-04, 
  20.40   3.0919E-04,   20.50   2.9642E-04,   20.60   2.8418E-04,   20.70   2.7244E-04,   20.80   2.6119E-04,   20.90   2.5041E-04, 
  21.00   2.4007E-04,   21.10   2.3015E-04,   21.20   2.2065E-04,   21.30   2.1154E-04,   21.40   2.0281E-04,   21.50   1.9443E-04, 
  21.60   1.8640E-04,   21.70   1.7871E-04,   21.80   1.7133E-04,   21.90   1.6426E-04,   22.00   1.5748E-04,   22.10   1.5098E-04, 
  22.20   1.4474E-04,   22.30   1.3877E-04,   22.40   1.3304E-04,   22.50   1.2755E-04,   22.60   1.2228E-04,   22.70   1.1724E-04, 
  22.80   1.1240E-04,   22.90   1.0776E-04,   23.00   1.0331E-04,   23.10   9.9046E-05,   23.20   9.4958E-05,   23.30   9.1039E-05, 
  23.40   8.7282E-05,   23.50   8.3680E-05,   23.60   8.0226E-05,   23.70   7.6915E-05,   23.80   7.3741E-05,   23.90   7.0698E-05, 
  24.00   6.7781E-05,   24.10   6.4984E-05,   24.20   6.2303E-05,   24.30   5.9732E-05,   24.40   5.7267E-05,   24.50   5.4904E-05, 
  24.60   5.2639E-05,   24.70   5.0467E-05,   24.80   4.8385E-05,   24.90   4.6389E-05,   25.00   4.4475E-05, 

 No.   P1 P2 IN KIND T N  L  S1 IA J/S  IB BIND XFER  BE    SC PC FIL AFRAC Adjust  to  Z  Mass   K     Norm    rms      D0     D   ANC/Gsp

    At R=   24.990, ANC in ch  1 is    1.8773    ,   eta,eta*ln(2*rho)+rho =   0.54944E-01    10.644    

    1:  2  1  1  0     1  0 0.5  1 0.5   0   3   0   5.4935  1  1  0 0.0000 VR  0.8879; 1. 1.001 0.4192 1.0000  2.820 -166.8 -176.0  1.8773

 For Channel #  1 with l = 9,  j =  8.5, around core state #  1

   R    Y(R)
   0.00   0.0000E+00,    0.10   1.3174E-14,    0.20   1.3357E-11,    0.30   7.5953E-10,    0.40   1.3227E-08,    0.50   1.2014E-07, 
   0.60   7.2137E-07,    0.70   3.2495E-06,    0.80   1.1843E-05,    0.90   3.6660E-05,    1.00   9.9640E-05,    1.10   2.4348E-04, 
   1.20   5.4432E-04,    1.30   1.1281E-03,    1.40   2.1897E-03,    1.50   4.0130E-03,    1.60   6.9895E-03,    1.70   1.1630E-02, 
   1.80   1.8570E-02,    1.90   2.8553E-02,    2.00   4.2408E-02,    2.10   6.0995E-02,    2.20   8.5143E-02,    2.30   1.1556E-01, 
   2.40   1.5274E-01,    2.50   1.9689E-01,    2.60   2.4780E-01,    2.70   3.0483E-01,    2.80   3.6684E-01,    2.90   4.3226E-01, 
   3.00   4.9907E-01,    3.10   5.6498E-01,    3.20   6.2752E-01,    3.30   6.8425E-01,    3.40   7.3292E-01,    3.50   7.7161E-01, 
   3.60   7.9894E-01,    3.70   8.1408E-01,    3.80   8.1686E-01,    3.90   8.0770E-01,    4.00   7.8759E-01,    4.10   7.5793E-01, 
   4.20   7.2043E-01,    4.30   6.7693E-01,    4.40   6.2933E-01,    4.50   5.7938E-01,    4.60   5.2869E-01,    4.70   4.7859E-01, 
   4.80   4.3017E-01,    4.90   3.8423E-01,    5.00   3.4132E-01,    5.10   3.0179E-01,    5.20   2.6577E-01,    5.30   2.3328E-01, 
   5.40   2.0420E-01,    5.50   1.7836E-01,    5.60   1.5553E-01,    5.70   1.3546E-01,    5.80   1.1788E-01,    5.90   1.0253E-01, 
   6.00   8.9163E-02,    6.10   7.7544E-02,    6.20   6.7460E-02,    6.30   5.8716E-02,    6.40   5.1140E-02,    6.50   4.4576E-02, 
   6.60   3.8890E-02,    6.70   3.3964E-02,    6.80   2.9694E-02,    6.90   2.5991E-02,    7.00   2.2777E-02,    7.10   1.9985E-02, 
   7.20   1.7557E-02,    7.30   1.5445E-02,    7.40   1.3604E-02,    7.50   1.1998E-02,    7.60   1.0596E-02,    7.70   9.3696E-03, 
   7.80   8.2961E-03,    7.90   7.3551E-03,    8.00   6.5292E-03,    8.10   5.8034E-03,    8.20   5.1647E-03,    8.30   4.6020E-03, 
   8.40   4.1056E-03,    8.50   3.6672E-03,    8.60   3.2794E-03,    8.70   2.9361E-03,    8.80   2.6317E-03,    8.90   2.3615E-03, 
   9.00   2.1213E-03,    9.10   1.9077E-03,    9.20   1.7174E-03,    9.30   1.5477E-03,    9.40   1.3962E-03,    9.50   1.2607E-03, 
   9.60   1.1396E-03,    9.70   1.0311E-03,    9.80   9.3376E-04,    9.90   8.4642E-04,   10.00   7.6796E-04,   10.10   6.9739E-04, 
  10.20   6.3386E-04,   10.30   5.7662E-04,   10.40   5.2499E-04,   10.50   4.7838E-04,   10.60   4.3627E-04,   10.70   3.9818E-04, 
  10.80   3.6370E-04,   10.90   3.3246E-04,   11.00   3.0414E-04,   11.10   2.7844E-04,   11.20   2.5509E-04,   11.30   2.3387E-04, 
  11.40   2.1457E-04,   11.50   1.9700E-04,   11.60   1.8099E-04,   11.70   1.6639E-04,   11.80   1.5307E-04,   11.90   1.4091E-04, 
  12.00   1.2980E-04,   12.10   1.1964E-04,   12.20   1.1034E-04,   12.30   1.0182E-04,   12.40   9.4024E-05,   12.50   8.6872E-05, 
  12.60   8.0311E-05,   12.70   7.4287E-05,   12.80   6.8754E-05,   12.90   6.3668E-05,   13.00   5.8990E-05,   13.10   5.4685E-05, 
  13.20   5.0721E-05,   13.30   4.7069E-05,   13.40   4.3702E-05,   13.50   4.0597E-05,   13.60   3.7731E-05,   13.70   3.5084E-05, 
  13.80   3.2639E-05,   13.90   3.0378E-05,   14.00   2.8288E-05,   14.10   2.6353E-05,   14.20   2.4562E-05,   14.30   2.2903E-05, 
  14.40   2.1365E-05,   14.50   1.9939E-05,   14.60   1.8617E-05,   14.70   1.7389E-05,   14.80   1.6250E-05,   14.90   1.5191E-05, 
  15.00   1.4207E-05,   15.10   1.3292E-05,   15.20   1.2441E-05,   15.30   1.1649E-05,   15.40   1.0912E-05,   15.50   1.0225E-05, 
  15.60   9.5852E-06,   15.70   8.9887E-06,   15.80   8.4324E-06,   15.90   7.9134E-06,   16.00   7.4290E-06,   16.10   6.9767E-06, 
  16.20   6.5542E-06,   16.30   6.1595E-06,   16.40   5.7905E-06,   16.50   5.4454E-06,   16.60   5.1226E-06,   16.70   4.8206E-06, 
  16.80   4.5378E-06,   16.90   4.2729E-06,   17.00   4.0249E-06,   17.10   3.7924E-06,   17.20   3.5744E-06,   17.30   3.3700E-06, 
  17.40   3.1782E-06,   17.50   2.9983E-06,   17.60   2.8294E-06,   17.70   2.6708E-06,   17.80   2.5218E-06,   17.90   2.3818E-06, 
  18.00   2.2502E-06,   18.10   2.1265E-06,   18.20   2.0101E-06,   18.30   1.9006E-06,   18.40   1.7976E-06,   18.50   1.7006E-06, 
  18.60   1.6093E-06,   18.70   1.5233E-06,   18.80   1.4422E-06,   18.90   1.3658E-06,   19.00   1.2938E-06,   19.10   1.2259E-06, 
  19.20   1.1619E-06,   19.30   1.1014E-06,   19.40   1.0444E-06,   19.50   9.9054E-07,   19.60   9.3970E-07,   19.70   8.9167E-07, 
  19.80   8.4630E-07,   19.90   8.0343E-07,   20.00   7.6290E-07,   20.10   7.2458E-07,   20.20   6.8835E-07,   20.30   6.5406E-07, 
  20.40   6.2163E-07,   20.50   5.9093E-07,   20.60   5.6187E-07,   20.70   5.3435E-07,   20.80   5.0829E-07,   20.90   4.8361E-07, 
  21.00   4.6021E-07,   21.10   4.3804E-07,   21.20   4.1703E-07,   21.30   3.9710E-07,   21.40   3.7820E-07,   21.50   3.6027E-07, 
  21.60   3.4326E-07,   21.70   3.2712E-07,   21.80   3.1180E-07,   21.90   2.9725E-07,   22.00   2.8344E-07,   22.10   2.7032E-07, 
  22.20   2.5785E-07,   22.30   2.4601E-07,   22.40   2.3475E-07,   22.50   2.2405E-07,   22.60   2.1388E-07,   22.70   2.0421E-07, 
  22.80   1.9501E-07,   22.90   1.8625E-07,   23.00   1.7793E-07,   23.10   1.7000E-07,   23.20   1.6246E-07,   23.30   1.5527E-07, 
  23.40   1.4844E-07,   23.50   1.4192E-07,   23.60   1.3572E-07,   23.70   1.2981E-07,   23.80   1.2418E-07,   23.90   1.1881E-07, 
  24.00   1.1370E-07,   24.10   1.0882E-07,   24.20   1.0417E-07,   24.30   9.9738E-08,   24.40   9.5510E-08,   24.50   9.1476E-08, 
  24.60   8.7627E-08,   24.70   8.3955E-08,   24.80   8.0451E-08,   24.90   7.7106E-08,   25.00   7.3914E-08, 

 No.   P1 P2 IN KIND T N  L  S1 IA J/S  IB BIND XFER  BE    SC PC FIL AFRAC Adjust  to  Z  Mass   K     Norm    rms      D0     D   ANC/Gsp

    At R=   24.990, ANC in ch  2 is      Infinity,   eta,eta*ln(2*rho)+rho =    93.885       -100.28    

    2:  1  2  2  0     1  9 0.5  1 8.5   0   4   0   0.0010  1  1  0 0.0000 VR  5.1514; 1. 1.010 0.0069 1.0000  3.924   -0.0   -0.0  Infinity

 ************************************************************************************************************************************

 TWO-way COUPLING # 1 for partitions  2 <-  1 of KIND  5,   0  0  0 -1 -1 & P1,P2 = -172.8000   0.0000 : for J <=    35.5 & R <  25.0 fm.


 data =  1  1  1  1  1.0000,  so  < [he3      #  1] / [h2       #  1]  * Eigen-form #  1>  =   1.0000            BE =  5.494     1

 data =  2  1  1  2  1.0000,  so  < [ca40     #  1] / [k39      #  1]  * Eigen-form #  2>  =   1.0000            BE =  0.001     2
 KNT =   2, KNP =   1: NK,NG,loc=   1   1   1  13  T  T  F

     So ZERO-RANGE TRANSFER, with D0 =  -172.800 and finite-range effective radius   0.0000 fm.

   2  1  1 13     6.017  -172.800  -172.800     1.001     0.669     0.000     0.010

 Incoming partition  1 in excitation state # 1,   Laboratory Energy given for partition  1 Nucleus 1 in Excitation pair 1

0Lab. ENERGY ranges :

   from    21.0000     to   21.0000     in     0 intervals
   from    21.0000     to   0.00000     in     0 intervals
   from    0.00000     to   0.00000     in     0 intervals

 Largest real,imaginary parts of any form factor at R=   24.90 are   5.78E-02  1.97E-09 MeV
 Finished all Couplings @    1.80522299              13

 Symmetric Hamiltonian
1***********************************************************************************************************************************
************************************************************************************************************************************

        INCOMING he3      ;    LABORATORY he3      ENERGY =   21.000     MeV.

 ***********************************************************************************************************************************
 ***********************************************************************************************************************************

 Allocate arrays for            2  channels, of which            2  need wfs.

 Total SPIN, PARITY =     0.0 +,      2 chs,      0 cc.  Rmin & Coul turning =    0.0    2.8


    C Projectl Target   #   EX.   (L  Proj) J  + Targ = Jtotal     E-cm      Re K     Re Eta     RM*K            CH
    1 he3      k39      #    1: I   2 0.5    1.5  1.5     0.0    19.49135   1.61545   2.26756   40.3863   0.51414  -0.03931 1 1 1   1
    2 h2       ca40     #    1:     7 1.0    7.0  7.0     0.0    13.47545   1.11184   1.18810   27.7961  -0.11402  -0.50931 2 1 2   1
 Allocate arrays for            3  channels, of which            3  need wfs.
 Allocate arrays for            8  channels, of which            8  need wfs.
 Allocate arrays for           11  channels, of which           11  need wfs.
 Allocate arrays for           12  channels, of which           12  need wfs.
 Allocate arrays for           15  channels, of which           15  need wfs.
 Allocate arrays for           17  channels, of which           17  need wfs.
 Allocate arrays for           18  channels, of which           18  need wfs.
 Allocate arrays for           21  channels, of which           21  need wfs.
 Allocate arrays for           23  channels, of which           23  need wfs.
 Allocate arrays for           24  channels, of which           24  need wfs.
 Allocate arrays for           26  channels, of which           26  need wfs.
 Allocate arrays for           27  channels, of which           27  need wfs.
0****** WARNING : ACCURACY LOSS IN ERWIN = 14.1 DIGITS, SO EXPECT ERRORS OF   0.0004 % OF UNITARITY

0****** WARNING : ACCURACY LOSS IN ERWIN = 14.5 DIGITS, SO EXPECT ERRORS OF   0.0774 % OF UNITARITY

0****** WARNING : ACCURACY LOSS IN ERWIN = 14.2 DIGITS, SO EXPECT ERRORS OF   0.0000 % OF UNITARITY

0****** WARNING : ACCURACY LOSS IN ERWIN = 14.7 DIGITS, SO EXPECT ERRORS OF   0.7337 % OF UNITARITY

0****** WARNING : ACCURACY LOSS IN ERWIN = 14.2 DIGITS, SO EXPECT ERRORS OF   0.0003 % OF UNITARITY

0****** WARNING : ACCURACY LOSS IN ERWIN = 14.6 DIGITS, SO EXPECT ERRORS OF   0.0003 % OF UNITARITY

0****** WARNING : ACCURACY LOSS IN ERWIN = 14.2 DIGITS, SO EXPECT ERRORS OF   0.0001 % OF UNITARITY

0****** WARNING : ACCURACY LOSS IN ERWIN = 14.4 DIGITS, SO EXPECT ERRORS OF   0.5139 % OF UNITARITY

0****** WARNING : ACCURACY LOSS IN ERWIN = 14.3 DIGITS, SO EXPECT ERRORS OF   0.0000 % OF UNITARITY

0****** WARNING : ACCURACY LOSS IN ERWIN = 14.3 DIGITS, SO EXPECT ERRORS OF   0.0000 % OF UNITARITY

0****** WARNING : ACCURACY LOSS IN ERWIN = 14.6 DIGITS, SO EXPECT ERRORS OF   0.0063 % OF UNITARITY

0****** WARNING : ACCURACY LOSS IN ERWIN = 14.2 DIGITS, SO EXPECT ERRORS OF   0.0000 % OF UNITARITY

0****** WARNING : ACCURACY LOSS IN ERWIN = 14.2 DIGITS, SO EXPECT ERRORS OF   0.0493 % OF UNITARITY

0****** WARNING : ACCURACY LOSS IN ERWIN = 14.2 DIGITS, SO EXPECT ERRORS OF   0.0000 % OF UNITARITY

0****** WARNING : ACCURACY LOSS IN ERWIN = 14.2 DIGITS, SO EXPECT ERRORS OF   0.0000 % OF UNITARITY

0****** WARNING : ACCURACY LOSS IN ERWIN = 14.6 DIGITS, SO EXPECT ERRORS OF   0.0010 % OF UNITARITY

0****** WARNING : ACCURACY LOSS IN ERWIN = 14.7 DIGITS, SO EXPECT ERRORS OF   0.0000 % OF UNITARITY

0****** WARNING : ACCURACY LOSS IN ERWIN = 14.3 DIGITS, SO EXPECT ERRORS OF   0.0312 % OF UNITARITY

0****** WARNING : ACCURACY LOSS IN ERWIN = 14.5 DIGITS, SO EXPECT ERRORS OF   0.0000 % OF UNITARITY

0****** WARNING : ACCURACY LOSS IN ERWIN = 14.5 DIGITS, SO EXPECT ERRORS OF   0.0067 % OF UNITARITY

0****** WARNING : ACCURACY LOSS IN ERWIN = 14.6 DIGITS, SO EXPECT ERRORS OF   0.0003 % OF UNITARITY

0****** WARNING : ACCURACY LOSS IN ERWIN = 14.4 DIGITS, SO EXPECT ERRORS OF   0.0000 % OF UNITARITY

0****** WARNING : ACCURACY LOSS IN ERWIN = 14.5 DIGITS, SO EXPECT ERRORS OF   0.0023 % OF UNITARITY

0****** WARNING : ACCURACY LOSS IN ERWIN = 14.3 DIGITS, SO EXPECT ERRORS OF   0.0001 % OF UNITARITY

0****** WARNING : ACCURACY LOSS IN ERWIN = 14.3 DIGITS, SO EXPECT ERRORS OF   0.0000 % OF UNITARITY

0****** WARNING : ACCURACY LOSS IN ERWIN = 14.4 DIGITS, SO EXPECT ERRORS OF   0.0044 % OF UNITARITY

0****** WARNING : ACCURACY LOSS IN ERWIN = 14.2 DIGITS, SO EXPECT ERRORS OF   0.0000 % OF UNITARITY

0****** WARNING : ACCURACY LOSS IN ERWIN = 14.5 DIGITS, SO EXPECT ERRORS OF   0.0014 % OF UNITARITY

0****** WARNING : ACCURACY LOSS IN ERWIN = 14.5 DIGITS, SO EXPECT ERRORS OF   0.0000 % OF UNITARITY

0****** WARNING : ACCURACY LOSS IN ERWIN = 14.4 DIGITS, SO EXPECT ERRORS OF   0.0000 % OF UNITARITY

0****** WARNING : ACCURACY LOSS IN ERWIN = 14.2 DIGITS, SO EXPECT ERRORS OF   0.0000 % OF UNITARITY

0****** WARNING : ACCURACY LOSS IN ERWIN = 14.8 DIGITS, SO EXPECT ERRORS OF   0.0000 % OF UNITARITY

0****** WARNING : ACCURACY LOSS IN ERWIN = 14.3 DIGITS, SO EXPECT ERRORS OF   0.0002 % OF UNITARITY

0****** WARNING : ACCURACY LOSS IN ERWIN = 14.4 DIGITS, SO EXPECT ERRORS OF   0.0000 % OF UNITARITY

0****** WARNING : ACCURACY LOSS IN ERWIN = 15.1 DIGITS, SO EXPECT ERRORS OF   0.0004 % OF UNITARITY

0****** WARNING : ACCURACY LOSS IN ERWIN = 14.6 DIGITS, SO EXPECT ERRORS OF   0.0000 % OF UNITARITY

0****** WARNING : ACCURACY LOSS IN ERWIN = 14.5 DIGITS, SO EXPECT ERRORS OF   0.0001 % OF UNITARITY

 Reaction Xsec    32.0+/30 @ 1 =   0.056/, Out:   0.000#   0.003#   0.000f
0****** WARNING : ACCURACY LOSS IN ERWIN = 14.3 DIGITS, SO EXPECT ERRORS OF   0.0000 % OF UNITARITY

 Reaction Xsec    32.0+/32 @ 2 =   0.014/, Out:   0.000#   0.000#   0.000f
0****** WARNING : ACCURACY LOSS IN ERWIN = 14.7 DIGITS, SO EXPECT ERRORS OF   0.0000 % OF UNITARITY

 Reaction Xsec    32.0+/32 @ 3 =   0.014/, Out:   0.000#   0.000#   0.000f
 Reaction Xsec    32.0+/34 @ 4 =   3.478#, Out:   0.000#   0.000#   0.000f
0****** WARNING : ACCURACY LOSS IN ERWIN = 14.4 DIGITS, SO EXPECT ERRORS OF   0.0001 % OF UNITARITY

 Reaction Xsec    32.0-/31 @ 1 =   0.029/, Out:   0.000#   0.001#   0.000f
0****** WARNING : ACCURACY LOSS IN ERWIN = 14.9 DIGITS, SO EXPECT ERRORS OF   0.0000 % OF UNITARITY

 Reaction Xsec    32.0-/31 @ 2 =   0.028/, Out:   0.000#   0.000#   0.000f
 Reaction Xsec    32.0-/33 @ 3 =   7.084#, Out:   0.000#   0.000#   0.000f
 Reaction Xsec    32.0-/33 @ 4 =   6.864#, Out:   0.000#   0.000#   0.000f
0****** WARNING : ACCURACY LOSS IN ERWIN = 14.3 DIGITS, SO EXPECT ERRORS OF   0.0000 % OF UNITARITY

 Reaction Xsec    33.0+/32 @ 1 =   0.015/, Out:   0.000#   0.000#   0.000f
0****** WARNING : ACCURACY LOSS IN ERWIN = 14.3 DIGITS, SO EXPECT ERRORS OF   0.0000 % OF UNITARITY

 Reaction Xsec    33.0+/32 @ 2 =   0.014/, Out:   0.000#   0.000#   0.000f
 Reaction Xsec    33.0+/34 @ 3 =   3.585#, Out:   0.000#   0.000#   0.000f
 Reaction Xsec    33.0+/34 @ 4 =   3.462#, Out:   0.000#   0.000#   0.000f
0****** WARNING : ACCURACY LOSS IN ERWIN = 14.3 DIGITS, SO EXPECT ERRORS OF   0.0000 % OF UNITARITY

 Reaction Xsec    33.0-/31 @ 1 =   0.029/, Out:   0.000#   0.001#   0.000f
0****** WARNING : ACCURACY LOSS IN ERWIN = 14.5 DIGITS, SO EXPECT ERRORS OF   0.0000 % OF UNITARITY

 Reaction Xsec    33.0-/33 @ 2 =   7.302#, Out:   0.000#   0.000#   0.000f
 Reaction Xsec    33.0-/33 @ 3 =   7.075#, Out:   0.000#   0.000#   0.000f
 Reaction Xsec    33.0-/35 @ 4 =   1.720#, Out:   0.000#   0.000#   0.000f
0****** WARNING : ACCURACY LOSS IN ERWIN = 14.4 DIGITS, SO EXPECT ERRORS OF   0.0000 % OF UNITARITY

 Reaction Xsec    34.0+/32 @ 1 =   0.015/, Out:   0.000#   0.000#   0.000f
 Reaction Xsec    34.0+/34 @ 2 =   3.692#, Out:   0.000#   0.000#   0.000f
 Reaction Xsec    34.0+/34 @ 3 =   3.565#, Out:   0.000#   0.000#   0.000f
 Reaction Xsec    34.0+/36 @ 4 =   0.820#, Out:   0.000#   0.000#   0.000f
0****** WARNING : ACCURACY LOSS IN ERWIN = 14.4 DIGITS, SO EXPECT ERRORS OF   0.0000 % OF UNITARITY

 Reaction Xsec    34.0-/33 @ 1 =   7.520#, Out:   0.000#   0.000#   0.000f
0****** WARNING : ACCURACY LOSS IN ERWIN = 14.2 DIGITS, SO EXPECT ERRORS OF   0.0000 % OF UNITARITY

 Reaction Xsec    34.0-/33 @ 2 =   7.286#, Out:   0.000#   0.000#   0.000f
 Reaction Xsec    34.0-/35 @ 3 =   1.771#, Out:   0.000#   0.000#   0.000f
 Reaction Xsec    34.0-/35 @ 4 =   1.705#, Out:   0.000#   0.000#   0.000f
 Reaction Xsec    35.0+/34 @ 1 =   3.799#, Out:   0.000#   0.000#   0.000f
 Reaction Xsec    35.0+/34 @ 2 =   3.669#, Out:   0.000#   0.000#   0.000f
 Reaction Xsec    35.0+/36 @ 3 =   0.844#, Out:   0.000#   0.000#   0.000f
 Reaction Xsec    35.0+/36 @ 4 =   0.810#, Out:   0.000#   0.000#   0.000f
0****** WARNING : ACCURACY LOSS IN ERWIN = 14.3 DIGITS, SO EXPECT ERRORS OF   0.0000 % OF UNITARITY

 Reaction Xsec    35.0-/33 @ 1 =   7.497#, Out:   0.000#   0.000#   0.000f
 Reaction Xsec    35.0-/35 @ 2 =   1.822#, Out:   0.000#   0.000#   0.000f
 Reaction Xsec    35.0-/35 @ 3 =   1.754#, Out:   0.000#   0.000#   0.000f
 Reaction Xsec    35.0-/37 @ 4 =   0.373#, Out:   0.000#   0.000#   0.000f
 Finished all CC sets @    2.35465503    
0CUMULATIVE REACTION cross section                 = 1423.29150  <L> =     7.34  <L**2> =     63.8
0CUMULATIVE outgoing cross sections in partition 1 :    0.00000
0CUMULATIVE outgoing cross sections in partition 2 : 1992.94669
0Cumulative ABSORBTION by Imaginary Potentials     = -569.65519  <L> =    40.67  <L**2> =    855.3
   Fusion for specific he3      M-states : -563.633026 -563.633026
0CUMULATIVE OUTGOING cross section                 = 1992.94669
 To convert to S-factors (MeV.mb = keV.b),  multiply by  3.0022E+07


 CROSS SECTIONS FOR OUTGOING he3      & k39      in state #   1 with spins & parities 0.5  + &  1.5  +;  0

     0.01 deg.: X-S =   8.4933E+16 mb/sr,                       & pols =-0. -0.00000
+                                         /R =   1.0000E+00
     1.00 deg.: X-S =   8.4909E+08 mb/sr,                       & pols =-0.  0.00000
+                                         /R =   9.9967E-01
     2.00 deg.: X-S =   5.3169E+07 mb/sr,                       & pols = 0. -0.00001
+                                         /R =   1.0014E+00
     3.00 deg.: X-S =   1.0282E+07 mb/sr,                       & pols = 0.  0.00002
+                                         /R =   9.8014E-01
     4.00 deg.: X-S =   3.2994E+06 mb/sr,                       & pols =-0.  0.00011
+                                         /R =   9.9366E-01
     5.00 deg.: X-S =   1.4097E+06 mb/sr,                       & pols = 0.  0.00006
+                                         /R =   1.0360E+00
     6.00 deg.: X-S =   7.0157E+05 mb/sr,                       & pols = 0. -0.00016
+                                         /R =   1.0686E+00
     7.00 deg.: X-S =   3.7943E+05 mb/sr,                       & pols = 0. -0.00046
+                                         /R =   1.0700E+00
     8.00 deg.: X-S =   2.1688E+05 mb/sr,                       & pols = 0. -0.00069
+                                         /R =   1.0426E+00
     9.00 deg.: X-S =   1.3008E+05 mb/sr,                       & pols = 0. -0.00074
+                                         /R =   1.0007E+00
    10.00 deg.: X-S =   8.1861E+04 mb/sr,                       & pols =-0. -0.00053
+                                         /R =   9.5895E-01
    11.00 deg.: X-S =   5.4042E+04 mb/sr,                       & pols =-0. -0.00006
+                                         /R =   9.2588E-01
    12.00 deg.: X-S =   3.7257E+04 mb/sr,                       & pols = 0.  0.00056
+                                         /R =   9.0298E-01
    13.00 deg.: X-S =   2.6590E+04 mb/sr,                       & pols =-0.  0.00119
+                                         /R =   8.8652E-01
    14.00 deg.: X-S =   1.9435E+04 mb/sr,                       & pols =-0.  0.00172
+                                         /R =   8.7037E-01
    15.00 deg.: X-S =   1.4401E+04 mb/sr,                       & pols =-0.  0.00208
+                                         /R =   8.4861E-01
    16.00 deg.: X-S =   1.0731E+04 mb/sr,                       & pols = 0.  0.00223
+                                         /R =   8.1731E-01
    17.00 deg.: X-S =  7999.907969 mb/sr,                       & pols =-0.  0.00221
+                                         /R =   7.7522E-01
    18.00 deg.: X-S =  5953.124922 mb/sr,                       & pols =-0.  0.00203
+                                         /R =   7.2378E-01
    19.00 deg.: X-S =  4423.478869 mb/sr,                       & pols =-0.  0.00175
+                                         /R =   6.6640E-01
    20.00 deg.: X-S =  3291.270516 mb/sr,                       & pols =-0.  0.00141
+                                         /R =   6.0754E-01
    21.00 deg.: X-S =  2464.346140 mb/sr,                       & pols =-0.  0.00111
+                                         /R =   5.5178E-01
    22.00 deg.: X-S =  1868.932603 mb/sr,                       & pols =-0.  0.00091
+                                         /R =   5.0295E-01
    23.00 deg.: X-S =  1445.373461 mb/sr,                       & pols =-0.  0.00089
+                                         /R =   4.6359E-01
    24.00 deg.: X-S =  1145.926115 mb/sr,                       & pols =-0.  0.00109
+                                         /R =   4.3472E-01
    25.00 deg.: X-S =   933.275855 mb/sr,                       & pols =-0.  0.00147
+                                         /R =   4.1581E-01
    26.00 deg.: X-S =   779.202405 mb/sr,                       & pols =-0.  0.00198
+                                         /R =   4.0507E-01
    27.00 deg.: X-S =   663.220654 mb/sr,                       & pols =-0.  0.00251
+                                         /R =   3.9988E-01
    28.00 deg.: X-S =   571.191259 mb/sr,                       & pols = 0.  0.00300
+                                         /R =   3.9721E-01
    29.00 deg.: X-S =   493.960474 mb/sr,                       & pols =-0.  0.00340
+                                         /R =   3.9412E-01
    30.00 deg.: X-S =   426.098099 mb/sr,                       & pols = 0.  0.00370
+                                         /R =   3.8817E-01
    31.00 deg.: X-S =   364.788300 mb/sr,                       & pols = 0.  0.00392
+                                         /R =   3.7772E-01
    32.00 deg.: X-S =   308.906279 mb/sr,                       & pols = 0.  0.00412
+                                         /R =   3.6200E-01
    33.00 deg.: X-S =   258.292223 mb/sr,                       & pols = 0.  0.00436
+                                         /R =   3.4120E-01
    34.00 deg.: X-S =   213.216262 mb/sr,                       & pols = 0.  0.00473
+                                         /R =   3.1630E-01
    35.00 deg.: X-S =   174.015397 mb/sr,                       & pols = 0.  0.00531
+                                         /R =   2.8886E-01
    36.00 deg.: X-S =   140.875501 mb/sr,                       & pols = 0.  0.00624
+                                         /R =   2.6079E-01
    37.00 deg.: X-S =   113.727973 mb/sr,                       & pols = 0.  0.00762
+                                         /R =   2.3405E-01
    38.00 deg.: X-S =    92.230434 mb/sr,                       & pols = 0.  0.00951
+                                         /R =   2.1037E-01
    39.00 deg.: X-S =    75.803243 mb/sr,                       & pols =-0.  0.01186
+                                         /R =   1.9107E-01
    40.00 deg.: X-S =    63.697534 mb/sr,                       & pols =-0.  0.01443
+                                         /R =   1.7695E-01
    41.00 deg.: X-S =    55.075344 mb/sr,                       & pols =-0.  0.01686
+                                         /R =   1.6819E-01
    42.00 deg.: X-S =    49.087447 mb/sr,                       & pols =-0.  0.01869
+                                         /R =   1.6437E-01
    43.00 deg.: X-S =    44.939366 mb/sr,                       & pols =-0.  0.01962
+                                         /R =   1.6461E-01
    44.00 deg.: X-S =    41.940280 mb/sr,                       & pols = 0.  0.01954
+                                         /R =   1.6767E-01
    45.00 deg.: X-S =    39.533059 mb/sr,                       & pols = 0.  0.01852
+                                         /R =   1.7213E-01
    46.00 deg.: X-S =    37.306282 mb/sr,                       & pols = 0.  0.01674
+                                         /R =   1.7653E-01
    47.00 deg.: X-S =    34.990892 mb/sr,                       & pols = 0.  0.01436
+                                         /R =   1.7959E-01
    48.00 deg.: X-S =    32.445124 mb/sr,                       & pols = 0.  0.01151
+                                         /R =   1.8027E-01
    49.00 deg.: X-S =    29.631730 mb/sr,                       & pols = 0.  0.00826
+                                         /R =   1.7791E-01
    50.00 deg.: X-S =    26.591338 mb/sr,                       & pols = 0.  0.00467
+                                         /R =   1.7221E-01
    51.00 deg.: X-S =    23.415291 mb/sr,                       & pols = 0.  0.00075
+                                         /R =   1.6329E-01
    52.00 deg.: X-S =    20.220577 mb/sr,                       & pols = 0. -0.00349
+                                         /R =   1.5160E-01
    53.00 deg.: X-S =    17.128673 mb/sr,                       & pols = 0. -0.00799
+                                         /R =   1.3784E-01
    54.00 deg.: X-S =    14.249327 mb/sr,                       & pols = 0. -0.01265
+                                         /R =   1.2289E-01
    55.00 deg.: X-S =    11.669592 mb/sr,                       & pols = 0. -0.01722
+                                         /R =   1.0770E-01
    56.00 deg.: X-S =     9.447883 mb/sr,                       & pols = 0. -0.02127
+                                         /R =   9.3176E-02
    57.00 deg.: X-S =     7.612411 mb/sr,                       & pols = 0. -0.02403
+                                         /R =   8.0114E-02
    58.00 deg.: X-S =     6.163077 mb/sr,                       & pols = 0. -0.02447
+                                         /R =   6.9122E-02
    59.00 deg.: X-S =     5.075841 mb/sr,                       & pols = 0. -0.02139
+                                         /R =   6.0589E-02
    60.00 deg.: X-S =     4.308552 mb/sr,                       & pols = 0. -0.01404
+                                         /R =   5.4669E-02
    61.00 deg.: X-S =     3.807343 mb/sr,                       & pols =-0. -0.00277
+                                         /R =   5.1290E-02
    62.00 deg.: X-S =     3.512862 mb/sr,                       & pols = 0.  0.01075
+                                         /R =   5.0182E-02
    63.00 deg.: X-S =     3.365777 mb/sr,                       & pols =-0.  0.02420
+                                         /R =   5.0928E-02
    64.00 deg.: X-S =     3.311209 mb/sr,                       & pols = 0.  0.03573
+                                         /R =   5.3010E-02
    65.00 deg.: X-S =     3.301915 mb/sr,                       & pols = 0.  0.04448
+                                         /R =   5.5868E-02
    66.00 deg.: X-S =     3.300194 mb/sr,                       & pols = 0.  0.05042
+                                         /R =   5.8953E-02
    67.00 deg.: X-S =     3.278637 mb/sr,                       & pols = 0.  0.05393
+                                         /R =   6.1771E-02
    68.00 deg.: X-S =     3.219878 mb/sr,                       & pols = 0.  0.05547
+                                         /R =   6.3917E-02
    69.00 deg.: X-S =     3.115596 mb/sr,                       & pols = 0.  0.05543
+                                         /R =   6.5101E-02
    70.00 deg.: X-S =     2.965008 mb/sr,                       & pols = 0.  0.05408
+                                         /R =   6.5151E-02
    71.00 deg.: X-S =     2.773089 mb/sr,                       & pols = 0.  0.05156
+                                         /R =   6.4020E-02
    72.00 deg.: X-S =     2.548718 mb/sr,                       & pols = 0.  0.04792
+                                         /R =   6.1763E-02
    73.00 deg.: X-S =     2.302942 mb/sr,                       & pols = 0.  0.04312
+                                         /R =   5.8528E-02
    74.00 deg.: X-S =     2.047446 mb/sr,                       & pols = 0.  0.03705
+                                         /R =   5.4525E-02
    75.00 deg.: X-S =     1.793336 mb/sr,                       & pols = 0.  0.02956
+                                         /R =   5.0001E-02
    76.00 deg.: X-S =     1.550245 mb/sr,                       & pols = 0.  0.02049
+                                         /R =   4.5217E-02
    77.00 deg.: X-S =     1.325778 mb/sr,                       & pols = 0.  0.00973
+                                         /R =   4.0421E-02
    78.00 deg.: X-S =     1.125250 mb/sr,                       & pols = 0. -0.00270
+                                         /R =   3.5832E-02
    79.00 deg.: X-S =     0.951686 mb/sr,                       & pols = 0. -0.01655
+                                         /R =   3.1628E-02
    80.00 deg.: X-S =     0.806018 mb/sr,                       & pols = 0. -0.03119
+                                         /R =   2.7935E-02
                                           Integrated********** mb, over [   0.000,  80.000] at    21.0000 MeV 

 CROSS SECTIONS FOR OUTGOING h2       & ca40     in state #   1 with spins & parities 1.0  + &  7.0  -;  0

     0.00 deg.: X-S =   373.429357 mb/sr,                       & pols = 0.  0.00000
+                                         REAC   1.9929E+03 mb
     1.00 deg.: X-S =   371.758684 mb/sr,                       & pols = 0.  0.01794
     2.00 deg.: X-S =   366.805154 mb/sr,                       & pols = 0.  0.03569
     3.00 deg.: X-S =   358.740896 mb/sr,                       & pols = 0.  0.05305
     4.00 deg.: X-S =   347.841942 mb/sr,                       & pols = 0.  0.06986
     5.00 deg.: X-S =   334.472935 mb/sr,                       & pols = 0.  0.08599
     6.00 deg.: X-S =   319.067516 mb/sr,                       & pols = 0.  0.10134
     7.00 deg.: X-S =   302.105890 mb/sr,                       & pols = 0.  0.11582
     8.00 deg.: X-S =   284.091112 mb/sr,                       & pols = 0.  0.12939
     9.00 deg.: X-S =   265.525580 mb/sr,                       & pols = 0.  0.14201
    10.00 deg.: X-S =   246.889062 mb/sr,                       & pols = 0.  0.15361
    11.00 deg.: X-S =   228.619348 mb/sr,                       & pols = 0.  0.16410
    12.00 deg.: X-S =   211.096395 mb/sr,                       & pols = 0.  0.17330
    13.00 deg.: X-S =   194.630628 mb/sr,                       & pols = 0.  0.18093
    14.00 deg.: X-S =   179.455803 mb/sr,                       & pols = 0.  0.18666
    15.00 deg.: X-S =   165.726677 mb/sr,                       & pols = 0.  0.19005
    16.00 deg.: X-S =   153.521471 mb/sr,                       & pols = 0.  0.19070
    17.00 deg.: X-S =   142.848908 mb/sr,                       & pols = 0.  0.18832
    18.00 deg.: X-S =   133.659256 mb/sr,                       & pols = 0.  0.18282
    19.00 deg.: X-S =   125.858501 mb/sr,                       & pols = 0.  0.17446
    20.00 deg.: X-S =   119.324377 mb/sr,                       & pols = 0.  0.16381
    21.00 deg.: X-S =   113.922688 mb/sr,                       & pols = 0.  0.15173
    22.00 deg.: X-S =   109.522184 mb/sr,                       & pols = 0.  0.13929
    23.00 deg.: X-S =   106.006316 mb/sr,                       & pols = 0.  0.12754
    24.00 deg.: X-S =   103.280551 mb/sr,                       & pols = 0.  0.11735
    25.00 deg.: X-S =   101.274533 mb/sr,                       & pols = 0.  0.10926
    26.00 deg.: X-S =    99.939182 mb/sr,                       & pols = 0.  0.10340
    27.00 deg.: X-S =    99.239683 mb/sr,                       & pols = 0.  0.09945
    28.00 deg.: X-S =    99.146026 mb/sr,                       & pols = 0.  0.09677
    29.00 deg.: X-S =    99.623254 mb/sr,                       & pols = 0.  0.09454
    30.00 deg.: X-S =   100.623580 mb/sr,                       & pols = 0.  0.09193
    31.00 deg.: X-S =   102.082197 mb/sr,                       & pols =-0.  0.08836
    32.00 deg.: X-S =   103.917815 mb/sr,                       & pols =-0.  0.08355
    33.00 deg.: X-S =   106.037964 mb/sr,                       & pols = 0.  0.07761
    34.00 deg.: X-S =   108.348028 mb/sr,                       & pols = 0.  0.07100
    35.00 deg.: X-S =   110.762096 mb/sr,                       & pols = 0.  0.06440
    36.00 deg.: X-S =   113.213227 mb/sr,                       & pols = 0.  0.05857
    37.00 deg.: X-S =   115.660685 mb/sr,                       & pols = 0.  0.05422
    38.00 deg.: X-S =   118.092293 mb/sr,                       & pols =-0.  0.05188
    39.00 deg.: X-S =   120.521014 mb/sr,                       & pols =-0.  0.05177
    40.00 deg.: X-S =   122.976122 mb/sr,                       & pols = 0.  0.05379
    41.00 deg.: X-S =   125.490597 mb/sr,                       & pols = 0.  0.05749
    42.00 deg.: X-S =   128.087280 mb/sr,                       & pols = 0.  0.06215
    43.00 deg.: X-S =   130.766797 mb/sr,                       & pols = 0.  0.06693
    44.00 deg.: X-S =   133.499984 mb/sr,                       & pols = 0.  0.07097
    45.00 deg.: X-S =   136.226704 mb/sr,                       & pols = 0.  0.07357
    46.00 deg.: X-S =   138.861586 mb/sr,                       & pols = 0.  0.07432
    47.00 deg.: X-S =   141.305724 mb/sr,                       & pols = 0.  0.07312
    48.00 deg.: X-S =   143.461990 mb/sr,                       & pols = 0.  0.07018
    49.00 deg.: X-S =   145.250766 mb/sr,                       & pols = 0.  0.06600
    50.00 deg.: X-S =   146.622713 mb/sr,                       & pols = 0.  0.06127
    51.00 deg.: X-S =   147.565787 mb/sr,                       & pols = 0.  0.05676
    52.00 deg.: X-S =   148.104945 mb/sr,                       & pols = 0.  0.05323
    53.00 deg.: X-S =   148.294589 mb/sr,                       & pols = 0.  0.05128
    54.00 deg.: X-S =   148.205439 mb/sr,                       & pols = 0.  0.05131
    55.00 deg.: X-S =   147.908756 mb/sr,                       & pols = 0.  0.05342
    56.00 deg.: X-S =   147.461479 mb/sr,                       & pols = 0.  0.05738
    57.00 deg.: X-S =   146.895592 mb/sr,                       & pols = 0.  0.06270
    58.00 deg.: X-S =   146.214092 mb/sr,                       & pols = 0.  0.06867
    59.00 deg.: X-S =   145.394359 mb/sr,                       & pols = 0.  0.07452
    60.00 deg.: X-S =   144.398021 mb/sr,                       & pols = 0.  0.07956
    61.00 deg.: X-S =   143.184849 mb/sr,                       & pols = 0.  0.08328
    62.00 deg.: X-S =   141.727261 mb/sr,                       & pols = 0.  0.08545
    63.00 deg.: X-S =   140.021831 mb/sr,                       & pols = 0.  0.08620
    64.00 deg.: X-S =   138.094916 mb/sr,                       & pols = 0.  0.08595
    65.00 deg.: X-S =   136.000887 mb/sr,                       & pols = 0.  0.08541
    66.00 deg.: X-S =   133.813291 mb/sr,                       & pols = 0.  0.08543
    67.00 deg.: X-S =   131.610977 mb/sr,                       & pols = 0.  0.08689
    68.00 deg.: X-S =   129.462606 mb/sr,                       & pols = 0.  0.09052
    69.00 deg.: X-S =   127.413412 mb/sr,                       & pols = 0.  0.09676
    70.00 deg.: X-S =   125.477726 mb/sr,                       & pols = 0.  0.10567
    71.00 deg.: X-S =   123.639432 mb/sr,                       & pols = 0.  0.11690
    72.00 deg.: X-S =   121.860655 mb/sr,                       & pols = 0.  0.12977
    73.00 deg.: X-S =   120.096909 mb/sr,                       & pols = 0.  0.14340
    74.00 deg.: X-S =   118.315230 mb/sr,                       & pols = 0.  0.15686
    75.00 deg.: X-S =   116.510847 mb/sr,                       & pols = 0.  0.16934
    76.00 deg.: X-S =   114.718077 mb/sr,                       & pols = 0.  0.18027
    77.00 deg.: X-S =   113.012252 mb/sr,                       & pols = 0.  0.18938
    78.00 deg.: X-S =   111.501554 mb/sr,                       & pols = 0.  0.19672
    79.00 deg.: X-S =   110.309988 mb/sr,                       & pols = 0.  0.20262
    80.00 deg.: X-S =   109.555016 mb/sr,                       & pols = 0.  0.20756
                                           Integrated  694.9516 mb, over [   0.000,  80.000] at    21.0000 MeV 
 Finished all xsecs @    2.41573000    

  The following files have been created:
   3:local copy of User input.            6:standard output.                   
  13:total cross sections/state.         16:tables of cross sections.          
  35:Astrophysics S-factors  / Ecm.      39:cross sections for each Ecm.       
  40:all cross sectns. for each Elab.    46:bs wave functions & ANC ratios.    
  56:Fusion for each Jtotal.             58:Single-particle wfns.              
  75:S-factors for lab energies.        201:Separate cross sections.           
 202:Separate cross sections.           

 PARAMETERS : MAXQRN   MFNL   MLOC  LMAX1 MCLIST
    ALLOWED :     14    729     26     55      6
    REQUIRED:      1      0     13     44      4


 ACCURACY ANALYSIS at    21.000 MeV :

  Elastic h*k = 0.016 so OK       compared with 0.200

   Real(S-el) > 0.01 first at J =       1.0
   Real(S-el) > 0.10 first at J =       5.0
   Real(S-el) > 0.50 first at J =       8.0
   Real(S-el) > 0.90 first at J =      10.0
   Real(S-el) > 0.99 first at J =      13.0
   R-turn =    23.42 fm    at J =      35.0

 Forward-angle excitation cut off below   7.320 deg by max JT =      35.0
                              and below   6.434 deg by max R.

 Total CPU  0 time =       2.42 seconds
