 FRESCO - FRES 3.4: Coupled Reaction Channels
 Assuming NAMELIST input.

 39K(3He,d)40Ca 21 MeV DWBA ZR 7113 keV Jpi=1- l=1 n=2 j=3/2                     

   0.010  30.000   0.100   0.100  10.000  -0.300   0.000   0.000   0.000   0.000

 Centre-of-mass Range is   3002 * 0.0100 fm., Maximum at  30.00 fm., Interpolating NL forms every  0.10 fm.
 Non - locality width is    101 * 0.1000 fm., Maximum of  10.00 fm., Centred at -0.20 fm.
 2-Nucleon Separation of      0 * 0.1000 fm., Maximum of   0.00 fm., Minimum at  0.00 fm.
 Maximum single particle bins of 30.0000 fm.
               M,Mint =         3001        3001


 Range of total J is     0.0 <= J <=    30.0 (at least     0.0) and Absorbtion =>    -1.0000 mb.
 Dry Run = F, CC set limits =  0  0, Relativistic kinematics =  , Both/Far/Near Analyses =  1                     

 Cross Sections (and up to T1 for 0=projectile) for Theta from   0.0 to  80.0 in steps of  1.0 degrees, DGAM=0,  Coordinates = 0 (Mads)

 Lower Radial Cutoff = maximum of -1.60*L*h &       0.0 fm.,  Lower Cutoff for Couplings =   0.0  fm.


 Iterate Couplings between   0 and   1 times, to  0.000 % if sooner.                                          
  Block solved exactly =   0 chs., with Pade = 0 & Isocen =  =0, NOSOL = F, initwf =  0
  NL quadrature with   36 Gaussian points, Calculate multipoles up to    36 from   0
  M-transfers for lp+lt greater than or equal to  6, Angular Integration Cutoff below  0.6944 %


 Trace switches are :  CHANS =  1, LISTCC =  0, TRENEG =  0, CDETR =  0, SMATS =  0, XSTABL =  1, NLPL =  0

                       WAVES =  0, LAMPL =  0, VEFF =  0, KFUS =  0, WDISK =  0, BPM =  0, MELFIL =  0

                       CDCC =  0, NFUS =  0

 Using unit mass = 1.000000 amu and 1/fine-structure constant = 137.03599 ( 1.000000 * true ) with hc = 197.32705 MeV.fm,
  thus 2*amu/hbar^2 = 0.0478450 = 1/20.9008 and Coulomb constant = 0.1574855 so e^2 = 1.43997, and nuclear magneton= 0.1261183

 Now pre-scan input and save to file 3

  WARNING: target longitudinal recoil NOT included in the ZR coupling #            1


 *********** PARTITION NUMBER  1 ******************************************************************************************

   PROJ=he3        MASS=  3.0150 Z=   2.0,        # STATES=    1T, TARG=k39      MASS= 38.9530 Z=  19.0,     Q-VALUE =   0.0000 MEV.

     1:  J= 0.5+ (B# 1), E=  0.0000, K= 0.5              Potl#  1       J= 1.5+ (B# 1), E=  0.0000, K= 0.5    


 *********** PARTITION NUMBER  2 ******************************************************************************************

   PROJ=h2         MASS=  2.0140 Z=   1.0,        # STATES=    1T, TARG=ca40     MASS= 39.9630 Z=  20.0,     Q-VALUE =   2.8347 MEV.

     1:  J= 1.0+ (B# 1), E=  0.0000, K= 0.0              Potl#  2       J= 1.0- (B#-1), E=  7.1131, K= 0.0    
0****** WARNING : COMPARED WITH PARTITION  1, THIS PARTITION HAS TOTAL MASS & CHARGE EXCESSES   0.01205 &   0.0000


 ************************************************************************************************************************************

 The following POTENTIALS are defined :

  KP#       TYPE      IT    SHAPE      at     V1        r1        a1        V2        r2        a2        A-in     A-used


                                            A#1       A#2        r0c       ac                                                h @ 1
    1    0=Coulomb       0=CHARGE (WS)  1    38.953     0.000    1.2890    0.0000    0.0000    0.0000     0.000    38.953   0.01000

    1    1=Volume        0=Woods-Saxon  2  117.8810    1.1780    0.7680   -0.6460    1.4150    0.8470     0.000    38.953

    1    2=Surface       0=Woods-Saxon  3    0.0000    0.0000    0.0000   20.6650    1.1980    0.8520     0.000    38.953

    1    3=Projtl S.O.   0=Woods-Saxon  4    2.0830    0.7380    0.9460   -1.1590    0.0000    0.0000     0.000    38.953
   --------------------------------------------------------------------------------------------------------------------

                                            A#1       A#2        r0c       ac                                                h @ 2
    2    0=Coulomb       0=CHARGE (WS)  5    39.963     0.000    1.3030    0.0000    0.0000    0.0000     0.000    39.963   0.01000

    2    1=Volume        0=Woods-Saxon  6   91.1200    1.1500    0.7620    2.2340    1.3340    0.5130     0.000    39.963

    2    2=Surface       0=Woods-Saxon  7    0.0000    0.0000    0.0000   10.2740    1.3780    0.7430     0.000    39.963

    2    3=Projtl S.O.   0=Woods-Saxon  8    3.5570    0.9720    1.0110    0.0000    0.0000    0.0000     0.000    39.963
   --------------------------------------------------------------------------------------------------------------------

                                            A#1       A#2        r0c       ac                                                h @ 0
    3    0=Coulomb       0=CHARGE (WS)  9     3.015     0.000    1.2500    0.0000    0.0000    0.0000     0.000     3.015   0.01000

    3    1=Volume        0=Woods-Saxon 10   50.0000    1.2500    0.6500    0.0000    0.0000    0.0000     0.000     3.015
   --------------------------------------------------------------------------------------------------------------------

                                            A#1       A#2        r0c       ac                                                h @ 0
    4    0=Coulomb       0=CHARGE (WS) 11    38.953     0.000    1.2500    0.0000    0.0000    0.0000     0.000    38.953   0.01000

    4    1=Volume        0=Woods-Saxon 12   50.0000    1.2500    0.6500    0.0000    0.0000    0.0000     0.000    38.953


 ************************************************************************************************************************************

 The following SINGLE-PARTICLE FORM FACTORS are constructed :


 No.   P1 P2 IN KIND T N  L  S1 IA J/S  IB BIND XFER  BE    SC PC FIL AFRAC Adjust  to  Z  Mass   K     Norm    rms      D0     D   ANC/Gsp

 For Channel #  1 with l = 0,  j =  0.5, around core state #  1

   R    Y(R)
   0.00   0.0000E+00,    0.10   5.8280E-02,    0.20   1.1591E-01,    0.30   1.7228E-01,    0.40   2.2679E-01,    0.50   2.7891E-01, 
   0.60   3.2812E-01,    0.70   3.7401E-01,    0.80   4.1621E-01,    0.90   4.5442E-01,    1.00   4.8842E-01,    1.10   5.1808E-01, 
   1.20   5.4332E-01,    1.30   5.6417E-01,    1.40   5.8070E-01,    1.50   5.9306E-01,    1.60   6.0146E-01,    1.70   6.0615E-01, 
   1.80   6.0741E-01,    1.90   6.0557E-01,    2.00   6.0094E-01,    2.10   5.9388E-01,    2.20   5.8471E-01,    2.30   5.7376E-01, 
   2.40   5.6133E-01,    2.50   5.4772E-01,    2.60   5.3317E-01,    2.70   5.1794E-01,    2.80   5.0221E-01,    2.90   4.8618E-01, 
   3.00   4.6999E-01,    3.10   4.5378E-01,    3.20   4.3767E-01,    3.30   4.2173E-01,    3.40   4.0605E-01,    3.50   3.9068E-01, 
   3.60   3.7566E-01,    3.70   3.6103E-01,    3.80   3.4682E-01,    3.90   3.3304E-01,    4.00   3.1970E-01,    4.10   3.0681E-01, 
   4.20   2.9437E-01,    4.30   2.8238E-01,    4.40   2.7083E-01,    4.50   2.5971E-01,    4.60   2.4902E-01,    4.70   2.3874E-01, 
   4.80   2.2887E-01,    4.90   2.1939E-01,    5.00   2.1029E-01,    5.10   2.0156E-01,    5.20   1.9318E-01,    5.30   1.8514E-01, 
   5.40   1.7743E-01,    5.50   1.7004E-01,    5.60   1.6296E-01,    5.70   1.5616E-01,    5.80   1.4965E-01,    5.90   1.4341E-01, 
   6.00   1.3743E-01,    6.10   1.3170E-01,    6.20   1.2620E-01,    6.30   1.2094E-01,    6.40   1.1589E-01,    6.50   1.1106E-01, 
   6.60   1.0643E-01,    6.70   1.0199E-01,    6.80   9.7738E-02,    6.90   9.3663E-02,    7.00   8.9758E-02,    7.10   8.6017E-02, 
   7.20   8.2432E-02,    7.30   7.8996E-02,    7.40   7.5705E-02,    7.50   7.2551E-02,    7.60   6.9529E-02,    7.70   6.6633E-02, 
   7.80   6.3858E-02,    7.90   6.1199E-02,    8.00   5.8651E-02,    8.10   5.6210E-02,    8.20   5.3870E-02,    8.30   5.1628E-02, 
   8.40   4.9480E-02,    8.50   4.7422E-02,    8.60   4.5449E-02,    8.70   4.3559E-02,    8.80   4.1747E-02,    8.90   4.0011E-02, 
   9.00   3.8348E-02,    9.10   3.6753E-02,    9.20   3.5226E-02,    9.30   3.3762E-02,    9.40   3.2358E-02,    9.50   3.1014E-02, 
   9.60   2.9725E-02,    9.70   2.8490E-02,    9.80   2.7307E-02,    9.90   2.6173E-02,   10.00   2.5086E-02,   10.10   2.4044E-02, 
  10.20   2.3046E-02,   10.30   2.2089E-02,   10.40   2.1172E-02,   10.50   2.0293E-02,   10.60   1.9451E-02,   10.70   1.8644E-02, 
  10.80   1.7870E-02,   10.90   1.7128E-02,   11.00   1.6418E-02,   11.10   1.5737E-02,   11.20   1.5084E-02,   11.30   1.4458E-02, 
  11.40   1.3858E-02,   11.50   1.3284E-02,   11.60   1.2733E-02,   11.70   1.2205E-02,   11.80   1.1699E-02,   11.90   1.1214E-02, 
  12.00   1.0749E-02,   12.10   1.0303E-02,   12.20   9.8761E-03,   12.30   9.4667E-03,   12.40   9.0744E-03,   12.50   8.6983E-03, 
  12.60   8.3378E-03,   12.70   7.9923E-03,   12.80   7.6612E-03,   12.90   7.3438E-03,   13.00   7.0395E-03,   13.10   6.7479E-03, 
  13.20   6.4684E-03,   13.30   6.2004E-03,   13.40   5.9436E-03,   13.50   5.6975E-03,   13.60   5.4615E-03,   13.70   5.2353E-03, 
  13.80   5.0185E-03,   13.90   4.8107E-03,   14.00   4.6116E-03,   14.10   4.4206E-03,   14.20   4.2376E-03,   14.30   4.0622E-03, 
  14.40   3.8940E-03,   14.50   3.7329E-03,   14.60   3.5783E-03,   14.70   3.4302E-03,   14.80   3.2883E-03,   14.90   3.1522E-03, 
  15.00   3.0217E-03,   15.10   2.8967E-03,   15.20   2.7768E-03,   15.30   2.6619E-03,   15.40   2.5518E-03,   15.50   2.4462E-03, 
  15.60   2.3450E-03,   15.70   2.2480E-03,   15.80   2.1550E-03,   15.90   2.0659E-03,   16.00   1.9804E-03,   16.10   1.8985E-03, 
  16.20   1.8200E-03,   16.30   1.7447E-03,   16.40   1.6726E-03,   16.50   1.6034E-03,   16.60   1.5371E-03,   16.70   1.4735E-03, 
  16.80   1.4126E-03,   16.90   1.3542E-03,   17.00   1.2982E-03,   17.10   1.2445E-03,   17.20   1.1931E-03,   17.30   1.1438E-03, 
  17.40   1.0965E-03,   17.50   1.0511E-03,   17.60   1.0077E-03,   17.70   9.6604E-04,   17.80   9.2611E-04,   17.90   8.8783E-04, 
  18.00   8.5114E-04,   18.10   8.1596E-04,   18.20   7.8224E-04,   18.30   7.4991E-04,   18.40   7.1892E-04,   18.50   6.8921E-04, 
  18.60   6.6073E-04,   18.70   6.3343E-04,   18.80   6.0725E-04,   18.90   5.8216E-04,   19.00   5.5811E-04,   19.10   5.3505E-04, 
  19.20   5.1295E-04,   19.30   4.9175E-04,   19.40   4.7144E-04,   19.50   4.5196E-04,   19.60   4.3329E-04,   19.70   4.1539E-04, 
  19.80   3.9823E-04,   19.90   3.8179E-04,   20.00   3.6602E-04,   20.10   3.5090E-04,   20.20   3.3640E-04,   20.30   3.2251E-04, 
  20.40   3.0919E-04,   20.50   2.9642E-04,   20.60   2.8418E-04,   20.70   2.7244E-04,   20.80   2.6119E-04,   20.90   2.5041E-04, 
  21.00   2.4007E-04,   21.10   2.3015E-04,   21.20   2.2065E-04,   21.30   2.1154E-04,   21.40   2.0281E-04,   21.50   1.9443E-04, 
  21.60   1.8640E-04,   21.70   1.7871E-04,   21.80   1.7133E-04,   21.90   1.6426E-04,   22.00   1.5748E-04,   22.10   1.5098E-04, 
  22.20   1.4474E-04,   22.30   1.3877E-04,   22.40   1.3304E-04,   22.50   1.2755E-04,   22.60   1.2228E-04,   22.70   1.1724E-04, 
  22.80   1.1240E-04,   22.90   1.0776E-04,   23.00   1.0331E-04,   23.10   9.9046E-05,   23.20   9.4958E-05,   23.30   9.1039E-05, 
  23.40   8.7282E-05,   23.50   8.3680E-05,   23.60   8.0226E-05,   23.70   7.6915E-05,   23.80   7.3741E-05,   23.90   7.0698E-05, 
  24.00   6.7781E-05,   24.10   6.4984E-05,   24.20   6.2303E-05,   24.30   5.9732E-05,   24.40   5.7267E-05,   24.50   5.4904E-05, 
  24.60   5.2639E-05,   24.70   5.0467E-05,   24.80   4.8385E-05,   24.90   4.6389E-05,   25.00   4.4475E-05,   25.10   4.2640E-05, 
  25.20   4.0881E-05,   25.30   3.9194E-05,   25.40   3.7577E-05,   25.50   3.6027E-05,   25.60   3.4541E-05,   25.70   3.3116E-05, 
  25.80   3.1750E-05,   25.90   3.0440E-05,   26.00   2.9184E-05,   26.10   2.7981E-05,   26.20   2.6827E-05,   26.30   2.5720E-05, 
  26.40   2.4659E-05,   26.50   2.3642E-05,   26.60   2.2667E-05,   26.70   2.1732E-05,   26.80   2.0836E-05,   26.90   1.9976E-05, 
  27.00   1.9152E-05,   27.10   1.8363E-05,   27.20   1.7605E-05,   27.30   1.6879E-05,   27.40   1.6183E-05,   27.50   1.5516E-05, 
  27.60   1.4876E-05,   27.70   1.4262E-05,   27.80   1.3674E-05,   27.90   1.3110E-05,   28.00   1.2570E-05,   28.10   1.2051E-05, 
  28.20   1.1554E-05,   28.30   1.1078E-05,   28.40   1.0621E-05,   28.50   1.0183E-05,   28.60   9.7634E-06,   28.70   9.3608E-06, 
  28.80   8.9749E-06,   28.90   8.6048E-06,   29.00   8.2500E-06,   29.10   7.9099E-06,   29.20   7.5838E-06,   29.30   7.2711E-06, 
  29.40   6.9713E-06,   29.50   6.6839E-06,   29.60   6.4084E-06,   29.70   6.1442E-06,   29.80   5.8909E-06,   29.90   5.6480E-06, 
  30.00   5.4152E-06, 

 No.   P1 P2 IN KIND T N  L  S1 IA J/S  IB BIND XFER  BE    SC PC FIL AFRAC Adjust  to  Z  Mass   K     Norm    rms      D0     D   ANC/Gsp

    At R=   29.990, ANC in ch  1 is    1.8773    ,   eta,eta*ln(2*rho)+rho =   0.54944E-01    12.750    

    1:  2  1  1  0     1  0 0.5  1 0.5   0   3   0   5.4935  1  1  0 0.0000 VR  0.8879; 1. 1.001 0.4192 1.0000  2.820 -166.8 -174.2  1.8773

 For Channel #  1 with l = 1,  j =  1.5, around core state #  1

   R    Y(R)
   0.00  -0.0000E+00,    0.10   3.5026E-03,    0.20   1.3913E-02,    0.30   3.0942E-02,    0.40   5.4119E-02,    0.50   8.2798E-02, 
   0.60   1.1618E-01,    0.70   1.5332E-01,    0.80   1.9318E-01,    0.90   2.3462E-01,    1.00   2.7643E-01,    1.10   3.1741E-01, 
   1.20   3.5633E-01,    1.30   3.9200E-01,    1.40   4.2331E-01,    1.50   4.4923E-01,    1.60   4.6885E-01,    1.70   4.8142E-01, 
   1.80   4.8634E-01,    1.90   4.8321E-01,    2.00   4.7180E-01,    2.10   4.5210E-01,    2.20   4.2429E-01,    2.30   3.8876E-01, 
   2.40   3.4607E-01,    2.50   2.9695E-01,    2.60   2.4231E-01,    2.70   1.8316E-01,    2.80   1.2061E-01,    2.90   5.5827E-02, 
   3.00  -9.9732E-03,    3.10  -7.5597E-02,    3.20  -1.3989E-01,    3.30  -2.0177E-01,    3.40  -2.6027E-01,    3.50  -3.1454E-01, 
   3.60  -3.6390E-01,    3.70  -4.0781E-01,    3.80  -4.4594E-01,    3.90  -4.7808E-01,    4.00  -5.0424E-01,    4.10  -5.2451E-01, 
   4.20  -5.3917E-01,    4.30  -5.4857E-01,    4.40  -5.5314E-01,    4.50  -5.5337E-01,    4.60  -5.4978E-01,    4.70  -5.4291E-01, 
   4.80  -5.3327E-01,    4.90  -5.2136E-01,    5.00  -5.0764E-01,    5.10  -4.9253E-01,    5.20  -4.7640E-01,    5.30  -4.5958E-01, 
   5.40  -4.4234E-01,    5.50  -4.2492E-01,    5.60  -4.0750E-01,    5.70  -3.9026E-01,    5.80  -3.7330E-01,    5.90  -3.5674E-01, 
   6.00  -3.4063E-01,    6.10  -3.2504E-01,    6.20  -3.1000E-01,    6.30  -2.9554E-01,    6.40  -2.8166E-01,    6.50  -2.6837E-01, 
   6.60  -2.5566E-01,    6.70  -2.4353E-01,    6.80  -2.3197E-01,    6.90  -2.2095E-01,    7.00  -2.1046E-01,    7.10  -2.0049E-01, 
   7.20  -1.9100E-01,    7.30  -1.8198E-01,    7.40  -1.7341E-01,    7.50  -1.6527E-01,    7.60  -1.5753E-01,    7.70  -1.5018E-01, 
   7.80  -1.4320E-01,    7.90  -1.3656E-01,    8.00  -1.3026E-01,    8.10  -1.2427E-01,    8.20  -1.1858E-01,    8.30  -1.1317E-01, 
   8.40  -1.0803E-01,    8.50  -1.0314E-01,    8.60  -9.8494E-02,    8.70  -9.4073E-02,    8.80  -8.9867E-02,    8.90  -8.5865E-02, 
   9.00  -8.2056E-02,    9.10  -7.8431E-02,    9.20  -7.4979E-02,    9.30  -7.1692E-02,    9.40  -6.8561E-02,    9.50  -6.5578E-02, 
   9.60  -6.2736E-02,    9.70  -6.0027E-02,    9.80  -5.7444E-02,    9.90  -5.4982E-02,   10.00  -5.2633E-02,   10.10  -5.0393E-02, 
  10.20  -4.8256E-02,   10.30  -4.6217E-02,   10.40  -4.4270E-02,   10.50  -4.2412E-02,   10.60  -4.0637E-02,   10.70  -3.8943E-02, 
  10.80  -3.7324E-02,   10.90  -3.5778E-02,   11.00  -3.4301E-02,   11.10  -3.2889E-02,   11.20  -3.1539E-02,   11.30  -3.0249E-02, 
  11.40  -2.9015E-02,   11.50  -2.7835E-02,   11.60  -2.6707E-02,   11.70  -2.5627E-02,   11.80  -2.4594E-02,   11.90  -2.3606E-02, 
  12.00  -2.2660E-02,   12.10  -2.1754E-02,   12.20  -2.0887E-02,   12.30  -2.0057E-02,   12.40  -1.9262E-02,   12.50  -1.8500E-02, 
  12.60  -1.7771E-02,   12.70  -1.7072E-02,   12.80  -1.6402E-02,   12.90  -1.5761E-02,   13.00  -1.5146E-02,   13.10  -1.4556E-02, 
  13.20  -1.3991E-02,   13.30  -1.3449E-02,   13.40  -1.2929E-02,   13.50  -1.2431E-02,   13.60  -1.1953E-02,   13.70  -1.1494E-02, 
  13.80  -1.1054E-02,   13.90  -1.0632E-02,   14.00  -1.0227E-02,   14.10  -9.8379E-03,   14.20  -9.4647E-03,   14.30  -9.1065E-03, 
  14.40  -8.7625E-03,   14.50  -8.4323E-03,   14.60  -8.1152E-03,   14.70  -7.8106E-03,   14.80  -7.5181E-03,   14.90  -7.2371E-03, 
  15.00  -6.9672E-03,   15.10  -6.7079E-03,   15.20  -6.4588E-03,   15.30  -6.2193E-03,   15.40  -5.9892E-03,   15.50  -5.7681E-03, 
  15.60  -5.5555E-03,   15.70  -5.3512E-03,   15.80  -5.1547E-03,   15.90  -4.9658E-03,   16.00  -4.7842E-03,   16.10  -4.6096E-03, 
  16.20  -4.4416E-03,   16.30  -4.2800E-03,   16.40  -4.1246E-03,   16.50  -3.9752E-03,   16.60  -3.8313E-03,   16.70  -3.6930E-03, 
  16.80  -3.5598E-03,   16.90  -3.4317E-03,   17.00  -3.3084E-03,   17.10  -3.1897E-03,   17.20  -3.0755E-03,   17.30  -2.9656E-03, 
  17.40  -2.8597E-03,   17.50  -2.7578E-03,   17.60  -2.6597E-03,   17.70  -2.5653E-03,   17.80  -2.4743E-03,   17.90  -2.3867E-03, 
  18.00  -2.3023E-03,   18.10  -2.2211E-03,   18.20  -2.1428E-03,   18.30  -2.0674E-03,   18.40  -1.9948E-03,   18.50  -1.9248E-03, 
  18.60  -1.8574E-03,   18.70  -1.7924E-03,   18.80  -1.7299E-03,   18.90  -1.6695E-03,   19.00  -1.6114E-03,   19.10  -1.5554E-03, 
  19.20  -1.5014E-03,   19.30  -1.4493E-03,   19.40  -1.3991E-03,   19.50  -1.3507E-03,   19.60  -1.3041E-03,   19.70  -1.2591E-03, 
  19.80  -1.2158E-03,   19.90  -1.1740E-03,   20.00  -1.1337E-03,   20.10  -1.0948E-03,   20.20  -1.0573E-03,   20.30  -1.0211E-03, 
  20.40  -9.8624E-04,   20.50  -9.5259E-04,   20.60  -9.2013E-04,   20.70  -8.8882E-04,   20.80  -8.5861E-04,   20.90  -8.2947E-04, 
  21.00  -8.0135E-04,   21.10  -7.7421E-04,   21.20  -7.4803E-04,   21.30  -7.2276E-04,   21.40  -6.9838E-04,   21.50  -6.7485E-04, 
  21.60  -6.5213E-04,   21.70  -6.3021E-04,   21.80  -6.0905E-04,   21.90  -5.8862E-04,   22.00  -5.6890E-04,   22.10  -5.4987E-04, 
  22.20  -5.3149E-04,   22.30  -5.1375E-04,   22.40  -4.9661E-04,   22.50  -4.8007E-04,   22.60  -4.6410E-04,   22.70  -4.4867E-04, 
  22.80  -4.3378E-04,   22.90  -4.1939E-04,   23.00  -4.0550E-04,   23.10  -3.9208E-04,   23.20  -3.7912E-04,   23.30  -3.6660E-04, 
  23.40  -3.5451E-04,   23.50  -3.4283E-04,   23.60  -3.3154E-04,   23.70  -3.2064E-04,   23.80  -3.1010E-04,   23.90  -2.9993E-04, 
  24.00  -2.9009E-04,   24.10  -2.8059E-04,   24.20  -2.7141E-04,   24.30  -2.6254E-04,   24.40  -2.5397E-04,   24.50  -2.4568E-04, 
  24.60  -2.3768E-04,   24.70  -2.2994E-04,   24.80  -2.2246E-04,   24.90  -2.1523E-04,   25.00  -2.0824E-04,   25.10  -2.0149E-04, 
  25.20  -1.9496E-04,   25.30  -1.8865E-04,   25.40  -1.8255E-04,   25.50  -1.7665E-04,   25.60  -1.7095E-04,   25.70  -1.6543E-04, 
  25.80  -1.6010E-04,   25.90  -1.5495E-04,   26.00  -1.4996E-04,   26.10  -1.4514E-04,   26.20  -1.4048E-04,   26.30  -1.3597E-04, 
  26.40  -1.3162E-04,   26.50  -1.2740E-04,   26.60  -1.2332E-04,   26.70  -1.1938E-04,   26.80  -1.1557E-04,   26.90  -1.1188E-04, 
  27.00  -1.0831E-04,   27.10  -1.0486E-04,   27.20  -1.0152E-04,   27.30  -9.8291E-05,   27.40  -9.5167E-05,   27.50  -9.2145E-05, 
  27.60  -8.9221E-05,   27.70  -8.6392E-05,   27.80  -8.3655E-05,   27.90  -8.1006E-05,   28.00  -7.8444E-05,   28.10  -7.5965E-05, 
  28.20  -7.3566E-05,   28.30  -7.1244E-05,   28.40  -6.8998E-05,   28.50  -6.6824E-05,   28.60  -6.4720E-05,   28.70  -6.2684E-05, 
  28.80  -6.0713E-05,   28.90  -5.8806E-05,   29.00  -5.6960E-05,   29.10  -5.5174E-05,   29.20  -5.3444E-05,   29.30  -5.1771E-05, 
  29.40  -5.0150E-05,   29.50  -4.8582E-05,   29.60  -4.7064E-05,   29.70  -4.5594E-05,   29.80  -4.4171E-05,   29.90  -4.2794E-05, 
  30.00  -4.1461E-05, 

 No.   P1 P2 IN KIND T N  L  S1 IA J/S  IB BIND XFER  BE    SC PC FIL AFRAC Adjust  to  Z  Mass   K     Norm    rms      D0     D   ANC/Gsp

    At R=   29.990, ANC in ch  2 is   -111.43    ,   eta,eta*ln(2*rho)+rho =    2.6932        14.349    

    2:  1  2  2  0     2  1 0.5  1 1.5   0   4   0   1.2152  1  1  0 0.0000 VR  1.2010; 1. 1.010 0.2392 1.0000  4.476   58.0  -45.0 -1.11E+02

 ************************************************************************************************************************************

 TWO-way COUPLING # 1 for partitions  2 <-  1 of KIND  5,   0  0  0 -1 -1 & P1,P2 = -172.8000   0.0000 : for J <=    30.5 & R <  30.0 fm.


 data =  1  1  1  1  1.0000,  so  < [he3      #  1] / [h2       #  1]  * Eigen-form #  1>  =   1.0000            BE =  5.494     1

 data =  2  1  1  2  1.0000,  so  < [ca40     #  1] / [k39      #  1]  * Eigen-form #  2>  =   1.0000            BE =  1.215     2
 KNT =   2, KNP =   1: NK,NG,loc=   1   1   1  13  T  T  F

     So ZERO-RANGE TRANSFER, with D0 =  -172.800 and finite-range effective radius   0.0000 fm.

   2  1  1 13     5.494  -172.800  -172.800     1.001     0.669     0.000     0.010

 Incoming partition  1 in excitation state # 1,   Laboratory Energy given for partition  1 Nucleus 1 in Excitation pair 1

0Lab. ENERGY ranges :

   from    21.0000     to   21.0000     in     0 intervals
   from    21.0000     to   0.00000     in     0 intervals
   from    0.00000     to   0.00000     in     0 intervals

 Largest real,imaginary parts of any form factor at R=   29.90 are   4.82E-02  5.58E-12 MeV
 Finished all Couplings @    4.98019978E-02          13

 Symmetric Hamiltonian
1***********************************************************************************************************************************
************************************************************************************************************************************

        INCOMING he3      ;    LABORATORY he3      ENERGY =   21.000     MeV.

 ***********************************************************************************************************************************
 ***********************************************************************************************************************************

 Allocate arrays for            2  channels, of which            2  need wfs.

 Total SPIN, PARITY =     0.0 +,      2 chs,      0 cc.  Rmin & Coul turning =    0.0    2.8


    C Projectl Target   #   EX.   (L  Proj) J  + Targ = Jtotal     E-cm      Re K     Re Eta     RM*K            CH
    1 he3      k39      #    1: I   2 0.5    1.5  1.5     0.0    19.49135   1.61545   2.26756   48.4636   0.14692   0.49129 1 1 1   1
    2 h2       ca40     #    1:     1 1.0    1.0  1.0     0.0    15.21295   1.18135   1.11819   35.4405   0.50362  -0.06974 2 1 2   1
 Allocate arrays for            3  channels, of which            3  need wfs.
 Allocate arrays for            7  channels, of which            7  need wfs.
 Allocate arrays for            8  channels, of which            8  need wfs.
 Allocate arrays for            9  channels, of which            9  need wfs.
 Reaction Xsec    27.0+/26 @ 1 =   0.778/, Out:   0.000#   0.037#   0.001f
 Reaction Xsec    27.0+/26 @ 2 =   0.766/, Out:   0.000#   0.497#   0.001f
 Reaction Xsec    27.0+/28 @ 3 =   0.194/, Out:   0.000#   0.180#   0.000f
 Reaction Xsec    27.0+/28 @ 4 =   0.191/, Out:   0.000#   0.179#   0.000f
 Reaction Xsec    27.0-/25 @ 1 =   1.534/, Out:   0.000#   0.120#   0.002f
 Reaction Xsec    27.0-/27 @ 2 =   0.389/, Out:   0.000#   0.113#   0.000f
 Reaction Xsec    27.0-/27 @ 3 =   0.382/, Out:   0.000#   0.233#   0.000f
 Reaction Xsec    27.0-/29 @ 4 =   0.097/, Out:   0.000#   0.125#   0.000f
 Reaction Xsec    28.0+/26 @ 1 =   0.794/, Out:   0.000#   0.059#   0.001f
 Reaction Xsec    28.0+/28 @ 2 =   0.202/, Out:   0.000#   0.050#   0.000f
 Reaction Xsec    28.0+/28 @ 3 =   0.198/, Out:   0.000#   0.097#   0.000f
 Reaction Xsec    28.0+/30 @ 4 =   0.050/, Out:   0.000#   0.061#   0.000f
 Reaction Xsec    28.0-/27 @ 1 =   0.403/, Out:   0.000#   0.017#   0.000f
 Reaction Xsec    28.0-/27 @ 2 =   0.396/, Out:   0.000#   0.214#   0.000f
 Reaction Xsec    28.0-/29 @ 3 =   0.101/, Out:   0.000#   0.088#   0.000f
 Reaction Xsec    28.0-/29 @ 4 =   0.099/, Out:   0.000#   0.085#   0.000f
 Reaction Xsec    29.0+/28 @ 1 =   0.209/, Out:   0.000#   0.014#   0.000f
 Reaction Xsec    29.0+/28 @ 2 =   0.205/, Out:   0.000#   0.094#   0.000f
 Reaction Xsec    29.0+/30 @ 3 =   0.052/, Out:   0.000#   0.043#   0.000f
 Reaction Xsec    29.0+/30 @ 4 =   0.051/, Out:   0.000#   0.041#   0.000f
 Reaction Xsec    29.0-/27 @ 1 =   0.410/, Out:   0.000#   0.027#   0.000f
 Reaction Xsec    29.0-/29 @ 2 =   0.104/, Out:   0.000#   0.028#   0.000f
 Reaction Xsec    29.0-/29 @ 3 =   0.102/, Out:   0.000#   0.047#   0.000f
 Reaction Xsec    29.0-/31 @ 4 =   0.026/, Out:   0.000#   0.016#   0.000f
 Reaction Xsec    30.0+/28 @ 1 =   0.212/, Out:   0.000#   0.023#   0.000f
 Reaction Xsec    30.0+/30 @ 2 =   0.054/, Out:   0.000#   0.014#   0.000f
 Reaction Xsec    30.0+/30 @ 3 =   0.053/, Out:   0.000#   0.023#   0.000f
 Reaction Xsec    30.0+/32 @ 4 =   0.013/, Out:   0.000#   0.000#   0.000f
 Reaction Xsec    30.0-/29 @ 1 =   0.108/, Out:   0.000#   0.016#   0.000f
 Reaction Xsec    30.0-/29 @ 2 =   0.105/, Out:   0.000#   0.053#   0.000f
 Reaction Xsec    30.0-/31 @ 3 =   0.027/, Out:   0.000#   0.011#   0.000f
 Reaction Xsec    30.0-/31 @ 4 =   0.026/, Out:   0.000#   0.011#   0.000f
 Finished all CC sets @   0.217553988    
0CUMULATIVE REACTION cross section                 = 1423.29090  <L> =     7.34  <L**2> =     63.8
0CUMULATIVE outgoing cross sections in partition 1 :    0.00000
0CUMULATIVE outgoing cross sections in partition 2 :    7.80111
0Cumulative ABSORBTION by Imaginary Potentials     = 1415.48979  <L> =     7.33  <L**2> =     63.7
   Fusion for specific he3      M-states : 1421.532037 1421.532037
0CUMULATIVE OUTGOING cross section                 =    7.80111
 To convert to S-factors (MeV.mb = keV.b),  multiply by  3.0022E+07


 CROSS SECTIONS FOR OUTGOING he3      & k39      in state #   1 with spins & parities 0.5  + &  1.5  +;  0

     0.01 deg.: X-S =   8.4933E+16 mb/sr,                       & pols =-0. -0.00000
+                                         /R =   1.0000E+00
     1.00 deg.: X-S =   8.4909E+08 mb/sr,                       & pols =-0.  0.00000
+                                         /R =   9.9967E-01
     2.00 deg.: X-S =   5.3169E+07 mb/sr,                       & pols = 0. -0.00001
+                                         /R =   1.0014E+00
     3.00 deg.: X-S =   1.0282E+07 mb/sr,                       & pols =-0.  0.00002
+                                         /R =   9.8014E-01
     4.00 deg.: X-S =   3.2994E+06 mb/sr,                       & pols = 0.  0.00011
+                                         /R =   9.9366E-01
     5.00 deg.: X-S =   1.4097E+06 mb/sr,                       & pols =-0.  0.00006
+                                         /R =   1.0360E+00
     6.00 deg.: X-S =   7.0157E+05 mb/sr,                       & pols = 0. -0.00016
+                                         /R =   1.0686E+00
     7.00 deg.: X-S =   3.7943E+05 mb/sr,                       & pols = 0. -0.00046
+                                         /R =   1.0700E+00
     8.00 deg.: X-S =   2.1688E+05 mb/sr,                       & pols = 0. -0.00069
+                                         /R =   1.0426E+00
     9.00 deg.: X-S =   1.3008E+05 mb/sr,                       & pols = 0. -0.00074
+                                         /R =   1.0007E+00
    10.00 deg.: X-S =   8.1861E+04 mb/sr,                       & pols = 0. -0.00053
+                                         /R =   9.5895E-01
    11.00 deg.: X-S =   5.4042E+04 mb/sr,                       & pols = 0. -0.00006
+                                         /R =   9.2588E-01
    12.00 deg.: X-S =   3.7257E+04 mb/sr,                       & pols = 0.  0.00056
+                                         /R =   9.0298E-01
    13.00 deg.: X-S =   2.6590E+04 mb/sr,                       & pols =-0.  0.00119
+                                         /R =   8.8652E-01
    14.00 deg.: X-S =   1.9435E+04 mb/sr,                       & pols = 0.  0.00172
+                                         /R =   8.7037E-01
    15.00 deg.: X-S =   1.4401E+04 mb/sr,                       & pols =-0.  0.00208
+                                         /R =   8.4861E-01
    16.00 deg.: X-S =   1.0731E+04 mb/sr,                       & pols =-0.  0.00223
+                                         /R =   8.1731E-01
    17.00 deg.: X-S =  7999.907883 mb/sr,                       & pols =-0.  0.00221
+                                         /R =   7.7522E-01
    18.00 deg.: X-S =  5953.124937 mb/sr,                       & pols =-0.  0.00203
+                                         /R =   7.2378E-01
    19.00 deg.: X-S =  4423.479009 mb/sr,                       & pols =-0.  0.00175
+                                         /R =   6.6640E-01
    20.00 deg.: X-S =  3291.270673 mb/sr,                       & pols =-0.  0.00141
+                                         /R =   6.0754E-01
    21.00 deg.: X-S =  2464.346191 mb/sr,                       & pols =-0.  0.00111
+                                         /R =   5.5178E-01
    22.00 deg.: X-S =  1868.932491 mb/sr,                       & pols =-0.  0.00091
+                                         /R =   5.0295E-01
    23.00 deg.: X-S =  1445.373214 mb/sr,                       & pols =-0.  0.00089
+                                         /R =   4.6359E-01
    24.00 deg.: X-S =  1145.925818 mb/sr,                       & pols =-0.  0.00109
+                                         /R =   4.3472E-01
    25.00 deg.: X-S =   933.275597 mb/sr,                       & pols =-0.  0.00147
+                                         /R =   4.1580E-01
    26.00 deg.: X-S =   779.202243 mb/sr,                       & pols =-0.  0.00198
+                                         /R =   4.0507E-01
    27.00 deg.: X-S =   663.220599 mb/sr,                       & pols =-0.  0.00251
+                                         /R =   3.9988E-01
    28.00 deg.: X-S =   571.191283 mb/sr,                       & pols =-0.  0.00300
+                                         /R =   3.9721E-01
    29.00 deg.: X-S =   493.960536 mb/sr,                       & pols = 0.  0.00340
+                                         /R =   3.9412E-01
    30.00 deg.: X-S =   426.098161 mb/sr,                       & pols = 0.  0.00370
+                                         /R =   3.8817E-01
    31.00 deg.: X-S =   364.788346 mb/sr,                       & pols = 0.  0.00392
+                                         /R =   3.7772E-01
    32.00 deg.: X-S =   308.906308 mb/sr,                       & pols = 0.  0.00412
+                                         /R =   3.6200E-01
    33.00 deg.: X-S =   258.292245 mb/sr,                       & pols = 0.  0.00436
+                                         /R =   3.4120E-01
    34.00 deg.: X-S =   213.216288 mb/sr,                       & pols = 0.  0.00473
+                                         /R =   3.1630E-01
    35.00 deg.: X-S =   174.015430 mb/sr,                       & pols = 0.  0.00531
+                                         /R =   2.8886E-01
    36.00 deg.: X-S =   140.875538 mb/sr,                       & pols = 0.  0.00624
+                                         /R =   2.6079E-01
    37.00 deg.: X-S =   113.728003 mb/sr,                       & pols =-0.  0.00762
+                                         /R =   2.3405E-01
    38.00 deg.: X-S =    92.230449 mb/sr,                       & pols = 0.  0.00951
+                                         /R =   2.1037E-01
    39.00 deg.: X-S =    75.803238 mb/sr,                       & pols = 0.  0.01186
+                                         /R =   1.9107E-01
    40.00 deg.: X-S =    63.697511 mb/sr,                       & pols =-0.  0.01443
+                                         /R =   1.7695E-01
    41.00 deg.: X-S =    55.075310 mb/sr,                       & pols =-0.  0.01686
+                                         /R =   1.6819E-01
    42.00 deg.: X-S =    49.087412 mb/sr,                       & pols =-0.  0.01869
+                                         /R =   1.6437E-01
    43.00 deg.: X-S =    44.939338 mb/sr,                       & pols = 0.  0.01962
+                                         /R =   1.6461E-01
    44.00 deg.: X-S =    41.940265 mb/sr,                       & pols = 0.  0.01954
+                                         /R =   1.6767E-01
    45.00 deg.: X-S =    39.533056 mb/sr,                       & pols = 0.  0.01852
+                                         /R =   1.7213E-01
    46.00 deg.: X-S =    37.306289 mb/sr,                       & pols = 0.  0.01674
+                                         /R =   1.7653E-01
    47.00 deg.: X-S =    34.990903 mb/sr,                       & pols = 0.  0.01436
+                                         /R =   1.7959E-01
    48.00 deg.: X-S =    32.445136 mb/sr,                       & pols = 0.  0.01151
+                                         /R =   1.8027E-01
    49.00 deg.: X-S =    29.631740 mb/sr,                       & pols = 0.  0.00826
+                                         /R =   1.7791E-01
    50.00 deg.: X-S =    26.591346 mb/sr,                       & pols = 0.  0.00467
+                                         /R =   1.7221E-01
    51.00 deg.: X-S =    23.415296 mb/sr,                       & pols = 0.  0.00075
+                                         /R =   1.6329E-01
    52.00 deg.: X-S =    20.220580 mb/sr,                       & pols = 0. -0.00349
+                                         /R =   1.5160E-01
    53.00 deg.: X-S =    17.128675 mb/sr,                       & pols = 0. -0.00799
+                                         /R =   1.3784E-01
    54.00 deg.: X-S =    14.249329 mb/sr,                       & pols = 0. -0.01265
+                                         /R =   1.2289E-01
    55.00 deg.: X-S =    11.669592 mb/sr,                       & pols = 0. -0.01722
+                                         /R =   1.0770E-01
    56.00 deg.: X-S =     9.447882 mb/sr,                       & pols = 0. -0.02127
+                                         /R =   9.3176E-02
    57.00 deg.: X-S =     7.612408 mb/sr,                       & pols = 0. -0.02403
+                                         /R =   8.0114E-02
    58.00 deg.: X-S =     6.163073 mb/sr,                       & pols = 0. -0.02447
+                                         /R =   6.9122E-02
    59.00 deg.: X-S =     5.075836 mb/sr,                       & pols = 0. -0.02139
+                                         /R =   6.0589E-02
    60.00 deg.: X-S =     4.308547 mb/sr,                       & pols = 0. -0.01404
+                                         /R =   5.4669E-02
    61.00 deg.: X-S =     3.807339 mb/sr,                       & pols = 0. -0.00277
+                                         /R =   5.1290E-02
    62.00 deg.: X-S =     3.512860 mb/sr,                       & pols =-0.  0.01075
+                                         /R =   5.0182E-02
    63.00 deg.: X-S =     3.365777 mb/sr,                       & pols = 0.  0.02420
+                                         /R =   5.0928E-02
    64.00 deg.: X-S =     3.311211 mb/sr,                       & pols =-0.  0.03573
+                                         /R =   5.3010E-02
    65.00 deg.: X-S =     3.301918 mb/sr,                       & pols = 0.  0.04448
+                                         /R =   5.5868E-02
    66.00 deg.: X-S =     3.300198 mb/sr,                       & pols = 0.  0.05042
+                                         /R =   5.8953E-02
    67.00 deg.: X-S =     3.278640 mb/sr,                       & pols = 0.  0.05393
+                                         /R =   6.1771E-02
    68.00 deg.: X-S =     3.219879 mb/sr,                       & pols = 0.  0.05547
+                                         /R =   6.3917E-02
    69.00 deg.: X-S =     3.115596 mb/sr,                       & pols = 0.  0.05543
+                                         /R =   6.5101E-02
    70.00 deg.: X-S =     2.965008 mb/sr,                       & pols = 0.  0.05408
+                                         /R =   6.5151E-02
    71.00 deg.: X-S =     2.773087 mb/sr,                       & pols = 0.  0.05156
+                                         /R =   6.4020E-02
    72.00 deg.: X-S =     2.548717 mb/sr,                       & pols = 0.  0.04792
+                                         /R =   6.1763E-02
    73.00 deg.: X-S =     2.302940 mb/sr,                       & pols = 0.  0.04312
+                                         /R =   5.8528E-02
    74.00 deg.: X-S =     2.047445 mb/sr,                       & pols = 0.  0.03705
+                                         /R =   5.4525E-02
    75.00 deg.: X-S =     1.793335 mb/sr,                       & pols = 0.  0.02956
+                                         /R =   5.0001E-02
    76.00 deg.: X-S =     1.550245 mb/sr,                       & pols = 0.  0.02049
+                                         /R =   4.5217E-02
    77.00 deg.: X-S =     1.325778 mb/sr,                       & pols = 0.  0.00973
+                                         /R =   4.0421E-02
    78.00 deg.: X-S =     1.125250 mb/sr,                       & pols = 0. -0.00270
+                                         /R =   3.5832E-02
    79.00 deg.: X-S =     0.951686 mb/sr,                       & pols = 0. -0.01655
+                                         /R =   3.1628E-02
    80.00 deg.: X-S =     0.806018 mb/sr,                       & pols = 0. -0.03119
+                                         /R =   2.7935E-02
                                           Integrated********** mb, over [   0.000,  80.000] at    21.0000 MeV 

 CROSS SECTIONS FOR OUTGOING h2       & ca40     in state #   1 with spins & parities 1.0  + &  1.0  -;  0

     0.00 deg.: X-S =    14.500978 mb/sr,                       & pols =-0.  0.00000
+                                         REAC   7.8011E+00 mb
     1.00 deg.: X-S =    14.577040 mb/sr,                       & pols =-0. -0.00855
     2.00 deg.: X-S =    14.791644 mb/sr,                       & pols =-0. -0.01641
     3.00 deg.: X-S =    15.105774 mb/sr,                       & pols =-0. -0.02306
     4.00 deg.: X-S =    15.459907 mb/sr,                       & pols =-0. -0.02823
     5.00 deg.: X-S =    15.781566 mb/sr,                       & pols =-0. -0.03185
     6.00 deg.: X-S =    15.994521 mb/sr,                       & pols =-0. -0.03404
     7.00 deg.: X-S =    16.028497 mb/sr,                       & pols =-0. -0.03497
     8.00 deg.: X-S =    15.828145 mb/sr,                       & pols =-0. -0.03481
     9.00 deg.: X-S =    15.360122 mb/sr,                       & pols =-0. -0.03370
    10.00 deg.: X-S =    14.617369 mb/sr,                       & pols = 0. -0.03166
    11.00 deg.: X-S =    13.620048 mb/sr,                       & pols = 0. -0.02866
    12.00 deg.: X-S =    12.413071 mb/sr,                       & pols = 0. -0.02454
    13.00 deg.: X-S =    11.060640 mb/sr,                       & pols = 0. -0.01898
    14.00 deg.: X-S =     9.638641 mb/sr,                       & pols = 0. -0.01153
    15.00 deg.: X-S =     8.226031 mb/sr,                       & pols = 0. -0.00154
    16.00 deg.: X-S =     6.896419 mb/sr,                       & pols = 0.  0.01182
    17.00 deg.: X-S =     5.710954 mb/sr,                       & pols = 0.  0.02940
    18.00 deg.: X-S =     4.713309 mb/sr,                       & pols = 0.  0.05172
    19.00 deg.: X-S =     3.927180 mb/sr,                       & pols = 0.  0.07820
    20.00 deg.: X-S =     3.356274 mb/sr,                       & pols = 0.  0.10627
    21.00 deg.: X-S =     2.986474 mb/sr,                       & pols = 0.  0.13125
    22.00 deg.: X-S =     2.789558 mb/sr,                       & pols =-0.  0.14814
    23.00 deg.: X-S =     2.727838 mb/sr,                       & pols =-0.  0.15446
    24.00 deg.: X-S =     2.759040 mb/sr,                       & pols =-0.  0.15135
    25.00 deg.: X-S =     2.840867 mb/sr,                       & pols =-0.  0.14210
    26.00 deg.: X-S =     2.934856 mb/sr,                       & pols =-0.  0.13001
    27.00 deg.: X-S =     3.009244 mb/sr,                       & pols =-0.  0.11738
    28.00 deg.: X-S =     3.040743 mb/sr,                       & pols =-0.  0.10544
    29.00 deg.: X-S =     3.015237 mb/sr,                       & pols = 0.  0.09470
    30.00 deg.: X-S =     2.927493 mb/sr,                       & pols = 0.  0.08525
    31.00 deg.: X-S =     2.780087 mb/sr,                       & pols = 0.  0.07699
    32.00 deg.: X-S =     2.581768 mb/sr,                       & pols = 0.  0.06970
    33.00 deg.: X-S =     2.345512 mb/sr,                       & pols = 0.  0.06314
    34.00 deg.: X-S =     2.086513 mb/sr,                       & pols = 0.  0.05703
    35.00 deg.: X-S =     1.820326 mb/sr,                       & pols = 0.  0.05105
    36.00 deg.: X-S =     1.561314 mb/sr,                       & pols = 0.  0.04484
    37.00 deg.: X-S =     1.321506 mb/sr,                       & pols = 0.  0.03799
    38.00 deg.: X-S =     1.109884 mb/sr,                       & pols = 0.  0.03003
    39.00 deg.: X-S =     0.932090 mb/sr,                       & pols = 0.  0.02059
    40.00 deg.: X-S =     0.790497 mb/sr,                       & pols = 0.  0.00951
    41.00 deg.: X-S =     0.684546 mb/sr,                       & pols = 0. -0.00280
    42.00 deg.: X-S =     0.611282 mb/sr,                       & pols = 0. -0.01528
    43.00 deg.: X-S =     0.565992 mb/sr,                       & pols = 0. -0.02642
    44.00 deg.: X-S =     0.542880 mb/sr,                       & pols = 0. -0.03481
    45.00 deg.: X-S =     0.535710 mb/sr,                       & pols =-0. -0.03980
    46.00 deg.: X-S =     0.538376 mb/sr,                       & pols =-0. -0.04147
    47.00 deg.: X-S =     0.545370 mb/sr,                       & pols =-0. -0.04040
    48.00 deg.: X-S =     0.552112 mb/sr,                       & pols =-0. -0.03724
    49.00 deg.: X-S =     0.555153 mb/sr,                       & pols =-0. -0.03252
    50.00 deg.: X-S =     0.552239 mb/sr,                       & pols =-0. -0.02654
    51.00 deg.: X-S =     0.542270 mb/sr,                       & pols =-0. -0.01945
    52.00 deg.: X-S =     0.525165 mb/sr,                       & pols =-0. -0.01126
    53.00 deg.: X-S =     0.501664 mb/sr,                       & pols = 0. -0.00192
    54.00 deg.: X-S =     0.473101 mb/sr,                       & pols = 0.  0.00865
    55.00 deg.: X-S =     0.441173 mb/sr,                       & pols = 0.  0.02052
    56.00 deg.: X-S =     0.407725 mb/sr,                       & pols = 0.  0.03360
    57.00 deg.: X-S =     0.374556 mb/sr,                       & pols = 0.  0.04766
    58.00 deg.: X-S =     0.343275 mb/sr,                       & pols = 0.  0.06217
    59.00 deg.: X-S =     0.315192 mb/sr,                       & pols = 0.  0.07623
    60.00 deg.: X-S =     0.291247 mb/sr,                       & pols = 0.  0.08864
    61.00 deg.: X-S =     0.271986 mb/sr,                       & pols = 0.  0.09798
    62.00 deg.: X-S =     0.257568 mb/sr,                       & pols = 0.  0.10293
    63.00 deg.: X-S =     0.247796 mb/sr,                       & pols = 0.  0.10263
    64.00 deg.: X-S =     0.242178 mb/sr,                       & pols = 0.  0.09695
    65.00 deg.: X-S =     0.240001 mb/sr,                       & pols = 0.  0.08648
    66.00 deg.: X-S =     0.240407 mb/sr,                       & pols =-0.  0.07231
    67.00 deg.: X-S =     0.242474 mb/sr,                       & pols =-0.  0.05573
    68.00 deg.: X-S =     0.245288 mb/sr,                       & pols = 0.  0.03792
    69.00 deg.: X-S =     0.248001 mb/sr,                       & pols = 0.  0.01982
    70.00 deg.: X-S =     0.249879 mb/sr,                       & pols = 0.  0.00205
    71.00 deg.: X-S =     0.250333 mb/sr,                       & pols = 0. -0.01499
    72.00 deg.: X-S =     0.248935 mb/sr,                       & pols = 0. -0.03108
    73.00 deg.: X-S =     0.245421 mb/sr,                       & pols = 0. -0.04613
    74.00 deg.: X-S =     0.239691 mb/sr,                       & pols = 0. -0.06010
    75.00 deg.: X-S =     0.231788 mb/sr,                       & pols = 0. -0.07297
    76.00 deg.: X-S =     0.221887 mb/sr,                       & pols = 0. -0.08472
    77.00 deg.: X-S =     0.210264 mb/sr,                       & pols = 0. -0.09527
    78.00 deg.: X-S =     0.197271 mb/sr,                       & pols = 0. -0.10450
    79.00 deg.: X-S =     0.183307 mb/sr,                       & pols = 0. -0.11222
    80.00 deg.: X-S =     0.168791 mb/sr,                       & pols = 0. -0.11811
                                           Integrated    7.5140 mb, over [   0.000,  80.000] at    21.0000 MeV 
 Finished all xsecs @   0.224594995    

  The following files have been created:
   3:local copy of User input.            6:standard output.                   
  13:total cross sections/state.         16:tables of cross sections.          
  35:Astrophysics S-factors  / Ecm.      39:cross sections for each Ecm.       
  40:all cross sectns. for each Elab.    46:bs wave functions & ANC ratios.    
  56:Fusion for each Jtotal.             58:Single-particle wfns.              
  75:S-factors for lab energies.        201:Separate cross sections.           
 202:Separate cross sections.           

 PARAMETERS : MAXQRN   MFNL   MLOC  LMAX1 MCLIST
    ALLOWED :      4     81     16     50      6
    REQUIRED:      1      0     13     33      4


 ACCURACY ANALYSIS at    21.000 MeV :

  Elastic h*k = 0.016 so OK       compared with 0.200

   Real(S-el) > 0.01 first at J =       1.0
   Real(S-el) > 0.10 first at J =       5.0
   Real(S-el) > 0.50 first at J =       8.0
   Real(S-el) > 0.90 first at J =      10.0
   Real(S-el) > 0.99 first at J =      13.0
   R-turn =    20.33 fm    at J =      30.0

 Forward-angle excitation cut off below   8.519 deg by max JT =      30.0
                              and below   5.362 deg by max R.

 Total CPU  0 time =       0.22 seconds
