 FRESCO - FRES 3.4: Coupled Reaction Channels
 Assuming NAMELIST input.

 39K(3He,d)40Ca 21 MeV DWBA ZR 8188 keV Jpi=3+ l=4 n=2 j=9/2                     

   0.010  27.000   0.100   0.100  10.000  -0.300   0.000   0.000   0.000   0.000

 Centre-of-mass Range is   2702 * 0.0100 fm., Maximum at  27.00 fm., Interpolating NL forms every  0.10 fm.
 Non - locality width is    101 * 0.1000 fm., Maximum of  10.00 fm., Centred at -0.20 fm.
 2-Nucleon Separation of      0 * 0.1000 fm., Maximum of   0.00 fm., Minimum at  0.00 fm.
 Maximum single particle bins of 27.0000 fm.
               M,Mint =         2701        2701


 Range of total J is     0.0 <= J <=    30.0 (at least     0.0) and Absorbtion =>    -1.0000 mb.
 Dry Run = F, CC set limits =  0  0, Relativistic kinematics =  , Both/Far/Near Analyses =  1                     

 Cross Sections (and up to T1 for 0=projectile) for Theta from   0.0 to  80.0 in steps of  1.0 degrees, DGAM=0,  Coordinates = 0 (Mads)

 Lower Radial Cutoff = maximum of -1.60*L*h &       0.0 fm.,  Lower Cutoff for Couplings =   0.0  fm.


 Iterate Couplings between   0 and   1 times, to  0.000 % if sooner.                                          
  Block solved exactly =   0 chs., with Pade = 0 & Isocen =  =0, NOSOL = F, initwf =  0
  NL quadrature with   36 Gaussian points, Calculate multipoles up to    36 from   0
  M-transfers for lp+lt greater than or equal to  6, Angular Integration Cutoff below  0.6944 %


 Trace switches are :  CHANS =  1, LISTCC =  0, TRENEG =  0, CDETR =  0, SMATS =  0, XSTABL =  1, NLPL =  0

                       WAVES =  0, LAMPL =  0, VEFF =  0, KFUS =  0, WDISK =  0, BPM =  0, MELFIL =  0

                       CDCC =  0, NFUS =  0

 Using unit mass = 1.000000 amu and 1/fine-structure constant = 137.03599 ( 1.000000 * true ) with hc = 197.32705 MeV.fm,
  thus 2*amu/hbar^2 = 0.0478450 = 1/20.9008 and Coulomb constant = 0.1574855 so e^2 = 1.43997, and nuclear magneton= 0.1261183

 Now pre-scan input and save to file 3

  WARNING: target longitudinal recoil NOT included in the ZR coupling #            1


 *********** PARTITION NUMBER  1 ******************************************************************************************

   PROJ=he3        MASS=  3.0150 Z=   2.0,        # STATES=    1T, TARG=k39      MASS= 38.9530 Z=  19.0,     Q-VALUE =   0.0000 MEV.

     1:  J= 0.5+ (B# 1), E=  0.0000, K= 0.5              Potl#  1       J= 1.5+ (B# 1), E=  0.0000, K= 0.5    


 *********** PARTITION NUMBER  2 ******************************************************************************************

   PROJ=h2         MASS=  2.0140 Z=   1.0,        # STATES=    1T, TARG=ca40     MASS= 39.9630 Z=  20.0,     Q-VALUE =   2.8347 MEV.

     1:  J= 1.0+ (B# 1), E=  0.0000, K= 0.0              Potl#  2       J= 3.0+ (B# 1), E=  8.1875, K= 0.0    
0****** WARNING : COMPARED WITH PARTITION  1, THIS PARTITION HAS TOTAL MASS & CHARGE EXCESSES   0.01205 &   0.0000


 ************************************************************************************************************************************

 The following POTENTIALS are defined :

  KP#       TYPE      IT    SHAPE      at     V1        r1        a1        V2        r2        a2        A-in     A-used


                                            A#1       A#2        r0c       ac                                                h @ 1
    1    0=Coulomb       0=CHARGE (WS)  1    38.953     0.000    1.2890    0.0000    0.0000    0.0000     0.000    38.953   0.01000

    1    1=Volume        0=Woods-Saxon  2  117.8810    1.1780    0.7680   -0.6460    1.4150    0.8470     0.000    38.953

    1    2=Surface       0=Woods-Saxon  3    0.0000    0.0000    0.0000   20.6650    1.1980    0.8520     0.000    38.953

    1    3=Projtl S.O.   0=Woods-Saxon  4    2.0830    0.7380    0.9460   -1.1590    0.0000    0.0000     0.000    38.953
   --------------------------------------------------------------------------------------------------------------------

                                            A#1       A#2        r0c       ac                                                h @ 2
    2    0=Coulomb       0=CHARGE (WS)  5    39.963     0.000    1.3030    0.0000    0.0000    0.0000     0.000    39.963   0.01000

    2    1=Volume        0=Woods-Saxon  6   91.1200    1.1500    0.7620    2.2340    1.3340    0.5130     0.000    39.963

    2    2=Surface       0=Woods-Saxon  7    0.0000    0.0000    0.0000   10.2740    1.3780    0.7430     0.000    39.963

    2    3=Projtl S.O.   0=Woods-Saxon  8    3.5570    0.9720    1.0110    0.0000    0.0000    0.0000     0.000    39.963
   --------------------------------------------------------------------------------------------------------------------

                                            A#1       A#2        r0c       ac                                                h @ 0
    3    0=Coulomb       0=CHARGE (WS)  9     3.015     0.000    1.2500    0.0000    0.0000    0.0000     0.000     3.015   0.01000

    3    1=Volume        0=Woods-Saxon 10   50.0000    1.2500    0.6500    0.0000    0.0000    0.0000     0.000     3.015
   --------------------------------------------------------------------------------------------------------------------

                                            A#1       A#2        r0c       ac                                                h @ 0
    4    0=Coulomb       0=CHARGE (WS) 11    38.953     0.000    1.2500    0.0000    0.0000    0.0000     0.000    38.953   0.01000

    4    1=Volume        0=Woods-Saxon 12   50.0000    1.2500    0.6500    0.0000    0.0000    0.0000     0.000    38.953


 ************************************************************************************************************************************

 The following SINGLE-PARTICLE FORM FACTORS are constructed :


 No.   P1 P2 IN KIND T N  L  S1 IA J/S  IB BIND XFER  BE    SC PC FIL AFRAC Adjust  to  Z  Mass   K     Norm    rms      D0     D   ANC/Gsp

 For Channel #  1 with l = 0,  j =  0.5, around core state #  1

   R    Y(R)
   0.00   0.0000E+00,    0.10   5.8280E-02,    0.20   1.1591E-01,    0.30   1.7228E-01,    0.40   2.2679E-01,    0.50   2.7891E-01, 
   0.60   3.2812E-01,    0.70   3.7401E-01,    0.80   4.1621E-01,    0.90   4.5442E-01,    1.00   4.8842E-01,    1.10   5.1808E-01, 
   1.20   5.4332E-01,    1.30   5.6417E-01,    1.40   5.8070E-01,    1.50   5.9306E-01,    1.60   6.0146E-01,    1.70   6.0615E-01, 
   1.80   6.0741E-01,    1.90   6.0557E-01,    2.00   6.0094E-01,    2.10   5.9388E-01,    2.20   5.8471E-01,    2.30   5.7376E-01, 
   2.40   5.6133E-01,    2.50   5.4772E-01,    2.60   5.3317E-01,    2.70   5.1794E-01,    2.80   5.0221E-01,    2.90   4.8618E-01, 
   3.00   4.6999E-01,    3.10   4.5378E-01,    3.20   4.3767E-01,    3.30   4.2173E-01,    3.40   4.0605E-01,    3.50   3.9068E-01, 
   3.60   3.7566E-01,    3.70   3.6103E-01,    3.80   3.4682E-01,    3.90   3.3304E-01,    4.00   3.1970E-01,    4.10   3.0681E-01, 
   4.20   2.9437E-01,    4.30   2.8238E-01,    4.40   2.7083E-01,    4.50   2.5971E-01,    4.60   2.4902E-01,    4.70   2.3874E-01, 
   4.80   2.2887E-01,    4.90   2.1939E-01,    5.00   2.1029E-01,    5.10   2.0156E-01,    5.20   1.9318E-01,    5.30   1.8514E-01, 
   5.40   1.7743E-01,    5.50   1.7004E-01,    5.60   1.6296E-01,    5.70   1.5616E-01,    5.80   1.4965E-01,    5.90   1.4341E-01, 
   6.00   1.3743E-01,    6.10   1.3170E-01,    6.20   1.2620E-01,    6.30   1.2094E-01,    6.40   1.1589E-01,    6.50   1.1106E-01, 
   6.60   1.0643E-01,    6.70   1.0199E-01,    6.80   9.7738E-02,    6.90   9.3663E-02,    7.00   8.9758E-02,    7.10   8.6017E-02, 
   7.20   8.2432E-02,    7.30   7.8996E-02,    7.40   7.5705E-02,    7.50   7.2551E-02,    7.60   6.9529E-02,    7.70   6.6633E-02, 
   7.80   6.3858E-02,    7.90   6.1199E-02,    8.00   5.8651E-02,    8.10   5.6210E-02,    8.20   5.3870E-02,    8.30   5.1628E-02, 
   8.40   4.9480E-02,    8.50   4.7422E-02,    8.60   4.5449E-02,    8.70   4.3559E-02,    8.80   4.1747E-02,    8.90   4.0011E-02, 
   9.00   3.8348E-02,    9.10   3.6753E-02,    9.20   3.5226E-02,    9.30   3.3762E-02,    9.40   3.2358E-02,    9.50   3.1014E-02, 
   9.60   2.9725E-02,    9.70   2.8490E-02,    9.80   2.7307E-02,    9.90   2.6173E-02,   10.00   2.5086E-02,   10.10   2.4044E-02, 
  10.20   2.3046E-02,   10.30   2.2089E-02,   10.40   2.1172E-02,   10.50   2.0293E-02,   10.60   1.9451E-02,   10.70   1.8644E-02, 
  10.80   1.7870E-02,   10.90   1.7128E-02,   11.00   1.6418E-02,   11.10   1.5737E-02,   11.20   1.5084E-02,   11.30   1.4458E-02, 
  11.40   1.3858E-02,   11.50   1.3284E-02,   11.60   1.2733E-02,   11.70   1.2205E-02,   11.80   1.1699E-02,   11.90   1.1214E-02, 
  12.00   1.0749E-02,   12.10   1.0303E-02,   12.20   9.8761E-03,   12.30   9.4667E-03,   12.40   9.0744E-03,   12.50   8.6983E-03, 
  12.60   8.3378E-03,   12.70   7.9923E-03,   12.80   7.6612E-03,   12.90   7.3438E-03,   13.00   7.0395E-03,   13.10   6.7479E-03, 
  13.20   6.4684E-03,   13.30   6.2004E-03,   13.40   5.9436E-03,   13.50   5.6975E-03,   13.60   5.4615E-03,   13.70   5.2353E-03, 
  13.80   5.0185E-03,   13.90   4.8107E-03,   14.00   4.6116E-03,   14.10   4.4206E-03,   14.20   4.2376E-03,   14.30   4.0622E-03, 
  14.40   3.8940E-03,   14.50   3.7329E-03,   14.60   3.5783E-03,   14.70   3.4302E-03,   14.80   3.2883E-03,   14.90   3.1522E-03, 
  15.00   3.0217E-03,   15.10   2.8967E-03,   15.20   2.7768E-03,   15.30   2.6619E-03,   15.40   2.5518E-03,   15.50   2.4462E-03, 
  15.60   2.3450E-03,   15.70   2.2480E-03,   15.80   2.1550E-03,   15.90   2.0659E-03,   16.00   1.9804E-03,   16.10   1.8985E-03, 
  16.20   1.8200E-03,   16.30   1.7447E-03,   16.40   1.6726E-03,   16.50   1.6034E-03,   16.60   1.5371E-03,   16.70   1.4735E-03, 
  16.80   1.4126E-03,   16.90   1.3542E-03,   17.00   1.2982E-03,   17.10   1.2445E-03,   17.20   1.1931E-03,   17.30   1.1438E-03, 
  17.40   1.0965E-03,   17.50   1.0511E-03,   17.60   1.0077E-03,   17.70   9.6604E-04,   17.80   9.2611E-04,   17.90   8.8783E-04, 
  18.00   8.5114E-04,   18.10   8.1596E-04,   18.20   7.8224E-04,   18.30   7.4991E-04,   18.40   7.1892E-04,   18.50   6.8921E-04, 
  18.60   6.6073E-04,   18.70   6.3343E-04,   18.80   6.0725E-04,   18.90   5.8216E-04,   19.00   5.5811E-04,   19.10   5.3505E-04, 
  19.20   5.1295E-04,   19.30   4.9175E-04,   19.40   4.7144E-04,   19.50   4.5196E-04,   19.60   4.3329E-04,   19.70   4.1539E-04, 
  19.80   3.9823E-04,   19.90   3.8179E-04,   20.00   3.6602E-04,   20.10   3.5090E-04,   20.20   3.3640E-04,   20.30   3.2251E-04, 
  20.40   3.0919E-04,   20.50   2.9642E-04,   20.60   2.8418E-04,   20.70   2.7244E-04,   20.80   2.6119E-04,   20.90   2.5041E-04, 
  21.00   2.4007E-04,   21.10   2.3015E-04,   21.20   2.2065E-04,   21.30   2.1154E-04,   21.40   2.0281E-04,   21.50   1.9443E-04, 
  21.60   1.8640E-04,   21.70   1.7871E-04,   21.80   1.7133E-04,   21.90   1.6426E-04,   22.00   1.5748E-04,   22.10   1.5098E-04, 
  22.20   1.4474E-04,   22.30   1.3877E-04,   22.40   1.3304E-04,   22.50   1.2755E-04,   22.60   1.2228E-04,   22.70   1.1724E-04, 
  22.80   1.1240E-04,   22.90   1.0776E-04,   23.00   1.0331E-04,   23.10   9.9046E-05,   23.20   9.4958E-05,   23.30   9.1039E-05, 
  23.40   8.7282E-05,   23.50   8.3680E-05,   23.60   8.0226E-05,   23.70   7.6915E-05,   23.80   7.3741E-05,   23.90   7.0698E-05, 
  24.00   6.7781E-05,   24.10   6.4984E-05,   24.20   6.2303E-05,   24.30   5.9732E-05,   24.40   5.7267E-05,   24.50   5.4904E-05, 
  24.60   5.2639E-05,   24.70   5.0467E-05,   24.80   4.8385E-05,   24.90   4.6389E-05,   25.00   4.4475E-05,   25.10   4.2640E-05, 
  25.20   4.0881E-05,   25.30   3.9194E-05,   25.40   3.7577E-05,   25.50   3.6027E-05,   25.60   3.4541E-05,   25.70   3.3116E-05, 
  25.80   3.1750E-05,   25.90   3.0440E-05,   26.00   2.9184E-05,   26.10   2.7981E-05,   26.20   2.6827E-05,   26.30   2.5720E-05, 
  26.40   2.4659E-05,   26.50   2.3642E-05,   26.60   2.2667E-05,   26.70   2.1732E-05,   26.80   2.0836E-05,   26.90   1.9976E-05, 
  27.00   1.9152E-05, 

 No.   P1 P2 IN KIND T N  L  S1 IA J/S  IB BIND XFER  BE    SC PC FIL AFRAC Adjust  to  Z  Mass   K     Norm    rms      D0     D   ANC/Gsp

    At R=   26.990, ANC in ch  1 is    1.8773    ,   eta,eta*ln(2*rho)+rho =   0.54944E-01    11.486    

    1:  2  1  1  0     1  0 0.5  1 0.5   0   3   0   5.4935  1  1  0 0.0000 VR  0.8879; 1. 1.001 0.4192 1.0000  2.820 -166.8 -175.2  1.8773

 For Channel #  1 with l = 4,  j =  4.5, around core state #  1

   R    Y(R)
   0.00  -0.0000E+00,    0.10   4.3044E-07,    0.20   1.3660E-05,    0.30   1.0230E-04,    0.40   4.2278E-04,    0.50   1.2582E-03, 
   0.60   3.0358E-03,    0.70   6.3257E-03,    0.80   1.1820E-02,    0.90   2.0292E-02,    1.00   3.2538E-02,    1.10   4.9307E-02, 
   1.20   7.1220E-02,    1.30   9.8688E-02,    1.40   1.3184E-01,    1.50   1.7045E-01,    1.60   2.1390E-01,    1.70   2.6117E-01, 
   1.80   3.1082E-01,    1.90   3.6104E-01,    2.00   4.0974E-01,    2.10   4.5460E-01,    2.20   4.9324E-01,    2.30   5.2332E-01, 
   2.40   5.4270E-01,    2.50   5.4957E-01,    2.60   5.4257E-01,    2.70   5.2091E-01,    2.80   4.8441E-01,    2.90   4.3358E-01, 
   3.00   3.6957E-01,    3.10   2.9412E-01,    3.20   2.0950E-01,    3.30   1.1833E-01,    3.40   2.3501E-02,    3.50  -7.2055E-02, 
   3.60  -1.6549E-01,    3.70  -2.5418E-01,    3.80  -3.3591E-01,    3.90  -4.0886E-01,    4.00  -4.7177E-01,    4.10  -5.2388E-01, 
   4.20  -5.6493E-01,    4.30  -5.9511E-01,    4.40  -6.1498E-01,    4.50  -6.2538E-01,    4.60  -6.2736E-01,    4.70  -6.2207E-01, 
   4.80  -6.1072E-01,    4.90  -5.9447E-01,    5.00  -5.7441E-01,    5.10  -5.5155E-01,    5.20  -5.2675E-01,    5.30  -5.0078E-01, 
   5.40  -4.7424E-01,    5.50  -4.4766E-01,    5.60  -4.2141E-01,    5.70  -3.9582E-01,    5.80  -3.7111E-01,    5.90  -3.4742E-01, 
   6.00  -3.2487E-01,    6.10  -3.0351E-01,    6.20  -2.8337E-01,    6.30  -2.6444E-01,    6.40  -2.4671E-01,    6.50  -2.3013E-01, 
   6.60  -2.1466E-01,    6.70  -2.0025E-01,    6.80  -1.8683E-01,    6.90  -1.7436E-01,    7.00  -1.6277E-01,    7.10  -1.5201E-01, 
   7.20  -1.4201E-01,    7.30  -1.3273E-01,    7.40  -1.2411E-01,    7.50  -1.1611E-01,    7.60  -1.0868E-01,    7.70  -1.0177E-01, 
   7.80  -9.5355E-02,    7.90  -8.9391E-02,    8.00  -8.3844E-02,    8.10  -7.8683E-02,    8.20  -7.3879E-02,    8.30  -6.9405E-02, 
   8.40  -6.5236E-02,    8.50  -6.1350E-02,    8.60  -5.7725E-02,    8.70  -5.4342E-02,    8.80  -5.1183E-02,    8.90  -4.8232E-02, 
   9.00  -4.5473E-02,    9.10  -4.2892E-02,    9.20  -4.0478E-02,    9.30  -3.8217E-02,    9.40  -3.6099E-02,    9.50  -3.4114E-02, 
   9.60  -3.2253E-02,    9.70  -3.0506E-02,    9.80  -2.8866E-02,    9.90  -2.7326E-02,   10.00  -2.5879E-02,   10.10  -2.4519E-02, 
  10.20  -2.3239E-02,   10.30  -2.2035E-02,   10.40  -2.0901E-02,   10.50  -1.9834E-02,   10.60  -1.8827E-02,   10.70  -1.7879E-02, 
  10.80  -1.6984E-02,   10.90  -1.6140E-02,   11.00  -1.5343E-02,   11.10  -1.4590E-02,   11.20  -1.3879E-02,   11.30  -1.3207E-02, 
  11.40  -1.2572E-02,   11.50  -1.1971E-02,   11.60  -1.1402E-02,   11.70  -1.0864E-02,   11.80  -1.0354E-02,   11.90  -9.8710E-03, 
  12.00  -9.4134E-03,   12.10  -8.9796E-03,   12.20  -8.5682E-03,   12.30  -8.1780E-03,   12.40  -7.8077E-03,   12.50  -7.4562E-03, 
  12.60  -7.1224E-03,   12.70  -6.8053E-03,   12.80  -6.5041E-03,   12.90  -6.2178E-03,   13.00  -5.9456E-03,   13.10  -5.6867E-03, 
  13.20  -5.4404E-03,   13.30  -5.2060E-03,   13.40  -4.9829E-03,   13.50  -4.7705E-03,   13.60  -4.5682E-03,   13.70  -4.3754E-03, 
  13.80  -4.1918E-03,   13.90  -4.0167E-03,   14.00  -3.8498E-03,   14.10  -3.6906E-03,   14.20  -3.5387E-03,   14.30  -3.3938E-03, 
  14.40  -3.2555E-03,   14.50  -3.1235E-03,   14.60  -2.9974E-03,   14.70  -2.8770E-03,   14.80  -2.7620E-03,   14.90  -2.6520E-03, 
  15.00  -2.5470E-03,   15.10  -2.4465E-03,   15.20  -2.3505E-03,   15.30  -2.2586E-03,   15.40  -2.1708E-03,   15.50  -2.0867E-03, 
  15.60  -2.0062E-03,   15.70  -1.9292E-03,   15.80  -1.8554E-03,   15.90  -1.7848E-03,   16.00  -1.7171E-03,   16.10  -1.6523E-03, 
  16.20  -1.5902E-03,   16.30  -1.5307E-03,   16.40  -1.4736E-03,   16.50  -1.4189E-03,   16.60  -1.3664E-03,   16.70  -1.3161E-03, 
  16.80  -1.2678E-03,   16.90  -1.2215E-03,   17.00  -1.1771E-03,   17.10  -1.1344E-03,   17.20  -1.0934E-03,   17.30  -1.0541E-03, 
  17.40  -1.0163E-03,   17.50  -9.8005E-04,   17.60  -9.4520E-04,   17.70  -9.1172E-04,   17.80  -8.7954E-04,   17.90  -8.4861E-04, 
  18.00  -8.1888E-04,   18.10  -7.9029E-04,   18.20  -7.6281E-04,   18.30  -7.3637E-04,   18.40  -7.1094E-04,   18.50  -6.8648E-04, 
  18.60  -6.6294E-04,   18.70  -6.4029E-04,   18.80  -6.1849E-04,   18.90  -5.9751E-04,   19.00  -5.7730E-04,   19.10  -5.5785E-04, 
  19.20  -5.3911E-04,   19.30  -5.2107E-04,   19.40  -5.0368E-04,   19.50  -4.8694E-04,   19.60  -4.7080E-04,   19.70  -4.5525E-04, 
  19.80  -4.4026E-04,   19.90  -4.2581E-04,   20.00  -4.1189E-04,   20.10  -3.9846E-04,   20.20  -3.8551E-04,   20.30  -3.7302E-04, 
  20.40  -3.6097E-04,   20.50  -3.4935E-04,   20.60  -3.3814E-04,   20.70  -3.2732E-04,   20.80  -3.1688E-04,   20.90  -3.0680E-04, 
  21.00  -2.9707E-04,   21.10  -2.8768E-04,   21.20  -2.7861E-04,   21.30  -2.6986E-04,   21.40  -2.6141E-04,   21.50  -2.5324E-04, 
  21.60  -2.4535E-04,   21.70  -2.3773E-04,   21.80  -2.3037E-04,   21.90  -2.2326E-04,   22.00  -2.1639E-04,   22.10  -2.0974E-04, 
  22.20  -2.0332E-04,   22.30  -1.9712E-04,   22.40  -1.9112E-04,   22.50  -1.8532E-04,   22.60  -1.7971E-04,   22.70  -1.7428E-04, 
  22.80  -1.6903E-04,   22.90  -1.6396E-04,   23.00  -1.5905E-04,   23.10  -1.5430E-04,   23.20  -1.4970E-04,   23.30  -1.4526E-04, 
  23.40  -1.4095E-04,   23.50  -1.3679E-04,   23.60  -1.3276E-04,   23.70  -1.2885E-04,   23.80  -1.2508E-04,   23.90  -1.2142E-04, 
  24.00  -1.1788E-04,   24.10  -1.1445E-04,   24.20  -1.1113E-04,   24.30  -1.0791E-04,   24.40  -1.0480E-04,   24.50  -1.0178E-04, 
  24.60  -9.8853E-05,   24.70  -9.6020E-05,   24.80  -9.3275E-05,   24.90  -9.0615E-05,   25.00  -8.8037E-05,   25.10  -8.5539E-05, 
  25.20  -8.3117E-05,   25.30  -8.0770E-05,   25.40  -7.8494E-05,   25.50  -7.6287E-05,   25.60  -7.4148E-05,   25.70  -7.2074E-05, 
  25.80  -7.0062E-05,   25.90  -6.8111E-05,   26.00  -6.6219E-05,   26.10  -6.4383E-05,   26.20  -6.2603E-05,   26.30  -6.0875E-05, 
  26.40  -5.9199E-05,   26.50  -5.7573E-05,   26.60  -5.5996E-05,   26.70  -5.4464E-05,   26.80  -5.2979E-05,   26.90  -5.1536E-05, 
  27.00  -5.0136E-05, 

 No.   P1 P2 IN KIND T N  L  S1 IA J/S  IB BIND XFER  BE    SC PC FIL AFRAC Adjust  to  Z  Mass   K     Norm    rms      D0     D   ANC/Gsp

    At R=   26.990, ANC in ch  2 is   -7817.6    ,   eta,eta*ln(2*rho)+rho =    7.9122        13.913    

    2:  1  2  2  0     2  4 0.5  1 4.5   0   4   0   0.1408  1  1  0 0.0000 VR  2.7880; 1. 1.010 0.0814 1.0000  4.416    0.1   -0.0 -7.82E+03

 ************************************************************************************************************************************

 TWO-way COUPLING # 1 for partitions  2 <-  1 of KIND  5,   0  0  0 -1 -1 & P1,P2 = -172.8000   0.0000 : for J <=    30.5 & R <  27.0 fm.


 data =  1  1  1  1  1.0000,  so  < [he3      #  1] / [h2       #  1]  * Eigen-form #  1>  =   1.0000            BE =  5.494     1

 data =  2  1  1  2  1.0000,  so  < [ca40     #  1] / [k39      #  1]  * Eigen-form #  2>  =   1.0000            BE =  0.141     2
 KNT =   2, KNP =   1: NK,NG,loc=   1   1   1  13  T  T  F

     So ZERO-RANGE TRANSFER, with D0 =  -172.800 and finite-range effective radius   0.0000 fm.

   2  1  1 13     5.494  -172.800  -172.800     1.001     0.669     0.000     0.010

 Incoming partition  1 in excitation state # 1,   Laboratory Energy given for partition  1 Nucleus 1 in Excitation pair 1

0Lab. ENERGY ranges :

   from    21.0000     to   21.0000     in     0 intervals
   from    21.0000     to   0.00000     in     0 intervals
   from    0.00000     to   0.00000     in     0 intervals

 Largest real,imaginary parts of any form factor at R=   26.90 are   5.35E-02  1.89E-10 MeV
 Finished all Couplings @    8.00800025E-02          13

 Symmetric Hamiltonian
1***********************************************************************************************************************************
************************************************************************************************************************************

        INCOMING he3      ;    LABORATORY he3      ENERGY =   21.000     MeV.

 ***********************************************************************************************************************************
 ***********************************************************************************************************************************

 Allocate arrays for            3  channels, of which            3  need wfs.

 Total SPIN, PARITY =     0.0 +,      3 chs,      0 cc.  Rmin & Coul turning =    0.0    2.8


    C Projectl Target   #   EX.   (L  Proj) J  + Targ = Jtotal     E-cm      Re K     Re Eta     RM*K            CH
    1 he3      k39      #    1: I   2 0.5    1.5  1.5     0.0    19.49135   1.61545   2.26756   43.6172  -0.50675   0.08817 1 1 1   1
    2 h2       ca40     #    1:     2 1.0    3.0  3.0     0.0    14.13855   1.13887   1.15990   30.7495   0.44875   0.24396 2 1 2   1
    3 h2       ca40     #    1:     4 1.0    3.0  3.0     0.0    14.13855   1.13887   1.15990   30.7495  -0.09643  -0.50370 2 1 2   1
 Allocate arrays for            7  channels, of which            7  need wfs.
 Allocate arrays for            8  channels, of which            8  need wfs.
 Allocate arrays for           12  channels, of which           12  need wfs.
 Allocate arrays for           13  channels, of which           13  need wfs.
 Allocate arrays for           14  channels, of which           14  need wfs.
 Allocate arrays for           15  channels, of which           15  need wfs.
 Reaction Xsec    27.0+/26 @ 1 =   0.778/, Out:   0.000#   0.007#   0.001f
 Reaction Xsec    27.0+/26 @ 2 =   0.766/, Out:   0.000#   0.036#   0.001f
 Reaction Xsec    27.0+/28 @ 3 =   0.194/, Out:   0.000#   0.050#   0.000f
 Reaction Xsec    27.0+/28 @ 4 =   0.191/, Out:   0.000#   1.034#   0.000f
 Reaction Xsec    27.0-/25 @ 1 =   1.534/, Out:   0.000#   0.076#   0.002f
 Reaction Xsec    27.0-/27 @ 2 =   0.389/, Out:   0.000#   0.006#   0.000f
 Reaction Xsec    27.0-/27 @ 3 =   0.382/, Out:   0.000#   0.190#   0.000f
 Reaction Xsec    27.0-/29 @ 4 =   0.097/, Out:   0.000#   0.683#   0.000f
 Reaction Xsec    28.0+/26 @ 1 =   0.794/, Out:   0.000#   0.008#   0.001f
 Reaction Xsec    28.0+/28 @ 2 =   0.202/, Out:   0.000#   0.004#   0.000f
 Reaction Xsec    28.0+/28 @ 3 =   0.198/, Out:   0.000#   0.075#   0.000f
 Reaction Xsec    28.0+/30 @ 4 =   0.050/, Out:   0.000#   0.308#   0.000f
 Reaction Xsec    28.0-/27 @ 1 =   0.403/, Out:   0.000#   0.002#   0.000f
 Reaction Xsec    28.0-/27 @ 2 =   0.396/, Out:   0.000#   0.006#   0.000f
 Reaction Xsec    28.0-/29 @ 3 =   0.101/, Out:   0.000#   0.024#   0.000f
 Reaction Xsec    28.0-/29 @ 4 =   0.099/, Out:   0.000#   0.390#   0.000f
 Reaction Xsec    29.0+/28 @ 1 =   0.209/, Out:   0.000#   0.002#   0.000f
 Reaction Xsec    29.0+/28 @ 2 =   0.205/, Out:   0.000#   0.005#   0.000f
 Reaction Xsec    29.0+/30 @ 3 =   0.052/, Out:   0.000#   0.011#   0.000f
 Reaction Xsec    29.0+/30 @ 4 =   0.051/, Out:   0.000#   0.176#   0.000f
 Reaction Xsec    29.0-/27 @ 1 =   0.410/, Out:   0.000#   0.001#   0.000f
 Reaction Xsec    29.0-/29 @ 2 =   0.104/, Out:   0.000#   0.006#   0.000f
 Reaction Xsec    29.0-/29 @ 3 =   0.102/, Out:   0.000#   0.033#   0.000f
 Reaction Xsec    29.0-/31 @ 4 =   0.026/, Out:   0.000#   0.234#   0.000f
 Reaction Xsec    30.0+/28 @ 1 =   0.212/, Out:   0.000#   0.002#   0.000f
 Reaction Xsec    30.0+/30 @ 2 =   0.054/, Out:   0.000#   0.003#   0.000f
 Reaction Xsec    30.0+/30 @ 3 =   0.053/, Out:   0.000#   0.015#   0.000f
 Reaction Xsec    30.0+/32 @ 4 =   0.013/, Out:   0.000#   0.235#   0.000f
 Reaction Xsec    30.0-/29 @ 1 =   0.108/, Out:   0.000#   0.002#   0.000f
 Reaction Xsec    30.0-/29 @ 2 =   0.105/, Out:   0.000#   0.007#   0.000f
 Reaction Xsec    30.0-/31 @ 3 =   0.027/, Out:   0.000#   0.006#   0.000f
 Reaction Xsec    30.0-/31 @ 4 =   0.026/, Out:   0.000#   0.133#   0.000f
 Finished all CC sets @   0.344190001    
0CUMULATIVE REACTION cross section                 = 1423.29090  <L> =     7.34  <L**2> =     63.8
0CUMULATIVE outgoing cross sections in partition 1 :    0.00000
0CUMULATIVE outgoing cross sections in partition 2 :    7.56056
0Cumulative ABSORBTION by Imaginary Potentials     = 1415.73033  <L> =     7.33  <L**2> =     63.7
   Fusion for specific he3      M-states : 1421.755034 1421.755034
0CUMULATIVE OUTGOING cross section                 =    7.56056
 To convert to S-factors (MeV.mb = keV.b),  multiply by  3.0022E+07


 CROSS SECTIONS FOR OUTGOING he3      & k39      in state #   1 with spins & parities 0.5  + &  1.5  +;  0

     0.01 deg.: X-S =   8.4933E+16 mb/sr,                       & pols =-0. -0.00000
+                                         /R =   1.0000E+00
     1.00 deg.: X-S =   8.4909E+08 mb/sr,                       & pols = 0.  0.00000
+                                         /R =   9.9967E-01
     2.00 deg.: X-S =   5.3169E+07 mb/sr,                       & pols =-0. -0.00001
+                                         /R =   1.0014E+00
     3.00 deg.: X-S =   1.0282E+07 mb/sr,                       & pols =-0.  0.00002
+                                         /R =   9.8014E-01
     4.00 deg.: X-S =   3.2994E+06 mb/sr,                       & pols = 0.  0.00011
+                                         /R =   9.9366E-01
     5.00 deg.: X-S =   1.4097E+06 mb/sr,                       & pols =-0.  0.00006
+                                         /R =   1.0360E+00
     6.00 deg.: X-S =   7.0157E+05 mb/sr,                       & pols = 0. -0.00016
+                                         /R =   1.0686E+00
     7.00 deg.: X-S =   3.7943E+05 mb/sr,                       & pols = 0. -0.00046
+                                         /R =   1.0700E+00
     8.00 deg.: X-S =   2.1688E+05 mb/sr,                       & pols = 0. -0.00069
+                                         /R =   1.0426E+00
     9.00 deg.: X-S =   1.3008E+05 mb/sr,                       & pols = 0. -0.00074
+                                         /R =   1.0007E+00
    10.00 deg.: X-S =   8.1861E+04 mb/sr,                       & pols =-0. -0.00053
+                                         /R =   9.5895E-01
    11.00 deg.: X-S =   5.4042E+04 mb/sr,                       & pols =-0. -0.00006
+                                         /R =   9.2588E-01
    12.00 deg.: X-S =   3.7257E+04 mb/sr,                       & pols =-0.  0.00056
+                                         /R =   9.0298E-01
    13.00 deg.: X-S =   2.6590E+04 mb/sr,                       & pols =-0.  0.00119
+                                         /R =   8.8652E-01
    14.00 deg.: X-S =   1.9435E+04 mb/sr,                       & pols =-0.  0.00172
+                                         /R =   8.7037E-01
    15.00 deg.: X-S =   1.4401E+04 mb/sr,                       & pols = 0.  0.00208
+                                         /R =   8.4861E-01
    16.00 deg.: X-S =   1.0731E+04 mb/sr,                       & pols =-0.  0.00223
+                                         /R =   8.1731E-01
    17.00 deg.: X-S =  7999.907884 mb/sr,                       & pols =-0.  0.00221
+                                         /R =   7.7522E-01
    18.00 deg.: X-S =  5953.124937 mb/sr,                       & pols =-0.  0.00203
+                                         /R =   7.2378E-01
    19.00 deg.: X-S =  4423.479009 mb/sr,                       & pols =-0.  0.00175
+                                         /R =   6.6640E-01
    20.00 deg.: X-S =  3291.270673 mb/sr,                       & pols =-0.  0.00141
+                                         /R =   6.0754E-01
    21.00 deg.: X-S =  2464.346191 mb/sr,                       & pols =-0.  0.00111
+                                         /R =   5.5178E-01
    22.00 deg.: X-S =  1868.932491 mb/sr,                       & pols =-0.  0.00091
+                                         /R =   5.0295E-01
    23.00 deg.: X-S =  1445.373214 mb/sr,                       & pols =-0.  0.00089
+                                         /R =   4.6359E-01
    24.00 deg.: X-S =  1145.925818 mb/sr,                       & pols =-0.  0.00109
+                                         /R =   4.3472E-01
    25.00 deg.: X-S =   933.275597 mb/sr,                       & pols =-0.  0.00147
+                                         /R =   4.1580E-01
    26.00 deg.: X-S =   779.202243 mb/sr,                       & pols =-0.  0.00198
+                                         /R =   4.0507E-01
    27.00 deg.: X-S =   663.220599 mb/sr,                       & pols =-0.  0.00251
+                                         /R =   3.9988E-01
    28.00 deg.: X-S =   571.191283 mb/sr,                       & pols =-0.  0.00300
+                                         /R =   3.9721E-01
    29.00 deg.: X-S =   493.960536 mb/sr,                       & pols =-0.  0.00340
+                                         /R =   3.9412E-01
    30.00 deg.: X-S =   426.098161 mb/sr,                       & pols = 0.  0.00370
+                                         /R =   3.8817E-01
    31.00 deg.: X-S =   364.788346 mb/sr,                       & pols = 0.  0.00392
+                                         /R =   3.7772E-01
    32.00 deg.: X-S =   308.906308 mb/sr,                       & pols = 0.  0.00412
+                                         /R =   3.6200E-01
    33.00 deg.: X-S =   258.292245 mb/sr,                       & pols = 0.  0.00436
+                                         /R =   3.4120E-01
    34.00 deg.: X-S =   213.216288 mb/sr,                       & pols = 0.  0.00473
+                                         /R =   3.1630E-01
    35.00 deg.: X-S =   174.015430 mb/sr,                       & pols = 0.  0.00531
+                                         /R =   2.8886E-01
    36.00 deg.: X-S =   140.875538 mb/sr,                       & pols = 0.  0.00624
+                                         /R =   2.6079E-01
    37.00 deg.: X-S =   113.728003 mb/sr,                       & pols = 0.  0.00762
+                                         /R =   2.3405E-01
    38.00 deg.: X-S =    92.230449 mb/sr,                       & pols = 0.  0.00951
+                                         /R =   2.1037E-01
    39.00 deg.: X-S =    75.803238 mb/sr,                       & pols = 0.  0.01186
+                                         /R =   1.9107E-01
    40.00 deg.: X-S =    63.697511 mb/sr,                       & pols =-0.  0.01443
+                                         /R =   1.7695E-01
    41.00 deg.: X-S =    55.075310 mb/sr,                       & pols =-0.  0.01686
+                                         /R =   1.6819E-01
    42.00 deg.: X-S =    49.087412 mb/sr,                       & pols =-0.  0.01869
+                                         /R =   1.6437E-01
    43.00 deg.: X-S =    44.939338 mb/sr,                       & pols =-0.  0.01962
+                                         /R =   1.6461E-01
    44.00 deg.: X-S =    41.940265 mb/sr,                       & pols = 0.  0.01954
+                                         /R =   1.6767E-01
    45.00 deg.: X-S =    39.533056 mb/sr,                       & pols = 0.  0.01852
+                                         /R =   1.7213E-01
    46.00 deg.: X-S =    37.306289 mb/sr,                       & pols = 0.  0.01674
+                                         /R =   1.7653E-01
    47.00 deg.: X-S =    34.990903 mb/sr,                       & pols = 0.  0.01436
+                                         /R =   1.7959E-01
    48.00 deg.: X-S =    32.445136 mb/sr,                       & pols = 0.  0.01151
+                                         /R =   1.8027E-01
    49.00 deg.: X-S =    29.631740 mb/sr,                       & pols = 0.  0.00826
+                                         /R =   1.7791E-01
    50.00 deg.: X-S =    26.591346 mb/sr,                       & pols = 0.  0.00467
+                                         /R =   1.7221E-01
    51.00 deg.: X-S =    23.415296 mb/sr,                       & pols = 0.  0.00075
+                                         /R =   1.6329E-01
    52.00 deg.: X-S =    20.220580 mb/sr,                       & pols = 0. -0.00349
+                                         /R =   1.5160E-01
    53.00 deg.: X-S =    17.128675 mb/sr,                       & pols = 0. -0.00799
+                                         /R =   1.3784E-01
    54.00 deg.: X-S =    14.249329 mb/sr,                       & pols = 0. -0.01265
+                                         /R =   1.2289E-01
    55.00 deg.: X-S =    11.669592 mb/sr,                       & pols = 0. -0.01722
+                                         /R =   1.0770E-01
    56.00 deg.: X-S =     9.447882 mb/sr,                       & pols = 0. -0.02127
+                                         /R =   9.3176E-02
    57.00 deg.: X-S =     7.612408 mb/sr,                       & pols = 0. -0.02403
+                                         /R =   8.0114E-02
    58.00 deg.: X-S =     6.163073 mb/sr,                       & pols = 0. -0.02447
+                                         /R =   6.9122E-02
    59.00 deg.: X-S =     5.075836 mb/sr,                       & pols = 0. -0.02139
+                                         /R =   6.0589E-02
    60.00 deg.: X-S =     4.308547 mb/sr,                       & pols = 0. -0.01404
+                                         /R =   5.4669E-02
    61.00 deg.: X-S =     3.807339 mb/sr,                       & pols = 0. -0.00277
+                                         /R =   5.1290E-02
    62.00 deg.: X-S =     3.512860 mb/sr,                       & pols =-0.  0.01075
+                                         /R =   5.0182E-02
    63.00 deg.: X-S =     3.365777 mb/sr,                       & pols = 0.  0.02420
+                                         /R =   5.0928E-02
    64.00 deg.: X-S =     3.311211 mb/sr,                       & pols = 0.  0.03573
+                                         /R =   5.3010E-02
    65.00 deg.: X-S =     3.301918 mb/sr,                       & pols = 0.  0.04448
+                                         /R =   5.5868E-02
    66.00 deg.: X-S =     3.300198 mb/sr,                       & pols = 0.  0.05042
+                                         /R =   5.8953E-02
    67.00 deg.: X-S =     3.278640 mb/sr,                       & pols = 0.  0.05393
+                                         /R =   6.1771E-02
    68.00 deg.: X-S =     3.219879 mb/sr,                       & pols = 0.  0.05547
+                                         /R =   6.3917E-02
    69.00 deg.: X-S =     3.115596 mb/sr,                       & pols = 0.  0.05543
+                                         /R =   6.5101E-02
    70.00 deg.: X-S =     2.965008 mb/sr,                       & pols = 0.  0.05408
+                                         /R =   6.5151E-02
    71.00 deg.: X-S =     2.773087 mb/sr,                       & pols = 0.  0.05156
+                                         /R =   6.4020E-02
    72.00 deg.: X-S =     2.548717 mb/sr,                       & pols = 0.  0.04792
+                                         /R =   6.1763E-02
    73.00 deg.: X-S =     2.302940 mb/sr,                       & pols = 0.  0.04312
+                                         /R =   5.8528E-02
    74.00 deg.: X-S =     2.047445 mb/sr,                       & pols = 0.  0.03705
+                                         /R =   5.4525E-02
    75.00 deg.: X-S =     1.793335 mb/sr,                       & pols = 0.  0.02956
+                                         /R =   5.0001E-02
    76.00 deg.: X-S =     1.550245 mb/sr,                       & pols = 0.  0.02049
+                                         /R =   4.5217E-02
    77.00 deg.: X-S =     1.325778 mb/sr,                       & pols = 0.  0.00973
+                                         /R =   4.0421E-02
    78.00 deg.: X-S =     1.125250 mb/sr,                       & pols = 0. -0.00270
+                                         /R =   3.5832E-02
    79.00 deg.: X-S =     0.951686 mb/sr,                       & pols = 0. -0.01655
+                                         /R =   3.1628E-02
    80.00 deg.: X-S =     0.806018 mb/sr,                       & pols = 0. -0.03119
+                                         /R =   2.7935E-02
                                           Integrated********** mb, over [   0.000,  80.000] at    21.0000 MeV 

 CROSS SECTIONS FOR OUTGOING h2       & ca40     in state #   1 with spins & parities 1.0  + &  3.0  +;  0

     0.00 deg.: X-S =     4.132022 mb/sr,                       & pols =-0.  0.00000
+                                         REAC   7.5606E+00 mb
     1.00 deg.: X-S =     4.133084 mb/sr,                       & pols =-0.  0.00393
     2.00 deg.: X-S =     4.136421 mb/sr,                       & pols =-0.  0.00783
     3.00 deg.: X-S =     4.142458 mb/sr,                       & pols =-0.  0.01169
     4.00 deg.: X-S =     4.151835 mb/sr,                       & pols =-0.  0.01551
     5.00 deg.: X-S =     4.165318 mb/sr,                       & pols =-0.  0.01930
     6.00 deg.: X-S =     4.183722 mb/sr,                       & pols =-0.  0.02312
     7.00 deg.: X-S =     4.207842 mb/sr,                       & pols =-0.  0.02699
     8.00 deg.: X-S =     4.238418 mb/sr,                       & pols =-0.  0.03096
     9.00 deg.: X-S =     4.276119 mb/sr,                       & pols =-0.  0.03506
    10.00 deg.: X-S =     4.321513 mb/sr,                       & pols =-0.  0.03930
    11.00 deg.: X-S =     4.375018 mb/sr,                       & pols =-0.  0.04367
    12.00 deg.: X-S =     4.436806 mb/sr,                       & pols =-0.  0.04810
    13.00 deg.: X-S =     4.506661 mb/sr,                       & pols =-0.  0.05252
    14.00 deg.: X-S =     4.583820 mb/sr,                       & pols =-0.  0.05683
    15.00 deg.: X-S =     4.666810 mb/sr,                       & pols =-0.  0.06091
    16.00 deg.: X-S =     4.753343 mb/sr,                       & pols =-0.  0.06465
    17.00 deg.: X-S =     4.840283 mb/sr,                       & pols =-0.  0.06793
    18.00 deg.: X-S =     4.923702 mb/sr,                       & pols =-0.  0.07068
    19.00 deg.: X-S =     4.999038 mb/sr,                       & pols =-0.  0.07283
    20.00 deg.: X-S =     5.061319 mb/sr,                       & pols =-0.  0.07436
    21.00 deg.: X-S =     5.105439 mb/sr,                       & pols =-0.  0.07527
    22.00 deg.: X-S =     5.126455 mb/sr,                       & pols =-0.  0.07558
    23.00 deg.: X-S =     5.119884 mb/sr,                       & pols =-0.  0.07533
    24.00 deg.: X-S =     5.081973 mb/sr,                       & pols =-0.  0.07458
    25.00 deg.: X-S =     5.009940 mb/sr,                       & pols =-0.  0.07339
    26.00 deg.: X-S =     4.902168 mb/sr,                       & pols =-0.  0.07180
    27.00 deg.: X-S =     4.758337 mb/sr,                       & pols =-0.  0.06988
    28.00 deg.: X-S =     4.579495 mb/sr,                       & pols =-0.  0.06770
    29.00 deg.: X-S =     4.368048 mb/sr,                       & pols =-0.  0.06530
    30.00 deg.: X-S =     4.127672 mb/sr,                       & pols =-0.  0.06276
    31.00 deg.: X-S =     3.863152 mb/sr,                       & pols =-0.  0.06014
    32.00 deg.: X-S =     3.580149 mb/sr,                       & pols =-0.  0.05750
    33.00 deg.: X-S =     3.284927 mb/sr,                       & pols =-0.  0.05493
    34.00 deg.: X-S =     2.984048 mb/sr,                       & pols =-0.  0.05251
    35.00 deg.: X-S =     2.684062 mb/sr,                       & pols =-0.  0.05032
    36.00 deg.: X-S =     2.391220 mb/sr,                       & pols =-0.  0.04845
    37.00 deg.: X-S =     2.111215 mb/sr,                       & pols =-0.  0.04701
    38.00 deg.: X-S =     1.848973 mb/sr,                       & pols = 0.  0.04610
    39.00 deg.: X-S =     1.608493 mb/sr,                       & pols =-0.  0.04587
    40.00 deg.: X-S =     1.392742 mb/sr,                       & pols = 0.  0.04643
    41.00 deg.: X-S =     1.203603 mb/sr,                       & pols = 0.  0.04792
    42.00 deg.: X-S =     1.041880 mb/sr,                       & pols =-0.  0.05042
    43.00 deg.: X-S =     0.907349 mb/sr,                       & pols =-0.  0.05394
    44.00 deg.: X-S =     0.798851 mb/sr,                       & pols =-0.  0.05835
    45.00 deg.: X-S =     0.714427 mb/sr,                       & pols =-0.  0.06333
    46.00 deg.: X-S =     0.651479 mb/sr,                       & pols =-0.  0.06840
    47.00 deg.: X-S =     0.606954 mb/sr,                       & pols =-0.  0.07300
    48.00 deg.: X-S =     0.577534 mb/sr,                       & pols =-0.  0.07665
    49.00 deg.: X-S =     0.559818 mb/sr,                       & pols =-0.  0.07909
    50.00 deg.: X-S =     0.550498 mb/sr,                       & pols =-0.  0.08029
    51.00 deg.: X-S =     0.546501 mb/sr,                       & pols =-0.  0.08044
    52.00 deg.: X-S =     0.545112 mb/sr,                       & pols =-0.  0.07985
    53.00 deg.: X-S =     0.544052 mb/sr,                       & pols =-0.  0.07884
    54.00 deg.: X-S =     0.541524 mb/sr,                       & pols =-0.  0.07770
    55.00 deg.: X-S =     0.536229 mb/sr,                       & pols =-0.  0.07666
    56.00 deg.: X-S =     0.527345 mb/sr,                       & pols =-0.  0.07590
    57.00 deg.: X-S =     0.514489 mb/sr,                       & pols =-0.  0.07550
    58.00 deg.: X-S =     0.497662 mb/sr,                       & pols =-0.  0.07553
    59.00 deg.: X-S =     0.477173 mb/sr,                       & pols =-0.  0.07597
    60.00 deg.: X-S =     0.453572 mb/sr,                       & pols =-0.  0.07678
    61.00 deg.: X-S =     0.427569 mb/sr,                       & pols =-0.  0.07788
    62.00 deg.: X-S =     0.399969 mb/sr,                       & pols = 0.  0.07917
    63.00 deg.: X-S =     0.371604 mb/sr,                       & pols = 0.  0.08049
    64.00 deg.: X-S =     0.343281 mb/sr,                       & pols = 0.  0.08167
    65.00 deg.: X-S =     0.315735 mb/sr,                       & pols = 0.  0.08251
    66.00 deg.: X-S =     0.289598 mb/sr,                       & pols = 0.  0.08274
    67.00 deg.: X-S =     0.265366 mb/sr,                       & pols = 0.  0.08208
    68.00 deg.: X-S =     0.243399 mb/sr,                       & pols = 0.  0.08024
    69.00 deg.: X-S =     0.223904 mb/sr,                       & pols = 0.  0.07690
    70.00 deg.: X-S =     0.206951 mb/sr,                       & pols = 0.  0.07182
    71.00 deg.: X-S =     0.192481 mb/sr,                       & pols = 0.  0.06485
    72.00 deg.: X-S =     0.180330 mb/sr,                       & pols = 0.  0.05599
    73.00 deg.: X-S =     0.170247 mb/sr,                       & pols = 0.  0.04541
    74.00 deg.: X-S =     0.161929 mb/sr,                       & pols =-0.  0.03348
    75.00 deg.: X-S =     0.155039 mb/sr,                       & pols =-0.  0.02071
    76.00 deg.: X-S =     0.149236 mb/sr,                       & pols =-0.  0.00766
    77.00 deg.: X-S =     0.144196 mb/sr,                       & pols =-0. -0.00509
    78.00 deg.: X-S =     0.139625 mb/sr,                       & pols =-0. -0.01701
    79.00 deg.: X-S =     0.135279 mb/sr,                       & pols =-0. -0.02771
    80.00 deg.: X-S =     0.130963 mb/sr,                       & pols =-0. -0.03687
                                           Integrated    7.2187 mb, over [   0.000,  80.000] at    21.0000 MeV 
 Finished all xsecs @   0.360499024    

  The following files have been created:
   3:local copy of User input.            6:standard output.                   
  13:total cross sections/state.         16:tables of cross sections.          
  35:Astrophysics S-factors  / Ecm.      39:cross sections for each Ecm.       
  40:all cross sectns. for each Elab.    46:bs wave functions & ANC ratios.    
  56:Fusion for each Jtotal.             58:Single-particle wfns.              
  75:S-factors for lab energies.        201:Separate cross sections.           
 202:Separate cross sections.           

 PARAMETERS : MAXQRN   MFNL   MLOC  LMAX1 MCLIST
    ALLOWED :      8    225     20     50      6
    REQUIRED:      1      0     13     35      4


 ACCURACY ANALYSIS at    21.000 MeV :

  Elastic h*k = 0.016 so OK       compared with 0.200

   Real(S-el) > 0.01 first at J =       1.0
   Real(S-el) > 0.10 first at J =       5.0
   Real(S-el) > 0.50 first at J =       8.0
   Real(S-el) > 0.90 first at J =      10.0
   Real(S-el) > 0.99 first at J =      13.0
   R-turn =    20.33 fm    at J =      30.0

 Forward-angle excitation cut off below   8.519 deg by max JT =      30.0
                              and below   5.957 deg by max R.

 Total CPU  0 time =       0.36 seconds
