 FRESCO - FRES 3.4: Coupled Reaction Channels
 Assuming NAMELIST input.

 39K(3He,d)40Ca 21 MeV DWBA ZR 8019 keV Jpi=0+ l=2 n=2 j=3/2                     

   0.010  30.000   0.100   0.100  10.000  -0.300   0.000   0.000   0.000   0.000

 Centre-of-mass Range is   3002 * 0.0100 fm., Maximum at  30.00 fm., Interpolating NL forms every  0.10 fm.
 Non - locality width is    101 * 0.1000 fm., Maximum of  10.00 fm., Centred at -0.20 fm.
 2-Nucleon Separation of      0 * 0.1000 fm., Maximum of   0.00 fm., Minimum at  0.00 fm.
 Maximum single particle bins of 30.0000 fm.
               M,Mint =         3001        3001


 Range of total J is     0.0 <= J <=    30.0 (at least     0.0) and Absorbtion =>    -1.0000 mb.
 Dry Run = F, CC set limits =  0  0, Relativistic kinematics =  , Both/Far/Near Analyses =  1                     

 Cross Sections (and up to T1 for 0=projectile) for Theta from   0.0 to  80.0 in steps of  1.0 degrees, DGAM=0,  Coordinates = 0 (Mads)

 Lower Radial Cutoff = maximum of -1.60*L*h &       0.0 fm.,  Lower Cutoff for Couplings =   0.0  fm.


 Iterate Couplings between   0 and   1 times, to  0.000 % if sooner.                                          
  Block solved exactly =   0 chs., with Pade = 0 & Isocen =  =0, NOSOL = F, initwf =  0
  NL quadrature with   36 Gaussian points, Calculate multipoles up to    36 from   0
  M-transfers for lp+lt greater than or equal to  6, Angular Integration Cutoff below  0.6944 %


 Trace switches are :  CHANS =  1, LISTCC =  0, TRENEG =  0, CDETR =  0, SMATS =  0, XSTABL =  1, NLPL =  0

                       WAVES =  0, LAMPL =  0, VEFF =  0, KFUS =  0, WDISK =  0, BPM =  0, MELFIL =  0

                       CDCC =  0, NFUS =  0

 Using unit mass = 1.000000 amu and 1/fine-structure constant = 137.03599 ( 1.000000 * true ) with hc = 197.32705 MeV.fm,
  thus 2*amu/hbar^2 = 0.0478450 = 1/20.9008 and Coulomb constant = 0.1574855 so e^2 = 1.43997, and nuclear magneton= 0.1261183

 Now pre-scan input and save to file 3

  WARNING: target longitudinal recoil NOT included in the ZR coupling #            1


 *********** PARTITION NUMBER  1 ******************************************************************************************

   PROJ=he3        MASS=  3.0150 Z=   2.0,        # STATES=    1T, TARG=k39      MASS= 38.9530 Z=  19.0,     Q-VALUE =   0.0000 MEV.

     1:  J= 0.5+ (B# 1), E=  0.0000, K= 0.5              Potl#  1       J= 1.5+ (B# 1), E=  0.0000, K= 0.5    


 *********** PARTITION NUMBER  2 ******************************************************************************************

   PROJ=h2         MASS=  2.0140 Z=   1.0,        # STATES=    1T, TARG=ca40     MASS= 39.9630 Z=  20.0,     Q-VALUE =   2.8347 MEV.

     1:  J= 1.0+ (B# 1), E=  0.0000, K= 0.0              Potl#  2       J= 0.0+ (B# 1), E=  8.0188, K= 0.0    
0****** WARNING : COMPARED WITH PARTITION  1, THIS PARTITION HAS TOTAL MASS & CHARGE EXCESSES   0.01205 &   0.0000


 ************************************************************************************************************************************

 The following POTENTIALS are defined :

  KP#       TYPE      IT    SHAPE      at     V1        r1        a1        V2        r2        a2        A-in     A-used


                                            A#1       A#2        r0c       ac                                                h @ 1
    1    0=Coulomb       0=CHARGE (WS)  1    38.953     0.000    1.2890    0.0000    0.0000    0.0000     0.000    38.953   0.01000

    1    1=Volume        0=Woods-Saxon  2  117.8810    1.1780    0.7680   -0.6460    1.4150    0.8470     0.000    38.953

    1    2=Surface       0=Woods-Saxon  3    0.0000    0.0000    0.0000   20.6650    1.1980    0.8520     0.000    38.953

    1    3=Projtl S.O.   0=Woods-Saxon  4    2.0830    0.7380    0.9460   -1.1590    0.0000    0.0000     0.000    38.953
   --------------------------------------------------------------------------------------------------------------------

                                            A#1       A#2        r0c       ac                                                h @ 2
    2    0=Coulomb       0=CHARGE (WS)  5    39.963     0.000    1.3030    0.0000    0.0000    0.0000     0.000    39.963   0.01000

    2    1=Volume        0=Woods-Saxon  6   91.1200    1.1500    0.7620    2.2340    1.3340    0.5130     0.000    39.963

    2    2=Surface       0=Woods-Saxon  7    0.0000    0.0000    0.0000   10.2740    1.3780    0.7430     0.000    39.963

    2    3=Projtl S.O.   0=Woods-Saxon  8    3.5570    0.9720    1.0110    0.0000    0.0000    0.0000     0.000    39.963
   --------------------------------------------------------------------------------------------------------------------

                                            A#1       A#2        r0c       ac                                                h @ 0
    3    0=Coulomb       0=CHARGE (WS)  9     3.015     0.000    1.2500    0.0000    0.0000    0.0000     0.000     3.015   0.01000

    3    1=Volume        0=Woods-Saxon 10   50.0000    1.2500    0.6500    0.0000    0.0000    0.0000     0.000     3.015
   --------------------------------------------------------------------------------------------------------------------

                                            A#1       A#2        r0c       ac                                                h @ 0
    4    0=Coulomb       0=CHARGE (WS) 11    38.953     0.000    1.2500    0.0000    0.0000    0.0000     0.000    38.953   0.01000

    4    1=Volume        0=Woods-Saxon 12   50.0000    1.2500    0.6500    0.0000    0.0000    0.0000     0.000    38.953


 ************************************************************************************************************************************

 The following SINGLE-PARTICLE FORM FACTORS are constructed :


 No.   P1 P2 IN KIND T N  L  S1 IA J/S  IB BIND XFER  BE    SC PC FIL AFRAC Adjust  to  Z  Mass   K     Norm    rms      D0     D   ANC/Gsp

 For Channel #  1 with l = 0,  j =  0.5, around core state #  1

   R    Y(R)
   0.00   0.0000E+00,    0.10   5.8280E-02,    0.20   1.1591E-01,    0.30   1.7228E-01,    0.40   2.2679E-01,    0.50   2.7891E-01, 
   0.60   3.2812E-01,    0.70   3.7401E-01,    0.80   4.1621E-01,    0.90   4.5442E-01,    1.00   4.8842E-01,    1.10   5.1808E-01, 
   1.20   5.4332E-01,    1.30   5.6417E-01,    1.40   5.8070E-01,    1.50   5.9306E-01,    1.60   6.0146E-01,    1.70   6.0615E-01, 
   1.80   6.0741E-01,    1.90   6.0557E-01,    2.00   6.0094E-01,    2.10   5.9388E-01,    2.20   5.8471E-01,    2.30   5.7376E-01, 
   2.40   5.6133E-01,    2.50   5.4772E-01,    2.60   5.3317E-01,    2.70   5.1794E-01,    2.80   5.0221E-01,    2.90   4.8618E-01, 
   3.00   4.6999E-01,    3.10   4.5378E-01,    3.20   4.3767E-01,    3.30   4.2173E-01,    3.40   4.0605E-01,    3.50   3.9068E-01, 
   3.60   3.7566E-01,    3.70   3.6103E-01,    3.80   3.4682E-01,    3.90   3.3304E-01,    4.00   3.1970E-01,    4.10   3.0681E-01, 
   4.20   2.9437E-01,    4.30   2.8238E-01,    4.40   2.7083E-01,    4.50   2.5971E-01,    4.60   2.4902E-01,    4.70   2.3874E-01, 
   4.80   2.2887E-01,    4.90   2.1939E-01,    5.00   2.1029E-01,    5.10   2.0156E-01,    5.20   1.9318E-01,    5.30   1.8514E-01, 
   5.40   1.7743E-01,    5.50   1.7004E-01,    5.60   1.6296E-01,    5.70   1.5616E-01,    5.80   1.4965E-01,    5.90   1.4341E-01, 
   6.00   1.3743E-01,    6.10   1.3170E-01,    6.20   1.2620E-01,    6.30   1.2094E-01,    6.40   1.1589E-01,    6.50   1.1106E-01, 
   6.60   1.0643E-01,    6.70   1.0199E-01,    6.80   9.7738E-02,    6.90   9.3663E-02,    7.00   8.9758E-02,    7.10   8.6017E-02, 
   7.20   8.2432E-02,    7.30   7.8996E-02,    7.40   7.5705E-02,    7.50   7.2551E-02,    7.60   6.9529E-02,    7.70   6.6633E-02, 
   7.80   6.3858E-02,    7.90   6.1199E-02,    8.00   5.8651E-02,    8.10   5.6210E-02,    8.20   5.3870E-02,    8.30   5.1628E-02, 
   8.40   4.9480E-02,    8.50   4.7422E-02,    8.60   4.5449E-02,    8.70   4.3559E-02,    8.80   4.1747E-02,    8.90   4.0011E-02, 
   9.00   3.8348E-02,    9.10   3.6753E-02,    9.20   3.5226E-02,    9.30   3.3762E-02,    9.40   3.2358E-02,    9.50   3.1014E-02, 
   9.60   2.9725E-02,    9.70   2.8490E-02,    9.80   2.7307E-02,    9.90   2.6173E-02,   10.00   2.5086E-02,   10.10   2.4044E-02, 
  10.20   2.3046E-02,   10.30   2.2089E-02,   10.40   2.1172E-02,   10.50   2.0293E-02,   10.60   1.9451E-02,   10.70   1.8644E-02, 
  10.80   1.7870E-02,   10.90   1.7128E-02,   11.00   1.6418E-02,   11.10   1.5737E-02,   11.20   1.5084E-02,   11.30   1.4458E-02, 
  11.40   1.3858E-02,   11.50   1.3284E-02,   11.60   1.2733E-02,   11.70   1.2205E-02,   11.80   1.1699E-02,   11.90   1.1214E-02, 
  12.00   1.0749E-02,   12.10   1.0303E-02,   12.20   9.8761E-03,   12.30   9.4667E-03,   12.40   9.0744E-03,   12.50   8.6983E-03, 
  12.60   8.3378E-03,   12.70   7.9923E-03,   12.80   7.6612E-03,   12.90   7.3438E-03,   13.00   7.0395E-03,   13.10   6.7479E-03, 
  13.20   6.4684E-03,   13.30   6.2004E-03,   13.40   5.9436E-03,   13.50   5.6975E-03,   13.60   5.4615E-03,   13.70   5.2353E-03, 
  13.80   5.0185E-03,   13.90   4.8107E-03,   14.00   4.6116E-03,   14.10   4.4206E-03,   14.20   4.2376E-03,   14.30   4.0622E-03, 
  14.40   3.8940E-03,   14.50   3.7329E-03,   14.60   3.5783E-03,   14.70   3.4302E-03,   14.80   3.2883E-03,   14.90   3.1522E-03, 
  15.00   3.0217E-03,   15.10   2.8967E-03,   15.20   2.7768E-03,   15.30   2.6619E-03,   15.40   2.5518E-03,   15.50   2.4462E-03, 
  15.60   2.3450E-03,   15.70   2.2480E-03,   15.80   2.1550E-03,   15.90   2.0659E-03,   16.00   1.9804E-03,   16.10   1.8985E-03, 
  16.20   1.8200E-03,   16.30   1.7447E-03,   16.40   1.6726E-03,   16.50   1.6034E-03,   16.60   1.5371E-03,   16.70   1.4735E-03, 
  16.80   1.4126E-03,   16.90   1.3542E-03,   17.00   1.2982E-03,   17.10   1.2445E-03,   17.20   1.1931E-03,   17.30   1.1438E-03, 
  17.40   1.0965E-03,   17.50   1.0511E-03,   17.60   1.0077E-03,   17.70   9.6604E-04,   17.80   9.2611E-04,   17.90   8.8783E-04, 
  18.00   8.5114E-04,   18.10   8.1596E-04,   18.20   7.8224E-04,   18.30   7.4991E-04,   18.40   7.1892E-04,   18.50   6.8921E-04, 
  18.60   6.6073E-04,   18.70   6.3343E-04,   18.80   6.0725E-04,   18.90   5.8216E-04,   19.00   5.5811E-04,   19.10   5.3505E-04, 
  19.20   5.1295E-04,   19.30   4.9175E-04,   19.40   4.7144E-04,   19.50   4.5196E-04,   19.60   4.3329E-04,   19.70   4.1539E-04, 
  19.80   3.9823E-04,   19.90   3.8179E-04,   20.00   3.6602E-04,   20.10   3.5090E-04,   20.20   3.3640E-04,   20.30   3.2251E-04, 
  20.40   3.0919E-04,   20.50   2.9642E-04,   20.60   2.8418E-04,   20.70   2.7244E-04,   20.80   2.6119E-04,   20.90   2.5041E-04, 
  21.00   2.4007E-04,   21.10   2.3015E-04,   21.20   2.2065E-04,   21.30   2.1154E-04,   21.40   2.0281E-04,   21.50   1.9443E-04, 
  21.60   1.8640E-04,   21.70   1.7871E-04,   21.80   1.7133E-04,   21.90   1.6426E-04,   22.00   1.5748E-04,   22.10   1.5098E-04, 
  22.20   1.4474E-04,   22.30   1.3877E-04,   22.40   1.3304E-04,   22.50   1.2755E-04,   22.60   1.2228E-04,   22.70   1.1724E-04, 
  22.80   1.1240E-04,   22.90   1.0776E-04,   23.00   1.0331E-04,   23.10   9.9046E-05,   23.20   9.4958E-05,   23.30   9.1039E-05, 
  23.40   8.7282E-05,   23.50   8.3680E-05,   23.60   8.0226E-05,   23.70   7.6915E-05,   23.80   7.3741E-05,   23.90   7.0698E-05, 
  24.00   6.7781E-05,   24.10   6.4984E-05,   24.20   6.2303E-05,   24.30   5.9732E-05,   24.40   5.7267E-05,   24.50   5.4904E-05, 
  24.60   5.2639E-05,   24.70   5.0467E-05,   24.80   4.8385E-05,   24.90   4.6389E-05,   25.00   4.4475E-05,   25.10   4.2640E-05, 
  25.20   4.0881E-05,   25.30   3.9194E-05,   25.40   3.7577E-05,   25.50   3.6027E-05,   25.60   3.4541E-05,   25.70   3.3116E-05, 
  25.80   3.1750E-05,   25.90   3.0440E-05,   26.00   2.9184E-05,   26.10   2.7981E-05,   26.20   2.6827E-05,   26.30   2.5720E-05, 
  26.40   2.4659E-05,   26.50   2.3642E-05,   26.60   2.2667E-05,   26.70   2.1732E-05,   26.80   2.0836E-05,   26.90   1.9976E-05, 
  27.00   1.9152E-05,   27.10   1.8363E-05,   27.20   1.7605E-05,   27.30   1.6879E-05,   27.40   1.6183E-05,   27.50   1.5516E-05, 
  27.60   1.4876E-05,   27.70   1.4262E-05,   27.80   1.3674E-05,   27.90   1.3110E-05,   28.00   1.2570E-05,   28.10   1.2051E-05, 
  28.20   1.1554E-05,   28.30   1.1078E-05,   28.40   1.0621E-05,   28.50   1.0183E-05,   28.60   9.7634E-06,   28.70   9.3608E-06, 
  28.80   8.9749E-06,   28.90   8.6048E-06,   29.00   8.2500E-06,   29.10   7.9099E-06,   29.20   7.5838E-06,   29.30   7.2711E-06, 
  29.40   6.9713E-06,   29.50   6.6839E-06,   29.60   6.4084E-06,   29.70   6.1442E-06,   29.80   5.8909E-06,   29.90   5.6480E-06, 
  30.00   5.4152E-06, 

 No.   P1 P2 IN KIND T N  L  S1 IA J/S  IB BIND XFER  BE    SC PC FIL AFRAC Adjust  to  Z  Mass   K     Norm    rms      D0     D   ANC/Gsp

    At R=   29.990, ANC in ch  1 is    1.8773    ,   eta,eta*ln(2*rho)+rho =   0.54944E-01    12.750    

    1:  2  1  1  0     1  0 0.5  1 0.5   0   3   0   5.4935  1  1  0 0.0000 VR  0.8879; 1. 1.001 0.4192 1.0000  2.820 -166.8 -174.2  1.8773

 For Channel #  1 with l = 2,  j =  1.5, around core state #  1

   R    Y(R)
   0.00  -0.0000E+00,    0.10   1.7828E-04,    0.20   1.4161E-03,    0.30   4.7227E-03,    0.40   1.1009E-02,    0.50   2.1042E-02, 
   0.60   3.5408E-02,    0.70   5.4480E-02,    0.80   7.8392E-02,    0.90   1.0703E-01,    1.00   1.4002E-01,    1.10   1.7676E-01, 
   1.20   2.1638E-01,    1.30   2.5785E-01,    1.40   2.9993E-01,    1.50   3.4128E-01,    1.60   3.8049E-01,    1.70   4.1609E-01, 
   1.80   4.4668E-01,    1.90   4.7094E-01,    2.00   4.8767E-01,    2.10   4.9590E-01,    2.20   4.9486E-01,    2.30   4.8407E-01, 
   2.40   4.6333E-01,    2.50   4.3276E-01,    2.60   3.9278E-01,    2.70   3.4410E-01,    2.80   2.8772E-01,    2.90   2.2486E-01, 
   3.00   1.5692E-01,    3.10   8.5463E-02,    3.20   1.2103E-02,    3.30  -6.1527E-02,    3.40  -1.3384E-01,    3.50  -2.0338E-01, 
   3.60  -2.6882E-01,    3.70  -3.2906E-01,    3.80  -3.8322E-01,    3.90  -4.3068E-01,    4.00  -4.7106E-01,    4.10  -5.0423E-01, 
   4.20  -5.3027E-01,    4.30  -5.4945E-01,    4.40  -5.6221E-01,    4.50  -5.6909E-01,    4.60  -5.7070E-01,    4.70  -5.6770E-01, 
   4.80  -5.6078E-01,    4.90  -5.5059E-01,    5.00  -5.3775E-01,    5.10  -5.2282E-01,    5.20  -5.0632E-01,    5.30  -4.8870E-01, 
   5.40  -4.7034E-01,    5.50  -4.5158E-01,    5.60  -4.3268E-01,    5.70  -4.1386E-01,    5.80  -3.9529E-01,    5.90  -3.7712E-01, 
   6.00  -3.5945E-01,    6.10  -3.4234E-01,    6.20  -3.2586E-01,    6.30  -3.1003E-01,    6.40  -2.9487E-01,    6.50  -2.8039E-01, 
   6.60  -2.6659E-01,    6.70  -2.5346E-01,    6.80  -2.4097E-01,    6.90  -2.2912E-01,    7.00  -2.1787E-01,    7.10  -2.0720E-01, 
   7.20  -1.9710E-01,    7.30  -1.8752E-01,    7.40  -1.7845E-01,    7.50  -1.6986E-01,    7.60  -1.6173E-01,    7.70  -1.5402E-01, 
   7.80  -1.4673E-01,    7.90  -1.3982E-01,    8.00  -1.3327E-01,    8.10  -1.2707E-01,    8.20  -1.2119E-01,    8.30  -1.1562E-01, 
   8.40  -1.1034E-01,    8.50  -1.0533E-01,    8.60  -1.0058E-01,    8.70  -9.6064E-02,    8.80  -9.1782E-02,    8.90  -8.7715E-02, 
   9.00  -8.3852E-02,    9.10  -8.0182E-02,    9.20  -7.6693E-02,    9.30  -7.3376E-02,    9.40  -7.0221E-02,    9.50  -6.7219E-02, 
   9.60  -6.4362E-02,    9.70  -6.1642E-02,    9.80  -5.9052E-02,    9.90  -5.6585E-02,   10.00  -5.4234E-02,   10.10  -5.1993E-02, 
  10.20  -4.9856E-02,   10.30  -4.7818E-02,   10.40  -4.5874E-02,   10.50  -4.4019E-02,   10.60  -4.2248E-02,   10.70  -4.0557E-02, 
  10.80  -3.8942E-02,   10.90  -3.7399E-02,   11.00  -3.5924E-02,   11.10  -3.4515E-02,   11.20  -3.3168E-02,   11.30  -3.1879E-02, 
  11.40  -3.0647E-02,   11.50  -2.9467E-02,   11.60  -2.8339E-02,   11.70  -2.7258E-02,   11.80  -2.6224E-02,   11.90  -2.5233E-02, 
  12.00  -2.4284E-02,   12.10  -2.3375E-02,   12.20  -2.2504E-02,   12.30  -2.1669E-02,   12.40  -2.0868E-02,   12.50  -2.0100E-02, 
  12.60  -1.9364E-02,   12.70  -1.8657E-02,   12.80  -1.7979E-02,   12.90  -1.7328E-02,   13.00  -1.6704E-02,   13.10  -1.6104E-02, 
  13.20  -1.5529E-02,   13.30  -1.4975E-02,   13.40  -1.4444E-02,   13.50  -1.3934E-02,   13.60  -1.3443E-02,   13.70  -1.2972E-02, 
  13.80  -1.2519E-02,   13.90  -1.2083E-02,   14.00  -1.1664E-02,   14.10  -1.1261E-02,   14.20  -1.0873E-02,   14.30  -1.0500E-02, 
  14.40  -1.0141E-02,   14.50  -9.7961E-03,   14.60  -9.4636E-03,   14.70  -9.1435E-03,   14.80  -8.8353E-03,   14.90  -8.5385E-03, 
  15.00  -8.2527E-03,   15.10  -7.9774E-03,   15.20  -7.7121E-03,   15.30  -7.4565E-03,   15.40  -7.2101E-03,   15.50  -6.9727E-03, 
  15.60  -6.7439E-03,   15.70  -6.5232E-03,   15.80  -6.3105E-03,   15.90  -6.1053E-03,   16.00  -5.9074E-03,   16.10  -5.7166E-03, 
  16.20  -5.5324E-03,   16.30  -5.3548E-03,   16.40  -5.1833E-03,   16.50  -5.0179E-03,   16.60  -4.8582E-03,   16.70  -4.7040E-03, 
  16.80  -4.5552E-03,   16.90  -4.4115E-03,   17.00  -4.2727E-03,   17.10  -4.1387E-03,   17.20  -4.0092E-03,   17.30  -3.8842E-03, 
  17.40  -3.7634E-03,   17.50  -3.6467E-03,   17.60  -3.5339E-03,   17.70  -3.4249E-03,   17.80  -3.3195E-03,   17.90  -3.2177E-03, 
  18.00  -3.1192E-03,   18.10  -3.0240E-03,   18.20  -2.9320E-03,   18.30  -2.8430E-03,   18.40  -2.7569E-03,   18.50  -2.6737E-03, 
  18.60  -2.5931E-03,   18.70  -2.5152E-03,   18.80  -2.4398E-03,   18.90  -2.3669E-03,   19.00  -2.2963E-03,   19.10  -2.2280E-03, 
  19.20  -2.1619E-03,   19.30  -2.0979E-03,   19.40  -2.0360E-03,   19.50  -1.9760E-03,   19.60  -1.9180E-03,   19.70  -1.8617E-03, 
  19.80  -1.8073E-03,   19.90  -1.7546E-03,   20.00  -1.7035E-03,   20.10  -1.6540E-03,   20.20  -1.6061E-03,   20.30  -1.5597E-03, 
  20.40  -1.5147E-03,   20.50  -1.4711E-03,   20.60  -1.4289E-03,   20.70  -1.3879E-03,   20.80  -1.3483E-03,   20.90  -1.3098E-03, 
  21.00  -1.2725E-03,   21.10  -1.2364E-03,   21.20  -1.2014E-03,   21.30  -1.1674E-03,   21.40  -1.1345E-03,   21.50  -1.1025E-03, 
  21.60  -1.0715E-03,   21.70  -1.0415E-03,   21.80  -1.0124E-03,   21.90  -9.8410E-04,   22.00  -9.5668E-04,   22.10  -9.3008E-04, 
  22.20  -9.0428E-04,   22.30  -8.7924E-04,   22.40  -8.5494E-04,   22.50  -8.3136E-04,   22.60  -8.0848E-04,   22.70  -7.8627E-04, 
  22.80  -7.6471E-04,   22.90  -7.4379E-04,   23.00  -7.2347E-04,   23.10  -7.0375E-04,   23.20  -6.8461E-04,   23.30  -6.6602E-04, 
  23.40  -6.4797E-04,   23.50  -6.3044E-04,   23.60  -6.1342E-04,   23.70  -5.9689E-04,   23.80  -5.8084E-04,   23.90  -5.6524E-04, 
  24.00  -5.5010E-04,   24.10  -5.3538E-04,   24.20  -5.2109E-04,   24.30  -5.0720E-04,   24.40  -4.9370E-04,   24.50  -4.8059E-04, 
  24.60  -4.6785E-04,   24.70  -4.5547E-04,   24.80  -4.4344E-04,   24.90  -4.3175E-04,   25.00  -4.2038E-04,   25.10  -4.0934E-04, 
  25.20  -3.9860E-04,   25.30  -3.8816E-04,   25.40  -3.7801E-04,   25.50  -3.6815E-04,   25.60  -3.5855E-04,   25.70  -3.4923E-04, 
  25.80  -3.4016E-04,   25.90  -3.3134E-04,   26.00  -3.2277E-04,   26.10  -3.1443E-04,   26.20  -3.0631E-04,   26.30  -2.9843E-04, 
  26.40  -2.9075E-04,   26.50  -2.8329E-04,   26.60  -2.7603E-04,   26.70  -2.6896E-04,   26.80  -2.6209E-04,   26.90  -2.5541E-04, 
  27.00  -2.4890E-04,   27.10  -2.4257E-04,   27.20  -2.3642E-04,   27.30  -2.3042E-04,   27.40  -2.2459E-04,   27.50  -2.1892E-04, 
  27.60  -2.1339E-04,   27.70  -2.0802E-04,   27.80  -2.0278E-04,   27.90  -1.9769E-04,   28.00  -1.9273E-04,   28.10  -1.8791E-04, 
  28.20  -1.8321E-04,   28.30  -1.7863E-04,   28.40  -1.7418E-04,   28.50  -1.6984E-04,   28.60  -1.6562E-04,   28.70  -1.6151E-04, 
  28.80  -1.5751E-04,   28.90  -1.5361E-04,   29.00  -1.4981E-04,   29.10  -1.4611E-04,   29.20  -1.4251E-04,   29.30  -1.3901E-04, 
  29.40  -1.3559E-04,   29.50  -1.3226E-04,   29.60  -1.2902E-04,   29.70  -1.2586E-04,   29.80  -1.2279E-04,   29.90  -1.1979E-04, 
  30.00  -1.1687E-04, 

 No.   P1 P2 IN KIND T N  L  S1 IA J/S  IB BIND XFER  BE    SC PC FIL AFRAC Adjust  to  Z  Mass   K     Norm    rms      D0     D   ANC/Gsp

    At R=   29.990, ANC in ch  2 is   -1735.0    ,   eta,eta*ln(2*rho)+rho =    5.3366        14.187    

    2:  1  2  2  0     2  2 0.5  1 1.5   0   4   0   0.3095  1  1  0 0.0000 VR  1.6152; 1. 1.010 0.1207 1.0000  4.615    7.7   -7.5 -1.73E+03

 ************************************************************************************************************************************

 TWO-way COUPLING # 1 for partitions  2 <-  1 of KIND  5,   0  0  0 -1 -1 & P1,P2 = -172.8000   0.0000 : for J <=    30.5 & R <  30.0 fm.


 data =  1  1  1  1  1.0000,  so  < [he3      #  1] / [h2       #  1]  * Eigen-form #  1>  =   1.0000            BE =  5.494     1

 data =  2  1  1  2  1.0000,  so  < [ca40     #  1] / [k39      #  1]  * Eigen-form #  2>  =   1.0000            BE =  0.310     2
 KNT =   2, KNP =   1: NK,NG,loc=   1   1   1  13  T  T  F

     So ZERO-RANGE TRANSFER, with D0 =  -172.800 and finite-range effective radius   0.0000 fm.

   2  1  1 13     5.494  -172.800  -172.800     1.001     0.669     0.000     0.010

 Incoming partition  1 in excitation state # 1,   Laboratory Energy given for partition  1 Nucleus 1 in Excitation pair 1

0Lab. ENERGY ranges :

   from    21.0000     to   21.0000     in     0 intervals
   from    21.0000     to   0.00000     in     0 intervals
   from    0.00000     to   0.00000     in     0 intervals

 Largest real,imaginary parts of any form factor at R=   29.90 are   4.82E-02  5.58E-12 MeV
 Finished all Couplings @   0.104304001              13

 Symmetric Hamiltonian
1***********************************************************************************************************************************
************************************************************************************************************************************

        INCOMING he3      ;    LABORATORY he3      ENERGY =   21.000     MeV.

 ***********************************************************************************************************************************
 ***********************************************************************************************************************************

 Allocate arrays for            2  channels, of which            1  need wfs.

 Total SPIN, PARITY =     0.0 +,      1 chs,      0 cc.  Rmin & Coul turning =    0.0    2.8


    C Projectl Target   #   EX.   (L  Proj) J  + Targ = Jtotal     E-cm      Re K     Re Eta     RM*K            CH
    1 he3      k39      #    1: I   2 0.5    1.5  1.5     0.0    19.49135   1.61545   2.26756   48.4636   0.14692   0.49129 1 1 1   1
 Allocate arrays for            2  channels, of which            2  need wfs.
 Allocate arrays for            5  channels, of which            5  need wfs.
 Allocate arrays for            6  channels, of which            6  need wfs.
 Reaction Xsec    27.0+/26 @ 1 =   0.778/, Out:   0.000#   0.004#   0.001f
 Reaction Xsec    27.0+/26 @ 2 =   0.766/, Out:   0.000#   0.034#   0.001f
 Reaction Xsec    27.0+/28 @ 3 =   0.194/, Out:   0.000#   0.019#   0.000f
 Reaction Xsec    27.0+/28 @ 4 =   0.191/, Out:   0.000#   0.380#   0.000f
 Reaction Xsec    27.0-/25 @ 1 =   1.534/, Out:   0.000#   0.001#   0.002f
 Reaction Xsec    27.0-/27 @ 2 =   0.389/, Out:   0.000#   0.007#   0.000f
 Reaction Xsec    27.0-/27 @ 3 =   0.382/, Out:   0.000#   0.010#   0.000f
 Reaction Xsec    27.0-/29 @ 4 =   0.097/, Out:   0.000#   0.092#   0.000f
 Reaction Xsec    28.0+/26 @ 1 =   0.794/, Out:   0.000#   0.002#   0.001f
 Reaction Xsec    28.0+/28 @ 2 =   0.202/, Out:   0.000#   0.008#   0.000f
 Reaction Xsec    28.0+/28 @ 3 =   0.198/, Out:   0.000#   0.011#   0.000f
 Reaction Xsec    28.0+/30 @ 4 =   0.050/, Out:   0.000#   0.050#   0.000f
 Reaction Xsec    28.0-/27 @ 1 =   0.403/, Out:   0.000#   0.000#   0.000f
 Reaction Xsec    28.0-/27 @ 2 =   0.396/, Out:   0.000#   0.016#   0.000f
 Reaction Xsec    28.0-/29 @ 3 =   0.101/, Out:   0.000#   0.027#   0.000f
 Reaction Xsec    28.0-/29 @ 4 =   0.099/, Out:   0.000#   0.194#   0.000f
 Reaction Xsec    29.0+/28 @ 1 =   0.209/, Out:   0.000#   0.023#   0.000f
 Reaction Xsec    29.0+/28 @ 2 =   0.205/, Out:   0.000#   0.018#   0.000f
 Reaction Xsec    29.0+/30 @ 3 =   0.052/, Out:   0.000#   0.018#   0.000f
 Reaction Xsec    29.0+/30 @ 4 =   0.051/, Out:   0.000#   0.104#   0.000f
 Reaction Xsec    29.0-/27 @ 1 =   0.410/, Out:   0.000#   0.000#   0.000f
 Reaction Xsec    29.0-/29 @ 2 =   0.104/, Out:   0.000#   0.012#   0.000f
 Reaction Xsec    29.0-/29 @ 3 =   0.102/, Out:   0.000#   0.015#   0.000f
 Reaction Xsec    29.0-/31 @ 4 =   0.026/, Out:   0.000#   0.009#   0.000f
 Reaction Xsec    30.0+/28 @ 1 =   0.212/, Out:   0.000#   0.013#   0.000f
 Reaction Xsec    30.0+/30 @ 2 =   0.054/, Out:   0.000#   0.008#   0.000f
 Reaction Xsec    30.0+/30 @ 3 =   0.053/, Out:   0.000#   0.010#   0.000f
 Reaction Xsec    30.0+/32 @ 4 =   0.013/, Out:   0.000#   0.003#   0.000f
 Reaction Xsec    30.0-/29 @ 1 =   0.108/, Out:   0.000#   0.054#   0.000f
 Reaction Xsec    30.0-/29 @ 2 =   0.105/, Out:   0.000#   0.026#   0.000f
 Reaction Xsec    30.0-/31 @ 3 =   0.027/, Out:   0.000#   0.002#   0.000f
 Reaction Xsec    30.0-/31 @ 4 =   0.026/, Out:   0.000#   0.020#   0.000f
 Finished all CC sets @   0.241090998    
0CUMULATIVE REACTION cross section                 = 1423.29090  <L> =     7.34  <L**2> =     63.8
0CUMULATIVE outgoing cross sections in partition 1 :    0.00000
0CUMULATIVE outgoing cross sections in partition 2 :    2.59457
0Cumulative ABSORBTION by Imaginary Potentials     = 1420.69633  <L> =     7.34  <L**2> =     63.7
   Fusion for specific he3      M-states : 1426.719285 1426.719285
0CUMULATIVE OUTGOING cross section                 =    2.59457
 To convert to S-factors (MeV.mb = keV.b),  multiply by  3.0022E+07


 CROSS SECTIONS FOR OUTGOING he3      & k39      in state #   1 with spins & parities 0.5  + &  1.5  +;  0

     0.01 deg.: X-S =   8.4933E+16 mb/sr,                       & pols =-0. -0.00000
+                                         /R =   1.0000E+00
     1.00 deg.: X-S =   8.4909E+08 mb/sr,                       & pols = 0.  0.00000
+                                         /R =   9.9967E-01
     2.00 deg.: X-S =   5.3169E+07 mb/sr,                       & pols = 0. -0.00001
+                                         /R =   1.0014E+00
     3.00 deg.: X-S =   1.0282E+07 mb/sr,                       & pols =-0.  0.00002
+                                         /R =   9.8014E-01
     4.00 deg.: X-S =   3.2994E+06 mb/sr,                       & pols = 0.  0.00011
+                                         /R =   9.9366E-01
     5.00 deg.: X-S =   1.4097E+06 mb/sr,                       & pols = 0.  0.00006
+                                         /R =   1.0360E+00
     6.00 deg.: X-S =   7.0157E+05 mb/sr,                       & pols = 0. -0.00016
+                                         /R =   1.0686E+00
     7.00 deg.: X-S =   3.7943E+05 mb/sr,                       & pols = 0. -0.00046
+                                         /R =   1.0700E+00
     8.00 deg.: X-S =   2.1688E+05 mb/sr,                       & pols = 0. -0.00069
+                                         /R =   1.0426E+00
     9.00 deg.: X-S =   1.3008E+05 mb/sr,                       & pols =-0. -0.00074
+                                         /R =   1.0007E+00
    10.00 deg.: X-S =   8.1861E+04 mb/sr,                       & pols = 0. -0.00053
+                                         /R =   9.5895E-01
    11.00 deg.: X-S =   5.4042E+04 mb/sr,                       & pols = 0. -0.00006
+                                         /R =   9.2588E-01
    12.00 deg.: X-S =   3.7257E+04 mb/sr,                       & pols =-0.  0.00056
+                                         /R =   9.0298E-01
    13.00 deg.: X-S =   2.6590E+04 mb/sr,                       & pols =-0.  0.00119
+                                         /R =   8.8652E-01
    14.00 deg.: X-S =   1.9435E+04 mb/sr,                       & pols =-0.  0.00172
+                                         /R =   8.7037E-01
    15.00 deg.: X-S =   1.4401E+04 mb/sr,                       & pols =-0.  0.00208
+                                         /R =   8.4861E-01
    16.00 deg.: X-S =   1.0731E+04 mb/sr,                       & pols = 0.  0.00223
+                                         /R =   8.1731E-01
    17.00 deg.: X-S =  7999.907883 mb/sr,                       & pols = 0.  0.00221
+                                         /R =   7.7522E-01
    18.00 deg.: X-S =  5953.124937 mb/sr,                       & pols =-0.  0.00203
+                                         /R =   7.2378E-01
    19.00 deg.: X-S =  4423.479009 mb/sr,                       & pols = 0.  0.00175
+                                         /R =   6.6640E-01
    20.00 deg.: X-S =  3291.270673 mb/sr,                       & pols =-0.  0.00141
+                                         /R =   6.0754E-01
    21.00 deg.: X-S =  2464.346191 mb/sr,                       & pols =-0.  0.00111
+                                         /R =   5.5178E-01
    22.00 deg.: X-S =  1868.932491 mb/sr,                       & pols =-0.  0.00091
+                                         /R =   5.0295E-01
    23.00 deg.: X-S =  1445.373214 mb/sr,                       & pols =-0.  0.00089
+                                         /R =   4.6359E-01
    24.00 deg.: X-S =  1145.925818 mb/sr,                       & pols =-0.  0.00109
+                                         /R =   4.3472E-01
    25.00 deg.: X-S =   933.275597 mb/sr,                       & pols =-0.  0.00147
+                                         /R =   4.1580E-01
    26.00 deg.: X-S =   779.202243 mb/sr,                       & pols =-0.  0.00198
+                                         /R =   4.0507E-01
    27.00 deg.: X-S =   663.220599 mb/sr,                       & pols =-0.  0.00251
+                                         /R =   3.9988E-01
    28.00 deg.: X-S =   571.191283 mb/sr,                       & pols =-0.  0.00300
+                                         /R =   3.9721E-01
    29.00 deg.: X-S =   493.960536 mb/sr,                       & pols =-0.  0.00340
+                                         /R =   3.9412E-01
    30.00 deg.: X-S =   426.098161 mb/sr,                       & pols =-0.  0.00370
+                                         /R =   3.8817E-01
    31.00 deg.: X-S =   364.788346 mb/sr,                       & pols = 0.  0.00392
+                                         /R =   3.7772E-01
    32.00 deg.: X-S =   308.906308 mb/sr,                       & pols = 0.  0.00412
+                                         /R =   3.6200E-01
    33.00 deg.: X-S =   258.292245 mb/sr,                       & pols = 0.  0.00436
+                                         /R =   3.4120E-01
    34.00 deg.: X-S =   213.216288 mb/sr,                       & pols = 0.  0.00473
+                                         /R =   3.1630E-01
    35.00 deg.: X-S =   174.015430 mb/sr,                       & pols = 0.  0.00531
+                                         /R =   2.8886E-01
    36.00 deg.: X-S =   140.875538 mb/sr,                       & pols = 0.  0.00624
+                                         /R =   2.6079E-01
    37.00 deg.: X-S =   113.728003 mb/sr,                       & pols = 0.  0.00762
+                                         /R =   2.3405E-01
    38.00 deg.: X-S =    92.230449 mb/sr,                       & pols = 0.  0.00951
+                                         /R =   2.1037E-01
    39.00 deg.: X-S =    75.803238 mb/sr,                       & pols =-0.  0.01186
+                                         /R =   1.9107E-01
    40.00 deg.: X-S =    63.697511 mb/sr,                       & pols =-0.  0.01443
+                                         /R =   1.7695E-01
    41.00 deg.: X-S =    55.075310 mb/sr,                       & pols =-0.  0.01686
+                                         /R =   1.6819E-01
    42.00 deg.: X-S =    49.087412 mb/sr,                       & pols =-0.  0.01869
+                                         /R =   1.6437E-01
    43.00 deg.: X-S =    44.939338 mb/sr,                       & pols =-0.  0.01962
+                                         /R =   1.6461E-01
    44.00 deg.: X-S =    41.940265 mb/sr,                       & pols = 0.  0.01954
+                                         /R =   1.6767E-01
    45.00 deg.: X-S =    39.533056 mb/sr,                       & pols = 0.  0.01852
+                                         /R =   1.7213E-01
    46.00 deg.: X-S =    37.306289 mb/sr,                       & pols = 0.  0.01674
+                                         /R =   1.7653E-01
    47.00 deg.: X-S =    34.990903 mb/sr,                       & pols = 0.  0.01436
+                                         /R =   1.7959E-01
    48.00 deg.: X-S =    32.445136 mb/sr,                       & pols = 0.  0.01151
+                                         /R =   1.8027E-01
    49.00 deg.: X-S =    29.631740 mb/sr,                       & pols = 0.  0.00826
+                                         /R =   1.7791E-01
    50.00 deg.: X-S =    26.591346 mb/sr,                       & pols = 0.  0.00467
+                                         /R =   1.7221E-01
    51.00 deg.: X-S =    23.415296 mb/sr,                       & pols = 0.  0.00075
+                                         /R =   1.6329E-01
    52.00 deg.: X-S =    20.220580 mb/sr,                       & pols = 0. -0.00349
+                                         /R =   1.5160E-01
    53.00 deg.: X-S =    17.128675 mb/sr,                       & pols = 0. -0.00799
+                                         /R =   1.3784E-01
    54.00 deg.: X-S =    14.249329 mb/sr,                       & pols = 0. -0.01265
+                                         /R =   1.2289E-01
    55.00 deg.: X-S =    11.669592 mb/sr,                       & pols = 0. -0.01722
+                                         /R =   1.0770E-01
    56.00 deg.: X-S =     9.447882 mb/sr,                       & pols = 0. -0.02127
+                                         /R =   9.3176E-02
    57.00 deg.: X-S =     7.612408 mb/sr,                       & pols = 0. -0.02403
+                                         /R =   8.0114E-02
    58.00 deg.: X-S =     6.163073 mb/sr,                       & pols = 0. -0.02447
+                                         /R =   6.9122E-02
    59.00 deg.: X-S =     5.075836 mb/sr,                       & pols = 0. -0.02139
+                                         /R =   6.0589E-02
    60.00 deg.: X-S =     4.308547 mb/sr,                       & pols = 0. -0.01404
+                                         /R =   5.4669E-02
    61.00 deg.: X-S =     3.807339 mb/sr,                       & pols = 0. -0.00277
+                                         /R =   5.1290E-02
    62.00 deg.: X-S =     3.512860 mb/sr,                       & pols =-0.  0.01075
+                                         /R =   5.0182E-02
    63.00 deg.: X-S =     3.365777 mb/sr,                       & pols =-0.  0.02420
+                                         /R =   5.0928E-02
    64.00 deg.: X-S =     3.311211 mb/sr,                       & pols = 0.  0.03573
+                                         /R =   5.3010E-02
    65.00 deg.: X-S =     3.301918 mb/sr,                       & pols = 0.  0.04448
+                                         /R =   5.5868E-02
    66.00 deg.: X-S =     3.300198 mb/sr,                       & pols = 0.  0.05042
+                                         /R =   5.8953E-02
    67.00 deg.: X-S =     3.278640 mb/sr,                       & pols = 0.  0.05393
+                                         /R =   6.1771E-02
    68.00 deg.: X-S =     3.219879 mb/sr,                       & pols = 0.  0.05547
+                                         /R =   6.3917E-02
    69.00 deg.: X-S =     3.115596 mb/sr,                       & pols = 0.  0.05543
+                                         /R =   6.5101E-02
    70.00 deg.: X-S =     2.965008 mb/sr,                       & pols = 0.  0.05408
+                                         /R =   6.5151E-02
    71.00 deg.: X-S =     2.773087 mb/sr,                       & pols = 0.  0.05156
+                                         /R =   6.4020E-02
    72.00 deg.: X-S =     2.548717 mb/sr,                       & pols = 0.  0.04792
+                                         /R =   6.1763E-02
    73.00 deg.: X-S =     2.302940 mb/sr,                       & pols = 0.  0.04312
+                                         /R =   5.8528E-02
    74.00 deg.: X-S =     2.047445 mb/sr,                       & pols = 0.  0.03705
+                                         /R =   5.4525E-02
    75.00 deg.: X-S =     1.793335 mb/sr,                       & pols = 0.  0.02956
+                                         /R =   5.0001E-02
    76.00 deg.: X-S =     1.550245 mb/sr,                       & pols = 0.  0.02049
+                                         /R =   4.5217E-02
    77.00 deg.: X-S =     1.325778 mb/sr,                       & pols = 0.  0.00973
+                                         /R =   4.0421E-02
    78.00 deg.: X-S =     1.125250 mb/sr,                       & pols = 0. -0.00270
+                                         /R =   3.5832E-02
    79.00 deg.: X-S =     0.951686 mb/sr,                       & pols = 0. -0.01655
+                                         /R =   3.1628E-02
    80.00 deg.: X-S =     0.806018 mb/sr,                       & pols = 0. -0.03119
+                                         /R =   2.7935E-02
                                           Integrated********** mb, over [   0.000,  80.000] at    21.0000 MeV 

 CROSS SECTIONS FOR OUTGOING h2       & ca40     in state #   1 with spins & parities 1.0  + &  0.0  +;  0

     0.00 deg.: X-S =     3.496221 mb/sr,                       & pols =-0.  0.00000
+                                         REAC   2.5946E+00 mb
     1.00 deg.: X-S =     3.503522 mb/sr,                       & pols =-0. -0.00250
     2.00 deg.: X-S =     3.524934 mb/sr,                       & pols =-0. -0.00483
     3.00 deg.: X-S =     3.558990 mb/sr,                       & pols =-0. -0.00686
     4.00 deg.: X-S =     3.603236 mb/sr,                       & pols =-0. -0.00850
     5.00 deg.: X-S =     3.654238 mb/sr,                       & pols =-0. -0.00968
     6.00 deg.: X-S =     3.707606 mb/sr,                       & pols =-0. -0.01044
     7.00 deg.: X-S =     3.758072 mb/sr,                       & pols =-0. -0.01081
     8.00 deg.: X-S =     3.799649 mb/sr,                       & pols =-0. -0.01090
     9.00 deg.: X-S =     3.825908 mb/sr,                       & pols =-0. -0.01083
    10.00 deg.: X-S =     3.830390 mb/sr,                       & pols =-0. -0.01071
    11.00 deg.: X-S =     3.807130 mb/sr,                       & pols =-0. -0.01069
    12.00 deg.: X-S =     3.751248 mb/sr,                       & pols =-0. -0.01092
    13.00 deg.: X-S =     3.659513 mb/sr,                       & pols =-0. -0.01153
    14.00 deg.: X-S =     3.530796 mb/sr,                       & pols =-0. -0.01268
    15.00 deg.: X-S =     3.366313 mb/sr,                       & pols =-0. -0.01456
    16.00 deg.: X-S =     3.169611 mb/sr,                       & pols =-0. -0.01735
    17.00 deg.: X-S =     2.946296 mb/sr,                       & pols =-0. -0.02128
    18.00 deg.: X-S =     2.703549 mb/sr,                       & pols =-0. -0.02660
    19.00 deg.: X-S =     2.449511 mb/sr,                       & pols =-0. -0.03356
    20.00 deg.: X-S =     2.192626 mb/sr,                       & pols =-0. -0.04241
    21.00 deg.: X-S =     1.941029 mb/sr,                       & pols =-0. -0.05337
    22.00 deg.: X-S =     1.702032 mb/sr,                       & pols =-0. -0.06656
    23.00 deg.: X-S =     1.481724 mb/sr,                       & pols =-0. -0.08194
    24.00 deg.: X-S =     1.284710 mb/sr,                       & pols =-0. -0.09915
    25.00 deg.: X-S =     1.113961 mb/sr,                       & pols =-0. -0.11739
    26.00 deg.: X-S =     0.970777 mb/sr,                       & pols =-0. -0.13529
    27.00 deg.: X-S =     0.854854 mb/sr,                       & pols =-0. -0.15096
    28.00 deg.: X-S =     0.764450 mb/sr,                       & pols =-0. -0.16226
    29.00 deg.: X-S =     0.696642 mb/sr,                       & pols =-0. -0.16741
    30.00 deg.: X-S =     0.647654 mb/sr,                       & pols =-0. -0.16557
    31.00 deg.: X-S =     0.613236 mb/sr,                       & pols =-0. -0.15722
    32.00 deg.: X-S =     0.589044 mb/sr,                       & pols =-0. -0.14388
    33.00 deg.: X-S =     0.570986 mb/sr,                       & pols =-0. -0.12759
    34.00 deg.: X-S =     0.555504 mb/sr,                       & pols =-0. -0.11031
    35.00 deg.: X-S =     0.539758 mb/sr,                       & pols =-0. -0.09361
    36.00 deg.: X-S =     0.521713 mb/sr,                       & pols =-0. -0.07853
    37.00 deg.: X-S =     0.500144 mb/sr,                       & pols =-0. -0.06574
    38.00 deg.: X-S =     0.474559 mb/sr,                       & pols =-0. -0.05556
    39.00 deg.: X-S =     0.445092 mb/sr,                       & pols =-0. -0.04817
    40.00 deg.: X-S =     0.412362 mb/sr,                       & pols =-0. -0.04364
    41.00 deg.: X-S =     0.377332 mb/sr,                       & pols =-0. -0.04199
    42.00 deg.: X-S =     0.341172 mb/sr,                       & pols =-0. -0.04325
    43.00 deg.: X-S =     0.305124 mb/sr,                       & pols =-0. -0.04741
    44.00 deg.: X-S =     0.270397 mb/sr,                       & pols =-0. -0.05442
    45.00 deg.: X-S =     0.238055 mb/sr,                       & pols = 0. -0.06410
    46.00 deg.: X-S =     0.208950 mb/sr,                       & pols = 0. -0.07601
    47.00 deg.: X-S =     0.183661 mb/sr,                       & pols = 0. -0.08936
    48.00 deg.: X-S =     0.162476 mb/sr,                       & pols = 0. -0.10293
    49.00 deg.: X-S =     0.145397 mb/sr,                       & pols = 0. -0.11515
    50.00 deg.: X-S =     0.132172 mb/sr,                       & pols = 0. -0.12436
    51.00 deg.: X-S =     0.122353 mb/sr,                       & pols = 0. -0.12933
    52.00 deg.: X-S =     0.115356 mb/sr,                       & pols = 0. -0.12962
    53.00 deg.: X-S =     0.110528 mb/sr,                       & pols = 0. -0.12573
    54.00 deg.: X-S =     0.107204 mb/sr,                       & pols =-0. -0.11887
    55.00 deg.: X-S =     0.104756 mb/sr,                       & pols =-0. -0.11053
    56.00 deg.: X-S =     0.102629 mb/sr,                       & pols =-0. -0.10214
    57.00 deg.: X-S =     0.100362 mb/sr,                       & pols =-0. -0.09481
    58.00 deg.: X-S =     0.097607 mb/sr,                       & pols =-0. -0.08931
    59.00 deg.: X-S =     0.094135 mb/sr,                       & pols =-0. -0.08615
    60.00 deg.: X-S =     0.089838 mb/sr,                       & pols =-0. -0.08558
    61.00 deg.: X-S =     0.084719 mb/sr,                       & pols =-0. -0.08772
    62.00 deg.: X-S =     0.078887 mb/sr,                       & pols =-0. -0.09259
    63.00 deg.: X-S =     0.072529 mb/sr,                       & pols =-0. -0.10011
    64.00 deg.: X-S =     0.065889 mb/sr,                       & pols =-0. -0.11003
    65.00 deg.: X-S =     0.059240 mb/sr,                       & pols =-0. -0.12187
    66.00 deg.: X-S =     0.052852 mb/sr,                       & pols =-0. -0.13476
    67.00 deg.: X-S =     0.046972 mb/sr,                       & pols = 0. -0.14726
    68.00 deg.: X-S =     0.041801 mb/sr,                       & pols = 0. -0.15725
    69.00 deg.: X-S =     0.037486 mb/sr,                       & pols = 0. -0.16197
    70.00 deg.: X-S =     0.034116 mb/sr,                       & pols = 0. -0.15849
    71.00 deg.: X-S =     0.031722 mb/sr,                       & pols = 0. -0.14457
    72.00 deg.: X-S =     0.030282 mb/sr,                       & pols = 0. -0.11980
    73.00 deg.: X-S =     0.029730 mb/sr,                       & pols = 0. -0.08620
    74.00 deg.: X-S =     0.029959 mb/sr,                       & pols = 0. -0.04768
    75.00 deg.: X-S =     0.030831 mb/sr,                       & pols = 0. -0.00870
    76.00 deg.: X-S =     0.032185 mb/sr,                       & pols = 0.  0.02710
    77.00 deg.: X-S =     0.033845 mb/sr,                       & pols = 0.  0.05758
    78.00 deg.: X-S =     0.035629 mb/sr,                       & pols = 0.  0.08197
    79.00 deg.: X-S =     0.037365 mb/sr,                       & pols = 0.  0.10047
    80.00 deg.: X-S =     0.038896 mb/sr,                       & pols = 0.  0.11374
                                           Integrated    2.5055 mb, over [   0.000,  80.000] at    21.0000 MeV 
 Finished all xsecs @   0.247092009    

  The following files have been created:
   3:local copy of User input.            6:standard output.                   
  13:total cross sections/state.         16:tables of cross sections.          
  35:Astrophysics S-factors  / Ecm.      39:cross sections for each Ecm.       
  40:all cross sectns. for each Elab.    46:bs wave functions & ANC ratios.    
  56:Fusion for each Jtotal.             58:Single-particle wfns.              
  75:S-factors for lab energies.        201:Separate cross sections.           
 202:Separate cross sections.           

 PARAMETERS : MAXQRN   MFNL   MLOC  LMAX1 MCLIST
    ALLOWED :      4     36     16     50      6
    REQUIRED:      1      0     13     33      4


 ACCURACY ANALYSIS at    21.000 MeV :

  Elastic h*k = 0.016 so OK       compared with 0.200

   Real(S-el) > 0.01 first at J =       1.0
   Real(S-el) > 0.10 first at J =       5.0
   Real(S-el) > 0.50 first at J =       8.0
   Real(S-el) > 0.90 first at J =      10.0
   Real(S-el) > 0.99 first at J =      13.0
   R-turn =    20.33 fm    at J =      30.0

 Forward-angle excitation cut off below   8.519 deg by max JT =      30.0
                              and below   5.362 deg by max R.

 Total CPU  0 time =       0.25 seconds
