 FRESCO - FRES 3.4: Coupled Reaction Channels
 Assuming NAMELIST input.

 39K(3He,d)40Ca 21 MeV DWBA ZR 7658 keV Jpi=4- l=3 n=1 j=5/2                     

   0.010  25.000   0.100   0.100  10.000  -0.300   0.000   0.000   0.000   0.000

 Centre-of-mass Range is   2502 * 0.0100 fm., Maximum at  25.00 fm., Interpolating NL forms every  0.10 fm.
 Non - locality width is    101 * 0.1000 fm., Maximum of  10.00 fm., Centred at -0.20 fm.
 2-Nucleon Separation of      0 * 0.1000 fm., Maximum of   0.00 fm., Minimum at  0.00 fm.
 Maximum single particle bins of 25.0000 fm.
               M,Mint =         2501        2501


 Range of total J is     0.0 <= J <=    32.0 (at least     0.0) and Absorbtion =>    -1.0000 mb.
 Dry Run = F, CC set limits =  0  0, Relativistic kinematics =  , Both/Far/Near Analyses =  1                     

 Cross Sections (and up to T1 for 0=projectile) for Theta from   0.0 to  80.0 in steps of  1.0 degrees, DGAM=0,  Coordinates = 0 (Mads)

 Lower Radial Cutoff = maximum of -1.60*L*h &       0.0 fm.,  Lower Cutoff for Couplings =   0.0  fm.


 Iterate Couplings between   0 and   1 times, to  0.000 % if sooner.                                          
  Block solved exactly =   0 chs., with Pade = 0 & Isocen =  =0, NOSOL = F, initwf =  0
  NL quadrature with   36 Gaussian points, Calculate multipoles up to    38 from   0
  M-transfers for lp+lt greater than or equal to  6, Angular Integration Cutoff below  0.6944 %


 Trace switches are :  CHANS =  1, LISTCC =  0, TRENEG =  0, CDETR =  0, SMATS =  0, XSTABL =  1, NLPL =  0

                       WAVES =  0, LAMPL =  0, VEFF =  0, KFUS =  0, WDISK =  0, BPM =  0, MELFIL =  0

                       CDCC =  0, NFUS =  0

 Using unit mass = 1.000000 amu and 1/fine-structure constant = 137.03599 ( 1.000000 * true ) with hc = 197.32705 MeV.fm,
  thus 2*amu/hbar^2 = 0.0478450 = 1/20.9008 and Coulomb constant = 0.1574855 so e^2 = 1.43997, and nuclear magneton= 0.1261183

 Now pre-scan input and save to file 3

  WARNING: target longitudinal recoil NOT included in the ZR coupling #            1


 *********** PARTITION NUMBER  1 ******************************************************************************************

   PROJ=he3        MASS=  3.0150 Z=   2.0,        # STATES=    1T, TARG=k39      MASS= 38.9530 Z=  19.0,     Q-VALUE =   0.0000 MEV.

     1:  J= 0.5+ (B# 1), E=  0.0000, K= 0.5              Potl#  1       J= 1.5+ (B# 1), E=  0.0000, K= 0.5    


 *********** PARTITION NUMBER  2 ******************************************************************************************

   PROJ=h2         MASS=  2.0140 Z=   1.0,        # STATES=    1T, TARG=ca40     MASS= 39.9630 Z=  20.0,     Q-VALUE =   2.8347 MEV.

     1:  J= 1.0+ (B# 1), E=  0.0000, K= 0.0              Potl#  2       J= 4.0- (B#-1), E=  7.6582, K= 0.0    
0****** WARNING : COMPARED WITH PARTITION  1, THIS PARTITION HAS TOTAL MASS & CHARGE EXCESSES   0.01205 &   0.0000


 ************************************************************************************************************************************

 The following POTENTIALS are defined :

  KP#       TYPE      IT    SHAPE      at     V1        r1        a1        V2        r2        a2        A-in     A-used


                                            A#1       A#2        r0c       ac                                                h @ 1
    1    0=Coulomb       0=CHARGE (WS)  1    38.953     0.000    1.2890    0.0000    0.0000    0.0000     0.000    38.953   0.01000

    1    1=Volume        0=Woods-Saxon  2  117.8810    1.1780    0.7680   -0.6460    1.4150    0.8470     0.000    38.953

    1    2=Surface       0=Woods-Saxon  3    0.0000    0.0000    0.0000   20.6650    1.1980    0.8520     0.000    38.953

    1    3=Projtl S.O.   0=Woods-Saxon  4    2.0830    0.7380    0.9460   -1.1590    0.0000    0.0000     0.000    38.953
   --------------------------------------------------------------------------------------------------------------------

                                            A#1       A#2        r0c       ac                                                h @ 2
    2    0=Coulomb       0=CHARGE (WS)  5    39.963     0.000    1.3030    0.0000    0.0000    0.0000     0.000    39.963   0.01000

    2    1=Volume        0=Woods-Saxon  6   91.1200    1.1500    0.7620    2.2340    1.3340    0.5130     0.000    39.963

    2    2=Surface       0=Woods-Saxon  7    0.0000    0.0000    0.0000   10.2740    1.3780    0.7430     0.000    39.963

    2    3=Projtl S.O.   0=Woods-Saxon  8    3.5570    0.9720    1.0110    0.0000    0.0000    0.0000     0.000    39.963
   --------------------------------------------------------------------------------------------------------------------

                                            A#1       A#2        r0c       ac                                                h @ 0
    3    0=Coulomb       0=CHARGE (WS)  9     3.015     0.000    1.2500    0.0000    0.0000    0.0000     0.000     3.015   0.01000

    3    1=Volume        0=Woods-Saxon 10   50.0000    1.2500    0.6500    0.0000    0.0000    0.0000     0.000     3.015
   --------------------------------------------------------------------------------------------------------------------

                                            A#1       A#2        r0c       ac                                                h @ 0
    4    0=Coulomb       0=CHARGE (WS) 11    38.953     0.000    1.2500    0.0000    0.0000    0.0000     0.000    38.953   0.01000

    4    1=Volume        0=Woods-Saxon 12   50.0000    1.2500    0.6500    0.0000    0.0000    0.0000     0.000    38.953


 ************************************************************************************************************************************

 The following SINGLE-PARTICLE FORM FACTORS are constructed :


 No.   P1 P2 IN KIND T N  L  S1 IA J/S  IB BIND XFER  BE    SC PC FIL AFRAC Adjust  to  Z  Mass   K     Norm    rms      D0     D   ANC/Gsp

 For Channel #  1 with l = 0,  j =  0.5, around core state #  1

   R    Y(R)
   0.00   0.0000E+00,    0.10   5.8280E-02,    0.20   1.1591E-01,    0.30   1.7228E-01,    0.40   2.2679E-01,    0.50   2.7891E-01, 
   0.60   3.2812E-01,    0.70   3.7401E-01,    0.80   4.1621E-01,    0.90   4.5442E-01,    1.00   4.8842E-01,    1.10   5.1808E-01, 
   1.20   5.4332E-01,    1.30   5.6417E-01,    1.40   5.8070E-01,    1.50   5.9306E-01,    1.60   6.0146E-01,    1.70   6.0615E-01, 
   1.80   6.0741E-01,    1.90   6.0557E-01,    2.00   6.0094E-01,    2.10   5.9388E-01,    2.20   5.8471E-01,    2.30   5.7376E-01, 
   2.40   5.6133E-01,    2.50   5.4772E-01,    2.60   5.3317E-01,    2.70   5.1794E-01,    2.80   5.0221E-01,    2.90   4.8618E-01, 
   3.00   4.6999E-01,    3.10   4.5378E-01,    3.20   4.3767E-01,    3.30   4.2173E-01,    3.40   4.0605E-01,    3.50   3.9068E-01, 
   3.60   3.7566E-01,    3.70   3.6103E-01,    3.80   3.4682E-01,    3.90   3.3304E-01,    4.00   3.1970E-01,    4.10   3.0681E-01, 
   4.20   2.9437E-01,    4.30   2.8238E-01,    4.40   2.7083E-01,    4.50   2.5971E-01,    4.60   2.4902E-01,    4.70   2.3874E-01, 
   4.80   2.2887E-01,    4.90   2.1939E-01,    5.00   2.1029E-01,    5.10   2.0156E-01,    5.20   1.9318E-01,    5.30   1.8514E-01, 
   5.40   1.7743E-01,    5.50   1.7004E-01,    5.60   1.6296E-01,    5.70   1.5616E-01,    5.80   1.4965E-01,    5.90   1.4341E-01, 
   6.00   1.3743E-01,    6.10   1.3170E-01,    6.20   1.2620E-01,    6.30   1.2094E-01,    6.40   1.1589E-01,    6.50   1.1106E-01, 
   6.60   1.0643E-01,    6.70   1.0199E-01,    6.80   9.7738E-02,    6.90   9.3663E-02,    7.00   8.9758E-02,    7.10   8.6017E-02, 
   7.20   8.2432E-02,    7.30   7.8996E-02,    7.40   7.5705E-02,    7.50   7.2551E-02,    7.60   6.9529E-02,    7.70   6.6633E-02, 
   7.80   6.3858E-02,    7.90   6.1199E-02,    8.00   5.8651E-02,    8.10   5.6210E-02,    8.20   5.3870E-02,    8.30   5.1628E-02, 
   8.40   4.9480E-02,    8.50   4.7422E-02,    8.60   4.5449E-02,    8.70   4.3559E-02,    8.80   4.1747E-02,    8.90   4.0011E-02, 
   9.00   3.8348E-02,    9.10   3.6753E-02,    9.20   3.5226E-02,    9.30   3.3762E-02,    9.40   3.2358E-02,    9.50   3.1014E-02, 
   9.60   2.9725E-02,    9.70   2.8490E-02,    9.80   2.7307E-02,    9.90   2.6173E-02,   10.00   2.5086E-02,   10.10   2.4044E-02, 
  10.20   2.3046E-02,   10.30   2.2089E-02,   10.40   2.1172E-02,   10.50   2.0293E-02,   10.60   1.9451E-02,   10.70   1.8644E-02, 
  10.80   1.7870E-02,   10.90   1.7128E-02,   11.00   1.6418E-02,   11.10   1.5737E-02,   11.20   1.5084E-02,   11.30   1.4458E-02, 
  11.40   1.3858E-02,   11.50   1.3284E-02,   11.60   1.2733E-02,   11.70   1.2205E-02,   11.80   1.1699E-02,   11.90   1.1214E-02, 
  12.00   1.0749E-02,   12.10   1.0303E-02,   12.20   9.8761E-03,   12.30   9.4667E-03,   12.40   9.0744E-03,   12.50   8.6983E-03, 
  12.60   8.3378E-03,   12.70   7.9923E-03,   12.80   7.6612E-03,   12.90   7.3438E-03,   13.00   7.0395E-03,   13.10   6.7479E-03, 
  13.20   6.4684E-03,   13.30   6.2004E-03,   13.40   5.9436E-03,   13.50   5.6975E-03,   13.60   5.4615E-03,   13.70   5.2353E-03, 
  13.80   5.0185E-03,   13.90   4.8107E-03,   14.00   4.6116E-03,   14.10   4.4206E-03,   14.20   4.2376E-03,   14.30   4.0622E-03, 
  14.40   3.8940E-03,   14.50   3.7329E-03,   14.60   3.5783E-03,   14.70   3.4302E-03,   14.80   3.2883E-03,   14.90   3.1522E-03, 
  15.00   3.0217E-03,   15.10   2.8967E-03,   15.20   2.7768E-03,   15.30   2.6619E-03,   15.40   2.5518E-03,   15.50   2.4462E-03, 
  15.60   2.3450E-03,   15.70   2.2480E-03,   15.80   2.1550E-03,   15.90   2.0659E-03,   16.00   1.9804E-03,   16.10   1.8985E-03, 
  16.20   1.8200E-03,   16.30   1.7447E-03,   16.40   1.6726E-03,   16.50   1.6034E-03,   16.60   1.5371E-03,   16.70   1.4735E-03, 
  16.80   1.4126E-03,   16.90   1.3542E-03,   17.00   1.2982E-03,   17.10   1.2445E-03,   17.20   1.1931E-03,   17.30   1.1438E-03, 
  17.40   1.0965E-03,   17.50   1.0511E-03,   17.60   1.0077E-03,   17.70   9.6604E-04,   17.80   9.2611E-04,   17.90   8.8783E-04, 
  18.00   8.5114E-04,   18.10   8.1596E-04,   18.20   7.8224E-04,   18.30   7.4991E-04,   18.40   7.1892E-04,   18.50   6.8921E-04, 
  18.60   6.6073E-04,   18.70   6.3343E-04,   18.80   6.0725E-04,   18.90   5.8216E-04,   19.00   5.5811E-04,   19.10   5.3505E-04, 
  19.20   5.1295E-04,   19.30   4.9175E-04,   19.40   4.7144E-04,   19.50   4.5196E-04,   19.60   4.3329E-04,   19.70   4.1539E-04, 
  19.80   3.9823E-04,   19.90   3.8179E-04,   20.00   3.6602E-04,   20.10   3.5090E-04,   20.20   3.3640E-04,   20.30   3.2251E-04, 
  20.40   3.0919E-04,   20.50   2.9642E-04,   20.60   2.8418E-04,   20.70   2.7244E-04,   20.80   2.6119E-04,   20.90   2.5041E-04, 
  21.00   2.4007E-04,   21.10   2.3015E-04,   21.20   2.2065E-04,   21.30   2.1154E-04,   21.40   2.0281E-04,   21.50   1.9443E-04, 
  21.60   1.8640E-04,   21.70   1.7871E-04,   21.80   1.7133E-04,   21.90   1.6426E-04,   22.00   1.5748E-04,   22.10   1.5098E-04, 
  22.20   1.4474E-04,   22.30   1.3877E-04,   22.40   1.3304E-04,   22.50   1.2755E-04,   22.60   1.2228E-04,   22.70   1.1724E-04, 
  22.80   1.1240E-04,   22.90   1.0776E-04,   23.00   1.0331E-04,   23.10   9.9046E-05,   23.20   9.4958E-05,   23.30   9.1039E-05, 
  23.40   8.7282E-05,   23.50   8.3680E-05,   23.60   8.0226E-05,   23.70   7.6915E-05,   23.80   7.3741E-05,   23.90   7.0698E-05, 
  24.00   6.7781E-05,   24.10   6.4984E-05,   24.20   6.2303E-05,   24.30   5.9732E-05,   24.40   5.7267E-05,   24.50   5.4904E-05, 
  24.60   5.2639E-05,   24.70   5.0467E-05,   24.80   4.8385E-05,   24.90   4.6389E-05,   25.00   4.4475E-05, 

 No.   P1 P2 IN KIND T N  L  S1 IA J/S  IB BIND XFER  BE    SC PC FIL AFRAC Adjust  to  Z  Mass   K     Norm    rms      D0     D   ANC/Gsp

    At R=   24.990, ANC in ch  1 is    1.8773    ,   eta,eta*ln(2*rho)+rho =   0.54944E-01    10.644    

    1:  2  1  1  0     1  0 0.5  1 0.5   0   3   0   5.4935  1  1  0 0.0000 VR  0.8879; 1. 1.001 0.4192 1.0000  2.820 -166.8 -176.0  1.8773

 For Channel #  1 with l = 3,  j =  2.5, around core state #  1

   R    Y(R)
   0.00   0.0000E+00,    0.10   2.3233E-06,    0.20   3.7037E-05,    0.30   1.8636E-04,    0.40   5.8397E-04,    0.50   1.4101E-03, 
   0.60   2.8847E-03,    0.70   5.2595E-03,    0.80   8.8080E-03,    0.90   1.3815E-02,    1.00   2.0565E-02,    1.10   2.9330E-02, 
   1.20   4.0359E-02,    1.30   5.3865E-02,    1.40   7.0014E-02,    1.50   8.8916E-02,    1.60   1.1062E-01,    1.70   1.3509E-01, 
   1.80   1.6223E-01,    1.90   1.9186E-01,    2.00   2.2372E-01,    2.10   2.5747E-01,    2.20   2.9272E-01,    2.30   3.2898E-01, 
   2.40   3.6575E-01,    2.50   4.0246E-01,    2.60   4.3853E-01,    2.70   4.7337E-01,    2.80   5.0638E-01,    2.90   5.3702E-01, 
   3.00   5.6477E-01,    3.10   5.8916E-01,    3.20   6.0983E-01,    3.30   6.2646E-01,    3.40   6.3887E-01,    3.50   6.4695E-01, 
   3.60   6.5071E-01,    3.70   6.5024E-01,    3.80   6.4573E-01,    3.90   6.3747E-01,    4.00   6.2579E-01,    4.10   6.1108E-01, 
   4.20   5.9377E-01,    4.30   5.7430E-01,    4.40   5.5312E-01,    4.50   5.3064E-01,    4.60   5.0729E-01,    4.70   4.8343E-01, 
   4.80   4.5939E-01,    4.90   4.3546E-01,    5.00   4.1188E-01,    5.10   3.8886E-01,    5.20   3.6654E-01,    5.30   3.4504E-01, 
   5.40   3.2445E-01,    5.50   3.0482E-01,    5.60   2.8618E-01,    5.70   2.6854E-01,    5.80   2.5190E-01,    5.90   2.3623E-01, 
   6.00   2.2151E-01,    6.10   2.0770E-01,    6.20   1.9477E-01,    6.30   1.8267E-01,    6.40   1.7135E-01,    6.50   1.6077E-01, 
   6.60   1.5090E-01,    6.70   1.4167E-01,    6.80   1.3306E-01,    6.90   1.2502E-01,    7.00   1.1751E-01,    7.10   1.1050E-01, 
   7.20   1.0395E-01,    7.30   9.7835E-02,    7.40   9.2119E-02,    7.50   8.6775E-02,    7.60   8.1777E-02,    7.70   7.7102E-02, 
   7.80   7.2726E-02,    7.90   6.8629E-02,    8.00   6.4791E-02,    8.10   6.1194E-02,    8.20   5.7821E-02,    8.30   5.4657E-02, 
   8.40   5.1688E-02,    8.50   4.8900E-02,    8.60   4.6281E-02,    8.70   4.3820E-02,    8.80   4.1506E-02,    8.90   3.9329E-02, 
   9.00   3.7280E-02,    9.10   3.5351E-02,    9.20   3.3534E-02,    9.30   3.1822E-02,    9.40   3.0208E-02,    9.50   2.8685E-02, 
   9.60   2.7249E-02,    9.70   2.5892E-02,    9.80   2.4612E-02,    9.90   2.3402E-02,   10.00   2.2258E-02,   10.10   2.1177E-02, 
  10.20   2.0155E-02,   10.30   1.9187E-02,   10.40   1.8271E-02,   10.50   1.7404E-02,   10.60   1.6583E-02,   10.70   1.5805E-02, 
  10.80   1.5067E-02,   10.90   1.4367E-02,   11.00   1.3704E-02,   11.10   1.3074E-02,   11.20   1.2477E-02,   11.30   1.1910E-02, 
  11.40   1.1371E-02,   11.50   1.0860E-02,   11.60   1.0373E-02,   11.70   9.9111E-03,   11.80   9.4717E-03,   11.90   9.0537E-03, 
  12.00   8.6561E-03,   12.10   8.2777E-03,   12.20   7.9176E-03,   12.30   7.5747E-03,   12.40   7.2481E-03,   12.50   6.9370E-03, 
  12.60   6.6406E-03,   12.70   6.3581E-03,   12.80   6.0888E-03,   12.90   5.8320E-03,   13.00   5.5871E-03,   13.10   5.3534E-03, 
  13.20   5.1305E-03,   13.30   4.9177E-03,   13.40   4.7145E-03,   13.50   4.5206E-03,   13.60   4.3354E-03,   13.70   4.1584E-03, 
  13.80   3.9894E-03,   13.90   3.8278E-03,   14.00   3.6734E-03,   14.10   3.5257E-03,   14.20   3.3846E-03,   14.30   3.2496E-03, 
  14.40   3.1204E-03,   14.50   2.9969E-03,   14.60   2.8786E-03,   14.70   2.7654E-03,   14.80   2.6571E-03,   14.90   2.5534E-03, 
  15.00   2.4540E-03,   15.10   2.3589E-03,   15.20   2.2678E-03,   15.30   2.1804E-03,   15.40   2.0968E-03,   15.50   2.0165E-03, 
  15.60   1.9397E-03,   15.70   1.8660E-03,   15.80   1.7953E-03,   15.90   1.7275E-03,   16.00   1.6625E-03,   16.10   1.6001E-03, 
  16.20   1.5402E-03,   16.30   1.4828E-03,   16.40   1.4277E-03,   16.50   1.3748E-03,   16.60   1.3240E-03,   16.70   1.2752E-03, 
  16.80   1.2283E-03,   16.90   1.1834E-03,   17.00   1.1401E-03,   17.10   1.0986E-03,   17.20   1.0587E-03,   17.30   1.0204E-03, 
  17.40   9.8356E-04,   17.50   9.4814E-04,   17.60   9.1410E-04,   17.70   8.8136E-04,   17.80   8.4989E-04,   17.90   8.1962E-04, 
  18.00   7.9050E-04,   18.10   7.6250E-04,   18.20   7.3556E-04,   18.30   7.0963E-04,   18.40   6.8469E-04,   18.50   6.6068E-04, 
  18.60   6.3758E-04,   18.70   6.1534E-04,   18.80   5.9392E-04,   18.90   5.7331E-04,   19.00   5.5346E-04,   19.10   5.3434E-04, 
  19.20   5.1593E-04,   19.30   4.9819E-04,   19.40   4.8111E-04,   19.50   4.6465E-04,   19.60   4.4879E-04,   19.70   4.3351E-04, 
  19.80   4.1878E-04,   19.90   4.0459E-04,   20.00   3.9091E-04,   20.10   3.7772E-04,   20.20   3.6500E-04,   20.30   3.5274E-04, 
  20.40   3.4092E-04,   20.50   3.2952E-04,   20.60   3.1853E-04,   20.70   3.0792E-04,   20.80   2.9769E-04,   20.90   2.8782E-04, 
  21.00   2.7830E-04,   21.10   2.6911E-04,   21.20   2.6025E-04,   21.30   2.5169E-04,   21.40   2.4343E-04,   21.50   2.3546E-04, 
  21.60   2.2777E-04,   21.70   2.2034E-04,   21.80   2.1317E-04,   21.90   2.0625E-04,   22.00   1.9956E-04,   22.10   1.9311E-04, 
  22.20   1.8687E-04,   22.30   1.8085E-04,   22.40   1.7504E-04,   22.50   1.6942E-04,   22.60   1.6399E-04,   22.70   1.5875E-04, 
  22.80   1.5368E-04,   22.90   1.4878E-04,   23.00   1.4405E-04,   23.10   1.3948E-04,   23.20   1.3506E-04,   23.30   1.3079E-04, 
  23.40   1.2666E-04,   23.50   1.2267E-04,   23.60   1.1881E-04,   23.70   1.1508E-04,   23.80   1.1147E-04,   23.90   1.0798E-04, 
  24.00   1.0461E-04,   24.10   1.0135E-04,   24.20   9.8193E-05,   24.30   9.5141E-05,   24.40   9.2189E-05,   24.50   8.9334E-05, 
  24.60   8.6572E-05,   24.70   8.3899E-05,   24.80   8.1314E-05,   24.90   7.8812E-05,   25.00   7.6391E-05, 

 No.   P1 P2 IN KIND T N  L  S1 IA J/S  IB BIND XFER  BE    SC PC FIL AFRAC Adjust  to  Z  Mass   K     Norm    rms      D0     D   ANC/Gsp

    At R=   24.990, ANC in ch  2 is    26.004    ,   eta,eta*ln(2*rho)+rho =    3.6268        12.360    

    2:  1  2  2  0     1  3 0.5  1 2.5   0   4   0   0.6701  1  1  0 0.0000 VR  1.1412; 1. 1.010 0.1777 1.0000  4.062   -1.7    2.3 26.0043

 ************************************************************************************************************************************

 TWO-way COUPLING # 1 for partitions  2 <-  1 of KIND  5,   0  0  0 -1 -1 & P1,P2 = -172.8000   0.0000 : for J <=    32.5 & R <  25.0 fm.


 data =  1  1  1  1  1.0000,  so  < [he3      #  1] / [h2       #  1]  * Eigen-form #  1>  =   1.0000            BE =  5.494     1

 data =  2  1  1  2  1.0000,  so  < [ca40     #  1] / [k39      #  1]  * Eigen-form #  2>  =   1.0000            BE =  0.670     2
 KNT =   2, KNP =   1: NK,NG,loc=   1   1   1  13  T  T  F

     So ZERO-RANGE TRANSFER, with D0 =  -172.800 and finite-range effective radius   0.0000 fm.

   2  1  1 13     5.494  -172.800  -172.800     1.001     0.669     0.000     0.010

 Incoming partition  1 in excitation state # 1,   Laboratory Energy given for partition  1 Nucleus 1 in Excitation pair 1

0Lab. ENERGY ranges :

   from    21.0000     to   21.0000     in     0 intervals
   from    21.0000     to   0.00000     in     0 intervals
   from    0.00000     to   0.00000     in     0 intervals

 Largest real,imaginary parts of any form factor at R=   24.90 are   5.78E-02  1.97E-09 MeV
 Finished all Couplings @    4.82749976E-02          13

 Symmetric Hamiltonian
1***********************************************************************************************************************************
************************************************************************************************************************************

        INCOMING he3      ;    LABORATORY he3      ENERGY =   21.000     MeV.

 ***********************************************************************************************************************************
 ***********************************************************************************************************************************

 Allocate arrays for            3  channels, of which            3  need wfs.

 Total SPIN, PARITY =     0.0 +,      3 chs,      0 cc.  Rmin & Coul turning =    0.0    2.8


    C Projectl Target   #   EX.   (L  Proj) J  + Targ = Jtotal     E-cm      Re K     Re Eta     RM*K            CH
    1 he3      k39      #    1: I   2 0.5    1.5  1.5     0.0    19.49135   1.61545   2.26756   40.3863   0.51414  -0.03931 1 1 1   1
    2 h2       ca40     #    1:     3 1.0    4.0  4.0     0.0    14.66782   1.15999   1.13878   28.9998  -0.30779  -0.40955 2 1 2   1
    3 h2       ca40     #    1:     5 1.0    4.0  4.0     0.0    14.66782   1.15999   1.13878   28.9998  -0.08958   0.50753 2 1 2   1
 Allocate arrays for            7  channels, of which            7  need wfs.
 Allocate arrays for            8  channels, of which            8  need wfs.
 Allocate arrays for           12  channels, of which           12  need wfs.
 Allocate arrays for           14  channels, of which           14  need wfs.
 Allocate arrays for           15  channels, of which           15  need wfs.
 Allocate arrays for           17  channels, of which           17  need wfs.
 Allocate arrays for           18  channels, of which           18  need wfs.
 Reaction Xsec    29.0+/28 @ 1 =   0.209/, Out:   0.000#   0.594#   0.000f
 Reaction Xsec    29.0+/28 @ 2 =   0.205/, Out:   0.000#   0.417#   0.000f
 Reaction Xsec    29.0+/30 @ 3 =   0.052/, Out:   0.000#   0.042#   0.000f
 Reaction Xsec    29.0+/30 @ 4 =   0.051/, Out:   0.000#   0.015#   0.000f
 Reaction Xsec    29.0-/27 @ 1 =   0.410/, Out:   0.000#   1.905#   0.000f
 Reaction Xsec    29.0-/29 @ 2 =   0.104/, Out:   0.000#   0.177#   0.000f
 Reaction Xsec    29.0-/29 @ 3 =   0.102/, Out:   0.000#   0.099#   0.000f
 Reaction Xsec    29.0-/31 @ 4 =   0.026/, Out:   0.000#   0.005#   0.000f
 Reaction Xsec    30.0+/28 @ 1 =   0.212/, Out:   0.000#   1.249#   0.000f
 Reaction Xsec    30.0+/30 @ 2 =   0.054/, Out:   0.000#   0.144#   0.000f
 Reaction Xsec    30.0+/30 @ 3 =   0.053/, Out:   0.000#   0.082#   0.000f
 Reaction Xsec    30.0+/32 @ 4 =   0.013/, Out:   0.000#   0.002#   0.000f
 Reaction Xsec    30.0-/29 @ 1 =   0.108/, Out:   0.000#   0.510#   0.000f
 Reaction Xsec    30.0-/29 @ 2 =   0.105/, Out:   0.000#   0.364#   0.000f
 Reaction Xsec    30.0-/31 @ 3 =   0.027/, Out:   0.000#   0.026#   0.000f
 Reaction Xsec    30.0-/31 @ 4 =   0.026/, Out:   0.000#   0.010#   0.000f
 Reaction Xsec    31.0+/30 @ 1 =   0.056/, Out:   0.000#   0.401#   0.000f
 Reaction Xsec    31.0+/30 @ 2 =   0.054/, Out:   0.000#   0.291#   0.000f
 Reaction Xsec    31.0+/32 @ 3 =   0.014/, Out:   0.000#   0.012#   0.000f
 Reaction Xsec    31.0+/32 @ 4 =   0.013/, Out:   0.000#   0.004#   0.000f
 Reaction Xsec    31.0-/29 @ 1 =   0.109/, Out:   0.000#   1.060#   0.000f
 Reaction Xsec    31.0-/31 @ 2 =   0.028/, Out:   0.000#   0.088#   0.000f
 Reaction Xsec    31.0-/31 @ 3 =   0.027/, Out:   0.000#   0.050#   0.000f
 Reaction Xsec    31.0-/33 @ 4 =   6.866#, Out:   0.000#   0.001#   0.000f
 Reaction Xsec    32.0+/30 @ 1 =   0.056/, Out:   0.000#   0.828#   0.000f
 Reaction Xsec    32.0+/32 @ 2 =   0.014/, Out:   0.000#   0.039#   0.000f
 Reaction Xsec    32.0+/32 @ 3 =   0.014/, Out:   0.000#   0.023#   0.000f
 Reaction Xsec    32.0+/34 @ 4 =   3.478#, Out:   0.000#   0.000#   0.000f
 Reaction Xsec    32.0-/31 @ 1 =   0.029/, Out:   0.000#   0.243#   0.000f
 Reaction Xsec    32.0-/31 @ 2 =   0.028/, Out:   0.000#   0.176#   0.000f
 Reaction Xsec    32.0-/33 @ 3 =   7.084#, Out:   0.000#   0.004#   0.000f
 Reaction Xsec    32.0-/33 @ 4 =   6.864#, Out:   0.000#   0.001#   0.000f
 Finished all CC sets @   0.321848989    
0CUMULATIVE REACTION cross section                 = 1423.29136  <L> =     7.34  <L**2> =     63.8
0CUMULATIVE outgoing cross sections in partition 1 :    0.00000
0CUMULATIVE outgoing cross sections in partition 2 :    6.74432
0Cumulative ABSORBTION by Imaginary Potentials     = 1416.54704  <L> =     7.32  <L**2> =     63.5
   Fusion for specific he3      M-states : 1422.569944 1422.569944
0CUMULATIVE OUTGOING cross section                 =    6.74432
 To convert to S-factors (MeV.mb = keV.b),  multiply by  3.0022E+07


 CROSS SECTIONS FOR OUTGOING he3      & k39      in state #   1 with spins & parities 0.5  + &  1.5  +;  0

     0.01 deg.: X-S =   8.4933E+16 mb/sr,                       & pols =-0. -0.00000
+                                         /R =   1.0000E+00
     1.00 deg.: X-S =   8.4909E+08 mb/sr,                       & pols = 0.  0.00000
+                                         /R =   9.9967E-01
     2.00 deg.: X-S =   5.3169E+07 mb/sr,                       & pols =-0. -0.00001
+                                         /R =   1.0014E+00
     3.00 deg.: X-S =   1.0282E+07 mb/sr,                       & pols =-0.  0.00002
+                                         /R =   9.8014E-01
     4.00 deg.: X-S =   3.2994E+06 mb/sr,                       & pols = 0.  0.00011
+                                         /R =   9.9366E-01
     5.00 deg.: X-S =   1.4097E+06 mb/sr,                       & pols = 0.  0.00006
+                                         /R =   1.0360E+00
     6.00 deg.: X-S =   7.0157E+05 mb/sr,                       & pols = 0. -0.00016
+                                         /R =   1.0686E+00
     7.00 deg.: X-S =   3.7943E+05 mb/sr,                       & pols = 0. -0.00046
+                                         /R =   1.0700E+00
     8.00 deg.: X-S =   2.1688E+05 mb/sr,                       & pols = 0. -0.00069
+                                         /R =   1.0426E+00
     9.00 deg.: X-S =   1.3008E+05 mb/sr,                       & pols = 0. -0.00074
+                                         /R =   1.0007E+00
    10.00 deg.: X-S =   8.1861E+04 mb/sr,                       & pols =-0. -0.00053
+                                         /R =   9.5895E-01
    11.00 deg.: X-S =   5.4042E+04 mb/sr,                       & pols = 0. -0.00006
+                                         /R =   9.2588E-01
    12.00 deg.: X-S =   3.7257E+04 mb/sr,                       & pols =-0.  0.00056
+                                         /R =   9.0298E-01
    13.00 deg.: X-S =   2.6590E+04 mb/sr,                       & pols =-0.  0.00119
+                                         /R =   8.8652E-01
    14.00 deg.: X-S =   1.9435E+04 mb/sr,                       & pols =-0.  0.00172
+                                         /R =   8.7037E-01
    15.00 deg.: X-S =   1.4401E+04 mb/sr,                       & pols = 0.  0.00208
+                                         /R =   8.4861E-01
    16.00 deg.: X-S =   1.0731E+04 mb/sr,                       & pols = 0.  0.00223
+                                         /R =   8.1731E-01
    17.00 deg.: X-S =  7999.907974 mb/sr,                       & pols = 0.  0.00221
+                                         /R =   7.7522E-01
    18.00 deg.: X-S =  5953.124968 mb/sr,                       & pols =-0.  0.00203
+                                         /R =   7.2378E-01
    19.00 deg.: X-S =  4423.478920 mb/sr,                       & pols =-0.  0.00175
+                                         /R =   6.6640E-01
    20.00 deg.: X-S =  3291.270530 mb/sr,                       & pols =-0.  0.00141
+                                         /R =   6.0754E-01
    21.00 deg.: X-S =  2464.346102 mb/sr,                       & pols =-0.  0.00111
+                                         /R =   5.5178E-01
    22.00 deg.: X-S =  1868.932526 mb/sr,                       & pols =-0.  0.00091
+                                         /R =   5.0295E-01
    23.00 deg.: X-S =  1445.373375 mb/sr,                       & pols =-0.  0.00089
+                                         /R =   4.6359E-01
    24.00 deg.: X-S =  1145.926050 mb/sr,                       & pols =-0.  0.00109
+                                         /R =   4.3472E-01
    25.00 deg.: X-S =   933.275823 mb/sr,                       & pols =-0.  0.00147
+                                         /R =   4.1580E-01
    26.00 deg.: X-S =   779.202404 mb/sr,                       & pols =-0.  0.00198
+                                         /R =   4.0507E-01
    27.00 deg.: X-S =   663.220671 mb/sr,                       & pols =-0.  0.00251
+                                         /R =   3.9988E-01
    28.00 deg.: X-S =   571.191279 mb/sr,                       & pols =-0.  0.00300
+                                         /R =   3.9721E-01
    29.00 deg.: X-S =   493.960489 mb/sr,                       & pols = 0.  0.00340
+                                         /R =   3.9412E-01
    30.00 deg.: X-S =   426.098107 mb/sr,                       & pols = 0.  0.00370
+                                         /R =   3.8817E-01
    31.00 deg.: X-S =   364.788305 mb/sr,                       & pols = 0.  0.00392
+                                         /R =   3.7772E-01
    32.00 deg.: X-S =   308.906285 mb/sr,                       & pols = 0.  0.00412
+                                         /R =   3.6200E-01
    33.00 deg.: X-S =   258.292232 mb/sr,                       & pols = 0.  0.00436
+                                         /R =   3.4120E-01
    34.00 deg.: X-S =   213.216273 mb/sr,                       & pols = 0.  0.00473
+                                         /R =   3.1630E-01
    35.00 deg.: X-S =   174.015406 mb/sr,                       & pols = 0.  0.00531
+                                         /R =   2.8886E-01
    36.00 deg.: X-S =   140.875505 mb/sr,                       & pols = 0.  0.00624
+                                         /R =   2.6079E-01
    37.00 deg.: X-S =   113.727970 mb/sr,                       & pols = 0.  0.00762
+                                         /R =   2.3405E-01
    38.00 deg.: X-S =    92.230426 mb/sr,                       & pols = 0.  0.00951
+                                         /R =   2.1037E-01
    39.00 deg.: X-S =    75.803232 mb/sr,                       & pols = 0.  0.01186
+                                         /R =   1.9107E-01
    40.00 deg.: X-S =    63.697523 mb/sr,                       & pols =-0.  0.01443
+                                         /R =   1.7695E-01
    41.00 deg.: X-S =    55.075336 mb/sr,                       & pols =-0.  0.01686
+                                         /R =   1.6819E-01
    42.00 deg.: X-S =    49.087444 mb/sr,                       & pols =-0.  0.01869
+                                         /R =   1.6437E-01
    43.00 deg.: X-S =    44.939368 mb/sr,                       & pols =-0.  0.01962
+                                         /R =   1.6461E-01
    44.00 deg.: X-S =    41.940284 mb/sr,                       & pols = 0.  0.01954
+                                         /R =   1.6767E-01
    45.00 deg.: X-S =    39.533063 mb/sr,                       & pols = 0.  0.01852
+                                         /R =   1.7213E-01
    46.00 deg.: X-S =    37.306286 mb/sr,                       & pols = 0.  0.01674
+                                         /R =   1.7653E-01
    47.00 deg.: X-S =    34.990894 mb/sr,                       & pols = 0.  0.01436
+                                         /R =   1.7959E-01
    48.00 deg.: X-S =    32.445125 mb/sr,                       & pols = 0.  0.01151
+                                         /R =   1.8027E-01
    49.00 deg.: X-S =    29.631730 mb/sr,                       & pols = 0.  0.00826
+                                         /R =   1.7791E-01
    50.00 deg.: X-S =    26.591339 mb/sr,                       & pols = 0.  0.00467
+                                         /R =   1.7221E-01
    51.00 deg.: X-S =    23.415292 mb/sr,                       & pols = 0.  0.00075
+                                         /R =   1.6329E-01
    52.00 deg.: X-S =    20.220577 mb/sr,                       & pols = 0. -0.00349
+                                         /R =   1.5160E-01
    53.00 deg.: X-S =    17.128673 mb/sr,                       & pols = 0. -0.00799
+                                         /R =   1.3784E-01
    54.00 deg.: X-S =    14.249326 mb/sr,                       & pols = 0. -0.01265
+                                         /R =   1.2289E-01
    55.00 deg.: X-S =    11.669590 mb/sr,                       & pols = 0. -0.01722
+                                         /R =   1.0770E-01
    56.00 deg.: X-S =     9.447882 mb/sr,                       & pols = 0. -0.02127
+                                         /R =   9.3176E-02
    57.00 deg.: X-S =     7.612409 mb/sr,                       & pols = 0. -0.02403
+                                         /R =   8.0114E-02
    58.00 deg.: X-S =     6.163076 mb/sr,                       & pols = 0. -0.02447
+                                         /R =   6.9122E-02
    59.00 deg.: X-S =     5.075842 mb/sr,                       & pols = 0. -0.02139
+                                         /R =   6.0589E-02
    60.00 deg.: X-S =     4.308553 mb/sr,                       & pols = 0. -0.01404
+                                         /R =   5.4669E-02
    61.00 deg.: X-S =     3.807344 mb/sr,                       & pols =-0. -0.00277
+                                         /R =   5.1290E-02
    62.00 deg.: X-S =     3.512863 mb/sr,                       & pols = 0.  0.01075
+                                         /R =   5.0182E-02
    63.00 deg.: X-S =     3.365778 mb/sr,                       & pols = 0.  0.02420
+                                         /R =   5.0928E-02
    64.00 deg.: X-S =     3.311210 mb/sr,                       & pols = 0.  0.03573
+                                         /R =   5.3010E-02
    65.00 deg.: X-S =     3.301915 mb/sr,                       & pols = 0.  0.04448
+                                         /R =   5.5868E-02
    66.00 deg.: X-S =     3.300194 mb/sr,                       & pols = 0.  0.05042
+                                         /R =   5.8953E-02
    67.00 deg.: X-S =     3.278636 mb/sr,                       & pols = 0.  0.05393
+                                         /R =   6.1771E-02
    68.00 deg.: X-S =     3.219877 mb/sr,                       & pols = 0.  0.05547
+                                         /R =   6.3917E-02
    69.00 deg.: X-S =     3.115595 mb/sr,                       & pols = 0.  0.05543
+                                         /R =   6.5101E-02
    70.00 deg.: X-S =     2.965008 mb/sr,                       & pols = 0.  0.05408
+                                         /R =   6.5151E-02
    71.00 deg.: X-S =     2.773088 mb/sr,                       & pols = 0.  0.05156
+                                         /R =   6.4020E-02
    72.00 deg.: X-S =     2.548718 mb/sr,                       & pols = 0.  0.04792
+                                         /R =   6.1763E-02
    73.00 deg.: X-S =     2.302942 mb/sr,                       & pols = 0.  0.04312
+                                         /R =   5.8528E-02
    74.00 deg.: X-S =     2.047446 mb/sr,                       & pols = 0.  0.03705
+                                         /R =   5.4525E-02
    75.00 deg.: X-S =     1.793336 mb/sr,                       & pols = 0.  0.02956
+                                         /R =   5.0001E-02
    76.00 deg.: X-S =     1.550246 mb/sr,                       & pols = 0.  0.02049
+                                         /R =   4.5217E-02
    77.00 deg.: X-S =     1.325778 mb/sr,                       & pols = 0.  0.00973
+                                         /R =   4.0421E-02
    78.00 deg.: X-S =     1.125250 mb/sr,                       & pols = 0. -0.00270
+                                         /R =   3.5832E-02
    79.00 deg.: X-S =     0.951687 mb/sr,                       & pols = 0. -0.01655
+                                         /R =   3.1628E-02
    80.00 deg.: X-S =     0.806018 mb/sr,                       & pols = 0. -0.03119
+                                         /R =   2.7935E-02
                                           Integrated********** mb, over [   0.000,  80.000] at    21.0000 MeV 

 CROSS SECTIONS FOR OUTGOING h2       & ca40     in state #   1 with spins & parities 1.0  + &  4.0  -;  0

     0.00 deg.: X-S =     4.581501 mb/sr,                       & pols =-0.  0.00000
+                                         REAC   6.7443E+00 mb
     1.00 deg.: X-S =     4.594859 mb/sr,                       & pols =-0. -0.01586
     2.00 deg.: X-S =     4.634687 mb/sr,                       & pols =-0. -0.03115
     3.00 deg.: X-S =     4.700250 mb/sr,                       & pols =-0. -0.04536
     4.00 deg.: X-S =     4.790327 mb/sr,                       & pols =-0. -0.05807
     5.00 deg.: X-S =     4.903195 mb/sr,                       & pols =-0. -0.06896
     6.00 deg.: X-S =     5.036573 mb/sr,                       & pols =-0. -0.07784
     7.00 deg.: X-S =     5.187511 mb/sr,                       & pols =-0. -0.08466
     8.00 deg.: X-S =     5.352246 mb/sr,                       & pols =-0. -0.08944
     9.00 deg.: X-S =     5.526055 mb/sr,                       & pols =-0. -0.09231
    10.00 deg.: X-S =     5.703158 mb/sr,                       & pols =-0. -0.09344
    11.00 deg.: X-S =     5.876732 mb/sr,                       & pols =-0. -0.09307
    12.00 deg.: X-S =     6.039057 mb/sr,                       & pols =-0. -0.09143
    13.00 deg.: X-S =     6.181821 mb/sr,                       & pols =-0. -0.08878
    14.00 deg.: X-S =     6.296529 mb/sr,                       & pols =-0. -0.08534
    15.00 deg.: X-S =     6.374988 mb/sr,                       & pols =-0. -0.08136
    16.00 deg.: X-S =     6.409784 mb/sr,                       & pols =-0. -0.07704
    17.00 deg.: X-S =     6.394722 mb/sr,                       & pols = 0. -0.07258
    18.00 deg.: X-S =     6.325191 mb/sr,                       & pols =-0. -0.06815
    19.00 deg.: X-S =     6.198454 mb/sr,                       & pols =-0. -0.06389
    20.00 deg.: X-S =     6.013875 mb/sr,                       & pols =-0. -0.05995
    21.00 deg.: X-S =     5.773092 mb/sr,                       & pols =-0. -0.05642
    22.00 deg.: X-S =     5.480109 mb/sr,                       & pols =-0. -0.05341
    23.00 deg.: X-S =     5.141285 mb/sr,                       & pols =-0. -0.05099
    24.00 deg.: X-S =     4.765174 mb/sr,                       & pols =-0. -0.04923
    25.00 deg.: X-S =     4.362177 mb/sr,                       & pols =-0. -0.04819
    26.00 deg.: X-S =     3.944000 mb/sr,                       & pols =-0. -0.04791
    27.00 deg.: X-S =     3.522947 mb/sr,                       & pols =-0. -0.04844
    28.00 deg.: X-S =     3.111123 mb/sr,                       & pols =-0. -0.04977
    29.00 deg.: X-S =     2.719642 mb/sr,                       & pols =-0. -0.05186
    30.00 deg.: X-S =     2.357947 mb/sr,                       & pols =-0. -0.05456
    31.00 deg.: X-S =     2.033316 mb/sr,                       & pols =-0. -0.05759
    32.00 deg.: X-S =     1.750601 mb/sr,                       & pols =-0. -0.06043
    33.00 deg.: X-S =     1.512210 mb/sr,                       & pols =-0. -0.06234
    34.00 deg.: X-S =     1.318264 mb/sr,                       & pols =-0. -0.06240
    35.00 deg.: X-S =     1.166902 mb/sr,                       & pols =-0. -0.05963
    36.00 deg.: X-S =     1.054646 mb/sr,                       & pols =-0. -0.05335
    37.00 deg.: X-S =     0.976782 mb/sr,                       & pols =-0. -0.04347
    38.00 deg.: X-S =     0.927739 mb/sr,                       & pols =-0. -0.03070
    39.00 deg.: X-S =     0.901438 mb/sr,                       & pols =-0. -0.01631
    40.00 deg.: X-S =     0.891621 mb/sr,                       & pols =-0. -0.00176
    41.00 deg.: X-S =     0.892178 mb/sr,                       & pols =-0.  0.01175
    42.00 deg.: X-S =     0.897437 mb/sr,                       & pols =-0.  0.02345
    43.00 deg.: X-S =     0.902445 mb/sr,                       & pols =-0.  0.03300
    44.00 deg.: X-S =     0.903183 mb/sr,                       & pols = 0.  0.04036
    45.00 deg.: X-S =     0.896717 mb/sr,                       & pols = 0.  0.04564
    46.00 deg.: X-S =     0.881249 mb/sr,                       & pols = 0.  0.04899
    47.00 deg.: X-S =     0.856078 mb/sr,                       & pols = 0.  0.05058
    48.00 deg.: X-S =     0.821470 mb/sr,                       & pols = 0.  0.05053
    49.00 deg.: X-S =     0.778464 mb/sr,                       & pols = 0.  0.04893
    50.00 deg.: X-S =     0.728647 mb/sr,                       & pols = 0.  0.04582
    51.00 deg.: X-S =     0.673918 mb/sr,                       & pols = 0.  0.04124
    52.00 deg.: X-S =     0.616293 mb/sr,                       & pols = 0.  0.03518
    53.00 deg.: X-S =     0.557732 mb/sr,                       & pols = 0.  0.02766
    54.00 deg.: X-S =     0.500026 mb/sr,                       & pols = 0.  0.01871
    55.00 deg.: X-S =     0.444717 mb/sr,                       & pols = 0.  0.00842
    56.00 deg.: X-S =     0.393057 mb/sr,                       & pols = 0. -0.00303
    57.00 deg.: X-S =     0.345987 mb/sr,                       & pols = 0. -0.01534
    58.00 deg.: X-S =     0.304133 mb/sr,                       & pols = 0. -0.02799
    59.00 deg.: X-S =     0.267819 mb/sr,                       & pols = 0. -0.04024
    60.00 deg.: X-S =     0.237084 mb/sr,                       & pols = 0. -0.05112
    61.00 deg.: X-S =     0.211714 mb/sr,                       & pols = 0. -0.05954
    62.00 deg.: X-S =     0.191285 mb/sr,                       & pols = 0. -0.06444
    63.00 deg.: X-S =     0.175217 mb/sr,                       & pols = 0. -0.06505
    64.00 deg.: X-S =     0.162830 mb/sr,                       & pols = 0. -0.06112
    65.00 deg.: X-S =     0.153409 mb/sr,                       & pols = 0. -0.05296
    66.00 deg.: X-S =     0.146255 mb/sr,                       & pols = 0. -0.04133
    67.00 deg.: X-S =     0.140732 mb/sr,                       & pols = 0. -0.02724
    68.00 deg.: X-S =     0.136301 mb/sr,                       & pols = 0. -0.01169
    69.00 deg.: X-S =     0.132533 mb/sr,                       & pols = 0.  0.00448
    70.00 deg.: X-S =     0.129116 mb/sr,                       & pols = 0.  0.02064
    71.00 deg.: X-S =     0.125842 mb/sr,                       & pols = 0.  0.03639
    72.00 deg.: X-S =     0.122600 mb/sr,                       & pols = 0.  0.05150
    73.00 deg.: X-S =     0.119347 mb/sr,                       & pols = 0.  0.06584
    74.00 deg.: X-S =     0.116097 mb/sr,                       & pols = 0.  0.07935
    75.00 deg.: X-S =     0.112897 mb/sr,                       & pols = 0.  0.09198
    76.00 deg.: X-S =     0.109810 mb/sr,                       & pols = 0.  0.10363
    77.00 deg.: X-S =     0.106907 mb/sr,                       & pols = 0.  0.11423
    78.00 deg.: X-S =     0.104248 mb/sr,                       & pols = 0.  0.12365
    79.00 deg.: X-S =     0.101882 mb/sr,                       & pols = 0.  0.13176
    80.00 deg.: X-S =     0.099834 mb/sr,                       & pols = 0.  0.13845
                                           Integrated    6.3670 mb, over [   0.000,  80.000] at    21.0000 MeV 
 Finished all xsecs @   0.346141011    

  The following files have been created:
   3:local copy of User input.            6:standard output.                   
  13:total cross sections/state.         16:tables of cross sections.          
  35:Astrophysics S-factors  / Ecm.      39:cross sections for each Ecm.       
  40:all cross sectns. for each Elab.    46:bs wave functions & ANC ratios.    
  56:Fusion for each Jtotal.             58:Single-particle wfns.              
  75:S-factors for lab energies.        201:Separate cross sections.           
 202:Separate cross sections.           

 PARAMETERS : MAXQRN   MFNL   MLOC  LMAX1 MCLIST
    ALLOWED :      5    324     17     52      6
    REQUIRED:      1      0     13     38      4


 ACCURACY ANALYSIS at    21.000 MeV :

  Elastic h*k = 0.016 so OK       compared with 0.200

   Real(S-el) > 0.01 first at J =       1.0
   Real(S-el) > 0.10 first at J =       5.0
   Real(S-el) > 0.50 first at J =       8.0
   Real(S-el) > 0.90 first at J =      10.0
   Real(S-el) > 0.99 first at J =      13.0
   R-turn =    21.57 fm    at J =      32.0

 Forward-angle excitation cut off below   7.995 deg by max JT =      32.0
                              and below   6.434 deg by max R.

 Total CPU  0 time =       0.35 seconds
