 FRESCO - FRES 3.4: Coupled Reaction Channels
 Assuming NAMELIST input.

 39K(3He,d)40Ca 21 MeV DWBA ZR 8188 keV Jpi=4+ l=2 n=1 j=3/2                     

   0.010  27.000   0.100   0.100  10.000  -0.300   0.000   0.000   0.000   0.000

 Centre-of-mass Range is   2702 * 0.0100 fm., Maximum at  27.00 fm., Interpolating NL forms every  0.10 fm.
 Non - locality width is    101 * 0.1000 fm., Maximum of  10.00 fm., Centred at -0.20 fm.
 2-Nucleon Separation of      0 * 0.1000 fm., Maximum of   0.00 fm., Minimum at  0.00 fm.
 Maximum single particle bins of 27.0000 fm.
               M,Mint =         2701        2701


 Range of total J is     0.0 <= J <=    35.0 (at least     0.0) and Absorbtion =>    -1.0000 mb.
 Dry Run = F, CC set limits =  0  0, Relativistic kinematics =  , Both/Far/Near Analyses =  1                     

 Cross Sections (and up to T1 for 0=projectile) for Theta from   0.0 to  80.0 in steps of  1.0 degrees, DGAM=0,  Coordinates = 0 (Mads)

 Lower Radial Cutoff = maximum of -1.60*L*h &       0.0 fm.,  Lower Cutoff for Couplings =   0.0  fm.


 Iterate Couplings between   0 and   1 times, to  0.000 % if sooner.                                          
  Block solved exactly =   0 chs., with Pade = 0 & Isocen =  =0, NOSOL = F, initwf =  0
  NL quadrature with   36 Gaussian points, Calculate multipoles up to    41 from   0
  M-transfers for lp+lt greater than or equal to  6, Angular Integration Cutoff below  0.6944 %


 Trace switches are :  CHANS =  1, LISTCC =  0, TRENEG =  0, CDETR =  0, SMATS =  0, XSTABL =  1, NLPL =  0

                       WAVES =  0, LAMPL =  0, VEFF =  0, KFUS =  0, WDISK =  0, BPM =  0, MELFIL =  0

                       CDCC =  0, NFUS =  0

 Using unit mass = 1.000000 amu and 1/fine-structure constant = 137.03599 ( 1.000000 * true ) with hc = 197.32705 MeV.fm,
  thus 2*amu/hbar^2 = 0.0478450 = 1/20.9008 and Coulomb constant = 0.1574855 so e^2 = 1.43997, and nuclear magneton= 0.1261183

 Now pre-scan input and save to file 3

  WARNING: target longitudinal recoil NOT included in the ZR coupling #            1


 *********** PARTITION NUMBER  1 ******************************************************************************************

   PROJ=he3        MASS=  3.0150 Z=   2.0,        # STATES=    1T, TARG=k39      MASS= 38.9530 Z=  19.0,     Q-VALUE =   0.0000 MEV.

     1:  J= 0.5+ (B# 1), E=  0.0000, K= 0.5              Potl#  1       J= 1.5+ (B# 1), E=  0.0000, K= 0.5    


 *********** PARTITION NUMBER  2 ******************************************************************************************

   PROJ=h2         MASS=  2.0140 Z=   1.0,        # STATES=    1T, TARG=ca40     MASS= 39.9630 Z=  20.0,     Q-VALUE =   2.8347 MEV.

     1:  J= 1.0+ (B# 1), E=  0.0000, K= 0.0              Potl#  2       J= 4.0+ (B# 1), E=  8.1875, K= 0.0    
0****** WARNING : COMPARED WITH PARTITION  1, THIS PARTITION HAS TOTAL MASS & CHARGE EXCESSES   0.01205 &   0.0000


 ************************************************************************************************************************************

 The following POTENTIALS are defined :

  KP#       TYPE      IT    SHAPE      at     V1        r1        a1        V2        r2        a2        A-in     A-used


                                            A#1       A#2        r0c       ac                                                h @ 1
    1    0=Coulomb       0=CHARGE (WS)  1    38.953     0.000    1.2890    0.0000    0.0000    0.0000     0.000    38.953   0.01000

    1    1=Volume        0=Woods-Saxon  2  117.8810    1.1780    0.7680   -0.6460    1.4150    0.8470     0.000    38.953

    1    2=Surface       0=Woods-Saxon  3    0.0000    0.0000    0.0000   20.6650    1.1980    0.8520     0.000    38.953

    1    3=Projtl S.O.   0=Woods-Saxon  4    2.0830    0.7380    0.9460   -1.1590    0.0000    0.0000     0.000    38.953
   --------------------------------------------------------------------------------------------------------------------

                                            A#1       A#2        r0c       ac                                                h @ 2
    2    0=Coulomb       0=CHARGE (WS)  5    39.963     0.000    1.3030    0.0000    0.0000    0.0000     0.000    39.963   0.01000

    2    1=Volume        0=Woods-Saxon  6   91.1200    1.1500    0.7620    2.2340    1.3340    0.5130     0.000    39.963

    2    2=Surface       0=Woods-Saxon  7    0.0000    0.0000    0.0000   10.2740    1.3780    0.7430     0.000    39.963

    2    3=Projtl S.O.   0=Woods-Saxon  8    3.5570    0.9720    1.0110    0.0000    0.0000    0.0000     0.000    39.963
   --------------------------------------------------------------------------------------------------------------------

                                            A#1       A#2        r0c       ac                                                h @ 0
    3    0=Coulomb       0=CHARGE (WS)  9     3.015     0.000    1.2500    0.0000    0.0000    0.0000     0.000     3.015   0.01000

    3    1=Volume        0=Woods-Saxon 10   50.0000    1.2500    0.6500    0.0000    0.0000    0.0000     0.000     3.015
   --------------------------------------------------------------------------------------------------------------------

                                            A#1       A#2        r0c       ac                                                h @ 0
    4    0=Coulomb       0=CHARGE (WS) 11    38.953     0.000    1.2500    0.0000    0.0000    0.0000     0.000    38.953   0.01000

    4    1=Volume        0=Woods-Saxon 12   50.0000    1.2500    0.6500    0.0000    0.0000    0.0000     0.000    38.953


 ************************************************************************************************************************************

 The following SINGLE-PARTICLE FORM FACTORS are constructed :


 No.   P1 P2 IN KIND T N  L  S1 IA J/S  IB BIND XFER  BE    SC PC FIL AFRAC Adjust  to  Z  Mass   K     Norm    rms      D0     D   ANC/Gsp

 For Channel #  1 with l = 0,  j =  0.5, around core state #  1

   R    Y(R)
   0.00   0.0000E+00,    0.10   5.8280E-02,    0.20   1.1591E-01,    0.30   1.7228E-01,    0.40   2.2679E-01,    0.50   2.7891E-01, 
   0.60   3.2812E-01,    0.70   3.7401E-01,    0.80   4.1621E-01,    0.90   4.5442E-01,    1.00   4.8842E-01,    1.10   5.1808E-01, 
   1.20   5.4332E-01,    1.30   5.6417E-01,    1.40   5.8070E-01,    1.50   5.9306E-01,    1.60   6.0146E-01,    1.70   6.0615E-01, 
   1.80   6.0741E-01,    1.90   6.0557E-01,    2.00   6.0094E-01,    2.10   5.9388E-01,    2.20   5.8471E-01,    2.30   5.7376E-01, 
   2.40   5.6133E-01,    2.50   5.4772E-01,    2.60   5.3317E-01,    2.70   5.1794E-01,    2.80   5.0221E-01,    2.90   4.8618E-01, 
   3.00   4.6999E-01,    3.10   4.5378E-01,    3.20   4.3767E-01,    3.30   4.2173E-01,    3.40   4.0605E-01,    3.50   3.9068E-01, 
   3.60   3.7566E-01,    3.70   3.6103E-01,    3.80   3.4682E-01,    3.90   3.3304E-01,    4.00   3.1970E-01,    4.10   3.0681E-01, 
   4.20   2.9437E-01,    4.30   2.8238E-01,    4.40   2.7083E-01,    4.50   2.5971E-01,    4.60   2.4902E-01,    4.70   2.3874E-01, 
   4.80   2.2887E-01,    4.90   2.1939E-01,    5.00   2.1029E-01,    5.10   2.0156E-01,    5.20   1.9318E-01,    5.30   1.8514E-01, 
   5.40   1.7743E-01,    5.50   1.7004E-01,    5.60   1.6296E-01,    5.70   1.5616E-01,    5.80   1.4965E-01,    5.90   1.4341E-01, 
   6.00   1.3743E-01,    6.10   1.3170E-01,    6.20   1.2620E-01,    6.30   1.2094E-01,    6.40   1.1589E-01,    6.50   1.1106E-01, 
   6.60   1.0643E-01,    6.70   1.0199E-01,    6.80   9.7738E-02,    6.90   9.3663E-02,    7.00   8.9758E-02,    7.10   8.6017E-02, 
   7.20   8.2432E-02,    7.30   7.8996E-02,    7.40   7.5705E-02,    7.50   7.2551E-02,    7.60   6.9529E-02,    7.70   6.6633E-02, 
   7.80   6.3858E-02,    7.90   6.1199E-02,    8.00   5.8651E-02,    8.10   5.6210E-02,    8.20   5.3870E-02,    8.30   5.1628E-02, 
   8.40   4.9480E-02,    8.50   4.7422E-02,    8.60   4.5449E-02,    8.70   4.3559E-02,    8.80   4.1747E-02,    8.90   4.0011E-02, 
   9.00   3.8348E-02,    9.10   3.6753E-02,    9.20   3.5226E-02,    9.30   3.3762E-02,    9.40   3.2358E-02,    9.50   3.1014E-02, 
   9.60   2.9725E-02,    9.70   2.8490E-02,    9.80   2.7307E-02,    9.90   2.6173E-02,   10.00   2.5086E-02,   10.10   2.4044E-02, 
  10.20   2.3046E-02,   10.30   2.2089E-02,   10.40   2.1172E-02,   10.50   2.0293E-02,   10.60   1.9451E-02,   10.70   1.8644E-02, 
  10.80   1.7870E-02,   10.90   1.7128E-02,   11.00   1.6418E-02,   11.10   1.5737E-02,   11.20   1.5084E-02,   11.30   1.4458E-02, 
  11.40   1.3858E-02,   11.50   1.3284E-02,   11.60   1.2733E-02,   11.70   1.2205E-02,   11.80   1.1699E-02,   11.90   1.1214E-02, 
  12.00   1.0749E-02,   12.10   1.0303E-02,   12.20   9.8761E-03,   12.30   9.4667E-03,   12.40   9.0744E-03,   12.50   8.6983E-03, 
  12.60   8.3378E-03,   12.70   7.9923E-03,   12.80   7.6612E-03,   12.90   7.3438E-03,   13.00   7.0395E-03,   13.10   6.7479E-03, 
  13.20   6.4684E-03,   13.30   6.2004E-03,   13.40   5.9436E-03,   13.50   5.6975E-03,   13.60   5.4615E-03,   13.70   5.2353E-03, 
  13.80   5.0185E-03,   13.90   4.8107E-03,   14.00   4.6116E-03,   14.10   4.4206E-03,   14.20   4.2376E-03,   14.30   4.0622E-03, 
  14.40   3.8940E-03,   14.50   3.7329E-03,   14.60   3.5783E-03,   14.70   3.4302E-03,   14.80   3.2883E-03,   14.90   3.1522E-03, 
  15.00   3.0217E-03,   15.10   2.8967E-03,   15.20   2.7768E-03,   15.30   2.6619E-03,   15.40   2.5518E-03,   15.50   2.4462E-03, 
  15.60   2.3450E-03,   15.70   2.2480E-03,   15.80   2.1550E-03,   15.90   2.0659E-03,   16.00   1.9804E-03,   16.10   1.8985E-03, 
  16.20   1.8200E-03,   16.30   1.7447E-03,   16.40   1.6726E-03,   16.50   1.6034E-03,   16.60   1.5371E-03,   16.70   1.4735E-03, 
  16.80   1.4126E-03,   16.90   1.3542E-03,   17.00   1.2982E-03,   17.10   1.2445E-03,   17.20   1.1931E-03,   17.30   1.1438E-03, 
  17.40   1.0965E-03,   17.50   1.0511E-03,   17.60   1.0077E-03,   17.70   9.6604E-04,   17.80   9.2611E-04,   17.90   8.8783E-04, 
  18.00   8.5114E-04,   18.10   8.1596E-04,   18.20   7.8224E-04,   18.30   7.4991E-04,   18.40   7.1892E-04,   18.50   6.8921E-04, 
  18.60   6.6073E-04,   18.70   6.3343E-04,   18.80   6.0725E-04,   18.90   5.8216E-04,   19.00   5.5811E-04,   19.10   5.3505E-04, 
  19.20   5.1295E-04,   19.30   4.9175E-04,   19.40   4.7144E-04,   19.50   4.5196E-04,   19.60   4.3329E-04,   19.70   4.1539E-04, 
  19.80   3.9823E-04,   19.90   3.8179E-04,   20.00   3.6602E-04,   20.10   3.5090E-04,   20.20   3.3640E-04,   20.30   3.2251E-04, 
  20.40   3.0919E-04,   20.50   2.9642E-04,   20.60   2.8418E-04,   20.70   2.7244E-04,   20.80   2.6119E-04,   20.90   2.5041E-04, 
  21.00   2.4007E-04,   21.10   2.3015E-04,   21.20   2.2065E-04,   21.30   2.1154E-04,   21.40   2.0281E-04,   21.50   1.9443E-04, 
  21.60   1.8640E-04,   21.70   1.7871E-04,   21.80   1.7133E-04,   21.90   1.6426E-04,   22.00   1.5748E-04,   22.10   1.5098E-04, 
  22.20   1.4474E-04,   22.30   1.3877E-04,   22.40   1.3304E-04,   22.50   1.2755E-04,   22.60   1.2228E-04,   22.70   1.1724E-04, 
  22.80   1.1240E-04,   22.90   1.0776E-04,   23.00   1.0331E-04,   23.10   9.9046E-05,   23.20   9.4958E-05,   23.30   9.1039E-05, 
  23.40   8.7282E-05,   23.50   8.3680E-05,   23.60   8.0226E-05,   23.70   7.6915E-05,   23.80   7.3741E-05,   23.90   7.0698E-05, 
  24.00   6.7781E-05,   24.10   6.4984E-05,   24.20   6.2303E-05,   24.30   5.9732E-05,   24.40   5.7267E-05,   24.50   5.4904E-05, 
  24.60   5.2639E-05,   24.70   5.0467E-05,   24.80   4.8385E-05,   24.90   4.6389E-05,   25.00   4.4475E-05,   25.10   4.2640E-05, 
  25.20   4.0881E-05,   25.30   3.9194E-05,   25.40   3.7577E-05,   25.50   3.6027E-05,   25.60   3.4541E-05,   25.70   3.3116E-05, 
  25.80   3.1750E-05,   25.90   3.0440E-05,   26.00   2.9184E-05,   26.10   2.7981E-05,   26.20   2.6827E-05,   26.30   2.5720E-05, 
  26.40   2.4659E-05,   26.50   2.3642E-05,   26.60   2.2667E-05,   26.70   2.1732E-05,   26.80   2.0836E-05,   26.90   1.9976E-05, 
  27.00   1.9152E-05, 

 No.   P1 P2 IN KIND T N  L  S1 IA J/S  IB BIND XFER  BE    SC PC FIL AFRAC Adjust  to  Z  Mass   K     Norm    rms      D0     D   ANC/Gsp

    At R=   26.990, ANC in ch  1 is    1.8773    ,   eta,eta*ln(2*rho)+rho =   0.54944E-01    11.486    

    1:  2  1  1  0     1  0 0.5  1 0.5   0   3   0   5.4935  1  1  0 0.0000 VR  0.8879; 1. 1.001 0.4192 1.0000  2.820 -166.8 -175.2  1.8773

 For Channel #  1 with l = 2,  j =  1.5, around core state #  1

   R    Y(R)
   0.00   0.0000E+00,    0.10   5.3335E-05,    0.20   4.2545E-04,    0.30   1.4290E-03,    0.40   3.3647E-03,    0.50   6.5151E-03, 
   0.60   1.1139E-02,    0.70   1.7469E-02,    0.80   2.5700E-02,    0.90   3.5993E-02,    1.00   4.8466E-02,    1.10   6.3195E-02, 
   1.20   8.0209E-02,    1.30   9.9487E-02,    1.40   1.2096E-01,    1.50   1.4452E-01,    1.60   1.7000E-01,    1.70   1.9719E-01, 
   1.80   2.2585E-01,    1.90   2.5569E-01,    2.00   2.8639E-01,    2.10   3.1761E-01,    2.20   3.4896E-01,    2.30   3.8008E-01, 
   2.40   4.1057E-01,    2.50   4.4004E-01,    2.60   4.6811E-01,    2.70   4.9441E-01,    2.80   5.1861E-01,    2.90   5.4040E-01, 
   3.00   5.5952E-01,    3.10   5.7575E-01,    3.20   5.8891E-01,    3.30   5.9891E-01,    3.40   6.0569E-01,    3.50   6.0926E-01, 
   3.60   6.0968E-01,    3.70   6.0708E-01,    3.80   6.0163E-01,    3.90   5.9353E-01,    4.00   5.8305E-01,    4.10   5.7045E-01, 
   4.20   5.5602E-01,    4.30   5.4007E-01,    4.40   5.2288E-01,    4.50   5.0475E-01,    4.60   4.8594E-01,    4.70   4.6670E-01, 
   4.80   4.4727E-01,    4.90   4.2785E-01,    5.00   4.0859E-01,    5.10   3.8965E-01,    5.20   3.7114E-01,    5.30   3.5316E-01, 
   5.40   3.3578E-01,    5.50   3.1903E-01,    5.60   3.0297E-01,    5.70   2.8760E-01,    5.80   2.7294E-01,    5.90   2.5898E-01, 
   6.00   2.4572E-01,    6.10   2.3313E-01,    6.20   2.2119E-01,    6.30   2.0990E-01,    6.40   1.9921E-01,    6.50   1.8910E-01, 
   6.60   1.7954E-01,    6.70   1.7051E-01,    6.80   1.6198E-01,    6.90   1.5393E-01,    7.00   1.4631E-01,    7.10   1.3912E-01, 
   7.20   1.3233E-01,    7.30   1.2591E-01,    7.40   1.1985E-01,    7.50   1.1411E-01,    7.60   1.0869E-01,    7.70   1.0356E-01, 
   7.80   9.8707E-02,    7.90   9.4113E-02,    8.00   8.9764E-02,    8.10   8.5645E-02,    8.20   8.1741E-02,    8.30   7.8042E-02, 
   8.40   7.4534E-02,    8.50   7.1206E-02,    8.60   6.8049E-02,    8.70   6.5051E-02,    8.80   6.2205E-02,    8.90   5.9501E-02, 
   9.00   5.6932E-02,    9.10   5.4490E-02,    9.20   5.2167E-02,    9.30   4.9957E-02,    9.40   4.7854E-02,    9.50   4.5853E-02, 
   9.60   4.3946E-02,    9.70   4.2130E-02,    9.80   4.0400E-02,    9.90   3.8750E-02,   10.00   3.7177E-02,   10.10   3.5677E-02, 
  10.20   3.4246E-02,   10.30   3.2879E-02,   10.40   3.1575E-02,   10.50   3.0329E-02,   10.60   2.9139E-02,   10.70   2.8002E-02, 
  10.80   2.6916E-02,   10.90   2.5877E-02,   11.00   2.4883E-02,   11.10   2.3932E-02,   11.20   2.3023E-02,   11.30   2.2152E-02, 
  11.40   2.1319E-02,   11.50   2.0521E-02,   11.60   1.9757E-02,   11.70   1.9024E-02,   11.80   1.8323E-02,   11.90   1.7650E-02, 
  12.00   1.7005E-02,   12.10   1.6387E-02,   12.20   1.5794E-02,   12.30   1.5225E-02,   12.40   1.4679E-02,   12.50   1.4155E-02, 
  12.60   1.3652E-02,   12.70   1.3169E-02,   12.80   1.2705E-02,   12.90   1.2259E-02,   13.00   1.1831E-02,   13.10   1.1420E-02, 
  13.20   1.1025E-02,   13.30   1.0644E-02,   13.40   1.0279E-02,   13.50   9.9275E-03,   13.60   9.5895E-03,   13.70   9.2643E-03, 
  13.80   8.9513E-03,   13.90   8.6502E-03,   14.00   8.3603E-03,   14.10   8.0813E-03,   14.20   7.8126E-03,   14.30   7.5538E-03, 
  14.40   7.3046E-03,   14.50   7.0644E-03,   14.60   6.8331E-03,   14.70   6.6102E-03,   14.80   6.3953E-03,   14.90   6.1882E-03, 
  15.00   5.9885E-03,   15.10   5.7960E-03,   15.20   5.6103E-03,   15.30   5.4312E-03,   15.40   5.2585E-03,   15.50   5.0918E-03, 
  15.60   4.9309E-03,   15.70   4.7757E-03,   15.80   4.6259E-03,   15.90   4.4813E-03,   16.00   4.3416E-03,   16.10   4.2068E-03, 
  16.20   4.0766E-03,   16.30   3.9508E-03,   16.40   3.8293E-03,   16.50   3.7120E-03,   16.60   3.5985E-03,   16.70   3.4890E-03, 
  16.80   3.3830E-03,   16.90   3.2807E-03,   17.00   3.1817E-03,   17.10   3.0860E-03,   17.20   2.9935E-03,   17.30   2.9040E-03, 
  17.40   2.8175E-03,   17.50   2.7338E-03,   17.60   2.6528E-03,   17.70   2.5745E-03,   17.80   2.4987E-03,   17.90   2.4253E-03, 
  18.00   2.3543E-03,   18.10   2.2856E-03,   18.20   2.2191E-03,   18.30   2.1547E-03,   18.40   2.0923E-03,   18.50   2.0320E-03, 
  18.60   1.9735E-03,   18.70   1.9169E-03,   18.80   1.8620E-03,   18.90   1.8089E-03,   19.00   1.7574E-03,   19.10   1.7076E-03, 
  19.20   1.6592E-03,   19.30   1.6124E-03,   19.40   1.5670E-03,   19.50   1.5230E-03,   19.60   1.4804E-03,   19.70   1.4390E-03, 
  19.80   1.3989E-03,   19.90   1.3601E-03,   20.00   1.3224E-03,   20.10   1.2858E-03,   20.20   1.2504E-03,   20.30   1.2160E-03, 
  20.40   1.1826E-03,   20.50   1.1503E-03,   20.60   1.1189E-03,   20.70   1.0884E-03,   20.80   1.0588E-03,   20.90   1.0301E-03, 
  21.00   1.0023E-03,   21.10   9.7527E-04,   21.20   9.4904E-04,   21.30   9.2357E-04,   21.40   8.9884E-04,   21.50   8.7484E-04, 
  21.60   8.5153E-04,   21.70   8.2889E-04,   21.80   8.0690E-04,   21.90   7.8555E-04,   22.00   7.6481E-04,   22.10   7.4467E-04, 
  22.20   7.2510E-04,   22.30   7.0608E-04,   22.40   6.8761E-04,   22.50   6.6966E-04,   22.60   6.5222E-04,   22.70   6.3527E-04, 
  22.80   6.1879E-04,   22.90   6.0278E-04,   23.00   5.8722E-04,   23.10   5.7209E-04,   23.20   5.5738E-04,   23.30   5.4309E-04, 
  23.40   5.2918E-04,   23.50   5.1567E-04,   23.60   5.0252E-04,   23.70   4.8974E-04,   23.80   4.7731E-04,   23.90   4.6522E-04, 
  24.00   4.5346E-04,   24.10   4.4202E-04,   24.20   4.3089E-04,   24.30   4.2007E-04,   24.40   4.0953E-04,   24.50   3.9929E-04, 
  24.60   3.8932E-04,   24.70   3.7961E-04,   24.80   3.7017E-04,   24.90   3.6098E-04,   25.00   3.5204E-04,   25.10   3.4333E-04, 
  25.20   3.3486E-04,   25.30   3.2661E-04,   25.40   3.1858E-04,   25.50   3.1077E-04,   25.60   3.0316E-04,   25.70   2.9575E-04, 
  25.80   2.8853E-04,   25.90   2.8151E-04,   26.00   2.7466E-04,   26.10   2.6800E-04,   26.20   2.6151E-04,   26.30   2.5519E-04, 
  26.40   2.4903E-04,   26.50   2.4304E-04,   26.60   2.3719E-04,   26.70   2.3150E-04,   26.80   2.2596E-04,   26.90   2.2056E-04, 
  27.00   2.1529E-04, 

 No.   P1 P2 IN KIND T N  L  S1 IA J/S  IB BIND XFER  BE    SC PC FIL AFRAC Adjust  to  Z  Mass   K     Norm    rms      D0     D   ANC/Gsp

    At R=   26.990, ANC in ch  2 is   0.14988E+06,   eta,eta*ln(2*rho)+rho =    7.9122        13.913    

    2:  1  2  2  0     1  2 0.5  1 1.5   0   4   0   0.1408  1  1  0 0.0000 VR  0.7665; 1. 1.010 0.0814 1.0000  4.132   -3.3    1.4  1.50E+05

 ************************************************************************************************************************************

 TWO-way COUPLING # 1 for partitions  2 <-  1 of KIND  5,   0  0  0 -1 -1 & P1,P2 = -172.8000   0.0000 : for J <=    35.5 & R <  27.0 fm.


 data =  1  1  1  1  1.0000,  so  < [he3      #  1] / [h2       #  1]  * Eigen-form #  1>  =   1.0000            BE =  5.494     1

 data =  2  1  1  2  1.0000,  so  < [ca40     #  1] / [k39      #  1]  * Eigen-form #  2>  =   1.0000            BE =  0.141     2



 **** WARNING *** -- FORM FACTOR  2 GIVES  NO COUPLING AS PARITY ERROR, OR D( 1.5, 1.5, 4.0)  = (JCORE,JV,JCOMP)  FAILS  ****


 KNT =   2, KNP =   1: NK,NG,loc=   1   1   1  13  T  T  F

     So ZERO-RANGE TRANSFER, with D0 =  -172.800 and finite-range effective radius   0.0000 fm.

   2  1  1 13     5.494  -172.800  -172.800     1.001     0.669     0.000     0.010
 STOPPING, as some coupling failures
    See WARNING messages above

 Incoming partition  1 in excitation state # 1,   Laboratory Energy given for partition  1 Nucleus 1 in Excitation pair 1

0Lab. ENERGY ranges :

   from    21.0000     to   21.0000     in     0 intervals
   from    21.0000     to   0.00000     in     0 intervals
   from    0.00000     to   0.00000     in     0 intervals

 Largest real,imaginary parts of any form factor at R=   26.90 are   5.35E-02  1.89E-10 MeV
 Finished all Couplings @    8.22310001E-02          13

 Symmetric Hamiltonian
1***********************************************************************************************************************************
************************************************************************************************************************************

        INCOMING he3      ;    LABORATORY he3      ENERGY =   21.000     MeV.

 ***********************************************************************************************************************************
 ***********************************************************************************************************************************

 Allocate arrays for            2  channels, of which            2  need wfs.

 Total SPIN, PARITY =     0.0 +,      2 chs,      0 cc.  Rmin & Coul turning =    0.0    2.8


    C Projectl Target   #   EX.   (L  Proj) J  + Targ = Jtotal     E-cm      Re K     Re Eta     RM*K            CH
    1 he3      k39      #    1: I   2 0.5    1.5  1.5     0.0    19.49135   1.61545   2.26756   43.6172  -0.50675   0.08817 1 1 1   1
    2 h2       ca40     #    1:     4 1.0    4.0  4.0     0.0    14.13855   1.13887   1.15990   30.7495  -0.09643  -0.50370 2 1 2   1
 Allocate arrays for            3  channels, of which            3  need wfs.
 Allocate arrays for            8  channels, of which            8  need wfs.
 Allocate arrays for           11  channels, of which           11  need wfs.
 Allocate arrays for           12  channels, of which           12  need wfs.
 Allocate arrays for           15  channels, of which           15  need wfs.
 Allocate arrays for           16  channels, of which           16  need wfs.
 Allocate arrays for           17  channels, of which           17  need wfs.
 Allocate arrays for           18  channels, of which           18  need wfs.
 Reaction Xsec    32.0+/30 @ 1 =   0.056/, Out:   0.000#   0.000#   0.000f
 Reaction Xsec    32.0+/32 @ 2 =   0.014/, Out:   0.000#   0.000#   0.000f
 Reaction Xsec    32.0+/32 @ 3 =   0.014/, Out:   0.000#   0.000#   0.000f
 Reaction Xsec    32.0+/34 @ 4 =   3.550#, Out:   0.000#   0.000#   0.000f
 Reaction Xsec    32.0-/31 @ 1 =   0.029/, Out:   0.000#   0.000#   0.000f
 Reaction Xsec    32.0-/31 @ 2 =   0.028/, Out:   0.000#   0.000#   0.000f
 Reaction Xsec    32.0-/33 @ 3 =   7.118#, Out:   0.000#   0.000#   0.000f
 Reaction Xsec    32.0-/33 @ 4 =   6.895#, Out:   0.000#   0.000#   0.000f
 Reaction Xsec    33.0+/32 @ 1 =   0.015/, Out:   0.000#   0.000#   0.000f
 Reaction Xsec    33.0+/32 @ 2 =   0.014/, Out:   0.000#   0.000#   0.000f
 Reaction Xsec    33.0+/34 @ 3 =   3.659#, Out:   0.000#   0.000#   0.000f
 Reaction Xsec    33.0+/34 @ 4 =   3.532#, Out:   0.000#   0.000#   0.000f
 Reaction Xsec    33.0-/31 @ 1 =   0.029/, Out:   0.000#   0.000#   0.000f
 Reaction Xsec    33.0-/33 @ 2 =   7.337#, Out:   0.000#   0.000#   0.000f
 Reaction Xsec    33.0-/33 @ 3 =   7.108#, Out:   0.000#   0.000#   0.000f
 Reaction Xsec    33.0-/35 @ 4 =   1.824#, Out:   0.000#   0.000#   0.000f
 Reaction Xsec    34.0+/32 @ 1 =   0.015/, Out:   0.000#   0.000#   0.000f
 Reaction Xsec    34.0+/34 @ 2 =   3.768#, Out:   0.000#   0.000#   0.000f
 Reaction Xsec    34.0+/34 @ 3 =   3.638#, Out:   0.000#   0.000#   0.000f
 Reaction Xsec    34.0+/36 @ 4 =   0.934#, Out:   0.000#   0.000#   0.000f
 Reaction Xsec    34.0-/33 @ 1 =   7.556#, Out:   0.000#   0.000#   0.000f
 Reaction Xsec    34.0-/33 @ 2 =   7.320#, Out:   0.000#   0.000#   0.000f
 Reaction Xsec    34.0-/35 @ 3 =   1.879#, Out:   0.000#   0.000#   0.000f
 Reaction Xsec    34.0-/35 @ 4 =   1.807#, Out:   0.000#   0.000#   0.000f
 Reaction Xsec    35.0+/34 @ 1 =   3.878#, Out:   0.000#   0.000#   0.000f
 Reaction Xsec    35.0+/34 @ 2 =   3.743#, Out:   0.000#   0.000#   0.000f
 Reaction Xsec    35.0+/36 @ 3 =   0.961#, Out:   0.000#   0.000#   0.000f
 Reaction Xsec    35.0+/36 @ 4 =   0.920#, Out:   0.000#   0.000#   0.000f
 Reaction Xsec    35.0-/33 @ 1 =   7.532#, Out:   0.000#   0.000#   0.000f
 Reaction Xsec    35.0-/35 @ 2 =   1.933#, Out:   0.000#   0.000#   0.000f
 Reaction Xsec    35.0-/35 @ 3 =   1.859#, Out:   0.000#   0.000#   0.000f
 Reaction Xsec    35.0-/37 @ 4 =   0.473#, Out:   0.000#   0.000#   0.000f
 Finished all CC sets @   0.239312008    
0CUMULATIVE REACTION cross section                 = 1423.29151  <L> =     7.34  <L**2> =     63.8
0CUMULATIVE outgoing cross sections in partition 1 :    0.00000
0CUMULATIVE outgoing cross sections in partition 2 :    0.00000
0Cumulative ABSORBTION by Imaginary Potentials     = 1423.29151  <L> =     7.34  <L**2> =     63.8
   Fusion for specific he3      M-states : 1429.313621 1429.313621
0CUMULATIVE OUTGOING cross section                 =    0.00000
 To convert to S-factors (MeV.mb = keV.b),  multiply by  3.0022E+07


 CROSS SECTIONS FOR OUTGOING he3      & k39      in state #   1 with spins & parities 0.5  + &  1.5  +;  0

     0.01 deg.: X-S =   8.4933E+16 mb/sr,                       & pols =-0. -0.00000
+                                         /R =   1.0000E+00
     1.00 deg.: X-S =   8.4909E+08 mb/sr,                       & pols =-0.  0.00000
+                                         /R =   9.9967E-01
     2.00 deg.: X-S =   5.3169E+07 mb/sr,                       & pols =-0. -0.00001
+                                         /R =   1.0014E+00
     3.00 deg.: X-S =   1.0282E+07 mb/sr,                       & pols =-0.  0.00002
+                                         /R =   9.8014E-01
     4.00 deg.: X-S =   3.2994E+06 mb/sr,                       & pols =-0.  0.00011
+                                         /R =   9.9366E-01
     5.00 deg.: X-S =   1.4097E+06 mb/sr,                       & pols =-0.  0.00006
+                                         /R =   1.0360E+00
     6.00 deg.: X-S =   7.0157E+05 mb/sr,                       & pols = 0. -0.00016
+                                         /R =   1.0686E+00
     7.00 deg.: X-S =   3.7943E+05 mb/sr,                       & pols = 0. -0.00046
+                                         /R =   1.0700E+00
     8.00 deg.: X-S =   2.1688E+05 mb/sr,                       & pols = 0. -0.00069
+                                         /R =   1.0426E+00
     9.00 deg.: X-S =   1.3008E+05 mb/sr,                       & pols = 0. -0.00074
+                                         /R =   1.0007E+00
    10.00 deg.: X-S =   8.1861E+04 mb/sr,                       & pols =-0. -0.00053
+                                         /R =   9.5895E-01
    11.00 deg.: X-S =   5.4042E+04 mb/sr,                       & pols = 0. -0.00006
+                                         /R =   9.2588E-01
    12.00 deg.: X-S =   3.7257E+04 mb/sr,                       & pols =-0.  0.00056
+                                         /R =   9.0298E-01
    13.00 deg.: X-S =   2.6590E+04 mb/sr,                       & pols =-0.  0.00119
+                                         /R =   8.8652E-01
    14.00 deg.: X-S =   1.9435E+04 mb/sr,                       & pols =-0.  0.00172
+                                         /R =   8.7037E-01
    15.00 deg.: X-S =   1.4401E+04 mb/sr,                       & pols = 0.  0.00208
+                                         /R =   8.4861E-01
    16.00 deg.: X-S =   1.0731E+04 mb/sr,                       & pols = 0.  0.00223
+                                         /R =   8.1731E-01
    17.00 deg.: X-S =  7999.907965 mb/sr,                       & pols = 0.  0.00221
+                                         /R =   7.7522E-01
    18.00 deg.: X-S =  5953.124919 mb/sr,                       & pols =-0.  0.00203
+                                         /R =   7.2378E-01
    19.00 deg.: X-S =  4423.478867 mb/sr,                       & pols =-0.  0.00175
+                                         /R =   6.6640E-01
    20.00 deg.: X-S =  3291.270515 mb/sr,                       & pols =-0.  0.00141
+                                         /R =   6.0754E-01
    21.00 deg.: X-S =  2464.346140 mb/sr,                       & pols =-0.  0.00111
+                                         /R =   5.5178E-01
    22.00 deg.: X-S =  1868.932603 mb/sr,                       & pols =-0.  0.00091
+                                         /R =   5.0295E-01
    23.00 deg.: X-S =  1445.373461 mb/sr,                       & pols =-0.  0.00089
+                                         /R =   4.6359E-01
    24.00 deg.: X-S =  1145.926116 mb/sr,                       & pols =-0.  0.00109
+                                         /R =   4.3472E-01
    25.00 deg.: X-S =   933.275855 mb/sr,                       & pols =-0.  0.00147
+                                         /R =   4.1581E-01
    26.00 deg.: X-S =   779.202405 mb/sr,                       & pols =-0.  0.00198
+                                         /R =   4.0507E-01
    27.00 deg.: X-S =   663.220654 mb/sr,                       & pols =-0.  0.00251
+                                         /R =   3.9988E-01
    28.00 deg.: X-S =   571.191259 mb/sr,                       & pols =-0.  0.00300
+                                         /R =   3.9721E-01
    29.00 deg.: X-S =   493.960474 mb/sr,                       & pols =-0.  0.00340
+                                         /R =   3.9412E-01
    30.00 deg.: X-S =   426.098099 mb/sr,                       & pols = 0.  0.00370
+                                         /R =   3.8817E-01
    31.00 deg.: X-S =   364.788300 mb/sr,                       & pols =-0.  0.00392
+                                         /R =   3.7772E-01
    32.00 deg.: X-S =   308.906279 mb/sr,                       & pols = 0.  0.00412
+                                         /R =   3.6200E-01
    33.00 deg.: X-S =   258.292222 mb/sr,                       & pols = 0.  0.00436
+                                         /R =   3.4120E-01
    34.00 deg.: X-S =   213.216262 mb/sr,                       & pols = 0.  0.00473
+                                         /R =   3.1630E-01
    35.00 deg.: X-S =   174.015397 mb/sr,                       & pols = 0.  0.00531
+                                         /R =   2.8886E-01
    36.00 deg.: X-S =   140.875501 mb/sr,                       & pols = 0.  0.00624
+                                         /R =   2.6079E-01
    37.00 deg.: X-S =   113.727973 mb/sr,                       & pols = 0.  0.00762
+                                         /R =   2.3405E-01
    38.00 deg.: X-S =    92.230434 mb/sr,                       & pols = 0.  0.00951
+                                         /R =   2.1037E-01
    39.00 deg.: X-S =    75.803243 mb/sr,                       & pols = 0.  0.01186
+                                         /R =   1.9107E-01
    40.00 deg.: X-S =    63.697534 mb/sr,                       & pols =-0.  0.01443
+                                         /R =   1.7695E-01
    41.00 deg.: X-S =    55.075343 mb/sr,                       & pols =-0.  0.01686
+                                         /R =   1.6819E-01
    42.00 deg.: X-S =    49.087447 mb/sr,                       & pols =-0.  0.01869
+                                         /R =   1.6437E-01
    43.00 deg.: X-S =    44.939366 mb/sr,                       & pols =-0.  0.01962
+                                         /R =   1.6461E-01
    44.00 deg.: X-S =    41.940280 mb/sr,                       & pols = 0.  0.01954
+                                         /R =   1.6767E-01
    45.00 deg.: X-S =    39.533059 mb/sr,                       & pols = 0.  0.01852
+                                         /R =   1.7213E-01
    46.00 deg.: X-S =    37.306282 mb/sr,                       & pols = 0.  0.01674
+                                         /R =   1.7653E-01
    47.00 deg.: X-S =    34.990892 mb/sr,                       & pols = 0.  0.01436
+                                         /R =   1.7959E-01
    48.00 deg.: X-S =    32.445124 mb/sr,                       & pols = 0.  0.01151
+                                         /R =   1.8027E-01
    49.00 deg.: X-S =    29.631730 mb/sr,                       & pols = 0.  0.00826
+                                         /R =   1.7791E-01
    50.00 deg.: X-S =    26.591338 mb/sr,                       & pols = 0.  0.00467
+                                         /R =   1.7221E-01
    51.00 deg.: X-S =    23.415291 mb/sr,                       & pols = 0.  0.00075
+                                         /R =   1.6329E-01
    52.00 deg.: X-S =    20.220577 mb/sr,                       & pols = 0. -0.00349
+                                         /R =   1.5160E-01
    53.00 deg.: X-S =    17.128673 mb/sr,                       & pols = 0. -0.00799
+                                         /R =   1.3784E-01
    54.00 deg.: X-S =    14.249327 mb/sr,                       & pols = 0. -0.01265
+                                         /R =   1.2289E-01
    55.00 deg.: X-S =    11.669592 mb/sr,                       & pols = 0. -0.01722
+                                         /R =   1.0770E-01
    56.00 deg.: X-S =     9.447883 mb/sr,                       & pols = 0. -0.02127
+                                         /R =   9.3176E-02
    57.00 deg.: X-S =     7.612411 mb/sr,                       & pols = 0. -0.02403
+                                         /R =   8.0114E-02
    58.00 deg.: X-S =     6.163077 mb/sr,                       & pols = 0. -0.02447
+                                         /R =   6.9122E-02
    59.00 deg.: X-S =     5.075841 mb/sr,                       & pols = 0. -0.02139
+                                         /R =   6.0589E-02
    60.00 deg.: X-S =     4.308552 mb/sr,                       & pols = 0. -0.01404
+                                         /R =   5.4669E-02
    61.00 deg.: X-S =     3.807343 mb/sr,                       & pols = 0. -0.00277
+                                         /R =   5.1290E-02
    62.00 deg.: X-S =     3.512862 mb/sr,                       & pols =-0.  0.01075
+                                         /R =   5.0182E-02
    63.00 deg.: X-S =     3.365777 mb/sr,                       & pols = 0.  0.02420
+                                         /R =   5.0928E-02
    64.00 deg.: X-S =     3.311209 mb/sr,                       & pols = 0.  0.03573
+                                         /R =   5.3010E-02
    65.00 deg.: X-S =     3.301915 mb/sr,                       & pols = 0.  0.04448
+                                         /R =   5.5868E-02
    66.00 deg.: X-S =     3.300194 mb/sr,                       & pols = 0.  0.05042
+                                         /R =   5.8953E-02
    67.00 deg.: X-S =     3.278637 mb/sr,                       & pols = 0.  0.05393
+                                         /R =   6.1771E-02
    68.00 deg.: X-S =     3.219878 mb/sr,                       & pols = 0.  0.05547
+                                         /R =   6.3917E-02
    69.00 deg.: X-S =     3.115596 mb/sr,                       & pols = 0.  0.05543
+                                         /R =   6.5101E-02
    70.00 deg.: X-S =     2.965008 mb/sr,                       & pols = 0.  0.05408
+                                         /R =   6.5151E-02
    71.00 deg.: X-S =     2.773089 mb/sr,                       & pols = 0.  0.05156
+                                         /R =   6.4020E-02
    72.00 deg.: X-S =     2.548718 mb/sr,                       & pols = 0.  0.04792
+                                         /R =   6.1763E-02
    73.00 deg.: X-S =     2.302942 mb/sr,                       & pols = 0.  0.04312
+                                         /R =   5.8528E-02
    74.00 deg.: X-S =     2.047446 mb/sr,                       & pols = 0.  0.03705
+                                         /R =   5.4525E-02
    75.00 deg.: X-S =     1.793336 mb/sr,                       & pols = 0.  0.02956
+                                         /R =   5.0001E-02
    76.00 deg.: X-S =     1.550245 mb/sr,                       & pols = 0.  0.02049
+                                         /R =   4.5217E-02
    77.00 deg.: X-S =     1.325778 mb/sr,                       & pols = 0.  0.00973
+                                         /R =   4.0421E-02
    78.00 deg.: X-S =     1.125250 mb/sr,                       & pols = 0. -0.00270
+                                         /R =   3.5832E-02
    79.00 deg.: X-S =     0.951686 mb/sr,                       & pols = 0. -0.01655
+                                         /R =   3.1628E-02
    80.00 deg.: X-S =     0.806018 mb/sr,                       & pols = 0. -0.03119
+                                         /R =   2.7935E-02
                                           Integrated********** mb, over [   0.000,  80.000] at    21.0000 MeV 

 CROSS SECTIONS FOR OUTGOING h2       & ca40     in state #   1 with spins & parities 1.0  + &  4.0  +;  0

     0.00 deg.: X-S =   0.0000E+00 mb/sr,                       & pols = 0.  0.00000
+                                         REAC   0.0000E+00 mb
     1.00 deg.: X-S =   0.0000E+00 mb/sr,                       & pols = 0.  0.00000
     2.00 deg.: X-S =   0.0000E+00 mb/sr,                       & pols = 0.  0.00000
     3.00 deg.: X-S =   0.0000E+00 mb/sr,                       & pols = 0.  0.00000
     4.00 deg.: X-S =   0.0000E+00 mb/sr,                       & pols = 0.  0.00000
     5.00 deg.: X-S =   0.0000E+00 mb/sr,                       & pols = 0.  0.00000
     6.00 deg.: X-S =   0.0000E+00 mb/sr,                       & pols = 0.  0.00000
     7.00 deg.: X-S =   0.0000E+00 mb/sr,                       & pols = 0.  0.00000
     8.00 deg.: X-S =   0.0000E+00 mb/sr,                       & pols = 0.  0.00000
     9.00 deg.: X-S =   0.0000E+00 mb/sr,                       & pols = 0.  0.00000
    10.00 deg.: X-S =   0.0000E+00 mb/sr,                       & pols = 0.  0.00000
    11.00 deg.: X-S =   0.0000E+00 mb/sr,                       & pols = 0.  0.00000
    12.00 deg.: X-S =   0.0000E+00 mb/sr,                       & pols = 0.  0.00000
    13.00 deg.: X-S =   0.0000E+00 mb/sr,                       & pols = 0.  0.00000
    14.00 deg.: X-S =   0.0000E+00 mb/sr,                       & pols = 0.  0.00000
    15.00 deg.: X-S =   0.0000E+00 mb/sr,                       & pols = 0.  0.00000
    16.00 deg.: X-S =   0.0000E+00 mb/sr,                       & pols = 0.  0.00000
    17.00 deg.: X-S =   0.0000E+00 mb/sr,                       & pols = 0.  0.00000
    18.00 deg.: X-S =   0.0000E+00 mb/sr,                       & pols = 0.  0.00000
    19.00 deg.: X-S =   0.0000E+00 mb/sr,                       & pols = 0.  0.00000
    20.00 deg.: X-S =   0.0000E+00 mb/sr,                       & pols = 0.  0.00000
    21.00 deg.: X-S =   0.0000E+00 mb/sr,                       & pols = 0.  0.00000
    22.00 deg.: X-S =   0.0000E+00 mb/sr,                       & pols = 0.  0.00000
    23.00 deg.: X-S =   0.0000E+00 mb/sr,                       & pols = 0.  0.00000
    24.00 deg.: X-S =   0.0000E+00 mb/sr,                       & pols = 0.  0.00000
    25.00 deg.: X-S =   0.0000E+00 mb/sr,                       & pols = 0.  0.00000
    26.00 deg.: X-S =   0.0000E+00 mb/sr,                       & pols = 0.  0.00000
    27.00 deg.: X-S =   0.0000E+00 mb/sr,                       & pols = 0.  0.00000
    28.00 deg.: X-S =   0.0000E+00 mb/sr,                       & pols = 0.  0.00000
    29.00 deg.: X-S =   0.0000E+00 mb/sr,                       & pols = 0.  0.00000
    30.00 deg.: X-S =   0.0000E+00 mb/sr,                       & pols = 0.  0.00000
    31.00 deg.: X-S =   0.0000E+00 mb/sr,                       & pols = 0.  0.00000
    32.00 deg.: X-S =   0.0000E+00 mb/sr,                       & pols = 0.  0.00000
    33.00 deg.: X-S =   0.0000E+00 mb/sr,                       & pols = 0.  0.00000
    34.00 deg.: X-S =   0.0000E+00 mb/sr,                       & pols = 0.  0.00000
    35.00 deg.: X-S =   0.0000E+00 mb/sr,                       & pols = 0.  0.00000
    36.00 deg.: X-S =   0.0000E+00 mb/sr,                       & pols = 0.  0.00000
    37.00 deg.: X-S =   0.0000E+00 mb/sr,                       & pols = 0.  0.00000
    38.00 deg.: X-S =   0.0000E+00 mb/sr,                       & pols = 0.  0.00000
    39.00 deg.: X-S =   0.0000E+00 mb/sr,                       & pols = 0.  0.00000
    40.00 deg.: X-S =   0.0000E+00 mb/sr,                       & pols = 0.  0.00000
    41.00 deg.: X-S =   0.0000E+00 mb/sr,                       & pols = 0.  0.00000
    42.00 deg.: X-S =   0.0000E+00 mb/sr,                       & pols = 0.  0.00000
    43.00 deg.: X-S =   0.0000E+00 mb/sr,                       & pols = 0.  0.00000
    44.00 deg.: X-S =   0.0000E+00 mb/sr,                       & pols = 0.  0.00000
    45.00 deg.: X-S =   0.0000E+00 mb/sr,                       & pols = 0.  0.00000
    46.00 deg.: X-S =   0.0000E+00 mb/sr,                       & pols = 0.  0.00000
    47.00 deg.: X-S =   0.0000E+00 mb/sr,                       & pols = 0.  0.00000
    48.00 deg.: X-S =   0.0000E+00 mb/sr,                       & pols = 0.  0.00000
    49.00 deg.: X-S =   0.0000E+00 mb/sr,                       & pols = 0.  0.00000
    50.00 deg.: X-S =   0.0000E+00 mb/sr,                       & pols = 0.  0.00000
    51.00 deg.: X-S =   0.0000E+00 mb/sr,                       & pols = 0.  0.00000
    52.00 deg.: X-S =   0.0000E+00 mb/sr,                       & pols = 0.  0.00000
    53.00 deg.: X-S =   0.0000E+00 mb/sr,                       & pols = 0.  0.00000
    54.00 deg.: X-S =   0.0000E+00 mb/sr,                       & pols = 0.  0.00000
    55.00 deg.: X-S =   0.0000E+00 mb/sr,                       & pols = 0.  0.00000
    56.00 deg.: X-S =   0.0000E+00 mb/sr,                       & pols = 0.  0.00000
    57.00 deg.: X-S =   0.0000E+00 mb/sr,                       & pols = 0.  0.00000
    58.00 deg.: X-S =   0.0000E+00 mb/sr,                       & pols = 0.  0.00000
    59.00 deg.: X-S =   0.0000E+00 mb/sr,                       & pols = 0.  0.00000
    60.00 deg.: X-S =   0.0000E+00 mb/sr,                       & pols = 0.  0.00000
    61.00 deg.: X-S =   0.0000E+00 mb/sr,                       & pols = 0.  0.00000
    62.00 deg.: X-S =   0.0000E+00 mb/sr,                       & pols = 0.  0.00000
    63.00 deg.: X-S =   0.0000E+00 mb/sr,                       & pols = 0.  0.00000
    64.00 deg.: X-S =   0.0000E+00 mb/sr,                       & pols = 0.  0.00000
    65.00 deg.: X-S =   0.0000E+00 mb/sr,                       & pols = 0.  0.00000
    66.00 deg.: X-S =   0.0000E+00 mb/sr,                       & pols = 0.  0.00000
    67.00 deg.: X-S =   0.0000E+00 mb/sr,                       & pols = 0.  0.00000
    68.00 deg.: X-S =   0.0000E+00 mb/sr,                       & pols = 0.  0.00000
    69.00 deg.: X-S =   0.0000E+00 mb/sr,                       & pols = 0.  0.00000
    70.00 deg.: X-S =   0.0000E+00 mb/sr,                       & pols = 0.  0.00000
    71.00 deg.: X-S =   0.0000E+00 mb/sr,                       & pols = 0.  0.00000
    72.00 deg.: X-S =   0.0000E+00 mb/sr,                       & pols = 0.  0.00000
    73.00 deg.: X-S =   0.0000E+00 mb/sr,                       & pols = 0.  0.00000
    74.00 deg.: X-S =   0.0000E+00 mb/sr,                       & pols = 0.  0.00000
    75.00 deg.: X-S =   0.0000E+00 mb/sr,                       & pols = 0.  0.00000
    76.00 deg.: X-S =   0.0000E+00 mb/sr,                       & pols = 0.  0.00000
    77.00 deg.: X-S =   0.0000E+00 mb/sr,                       & pols = 0.  0.00000
    78.00 deg.: X-S =   0.0000E+00 mb/sr,                       & pols = 0.  0.00000
    79.00 deg.: X-S =   0.0000E+00 mb/sr,                       & pols = 0.  0.00000
    80.00 deg.: X-S =   0.0000E+00 mb/sr,                       & pols = 0.  0.00000
 Finished all xsecs @   0.265774995    

  The following files have been created:
   3:local copy of User input.            6:standard output.                   
  13:total cross sections/state.         16:tables of cross sections.          
  35:Astrophysics S-factors  / Ecm.      39:cross sections for each Ecm.       
  40:all cross sectns. for each Elab.    46:bs wave functions & ANC ratios.    
  56:Fusion for each Jtotal.             58:Single-particle wfns.              
  75:S-factors for lab energies.        201:Separate cross sections.           
 202:Separate cross sections.           

 PARAMETERS : MAXQRN   MFNL   MLOC  LMAX1 MCLIST
    ALLOWED :      4    324     16     55      6
    REQUIRED:      1      0     13     41      4


 ACCURACY ANALYSIS at    21.000 MeV :

  Elastic h*k = 0.016 so OK       compared with 0.200

   Real(S-el) > 0.01 first at J =       1.0
   Real(S-el) > 0.10 first at J =       5.0
   Real(S-el) > 0.50 first at J =       8.0
   Real(S-el) > 0.90 first at J =      10.0
   Real(S-el) > 0.99 first at J =      13.0
   R-turn =    23.42 fm    at J =      35.0

 Forward-angle excitation cut off below   7.320 deg by max JT =      35.0
                              and below   5.957 deg by max R.

 Total CPU  0 time =       0.27 seconds
