 FRESCO - FRES 3.4: Coupled Reaction Channels
 Assuming NAMELIST input.

 39K(3He,d)40Ca 21 MeV DWBA ZR 9432 keV Jpi=4- l=3 n=2 j=7/2                     

   0.010  34.000   0.100   0.100  10.000  -0.300   0.000   0.000   0.000   0.000

 Centre-of-mass Range is   3402 * 0.0100 fm., Maximum at  34.00 fm., Interpolating NL forms every  0.10 fm.
 Non - locality width is    101 * 0.1000 fm., Maximum of  10.00 fm., Centred at -0.20 fm.
 2-Nucleon Separation of      0 * 0.1000 fm., Maximum of   0.00 fm., Minimum at  0.00 fm.
 Maximum single particle bins of 34.0000 fm.
               M,Mint =         3401        3401


 Range of total J is     0.0 <= J <=    30.0 (at least     0.0) and Absorbtion =>    -1.0000 mb.
 Dry Run = F, CC set limits =  0  0, Relativistic kinematics =  , Both/Far/Near Analyses =  1                     

 Cross Sections (and up to T1 for 0=projectile) for Theta from   0.0 to  80.0 in steps of  1.0 degrees, DGAM=0,  Coordinates = 0 (Mads)

 Lower Radial Cutoff = maximum of -1.60*L*h &       0.0 fm.,  Lower Cutoff for Couplings =   0.0  fm.


 Iterate Couplings between   0 and   1 times, to  0.000 % if sooner.                                          
  Block solved exactly =   0 chs., with Pade = 0 & Isocen =  =0, NOSOL = F, initwf =  0
  NL quadrature with   36 Gaussian points, Calculate multipoles up to    36 from   0
  M-transfers for lp+lt greater than or equal to  6, Angular Integration Cutoff below  0.6944 %


 Trace switches are :  CHANS =  1, LISTCC =  0, TRENEG =  0, CDETR =  0, SMATS =  0, XSTABL =  1, NLPL =  0

                       WAVES =  0, LAMPL =  0, VEFF =  0, KFUS =  0, WDISK =  0, BPM =  0, MELFIL =  0

                       CDCC =  0, NFUS =  0

 Using unit mass = 1.000000 amu and 1/fine-structure constant = 137.03599 ( 1.000000 * true ) with hc = 197.32705 MeV.fm,
  thus 2*amu/hbar^2 = 0.0478450 = 1/20.9008 and Coulomb constant = 0.1574855 so e^2 = 1.43997, and nuclear magneton= 0.1261183

 Now pre-scan input and save to file 3

  WARNING: target longitudinal recoil NOT included in the ZR coupling #            1


 *********** PARTITION NUMBER  1 ******************************************************************************************

   PROJ=he3        MASS=  3.0150 Z=   2.0,        # STATES=    1T, TARG=k39      MASS= 38.9530 Z=  19.0,     Q-VALUE =   0.0000 MEV.

     1:  J= 0.5+ (B# 1), E=  0.0000, K= 0.5              Potl#  1       J= 1.5+ (B# 1), E=  0.0000, K= 0.5    


 *********** PARTITION NUMBER  2 ******************************************************************************************

   PROJ=h2         MASS=  2.0140 Z=   1.0,        # STATES=    1T, TARG=ca40     MASS= 39.9630 Z=  20.0,     Q-VALUE =   2.8347 MEV.

     1:  J= 1.0+ (B# 1), E=  0.0000, K= 0.0              Potl#  2       J= 4.0- (B#-1), E=  9.4325, K= 0.0    
0****** WARNING : COMPARED WITH PARTITION  1, THIS PARTITION HAS TOTAL MASS & CHARGE EXCESSES   0.01205 &   0.0000


 ************************************************************************************************************************************

 The following POTENTIALS are defined :

  KP#       TYPE      IT    SHAPE      at     V1        r1        a1        V2        r2        a2        A-in     A-used


                                            A#1       A#2        r0c       ac                                                h @ 1
    1    0=Coulomb       0=CHARGE (WS)  1    38.953     0.000    1.2890    0.0000    0.0000    0.0000     0.000    38.953   0.01000

    1    1=Volume        0=Woods-Saxon  2  117.8810    1.1780    0.7680   -0.6460    1.4150    0.8470     0.000    38.953

    1    2=Surface       0=Woods-Saxon  3    0.0000    0.0000    0.0000   20.6650    1.1980    0.8520     0.000    38.953

    1    3=Projtl S.O.   0=Woods-Saxon  4    2.0830    0.7380    0.9460   -1.1590    0.0000    0.0000     0.000    38.953
   --------------------------------------------------------------------------------------------------------------------

                                            A#1       A#2        r0c       ac                                                h @ 2
    2    0=Coulomb       0=CHARGE (WS)  5    39.963     0.000    1.3030    0.0000    0.0000    0.0000     0.000    39.963   0.01000

    2    1=Volume        0=Woods-Saxon  6   91.1200    1.1500    0.7620    2.2340    1.3340    0.5130     0.000    39.963

    2    2=Surface       0=Woods-Saxon  7    0.0000    0.0000    0.0000   10.2740    1.3780    0.7430     0.000    39.963

    2    3=Projtl S.O.   0=Woods-Saxon  8    3.5570    0.9720    1.0110    0.0000    0.0000    0.0000     0.000    39.963
   --------------------------------------------------------------------------------------------------------------------

                                            A#1       A#2        r0c       ac                                                h @ 0
    3    0=Coulomb       0=CHARGE (WS)  9     3.015     0.000    1.2500    0.0000    0.0000    0.0000     0.000     3.015   0.01000

    3    1=Volume        0=Woods-Saxon 10   50.0000    1.2500    0.6500    0.0000    0.0000    0.0000     0.000     3.015
   --------------------------------------------------------------------------------------------------------------------

                                            A#1       A#2        r0c       ac                                                h @ 0
    4    0=Coulomb       0=CHARGE (WS) 11    38.953     0.000    1.2500    0.0000    0.0000    0.0000     0.000    38.953   0.01000

    4    1=Volume        0=Woods-Saxon 12   50.0000    1.2500    0.6500    0.0000    0.0000    0.0000     0.000    38.953


 ************************************************************************************************************************************

 The following SINGLE-PARTICLE FORM FACTORS are constructed :


 No.   P1 P2 IN KIND T N  L  S1 IA J/S  IB BIND XFER  BE    SC PC FIL AFRAC Adjust  to  Z  Mass   K     Norm    rms      D0     D   ANC/Gsp

 For Channel #  1 with l = 0,  j =  0.5, around core state #  1

   R    Y(R)
   0.00   0.0000E+00,    0.10   5.8280E-02,    0.20   1.1591E-01,    0.30   1.7228E-01,    0.40   2.2679E-01,    0.50   2.7891E-01, 
   0.60   3.2812E-01,    0.70   3.7401E-01,    0.80   4.1621E-01,    0.90   4.5442E-01,    1.00   4.8842E-01,    1.10   5.1808E-01, 
   1.20   5.4332E-01,    1.30   5.6417E-01,    1.40   5.8070E-01,    1.50   5.9306E-01,    1.60   6.0146E-01,    1.70   6.0615E-01, 
   1.80   6.0741E-01,    1.90   6.0557E-01,    2.00   6.0094E-01,    2.10   5.9388E-01,    2.20   5.8471E-01,    2.30   5.7376E-01, 
   2.40   5.6133E-01,    2.50   5.4772E-01,    2.60   5.3317E-01,    2.70   5.1794E-01,    2.80   5.0221E-01,    2.90   4.8618E-01, 
   3.00   4.6999E-01,    3.10   4.5378E-01,    3.20   4.3767E-01,    3.30   4.2173E-01,    3.40   4.0605E-01,    3.50   3.9068E-01, 
   3.60   3.7566E-01,    3.70   3.6103E-01,    3.80   3.4682E-01,    3.90   3.3304E-01,    4.00   3.1970E-01,    4.10   3.0681E-01, 
   4.20   2.9437E-01,    4.30   2.8238E-01,    4.40   2.7083E-01,    4.50   2.5971E-01,    4.60   2.4902E-01,    4.70   2.3874E-01, 
   4.80   2.2887E-01,    4.90   2.1939E-01,    5.00   2.1029E-01,    5.10   2.0156E-01,    5.20   1.9318E-01,    5.30   1.8514E-01, 
   5.40   1.7743E-01,    5.50   1.7004E-01,    5.60   1.6296E-01,    5.70   1.5616E-01,    5.80   1.4965E-01,    5.90   1.4341E-01, 
   6.00   1.3743E-01,    6.10   1.3170E-01,    6.20   1.2620E-01,    6.30   1.2094E-01,    6.40   1.1589E-01,    6.50   1.1106E-01, 
   6.60   1.0643E-01,    6.70   1.0199E-01,    6.80   9.7738E-02,    6.90   9.3663E-02,    7.00   8.9758E-02,    7.10   8.6017E-02, 
   7.20   8.2432E-02,    7.30   7.8996E-02,    7.40   7.5705E-02,    7.50   7.2551E-02,    7.60   6.9529E-02,    7.70   6.6633E-02, 
   7.80   6.3858E-02,    7.90   6.1199E-02,    8.00   5.8651E-02,    8.10   5.6210E-02,    8.20   5.3870E-02,    8.30   5.1628E-02, 
   8.40   4.9480E-02,    8.50   4.7422E-02,    8.60   4.5449E-02,    8.70   4.3559E-02,    8.80   4.1747E-02,    8.90   4.0011E-02, 
   9.00   3.8348E-02,    9.10   3.6753E-02,    9.20   3.5226E-02,    9.30   3.3762E-02,    9.40   3.2358E-02,    9.50   3.1014E-02, 
   9.60   2.9725E-02,    9.70   2.8490E-02,    9.80   2.7307E-02,    9.90   2.6173E-02,   10.00   2.5086E-02,   10.10   2.4044E-02, 
  10.20   2.3046E-02,   10.30   2.2089E-02,   10.40   2.1172E-02,   10.50   2.0293E-02,   10.60   1.9451E-02,   10.70   1.8644E-02, 
  10.80   1.7870E-02,   10.90   1.7128E-02,   11.00   1.6418E-02,   11.10   1.5737E-02,   11.20   1.5084E-02,   11.30   1.4458E-02, 
  11.40   1.3858E-02,   11.50   1.3284E-02,   11.60   1.2733E-02,   11.70   1.2205E-02,   11.80   1.1699E-02,   11.90   1.1214E-02, 
  12.00   1.0749E-02,   12.10   1.0303E-02,   12.20   9.8761E-03,   12.30   9.4667E-03,   12.40   9.0744E-03,   12.50   8.6983E-03, 
  12.60   8.3378E-03,   12.70   7.9923E-03,   12.80   7.6612E-03,   12.90   7.3438E-03,   13.00   7.0395E-03,   13.10   6.7479E-03, 
  13.20   6.4684E-03,   13.30   6.2004E-03,   13.40   5.9436E-03,   13.50   5.6975E-03,   13.60   5.4615E-03,   13.70   5.2353E-03, 
  13.80   5.0185E-03,   13.90   4.8107E-03,   14.00   4.6116E-03,   14.10   4.4206E-03,   14.20   4.2376E-03,   14.30   4.0622E-03, 
  14.40   3.8940E-03,   14.50   3.7329E-03,   14.60   3.5783E-03,   14.70   3.4302E-03,   14.80   3.2883E-03,   14.90   3.1522E-03, 
  15.00   3.0217E-03,   15.10   2.8967E-03,   15.20   2.7768E-03,   15.30   2.6619E-03,   15.40   2.5518E-03,   15.50   2.4462E-03, 
  15.60   2.3450E-03,   15.70   2.2480E-03,   15.80   2.1550E-03,   15.90   2.0659E-03,   16.00   1.9804E-03,   16.10   1.8985E-03, 
  16.20   1.8200E-03,   16.30   1.7447E-03,   16.40   1.6726E-03,   16.50   1.6034E-03,   16.60   1.5371E-03,   16.70   1.4735E-03, 
  16.80   1.4126E-03,   16.90   1.3542E-03,   17.00   1.2982E-03,   17.10   1.2445E-03,   17.20   1.1931E-03,   17.30   1.1438E-03, 
  17.40   1.0965E-03,   17.50   1.0511E-03,   17.60   1.0077E-03,   17.70   9.6604E-04,   17.80   9.2611E-04,   17.90   8.8783E-04, 
  18.00   8.5114E-04,   18.10   8.1596E-04,   18.20   7.8224E-04,   18.30   7.4991E-04,   18.40   7.1892E-04,   18.50   6.8921E-04, 
  18.60   6.6073E-04,   18.70   6.3343E-04,   18.80   6.0725E-04,   18.90   5.8216E-04,   19.00   5.5811E-04,   19.10   5.3505E-04, 
  19.20   5.1295E-04,   19.30   4.9175E-04,   19.40   4.7144E-04,   19.50   4.5196E-04,   19.60   4.3329E-04,   19.70   4.1539E-04, 
  19.80   3.9823E-04,   19.90   3.8179E-04,   20.00   3.6602E-04,   20.10   3.5090E-04,   20.20   3.3640E-04,   20.30   3.2251E-04, 
  20.40   3.0919E-04,   20.50   2.9642E-04,   20.60   2.8418E-04,   20.70   2.7244E-04,   20.80   2.6119E-04,   20.90   2.5041E-04, 
  21.00   2.4007E-04,   21.10   2.3015E-04,   21.20   2.2065E-04,   21.30   2.1154E-04,   21.40   2.0281E-04,   21.50   1.9443E-04, 
  21.60   1.8640E-04,   21.70   1.7871E-04,   21.80   1.7133E-04,   21.90   1.6426E-04,   22.00   1.5748E-04,   22.10   1.5098E-04, 
  22.20   1.4474E-04,   22.30   1.3877E-04,   22.40   1.3304E-04,   22.50   1.2755E-04,   22.60   1.2228E-04,   22.70   1.1724E-04, 
  22.80   1.1240E-04,   22.90   1.0776E-04,   23.00   1.0331E-04,   23.10   9.9046E-05,   23.20   9.4958E-05,   23.30   9.1039E-05, 
  23.40   8.7282E-05,   23.50   8.3680E-05,   23.60   8.0226E-05,   23.70   7.6915E-05,   23.80   7.3741E-05,   23.90   7.0698E-05, 
  24.00   6.7781E-05,   24.10   6.4984E-05,   24.20   6.2303E-05,   24.30   5.9732E-05,   24.40   5.7267E-05,   24.50   5.4904E-05, 
  24.60   5.2639E-05,   24.70   5.0467E-05,   24.80   4.8385E-05,   24.90   4.6389E-05,   25.00   4.4475E-05,   25.10   4.2640E-05, 
  25.20   4.0881E-05,   25.30   3.9194E-05,   25.40   3.7577E-05,   25.50   3.6027E-05,   25.60   3.4541E-05,   25.70   3.3116E-05, 
  25.80   3.1750E-05,   25.90   3.0440E-05,   26.00   2.9184E-05,   26.10   2.7981E-05,   26.20   2.6827E-05,   26.30   2.5720E-05, 
  26.40   2.4659E-05,   26.50   2.3642E-05,   26.60   2.2667E-05,   26.70   2.1732E-05,   26.80   2.0836E-05,   26.90   1.9976E-05, 
  27.00   1.9152E-05,   27.10   1.8363E-05,   27.20   1.7605E-05,   27.30   1.6879E-05,   27.40   1.6183E-05,   27.50   1.5516E-05, 
  27.60   1.4876E-05,   27.70   1.4262E-05,   27.80   1.3674E-05,   27.90   1.3110E-05,   28.00   1.2570E-05,   28.10   1.2051E-05, 
  28.20   1.1554E-05,   28.30   1.1078E-05,   28.40   1.0621E-05,   28.50   1.0183E-05,   28.60   9.7634E-06,   28.70   9.3608E-06, 
  28.80   8.9749E-06,   28.90   8.6048E-06,   29.00   8.2500E-06,   29.10   7.9099E-06,   29.20   7.5838E-06,   29.30   7.2711E-06, 
  29.40   6.9713E-06,   29.50   6.6839E-06,   29.60   6.4084E-06,   29.70   6.1442E-06,   29.80   5.8909E-06,   29.90   5.6480E-06, 
  30.00   5.4152E-06,   30.10   5.1919E-06,   30.20   4.9779E-06,   30.30   4.7727E-06,   30.40   4.5760E-06,   30.50   4.3873E-06, 
  30.60   4.2065E-06,   30.70   4.0331E-06,   30.80   3.8668E-06,   30.90   3.7074E-06,   31.00   3.5546E-06,   31.10   3.4081E-06, 
  31.20   3.2676E-06,   31.30   3.1329E-06,   31.40   3.0038E-06,   31.50   2.8800E-06,   31.60   2.7613E-06,   31.70   2.6475E-06, 
  31.80   2.5384E-06,   31.90   2.4337E-06,   32.00   2.3334E-06,   32.10   2.2373E-06,   32.20   2.1451E-06,   32.30   2.0567E-06, 
  32.40   1.9719E-06,   32.50   1.8906E-06,   32.60   1.8127E-06,   32.70   1.7380E-06,   32.80   1.6664E-06,   32.90   1.5977E-06, 
  33.00   1.5319E-06,   33.10   1.4687E-06,   33.20   1.4082E-06,   33.30   1.3502E-06,   33.40   1.2945E-06,   33.50   1.2412E-06, 
  33.60   1.1901E-06,   33.70   1.1410E-06,   33.80   1.0940E-06,   33.90   1.0489E-06,   34.00   1.0057E-06, 

 No.   P1 P2 IN KIND T N  L  S1 IA J/S  IB BIND XFER  BE    SC PC FIL AFRAC Adjust  to  Z  Mass   K     Norm    rms      D0     D   ANC/Gsp

    At R=   33.990, ANC in ch  1 is    1.8773    ,   eta,eta*ln(2*rho)+rho =   0.54944E-01    14.433    

    1:  2  1  1  0     1  0 0.5  1 0.5   0   3   0   5.4935  1  1  0 0.0000 VR  0.8879; 1. 1.001 0.4192 1.0000  2.820 -166.8 -173.0  1.8773

 For Channel #  1 with l = 3,  j =  3.5, around core state #  1

   R    Y(R)
   0.00  -0.0000E+00,    0.10   8.8331E-06,    0.20   1.4025E-04,    0.30   7.0101E-04,    0.40   2.1761E-03,    0.50   5.1913E-03, 
   0.60   1.0463E-02,    0.70   1.8740E-02,    0.80   3.0741E-02,    0.90   4.7085E-02,    1.00   6.8231E-02,    1.10   9.4425E-02, 
   1.20   1.2564E-01,    1.30   1.6158E-01,    1.40   2.0159E-01,    1.50   2.4475E-01,    1.60   2.8982E-01,    1.70   3.3532E-01, 
   1.80   3.7957E-01,    1.90   4.2076E-01,    2.00   4.5703E-01,    2.10   4.8658E-01,    2.20   5.0772E-01,    2.30   5.1898E-01, 
   2.40   5.1923E-01,    2.50   5.0767E-01,    2.60   4.8395E-01,    2.70   4.4814E-01,    2.80   4.0082E-01,    2.90   3.4298E-01, 
   3.00   2.7600E-01,    3.10   2.0164E-01,    3.20   1.2188E-01,    3.30   3.8885E-02,    3.40  -4.5133E-02,    3.50  -1.2801E-01, 
   3.60  -2.0771E-01,    3.70  -2.8245E-01,    3.80  -3.5072E-01,    3.90  -4.1137E-01,    4.00  -4.6361E-01,    4.10  -5.0702E-01, 
   4.20  -5.4150E-01,    4.30  -5.6727E-01,    4.40  -5.8480E-01,    4.50  -5.9473E-01,    4.60  -5.9787E-01,    4.70  -5.9508E-01, 
   4.80  -5.8725E-01,    4.90  -5.7526E-01,    5.00  -5.5995E-01,    5.10  -5.4207E-01,    5.20  -5.2232E-01,    5.30  -5.0128E-01, 
   5.40  -4.7946E-01,    5.50  -4.5728E-01,    5.60  -4.3509E-01,    5.70  -4.1315E-01,    5.80  -3.9167E-01,    5.90  -3.7082E-01, 
   6.00  -3.5071E-01,    6.10  -3.3141E-01,    6.20  -3.1298E-01,    6.30  -2.9544E-01,    6.40  -2.7879E-01,    6.50  -2.6303E-01, 
   6.60  -2.4815E-01,    6.70  -2.3411E-01,    6.80  -2.2088E-01,    6.90  -2.0843E-01,    7.00  -1.9673E-01,    7.10  -1.8573E-01, 
   7.20  -1.7539E-01,    7.30  -1.6569E-01,    7.40  -1.5657E-01,    7.50  -1.4801E-01,    7.60  -1.3998E-01,    7.70  -1.3243E-01, 
   7.80  -1.2533E-01,    7.90  -1.1867E-01,    8.00  -1.1241E-01,    8.10  -1.0652E-01,    8.20  -1.0098E-01,    8.30  -9.5768E-02, 
   8.40  -9.0864E-02,    8.50  -8.6246E-02,    8.60  -8.1896E-02,    8.70  -7.7797E-02,    8.80  -7.3932E-02,    8.90  -7.0287E-02, 
   9.00  -6.6848E-02,    9.10  -6.3601E-02,    9.20  -6.0535E-02,    9.30  -5.7638E-02,    9.40  -5.4900E-02,    9.50  -5.2310E-02, 
   9.60  -4.9861E-02,    9.70  -4.7542E-02,    9.80  -4.5347E-02,    9.90  -4.3268E-02,   10.00  -4.1298E-02,   10.10  -3.9431E-02, 
  10.20  -3.7660E-02,   10.30  -3.5980E-02,   10.40  -3.4385E-02,   10.50  -3.2871E-02,   10.60  -3.1433E-02,   10.70  -3.0067E-02, 
  10.80  -2.8769E-02,   10.90  -2.7534E-02,   11.00  -2.6360E-02,   11.10  -2.5243E-02,   11.20  -2.4180E-02,   11.30  -2.3168E-02, 
  11.40  -2.2203E-02,   11.50  -2.1285E-02,   11.60  -2.0410E-02,   11.70  -1.9575E-02,   11.80  -1.8779E-02,   11.90  -1.8020E-02, 
  12.00  -1.7296E-02,   12.10  -1.6605E-02,   12.20  -1.5945E-02,   12.30  -1.5315E-02,   12.40  -1.4713E-02,   12.50  -1.4138E-02, 
  12.60  -1.3588E-02,   12.70  -1.3062E-02,   12.80  -1.2560E-02,   12.90  -1.2079E-02,   13.00  -1.1619E-02,   13.10  -1.1179E-02, 
  13.20  -1.0757E-02,   13.30  -1.0354E-02,   13.40  -9.9676E-03,   13.50  -9.5974E-03,   13.60  -9.2428E-03,   13.70  -8.9029E-03, 
  13.80  -8.5771E-03,   13.90  -8.2647E-03,   14.00  -7.9651E-03,   14.10  -7.6777E-03,   14.20  -7.4020E-03,   14.30  -7.1375E-03, 
  14.40  -6.8835E-03,   14.50  -6.6397E-03,   14.60  -6.4056E-03,   14.70  -6.1807E-03,   14.80  -5.9647E-03,   14.90  -5.7572E-03, 
  15.00  -5.5578E-03,   15.10  -5.3661E-03,   15.20  -5.1818E-03,   15.30  -5.0046E-03,   15.40  -4.8342E-03,   15.50  -4.6703E-03, 
  15.60  -4.5126E-03,   15.70  -4.3608E-03,   15.80  -4.2148E-03,   15.90  -4.0742E-03,   16.00  -3.9389E-03,   16.10  -3.8086E-03, 
  16.20  -3.6831E-03,   16.30  -3.5622E-03,   16.40  -3.4458E-03,   16.50  -3.3336E-03,   16.60  -3.2254E-03,   16.70  -3.1212E-03, 
  16.80  -3.0208E-03,   16.90  -2.9239E-03,   17.00  -2.8305E-03,   17.10  -2.7404E-03,   17.20  -2.6535E-03,   17.30  -2.5697E-03, 
  17.40  -2.4888E-03,   17.50  -2.4108E-03,   17.60  -2.3355E-03,   17.70  -2.2628E-03,   17.80  -2.1926E-03,   17.90  -2.1248E-03, 
  18.00  -2.0594E-03,   18.10  -1.9962E-03,   18.20  -1.9351E-03,   18.30  -1.8762E-03,   18.40  -1.8192E-03,   18.50  -1.7641E-03, 
  18.60  -1.7109E-03,   18.70  -1.6595E-03,   18.80  -1.6097E-03,   18.90  -1.5617E-03,   19.00  -1.5152E-03,   19.10  -1.4702E-03, 
  19.20  -1.4268E-03,   19.30  -1.3847E-03,   19.40  -1.3440E-03,   19.50  -1.3047E-03,   19.60  -1.2666E-03,   19.70  -1.2298E-03, 
  19.80  -1.1941E-03,   19.90  -1.1596E-03,   20.00  -1.1262E-03,   20.10  -1.0938E-03,   20.20  -1.0625E-03,   20.30  -1.0321E-03, 
  20.40  -1.0028E-03,   20.50  -9.7431E-04,   20.60  -9.4674E-04,   20.70  -9.2004E-04,   20.80  -8.9416E-04,   20.90  -8.6909E-04, 
  21.00  -8.4480E-04,   21.10  -8.2125E-04,   21.20  -7.9842E-04,   21.30  -7.7630E-04,   21.40  -7.5485E-04,   21.50  -7.3405E-04, 
  21.60  -7.1389E-04,   21.70  -6.9433E-04,   21.80  -6.7536E-04,   21.90  -6.5697E-04,   22.00  -6.3912E-04,   22.10  -6.2181E-04, 
  22.20  -6.0502E-04,   22.30  -5.8872E-04,   22.40  -5.7290E-04,   22.50  -5.5756E-04,   22.60  -5.4266E-04,   22.70  -5.2820E-04, 
  22.80  -5.1417E-04,   22.90  -5.0054E-04,   23.00  -4.8731E-04,   23.10  -4.7447E-04,   23.20  -4.6199E-04,   23.30  -4.4988E-04, 
  23.40  -4.3811E-04,   23.50  -4.2668E-04,   23.60  -4.1558E-04,   23.70  -4.0480E-04,   23.80  -3.9432E-04,   23.90  -3.8414E-04, 
  24.00  -3.7425E-04,   24.10  -3.6464E-04,   24.20  -3.5529E-04,   24.30  -3.4621E-04,   24.40  -3.3739E-04,   24.50  -3.2881E-04, 
  24.60  -3.2046E-04,   24.70  -3.1236E-04,   24.80  -3.0447E-04,   24.90  -2.9680E-04,   25.00  -2.8935E-04,   25.10  -2.8210E-04, 
  25.20  -2.7504E-04,   25.30  -2.6818E-04,   25.40  -2.6151E-04,   25.50  -2.5502E-04,   25.60  -2.4871E-04,   25.70  -2.4256E-04, 
  25.80  -2.3658E-04,   25.90  -2.3077E-04,   26.00  -2.2511E-04,   26.10  -2.1960E-04,   26.20  -2.1423E-04,   26.30  -2.0901E-04, 
  26.40  -2.0393E-04,   26.50  -1.9899E-04,   26.60  -1.9417E-04,   26.70  -1.8949E-04,   26.80  -1.8492E-04,   26.90  -1.8048E-04, 
  27.00  -1.7615E-04,   27.10  -1.7193E-04,   27.20  -1.6783E-04,   27.30  -1.6383E-04,   27.40  -1.5994E-04,   27.50  -1.5614E-04, 
  27.60  -1.5245E-04,   27.70  -1.4885E-04,   27.80  -1.4534E-04,   27.90  -1.4192E-04,   28.00  -1.3859E-04,   28.10  -1.3535E-04, 
  28.20  -1.3219E-04,   28.30  -1.2911E-04,   28.40  -1.2610E-04,   28.50  -1.2317E-04,   28.60  -1.2032E-04,   28.70  -1.1754E-04, 
  28.80  -1.1483E-04,   28.90  -1.1218E-04,   29.00  -1.0961E-04,   29.10  -1.0709E-04,   29.20  -1.0464E-04,   29.30  -1.0225E-04, 
  29.40  -9.9925E-05,   29.50  -9.7653E-05,   29.60  -9.5437E-05,   29.70  -9.3275E-05,   29.80  -9.1167E-05,   29.90  -8.9110E-05, 
  30.00  -8.7104E-05,   30.10  -8.5148E-05,   30.20  -8.3238E-05,   30.30  -8.1376E-05,   30.40  -7.9558E-05,   30.50  -7.7785E-05, 
  30.60  -7.6055E-05,   30.70  -7.4366E-05,   30.80  -7.2719E-05,   30.90  -7.1110E-05,   31.00  -6.9541E-05,   31.10  -6.8009E-05, 
  31.20  -6.6514E-05,   31.30  -6.5054E-05,   31.40  -6.3630E-05,   31.50  -6.2239E-05,   31.60  -6.0881E-05,   31.70  -5.9555E-05, 
  31.80  -5.8261E-05,   31.90  -5.6997E-05,   32.00  -5.5764E-05,   32.10  -5.4559E-05,   32.20  -5.3382E-05,   32.30  -5.2233E-05, 
  32.40  -5.1111E-05,   32.50  -5.0015E-05,   32.60  -4.8944E-05,   32.70  -4.7899E-05,   32.80  -4.6877E-05,   32.90  -4.5880E-05, 
  33.00  -4.4905E-05,   33.10  -4.3953E-05,   33.20  -4.3023E-05,   33.30  -4.2114E-05,   33.40  -4.1227E-05,   33.50  -4.0359E-05, 
  33.60  -3.9512E-05,   33.70  -3.8683E-05,   33.80  -3.7874E-05,   33.90  -3.7083E-05,   34.00  -3.6310E-05, 

 No.   P1 P2 IN KIND T N  L  S1 IA J/S  IB BIND XFER  BE    SC PC FIL AFRAC Adjust  to  Z  Mass   K     Norm    rms      D0     D   ANC/Gsp

    At R=   33.990, ANC in ch  2 is     -Infinity,   eta,eta*ln(2*rho)+rho =    93.885       -71.343    

    2:  1  2  2  0     2  3 0.5  1 3.5   0   4   0   0.0010  1  1  0 0.0000 VR  2.1459; 1. 1.010 0.0069 1.0000  4.543    0.2    0.2 -Infinity

 ************************************************************************************************************************************

 TWO-way COUPLING # 1 for partitions  2 <-  1 of KIND  5,   0  0  0 -1 -1 & P1,P2 = -172.8000   0.0000 : for J <=    30.5 & R <  34.0 fm.


 data =  1  1  1  1  1.0000,  so  < [he3      #  1] / [h2       #  1]  * Eigen-form #  1>  =   1.0000            BE =  5.494     1

 data =  2  1  1  2  1.0000,  so  < [ca40     #  1] / [k39      #  1]  * Eigen-form #  2>  =   1.0000            BE =  0.001     2
 KNT =   2, KNP =   1: NK,NG,loc=   1   1   1  13  T  T  F

     So ZERO-RANGE TRANSFER, with D0 =  -172.800 and finite-range effective radius   0.0000 fm.

   2  1  1 13     6.599  -172.800  -172.800     1.001     0.669     0.000     0.010

 Incoming partition  1 in excitation state # 1,   Laboratory Energy given for partition  1 Nucleus 1 in Excitation pair 1

0Lab. ENERGY ranges :

   from    21.0000     to   21.0000     in     0 intervals
   from    21.0000     to   0.00000     in     0 intervals
   from    0.00000     to   0.00000     in     0 intervals

 Largest real,imaginary parts of any form factor at R=   33.90 are   4.25E-02  5.10E-14 MeV
 Finished all Couplings @    1.97694302              13

 Symmetric Hamiltonian
1***********************************************************************************************************************************
************************************************************************************************************************************

        INCOMING he3      ;    LABORATORY he3      ENERGY =   21.000     MeV.

 ***********************************************************************************************************************************
 ***********************************************************************************************************************************

 Allocate arrays for            3  channels, of which            3  need wfs.

 Total SPIN, PARITY =     0.0 +,      3 chs,      0 cc.  Rmin & Coul turning =    0.0    2.8


    C Projectl Target   #   EX.   (L  Proj) J  + Targ = Jtotal     E-cm      Re K     Re Eta     RM*K            CH
    1 he3      k39      #    1: I   2 0.5    1.5  1.5     0.0    19.49135   1.61545   2.26756   54.9254   0.20369   0.46883 1 1 1   1
    2 h2       ca40     #    1:     3 1.0    4.0  4.0     0.0    12.89359   1.08757   1.21461   36.9775   0.24335  -0.44793 2 1 2   1
    3 h2       ca40     #    1:     5 1.0    4.0  4.0     0.0    12.89359   1.08757   1.21461   36.9775  -0.48995   0.14723 2 1 2   1
 Allocate arrays for            7  channels, of which            7  need wfs.
 Allocate arrays for            8  channels, of which            8  need wfs.
 Allocate arrays for           12  channels, of which           12  need wfs.
 Allocate arrays for           14  channels, of which           14  need wfs.
 Allocate arrays for           15  channels, of which           15  need wfs.
 Allocate arrays for           17  channels, of which           17  need wfs.
 Allocate arrays for           18  channels, of which           18  need wfs.
 Reaction Xsec    27.0+/26 @ 1 =   0.778/, Out:   0.000#   0.148#   0.001f
 Reaction Xsec    27.0+/26 @ 2 =   0.766/, Out:   0.000#   1.583#   0.001f
 Reaction Xsec    27.0+/28 @ 3 =   0.194/, Out:   0.000#   0.566#   0.000f
 Reaction Xsec    27.0+/28 @ 4 =   0.191/, Out:   0.000#   0.044#   0.000f
 Reaction Xsec    27.0-/25 @ 1 =   1.534/, Out:   0.000#   0.417#   0.002f
 Reaction Xsec    27.0-/27 @ 2 =   0.389/, Out:   0.000#   1.239#   0.000f
 Reaction Xsec    27.0-/27 @ 3 =   0.382/, Out:   0.000#   0.350#   0.000f
 Reaction Xsec    27.0-/29 @ 4 =   0.097/, Out:   0.000#   0.095#   0.000f
 Reaction Xsec    28.0+/26 @ 1 =   0.794/, Out:   0.000#   0.189#   0.001f
 Reaction Xsec    28.0+/28 @ 2 =   0.202/, Out:   0.000#   0.511#   0.000f
 Reaction Xsec    28.0+/28 @ 3 =   0.198/, Out:   0.000#   0.156#   0.000f
 Reaction Xsec    28.0+/30 @ 4 =   0.050/, Out:   0.000#   0.081#   0.000f
 Reaction Xsec    28.0-/27 @ 1 =   0.403/, Out:   0.000#   0.048#   0.000f
 Reaction Xsec    28.0-/27 @ 2 =   0.396/, Out:   0.000#   0.638#   0.000f
 Reaction Xsec    28.0-/29 @ 3 =   0.101/, Out:   0.000#   0.408#   0.000f
 Reaction Xsec    28.0-/29 @ 4 =   0.099/, Out:   0.000#   0.091#   0.000f
 Reaction Xsec    29.0+/28 @ 1 =   0.209/, Out:   0.000#   0.060#   0.000f
 Reaction Xsec    29.0+/28 @ 2 =   0.205/, Out:   0.000#   0.392#   0.000f
0****** WARNING : ACCURACY LOSS IN ERWIN = 14.3 DIGITS, SO EXPECT ERRORS OF   0.0000 % OF UNITARITY

 Reaction Xsec    29.0+/30 @ 3 =   0.052/, Out:   0.000#   0.080#   0.000f
 Reaction Xsec    29.0+/30 @ 4 =   0.051/, Out:   0.000#   0.032#   0.000f
 Reaction Xsec    29.0-/27 @ 1 =   0.410/, Out:   0.000#   0.080#   0.000f
 Reaction Xsec    29.0-/29 @ 2 =   0.104/, Out:   0.000#   0.320#   0.000f
 Reaction Xsec    29.0-/29 @ 3 =   0.102/, Out:   0.000#   0.177#   0.000f
 Reaction Xsec    29.0-/31 @ 4 =   0.026/, Out:   0.000#   0.137#   0.000f
 Reaction Xsec    30.0+/28 @ 1 =   0.212/, Out:   0.000#   0.050#   0.000f
 Reaction Xsec    30.0+/30 @ 2 =   0.054/, Out:   0.000#   0.270#   0.000f
 Reaction Xsec    30.0+/30 @ 3 =   0.053/, Out:   0.000#   0.328#   0.000f
 Reaction Xsec    30.0+/32 @ 4 =   0.013/, Out:   0.000#   0.393#   0.000f
 Reaction Xsec    30.0-/29 @ 1 =   0.108/, Out:   0.000#   0.014#   0.000f
 Reaction Xsec    30.0-/29 @ 2 =   0.105/, Out:   0.000#   0.131#   0.000f
 Reaction Xsec    30.0-/31 @ 3 =   0.027/, Out:   0.000#   0.106#   0.000f
 Reaction Xsec    30.0-/31 @ 4 =   0.026/, Out:   0.000#   0.107#   0.000f
 Finished all CC sets @    2.34408402    
0CUMULATIVE REACTION cross section                 = 1423.29090  <L> =     7.34  <L**2> =     63.8
0CUMULATIVE outgoing cross sections in partition 1 :    0.00000
0CUMULATIVE outgoing cross sections in partition 2 :   15.44002
0Cumulative ABSORBTION by Imaginary Potentials     = 1407.85088  <L> =     7.31  <L**2> =     63.4
   Fusion for specific he3      M-states : 1413.877930 1413.877930
0CUMULATIVE OUTGOING cross section                 =   15.44002
 To convert to S-factors (MeV.mb = keV.b),  multiply by  3.0022E+07


 CROSS SECTIONS FOR OUTGOING he3      & k39      in state #   1 with spins & parities 0.5  + &  1.5  +;  0

     0.01 deg.: X-S =   8.4933E+16 mb/sr,                       & pols =-0. -0.00000
+                                         /R =   1.0000E+00
     1.00 deg.: X-S =   8.4909E+08 mb/sr,                       & pols = 0.  0.00000
+                                         /R =   9.9967E-01
     2.00 deg.: X-S =   5.3169E+07 mb/sr,                       & pols = 0. -0.00001
+                                         /R =   1.0014E+00
     3.00 deg.: X-S =   1.0282E+07 mb/sr,                       & pols = 0.  0.00002
+                                         /R =   9.8014E-01
     4.00 deg.: X-S =   3.2994E+06 mb/sr,                       & pols =-0.  0.00011
+                                         /R =   9.9366E-01
     5.00 deg.: X-S =   1.4097E+06 mb/sr,                       & pols = 0.  0.00006
+                                         /R =   1.0360E+00
     6.00 deg.: X-S =   7.0157E+05 mb/sr,                       & pols = 0. -0.00016
+                                         /R =   1.0686E+00
     7.00 deg.: X-S =   3.7943E+05 mb/sr,                       & pols = 0. -0.00046
+                                         /R =   1.0700E+00
     8.00 deg.: X-S =   2.1688E+05 mb/sr,                       & pols = 0. -0.00069
+                                         /R =   1.0426E+00
     9.00 deg.: X-S =   1.3008E+05 mb/sr,                       & pols = 0. -0.00074
+                                         /R =   1.0007E+00
    10.00 deg.: X-S =   8.1861E+04 mb/sr,                       & pols =-0. -0.00053
+                                         /R =   9.5895E-01
    11.00 deg.: X-S =   5.4042E+04 mb/sr,                       & pols =-0. -0.00006
+                                         /R =   9.2588E-01
    12.00 deg.: X-S =   3.7257E+04 mb/sr,                       & pols =-0.  0.00056
+                                         /R =   9.0298E-01
    13.00 deg.: X-S =   2.6590E+04 mb/sr,                       & pols =-0.  0.00119
+                                         /R =   8.8652E-01
    14.00 deg.: X-S =   1.9435E+04 mb/sr,                       & pols =-0.  0.00172
+                                         /R =   8.7037E-01
    15.00 deg.: X-S =   1.4401E+04 mb/sr,                       & pols =-0.  0.00208
+                                         /R =   8.4861E-01
    16.00 deg.: X-S =   1.0731E+04 mb/sr,                       & pols = 0.  0.00223
+                                         /R =   8.1731E-01
    17.00 deg.: X-S =  7999.907883 mb/sr,                       & pols =-0.  0.00221
+                                         /R =   7.7522E-01
    18.00 deg.: X-S =  5953.124937 mb/sr,                       & pols =-0.  0.00203
+                                         /R =   7.2378E-01
    19.00 deg.: X-S =  4423.479009 mb/sr,                       & pols =-0.  0.00175
+                                         /R =   6.6640E-01
    20.00 deg.: X-S =  3291.270673 mb/sr,                       & pols =-0.  0.00141
+                                         /R =   6.0754E-01
    21.00 deg.: X-S =  2464.346191 mb/sr,                       & pols =-0.  0.00111
+                                         /R =   5.5178E-01
    22.00 deg.: X-S =  1868.932491 mb/sr,                       & pols =-0.  0.00091
+                                         /R =   5.0295E-01
    23.00 deg.: X-S =  1445.373214 mb/sr,                       & pols =-0.  0.00089
+                                         /R =   4.6359E-01
    24.00 deg.: X-S =  1145.925818 mb/sr,                       & pols =-0.  0.00109
+                                         /R =   4.3472E-01
    25.00 deg.: X-S =   933.275597 mb/sr,                       & pols =-0.  0.00147
+                                         /R =   4.1580E-01
    26.00 deg.: X-S =   779.202243 mb/sr,                       & pols =-0.  0.00198
+                                         /R =   4.0507E-01
    27.00 deg.: X-S =   663.220599 mb/sr,                       & pols =-0.  0.00251
+                                         /R =   3.9988E-01
    28.00 deg.: X-S =   571.191283 mb/sr,                       & pols =-0.  0.00300
+                                         /R =   3.9721E-01
    29.00 deg.: X-S =   493.960536 mb/sr,                       & pols =-0.  0.00340
+                                         /R =   3.9412E-01
    30.00 deg.: X-S =   426.098161 mb/sr,                       & pols = 0.  0.00370
+                                         /R =   3.8817E-01
    31.00 deg.: X-S =   364.788346 mb/sr,                       & pols = 0.  0.00392
+                                         /R =   3.7772E-01
    32.00 deg.: X-S =   308.906308 mb/sr,                       & pols = 0.  0.00412
+                                         /R =   3.6200E-01
    33.00 deg.: X-S =   258.292245 mb/sr,                       & pols = 0.  0.00436
+                                         /R =   3.4120E-01
    34.00 deg.: X-S =   213.216288 mb/sr,                       & pols = 0.  0.00473
+                                         /R =   3.1630E-01
    35.00 deg.: X-S =   174.015430 mb/sr,                       & pols = 0.  0.00531
+                                         /R =   2.8886E-01
    36.00 deg.: X-S =   140.875538 mb/sr,                       & pols = 0.  0.00624
+                                         /R =   2.6079E-01
    37.00 deg.: X-S =   113.728003 mb/sr,                       & pols = 0.  0.00762
+                                         /R =   2.3405E-01
    38.00 deg.: X-S =    92.230449 mb/sr,                       & pols = 0.  0.00951
+                                         /R =   2.1037E-01
    39.00 deg.: X-S =    75.803238 mb/sr,                       & pols =-0.  0.01186
+                                         /R =   1.9107E-01
    40.00 deg.: X-S =    63.697511 mb/sr,                       & pols =-0.  0.01443
+                                         /R =   1.7695E-01
    41.00 deg.: X-S =    55.075310 mb/sr,                       & pols =-0.  0.01686
+                                         /R =   1.6819E-01
    42.00 deg.: X-S =    49.087412 mb/sr,                       & pols =-0.  0.01869
+                                         /R =   1.6437E-01
    43.00 deg.: X-S =    44.939338 mb/sr,                       & pols =-0.  0.01962
+                                         /R =   1.6461E-01
    44.00 deg.: X-S =    41.940265 mb/sr,                       & pols = 0.  0.01954
+                                         /R =   1.6767E-01
    45.00 deg.: X-S =    39.533056 mb/sr,                       & pols = 0.  0.01852
+                                         /R =   1.7213E-01
    46.00 deg.: X-S =    37.306289 mb/sr,                       & pols = 0.  0.01674
+                                         /R =   1.7653E-01
    47.00 deg.: X-S =    34.990903 mb/sr,                       & pols = 0.  0.01436
+                                         /R =   1.7959E-01
    48.00 deg.: X-S =    32.445136 mb/sr,                       & pols = 0.  0.01151
+                                         /R =   1.8027E-01
    49.00 deg.: X-S =    29.631740 mb/sr,                       & pols = 0.  0.00826
+                                         /R =   1.7791E-01
    50.00 deg.: X-S =    26.591346 mb/sr,                       & pols = 0.  0.00467
+                                         /R =   1.7221E-01
    51.00 deg.: X-S =    23.415296 mb/sr,                       & pols = 0.  0.00075
+                                         /R =   1.6329E-01
    52.00 deg.: X-S =    20.220580 mb/sr,                       & pols = 0. -0.00349
+                                         /R =   1.5160E-01
    53.00 deg.: X-S =    17.128675 mb/sr,                       & pols = 0. -0.00799
+                                         /R =   1.3784E-01
    54.00 deg.: X-S =    14.249329 mb/sr,                       & pols = 0. -0.01265
+                                         /R =   1.2289E-01
    55.00 deg.: X-S =    11.669592 mb/sr,                       & pols = 0. -0.01722
+                                         /R =   1.0770E-01
    56.00 deg.: X-S =     9.447882 mb/sr,                       & pols = 0. -0.02127
+                                         /R =   9.3176E-02
    57.00 deg.: X-S =     7.612408 mb/sr,                       & pols = 0. -0.02403
+                                         /R =   8.0114E-02
    58.00 deg.: X-S =     6.163073 mb/sr,                       & pols = 0. -0.02447
+                                         /R =   6.9122E-02
    59.00 deg.: X-S =     5.075836 mb/sr,                       & pols = 0. -0.02139
+                                         /R =   6.0589E-02
    60.00 deg.: X-S =     4.308547 mb/sr,                       & pols = 0. -0.01404
+                                         /R =   5.4669E-02
    61.00 deg.: X-S =     3.807339 mb/sr,                       & pols =-0. -0.00277
+                                         /R =   5.1290E-02
    62.00 deg.: X-S =     3.512860 mb/sr,                       & pols =-0.  0.01075
+                                         /R =   5.0182E-02
    63.00 deg.: X-S =     3.365777 mb/sr,                       & pols = 0.  0.02420
+                                         /R =   5.0928E-02
    64.00 deg.: X-S =     3.311211 mb/sr,                       & pols = 0.  0.03573
+                                         /R =   5.3010E-02
    65.00 deg.: X-S =     3.301918 mb/sr,                       & pols = 0.  0.04448
+                                         /R =   5.5868E-02
    66.00 deg.: X-S =     3.300198 mb/sr,                       & pols = 0.  0.05042
+                                         /R =   5.8953E-02
    67.00 deg.: X-S =     3.278640 mb/sr,                       & pols = 0.  0.05393
+                                         /R =   6.1771E-02
    68.00 deg.: X-S =     3.219879 mb/sr,                       & pols = 0.  0.05547
+                                         /R =   6.3917E-02
    69.00 deg.: X-S =     3.115596 mb/sr,                       & pols = 0.  0.05543
+                                         /R =   6.5101E-02
    70.00 deg.: X-S =     2.965008 mb/sr,                       & pols = 0.  0.05408
+                                         /R =   6.5151E-02
    71.00 deg.: X-S =     2.773087 mb/sr,                       & pols = 0.  0.05156
+                                         /R =   6.4020E-02
    72.00 deg.: X-S =     2.548717 mb/sr,                       & pols = 0.  0.04792
+                                         /R =   6.1763E-02
    73.00 deg.: X-S =     2.302940 mb/sr,                       & pols = 0.  0.04312
+                                         /R =   5.8528E-02
    74.00 deg.: X-S =     2.047445 mb/sr,                       & pols = 0.  0.03705
+                                         /R =   5.4525E-02
    75.00 deg.: X-S =     1.793335 mb/sr,                       & pols = 0.  0.02956
+                                         /R =   5.0001E-02
    76.00 deg.: X-S =     1.550245 mb/sr,                       & pols = 0.  0.02049
+                                         /R =   4.5217E-02
    77.00 deg.: X-S =     1.325778 mb/sr,                       & pols = 0.  0.00973
+                                         /R =   4.0421E-02
    78.00 deg.: X-S =     1.125250 mb/sr,                       & pols = 0. -0.00270
+                                         /R =   3.5832E-02
    79.00 deg.: X-S =     0.951686 mb/sr,                       & pols = 0. -0.01655
+                                         /R =   3.1628E-02
    80.00 deg.: X-S =     0.806018 mb/sr,                       & pols = 0. -0.03119
+                                         /R =   2.7935E-02
                                           Integrated********** mb, over [   0.000,  80.000] at    21.0000 MeV 

 CROSS SECTIONS FOR OUTGOING h2       & ca40     in state #   1 with spins & parities 1.0  + &  4.0  -;  0

     0.00 deg.: X-S =    15.191113 mb/sr,                       & pols =-0.  0.00000
+                                         REAC   1.5440E+01 mb
     1.00 deg.: X-S =    15.208511 mb/sr,                       & pols =-0.  0.01377
     2.00 deg.: X-S =    15.259561 mb/sr,                       & pols =-0.  0.02710
     3.00 deg.: X-S =    15.340840 mb/sr,                       & pols =-0.  0.03960
     4.00 deg.: X-S =    15.446697 mb/sr,                       & pols =-0.  0.05094
     5.00 deg.: X-S =    15.569369 mb/sr,                       & pols =-0.  0.06086
     6.00 deg.: X-S =    15.699213 mb/sr,                       & pols =-0.  0.06921
     7.00 deg.: X-S =    15.825082 mb/sr,                       & pols =-0.  0.07590
     8.00 deg.: X-S =    15.934839 mb/sr,                       & pols =-0.  0.08094
     9.00 deg.: X-S =    16.015995 mb/sr,                       & pols =-0.  0.08436
    10.00 deg.: X-S =    16.056383 mb/sr,                       & pols =-0.  0.08625
    11.00 deg.: X-S =    16.044805 mb/sr,                       & pols =-0.  0.08673
    12.00 deg.: X-S =    15.971554 mb/sr,                       & pols =-0.  0.08594
    13.00 deg.: X-S =    15.828776 mb/sr,                       & pols =-0.  0.08404
    14.00 deg.: X-S =    15.610653 mb/sr,                       & pols =-0.  0.08119
    15.00 deg.: X-S =    15.313458 mb/sr,                       & pols =-0.  0.07757
    16.00 deg.: X-S =    14.935543 mb/sr,                       & pols =-0.  0.07336
    17.00 deg.: X-S =    14.477338 mb/sr,                       & pols = 0.  0.06875
    18.00 deg.: X-S =    13.941418 mb/sr,                       & pols = 0.  0.06388
    19.00 deg.: X-S =    13.332613 mb/sr,                       & pols = 0.  0.05892
    20.00 deg.: X-S =    12.658127 mb/sr,                       & pols = 0.  0.05401
    21.00 deg.: X-S =    11.927569 mb/sr,                       & pols = 0.  0.04930
    22.00 deg.: X-S =    11.152800 mb/sr,                       & pols = 0.  0.04494
    23.00 deg.: X-S =    10.347556 mb/sr,                       & pols = 0.  0.04106
    24.00 deg.: X-S =     9.526850 mb/sr,                       & pols = 0.  0.03786
    25.00 deg.: X-S =     8.706214 mb/sr,                       & pols = 0.  0.03552
    26.00 deg.: X-S =     7.900894 mb/sr,                       & pols = 0.  0.03424
    27.00 deg.: X-S =     7.125107 mb/sr,                       & pols = 0.  0.03426
    28.00 deg.: X-S =     6.391435 mb/sr,                       & pols = 0.  0.03580
    29.00 deg.: X-S =     5.710409 mb/sr,                       & pols = 0.  0.03908
    30.00 deg.: X-S =     5.090241 mb/sr,                       & pols = 0.  0.04427
    31.00 deg.: X-S =     4.536688 mb/sr,                       & pols =-0.  0.05146
    32.00 deg.: X-S =     4.053001 mb/sr,                       & pols =-0.  0.06058
    33.00 deg.: X-S =     3.639914 mb/sr,                       & pols = 0.  0.07134
    34.00 deg.: X-S =     3.295713 mb/sr,                       & pols =-0.  0.08318
    35.00 deg.: X-S =     3.016385 mb/sr,                       & pols =-0.  0.09530
    36.00 deg.: X-S =     2.795891 mb/sr,                       & pols =-0.  0.10672
    37.00 deg.: X-S =     2.626569 mb/sr,                       & pols =-0.  0.11647
    38.00 deg.: X-S =     2.499656 mb/sr,                       & pols =-0.  0.12381
    39.00 deg.: X-S =     2.405867 mb/sr,                       & pols =-0.  0.12834
    40.00 deg.: X-S =     2.335967 mb/sr,                       & pols =-0.  0.13005
    41.00 deg.: X-S =     2.281272 mb/sr,                       & pols =-0.  0.12922
    42.00 deg.: X-S =     2.234029 mb/sr,                       & pols =-0.  0.12634
    43.00 deg.: X-S =     2.187661 mb/sr,                       & pols =-0.  0.12193
    44.00 deg.: X-S =     2.136894 mb/sr,                       & pols =-0.  0.11652
    45.00 deg.: X-S =     2.077791 mb/sr,                       & pols = 0.  0.11055
    46.00 deg.: X-S =     2.007740 mb/sr,                       & pols = 0.  0.10438
    47.00 deg.: X-S =     1.925406 mb/sr,                       & pols = 0.  0.09831
    48.00 deg.: X-S =     1.830650 mb/sr,                       & pols = 0.  0.09256
    49.00 deg.: X-S =     1.724427 mb/sr,                       & pols = 0.  0.08731
    50.00 deg.: X-S =     1.608622 mb/sr,                       & pols = 0.  0.08269
    51.00 deg.: X-S =     1.485837 mb/sr,                       & pols = 0.  0.07882
    52.00 deg.: X-S =     1.359138 mb/sr,                       & pols = 0.  0.07578
    53.00 deg.: X-S =     1.231768 mb/sr,                       & pols = 0.  0.07362
    54.00 deg.: X-S =     1.106883 mb/sr,                       & pols = 0.  0.07240
    55.00 deg.: X-S =     0.987330 mb/sr,                       & pols = 0.  0.07214
    56.00 deg.: X-S =     0.875488 mb/sr,                       & pols = 0.  0.07282
    57.00 deg.: X-S =     0.773194 mb/sr,                       & pols = 0.  0.07440
    58.00 deg.: X-S =     0.681716 mb/sr,                       & pols = 0.  0.07675
    59.00 deg.: X-S =     0.601787 mb/sr,                       & pols = 0.  0.07966
    60.00 deg.: X-S =     0.533646 mb/sr,                       & pols = 0.  0.08276
    61.00 deg.: X-S =     0.477093 mb/sr,                       & pols = 0.  0.08559
    62.00 deg.: X-S =     0.431533 mb/sr,                       & pols = 0.  0.08758
    63.00 deg.: X-S =     0.396027 mb/sr,                       & pols = 0.  0.08823
    64.00 deg.: X-S =     0.369351 mb/sr,                       & pols = 0.  0.08717
    65.00 deg.: X-S =     0.350075 mb/sr,                       & pols = 0.  0.08435
    66.00 deg.: X-S =     0.336652 mb/sr,                       & pols = 0.  0.07999
    67.00 deg.: X-S =     0.327532 mb/sr,                       & pols = 0.  0.07457
    68.00 deg.: X-S =     0.321258 mb/sr,                       & pols = 0.  0.06862
    69.00 deg.: X-S =     0.316551 mb/sr,                       & pols = 0.  0.06266
    70.00 deg.: X-S =     0.312368 mb/sr,                       & pols = 0.  0.05712
    71.00 deg.: X-S =     0.307913 mb/sr,                       & pols = 0.  0.05229
    72.00 deg.: X-S =     0.302633 mb/sr,                       & pols = 0.  0.04840
    73.00 deg.: X-S =     0.296181 mb/sr,                       & pols = 0.  0.04559
    74.00 deg.: X-S =     0.288383 mb/sr,                       & pols = 0.  0.04397
    75.00 deg.: X-S =     0.279211 mb/sr,                       & pols = 0.  0.04362
    76.00 deg.: X-S =     0.268755 mb/sr,                       & pols = 0.  0.04457
    77.00 deg.: X-S =     0.257219 mb/sr,                       & pols = 0.  0.04680
    78.00 deg.: X-S =     0.244899 mb/sr,                       & pols = 0.  0.05026
    79.00 deg.: X-S =     0.232172 mb/sr,                       & pols = 0.  0.05479
    80.00 deg.: X-S =     0.219458 mb/sr,                       & pols = 0.  0.06016
                                           Integrated   14.7974 mb, over [   0.000,  80.000] at    21.0000 MeV 
 Finished all xsecs @    2.36700892    

  The following files have been created:
   3:local copy of User input.            6:standard output.                   
  13:total cross sections/state.         16:tables of cross sections.          
  35:Astrophysics S-factors  / Ecm.      39:cross sections for each Ecm.       
  40:all cross sectns. for each Elab.    46:bs wave functions & ANC ratios.    
  56:Fusion for each Jtotal.             58:Single-particle wfns.              
  75:S-factors for lab energies.        201:Separate cross sections.           
 202:Separate cross sections.           

 PARAMETERS : MAXQRN   MFNL   MLOC  LMAX1 MCLIST
    ALLOWED :      7    324     19     50      6
    REQUIRED:      1      0     13     36      4


 ACCURACY ANALYSIS at    21.000 MeV :

  Elastic h*k = 0.016 so OK       compared with 0.200

   Real(S-el) > 0.01 first at J =       1.0
   Real(S-el) > 0.10 first at J =       5.0
   Real(S-el) > 0.50 first at J =       8.0
   Real(S-el) > 0.90 first at J =      10.0
   Real(S-el) > 0.99 first at J =      13.0
   R-turn =    20.33 fm    at J =      30.0

 Forward-angle excitation cut off below   8.519 deg by max JT =      30.0
                              and below   4.731 deg by max R.

 Total CPU  0 time =       2.37 seconds
