 FRESCO - FRES 3.4: Coupled Reaction Channels
 Assuming NAMELIST input.

 39K(3He,d)40Ca 21 MeV DWBA ZR 8935 keV Jpi=2+ l=4 n=2 j=9/2                     

   0.010  34.000   0.100   0.100  10.000  -0.300   0.000   0.000   0.000   0.000

 Centre-of-mass Range is   3402 * 0.0100 fm., Maximum at  34.00 fm., Interpolating NL forms every  0.10 fm.
 Non - locality width is    101 * 0.1000 fm., Maximum of  10.00 fm., Centred at -0.20 fm.
 2-Nucleon Separation of      0 * 0.1000 fm., Maximum of   0.00 fm., Minimum at  0.00 fm.
 Maximum single particle bins of 34.0000 fm.
               M,Mint =         3401        3401


 Range of total J is     0.0 <= J <=    30.0 (at least     0.0) and Absorbtion =>    -1.0000 mb.
 Dry Run = F, CC set limits =  0  0, Relativistic kinematics =  , Both/Far/Near Analyses =  1                     

 Cross Sections (and up to T1 for 0=projectile) for Theta from   0.0 to  80.0 in steps of  1.0 degrees, DGAM=0,  Coordinates = 0 (Mads)

 Lower Radial Cutoff = maximum of -1.60*L*h &       0.0 fm.,  Lower Cutoff for Couplings =   0.0  fm.


 Iterate Couplings between   0 and   1 times, to  0.000 % if sooner.                                          
  Block solved exactly =   0 chs., with Pade = 0 & Isocen =  =0, NOSOL = F, initwf =  0
  NL quadrature with   36 Gaussian points, Calculate multipoles up to    36 from   0
  M-transfers for lp+lt greater than or equal to  6, Angular Integration Cutoff below  0.6944 %


 Trace switches are :  CHANS =  1, LISTCC =  0, TRENEG =  0, CDETR =  0, SMATS =  0, XSTABL =  1, NLPL =  0

                       WAVES =  0, LAMPL =  0, VEFF =  0, KFUS =  0, WDISK =  0, BPM =  0, MELFIL =  0

                       CDCC =  0, NFUS =  0

 Using unit mass = 1.000000 amu and 1/fine-structure constant = 137.03599 ( 1.000000 * true ) with hc = 197.32705 MeV.fm,
  thus 2*amu/hbar^2 = 0.0478450 = 1/20.9008 and Coulomb constant = 0.1574855 so e^2 = 1.43997, and nuclear magneton= 0.1261183

 Now pre-scan input and save to file 3

  WARNING: target longitudinal recoil NOT included in the ZR coupling #            1


 *********** PARTITION NUMBER  1 ******************************************************************************************

   PROJ=he3        MASS=  3.0150 Z=   2.0,        # STATES=    1T, TARG=k39      MASS= 38.9530 Z=  19.0,     Q-VALUE =   0.0000 MEV.

     1:  J= 0.5+ (B# 1), E=  0.0000, K= 0.5              Potl#  1       J= 1.5+ (B# 1), E=  0.0000, K= 0.5    


 *********** PARTITION NUMBER  2 ******************************************************************************************

   PROJ=h2         MASS=  2.0140 Z=   1.0,        # STATES=    1T, TARG=ca40     MASS= 39.9630 Z=  20.0,     Q-VALUE =   2.8347 MEV.

     1:  J= 1.0+ (B# 1), E=  0.0000, K= 0.0              Potl#  2       J= 2.0+ (B# 1), E=  8.9348, K= 0.0    
0****** WARNING : COMPARED WITH PARTITION  1, THIS PARTITION HAS TOTAL MASS & CHARGE EXCESSES   0.01205 &   0.0000


 ************************************************************************************************************************************

 The following POTENTIALS are defined :

  KP#       TYPE      IT    SHAPE      at     V1        r1        a1        V2        r2        a2        A-in     A-used


                                            A#1       A#2        r0c       ac                                                h @ 1
    1    0=Coulomb       0=CHARGE (WS)  1    38.953     0.000    1.2890    0.0000    0.0000    0.0000     0.000    38.953   0.01000

    1    1=Volume        0=Woods-Saxon  2  117.8810    1.1780    0.7680   -0.6460    1.4150    0.8470     0.000    38.953

    1    2=Surface       0=Woods-Saxon  3    0.0000    0.0000    0.0000   20.6650    1.1980    0.8520     0.000    38.953

    1    3=Projtl S.O.   0=Woods-Saxon  4    2.0830    0.7380    0.9460   -1.1590    0.0000    0.0000     0.000    38.953
   --------------------------------------------------------------------------------------------------------------------

                                            A#1       A#2        r0c       ac                                                h @ 2
    2    0=Coulomb       0=CHARGE (WS)  5    39.963     0.000    1.3030    0.0000    0.0000    0.0000     0.000    39.963   0.01000

    2    1=Volume        0=Woods-Saxon  6   91.1200    1.1500    0.7620    2.2340    1.3340    0.5130     0.000    39.963

    2    2=Surface       0=Woods-Saxon  7    0.0000    0.0000    0.0000   10.2740    1.3780    0.7430     0.000    39.963

    2    3=Projtl S.O.   0=Woods-Saxon  8    3.5570    0.9720    1.0110    0.0000    0.0000    0.0000     0.000    39.963
   --------------------------------------------------------------------------------------------------------------------

                                            A#1       A#2        r0c       ac                                                h @ 0
    3    0=Coulomb       0=CHARGE (WS)  9     3.015     0.000    1.2500    0.0000    0.0000    0.0000     0.000     3.015   0.01000

    3    1=Volume        0=Woods-Saxon 10   50.0000    1.2500    0.6500    0.0000    0.0000    0.0000     0.000     3.015
   --------------------------------------------------------------------------------------------------------------------

                                            A#1       A#2        r0c       ac                                                h @ 0
    4    0=Coulomb       0=CHARGE (WS) 11    38.953     0.000    1.2500    0.0000    0.0000    0.0000     0.000    38.953   0.01000

    4    1=Volume        0=Woods-Saxon 12   50.0000    1.2500    0.6500    0.0000    0.0000    0.0000     0.000    38.953


 ************************************************************************************************************************************

 The following SINGLE-PARTICLE FORM FACTORS are constructed :


 No.   P1 P2 IN KIND T N  L  S1 IA J/S  IB BIND XFER  BE    SC PC FIL AFRAC Adjust  to  Z  Mass   K     Norm    rms      D0     D   ANC/Gsp

 For Channel #  1 with l = 0,  j =  0.5, around core state #  1

   R    Y(R)
   0.00   0.0000E+00,    0.10   5.8280E-02,    0.20   1.1591E-01,    0.30   1.7228E-01,    0.40   2.2679E-01,    0.50   2.7891E-01, 
   0.60   3.2812E-01,    0.70   3.7401E-01,    0.80   4.1621E-01,    0.90   4.5442E-01,    1.00   4.8842E-01,    1.10   5.1808E-01, 
   1.20   5.4332E-01,    1.30   5.6417E-01,    1.40   5.8070E-01,    1.50   5.9306E-01,    1.60   6.0146E-01,    1.70   6.0615E-01, 
   1.80   6.0741E-01,    1.90   6.0557E-01,    2.00   6.0094E-01,    2.10   5.9388E-01,    2.20   5.8471E-01,    2.30   5.7376E-01, 
   2.40   5.6133E-01,    2.50   5.4772E-01,    2.60   5.3317E-01,    2.70   5.1794E-01,    2.80   5.0221E-01,    2.90   4.8618E-01, 
   3.00   4.6999E-01,    3.10   4.5378E-01,    3.20   4.3767E-01,    3.30   4.2173E-01,    3.40   4.0605E-01,    3.50   3.9068E-01, 
   3.60   3.7566E-01,    3.70   3.6103E-01,    3.80   3.4682E-01,    3.90   3.3304E-01,    4.00   3.1970E-01,    4.10   3.0681E-01, 
   4.20   2.9437E-01,    4.30   2.8238E-01,    4.40   2.7083E-01,    4.50   2.5971E-01,    4.60   2.4902E-01,    4.70   2.3874E-01, 
   4.80   2.2887E-01,    4.90   2.1939E-01,    5.00   2.1029E-01,    5.10   2.0156E-01,    5.20   1.9318E-01,    5.30   1.8514E-01, 
   5.40   1.7743E-01,    5.50   1.7004E-01,    5.60   1.6296E-01,    5.70   1.5616E-01,    5.80   1.4965E-01,    5.90   1.4341E-01, 
   6.00   1.3743E-01,    6.10   1.3170E-01,    6.20   1.2620E-01,    6.30   1.2094E-01,    6.40   1.1589E-01,    6.50   1.1106E-01, 
   6.60   1.0643E-01,    6.70   1.0199E-01,    6.80   9.7738E-02,    6.90   9.3663E-02,    7.00   8.9758E-02,    7.10   8.6017E-02, 
   7.20   8.2432E-02,    7.30   7.8996E-02,    7.40   7.5705E-02,    7.50   7.2551E-02,    7.60   6.9529E-02,    7.70   6.6633E-02, 
   7.80   6.3858E-02,    7.90   6.1199E-02,    8.00   5.8651E-02,    8.10   5.6210E-02,    8.20   5.3870E-02,    8.30   5.1628E-02, 
   8.40   4.9480E-02,    8.50   4.7422E-02,    8.60   4.5449E-02,    8.70   4.3559E-02,    8.80   4.1747E-02,    8.90   4.0011E-02, 
   9.00   3.8348E-02,    9.10   3.6753E-02,    9.20   3.5226E-02,    9.30   3.3762E-02,    9.40   3.2358E-02,    9.50   3.1014E-02, 
   9.60   2.9725E-02,    9.70   2.8490E-02,    9.80   2.7307E-02,    9.90   2.6173E-02,   10.00   2.5086E-02,   10.10   2.4044E-02, 
  10.20   2.3046E-02,   10.30   2.2089E-02,   10.40   2.1172E-02,   10.50   2.0293E-02,   10.60   1.9451E-02,   10.70   1.8644E-02, 
  10.80   1.7870E-02,   10.90   1.7128E-02,   11.00   1.6418E-02,   11.10   1.5737E-02,   11.20   1.5084E-02,   11.30   1.4458E-02, 
  11.40   1.3858E-02,   11.50   1.3284E-02,   11.60   1.2733E-02,   11.70   1.2205E-02,   11.80   1.1699E-02,   11.90   1.1214E-02, 
  12.00   1.0749E-02,   12.10   1.0303E-02,   12.20   9.8761E-03,   12.30   9.4667E-03,   12.40   9.0744E-03,   12.50   8.6983E-03, 
  12.60   8.3378E-03,   12.70   7.9923E-03,   12.80   7.6612E-03,   12.90   7.3438E-03,   13.00   7.0395E-03,   13.10   6.7479E-03, 
  13.20   6.4684E-03,   13.30   6.2004E-03,   13.40   5.9436E-03,   13.50   5.6975E-03,   13.60   5.4615E-03,   13.70   5.2353E-03, 
  13.80   5.0185E-03,   13.90   4.8107E-03,   14.00   4.6116E-03,   14.10   4.4206E-03,   14.20   4.2376E-03,   14.30   4.0622E-03, 
  14.40   3.8940E-03,   14.50   3.7329E-03,   14.60   3.5783E-03,   14.70   3.4302E-03,   14.80   3.2883E-03,   14.90   3.1522E-03, 
  15.00   3.0217E-03,   15.10   2.8967E-03,   15.20   2.7768E-03,   15.30   2.6619E-03,   15.40   2.5518E-03,   15.50   2.4462E-03, 
  15.60   2.3450E-03,   15.70   2.2480E-03,   15.80   2.1550E-03,   15.90   2.0659E-03,   16.00   1.9804E-03,   16.10   1.8985E-03, 
  16.20   1.8200E-03,   16.30   1.7447E-03,   16.40   1.6726E-03,   16.50   1.6034E-03,   16.60   1.5371E-03,   16.70   1.4735E-03, 
  16.80   1.4126E-03,   16.90   1.3542E-03,   17.00   1.2982E-03,   17.10   1.2445E-03,   17.20   1.1931E-03,   17.30   1.1438E-03, 
  17.40   1.0965E-03,   17.50   1.0511E-03,   17.60   1.0077E-03,   17.70   9.6604E-04,   17.80   9.2611E-04,   17.90   8.8783E-04, 
  18.00   8.5114E-04,   18.10   8.1596E-04,   18.20   7.8224E-04,   18.30   7.4991E-04,   18.40   7.1892E-04,   18.50   6.8921E-04, 
  18.60   6.6073E-04,   18.70   6.3343E-04,   18.80   6.0725E-04,   18.90   5.8216E-04,   19.00   5.5811E-04,   19.10   5.3505E-04, 
  19.20   5.1295E-04,   19.30   4.9175E-04,   19.40   4.7144E-04,   19.50   4.5196E-04,   19.60   4.3329E-04,   19.70   4.1539E-04, 
  19.80   3.9823E-04,   19.90   3.8179E-04,   20.00   3.6602E-04,   20.10   3.5090E-04,   20.20   3.3640E-04,   20.30   3.2251E-04, 
  20.40   3.0919E-04,   20.50   2.9642E-04,   20.60   2.8418E-04,   20.70   2.7244E-04,   20.80   2.6119E-04,   20.90   2.5041E-04, 
  21.00   2.4007E-04,   21.10   2.3015E-04,   21.20   2.2065E-04,   21.30   2.1154E-04,   21.40   2.0281E-04,   21.50   1.9443E-04, 
  21.60   1.8640E-04,   21.70   1.7871E-04,   21.80   1.7133E-04,   21.90   1.6426E-04,   22.00   1.5748E-04,   22.10   1.5098E-04, 
  22.20   1.4474E-04,   22.30   1.3877E-04,   22.40   1.3304E-04,   22.50   1.2755E-04,   22.60   1.2228E-04,   22.70   1.1724E-04, 
  22.80   1.1240E-04,   22.90   1.0776E-04,   23.00   1.0331E-04,   23.10   9.9046E-05,   23.20   9.4958E-05,   23.30   9.1039E-05, 
  23.40   8.7282E-05,   23.50   8.3680E-05,   23.60   8.0226E-05,   23.70   7.6915E-05,   23.80   7.3741E-05,   23.90   7.0698E-05, 
  24.00   6.7781E-05,   24.10   6.4984E-05,   24.20   6.2303E-05,   24.30   5.9732E-05,   24.40   5.7267E-05,   24.50   5.4904E-05, 
  24.60   5.2639E-05,   24.70   5.0467E-05,   24.80   4.8385E-05,   24.90   4.6389E-05,   25.00   4.4475E-05,   25.10   4.2640E-05, 
  25.20   4.0881E-05,   25.30   3.9194E-05,   25.40   3.7577E-05,   25.50   3.6027E-05,   25.60   3.4541E-05,   25.70   3.3116E-05, 
  25.80   3.1750E-05,   25.90   3.0440E-05,   26.00   2.9184E-05,   26.10   2.7981E-05,   26.20   2.6827E-05,   26.30   2.5720E-05, 
  26.40   2.4659E-05,   26.50   2.3642E-05,   26.60   2.2667E-05,   26.70   2.1732E-05,   26.80   2.0836E-05,   26.90   1.9976E-05, 
  27.00   1.9152E-05,   27.10   1.8363E-05,   27.20   1.7605E-05,   27.30   1.6879E-05,   27.40   1.6183E-05,   27.50   1.5516E-05, 
  27.60   1.4876E-05,   27.70   1.4262E-05,   27.80   1.3674E-05,   27.90   1.3110E-05,   28.00   1.2570E-05,   28.10   1.2051E-05, 
  28.20   1.1554E-05,   28.30   1.1078E-05,   28.40   1.0621E-05,   28.50   1.0183E-05,   28.60   9.7634E-06,   28.70   9.3608E-06, 
  28.80   8.9749E-06,   28.90   8.6048E-06,   29.00   8.2500E-06,   29.10   7.9099E-06,   29.20   7.5838E-06,   29.30   7.2711E-06, 
  29.40   6.9713E-06,   29.50   6.6839E-06,   29.60   6.4084E-06,   29.70   6.1442E-06,   29.80   5.8909E-06,   29.90   5.6480E-06, 
  30.00   5.4152E-06,   30.10   5.1919E-06,   30.20   4.9779E-06,   30.30   4.7727E-06,   30.40   4.5760E-06,   30.50   4.3873E-06, 
  30.60   4.2065E-06,   30.70   4.0331E-06,   30.80   3.8668E-06,   30.90   3.7074E-06,   31.00   3.5546E-06,   31.10   3.4081E-06, 
  31.20   3.2676E-06,   31.30   3.1329E-06,   31.40   3.0038E-06,   31.50   2.8800E-06,   31.60   2.7613E-06,   31.70   2.6475E-06, 
  31.80   2.5384E-06,   31.90   2.4337E-06,   32.00   2.3334E-06,   32.10   2.2373E-06,   32.20   2.1451E-06,   32.30   2.0567E-06, 
  32.40   1.9719E-06,   32.50   1.8906E-06,   32.60   1.8127E-06,   32.70   1.7380E-06,   32.80   1.6664E-06,   32.90   1.5977E-06, 
  33.00   1.5319E-06,   33.10   1.4687E-06,   33.20   1.4082E-06,   33.30   1.3502E-06,   33.40   1.2945E-06,   33.50   1.2412E-06, 
  33.60   1.1901E-06,   33.70   1.1410E-06,   33.80   1.0940E-06,   33.90   1.0489E-06,   34.00   1.0057E-06, 

 No.   P1 P2 IN KIND T N  L  S1 IA J/S  IB BIND XFER  BE    SC PC FIL AFRAC Adjust  to  Z  Mass   K     Norm    rms      D0     D   ANC/Gsp

    At R=   33.990, ANC in ch  1 is    1.8773    ,   eta,eta*ln(2*rho)+rho =   0.54944E-01    14.433    

    1:  2  1  1  0     1  0 0.5  1 0.5   0   3   0   5.4935  1  1  0 0.0000 VR  0.8879; 1. 1.001 0.4192 1.0000  2.820 -166.8 -173.0  1.8773

 For Channel #  1 with l = 4,  j =  4.5, around core state #  1

   R    Y(R)
   0.00  -0.0000E+00,    0.10   4.2855E-07,    0.20   1.3600E-05,    0.30   1.0185E-04,    0.40   4.2094E-04,    0.50   1.2528E-03, 
   0.60   3.0228E-03,    0.70   6.2989E-03,    0.80   1.1770E-02,    0.90   2.0208E-02,    1.00   3.2405E-02,    1.10   4.9109E-02, 
   1.20   7.0940E-02,    1.30   9.8309E-02,    1.40   1.3134E-01,    1.50   1.6983E-01,    1.60   2.1315E-01,    1.70   2.6029E-01, 
   1.80   3.0981E-01,    1.90   3.5992E-01,    2.00   4.0854E-01,    2.10   4.5336E-01,    2.20   4.9200E-01,    2.30   5.2213E-01, 
   2.40   5.4163E-01,    2.50   5.4866E-01,    2.60   5.4188E-01,    2.70   5.2048E-01,    2.80   4.8430E-01,    2.90   4.3381E-01, 
   3.00   3.7015E-01,    3.10   2.9505E-01,    3.20   2.1077E-01,    3.30   1.1991E-01,    3.40   2.5344E-02,    3.50  -7.0002E-02, 
   3.60  -1.6329E-01,    3.70  -2.5191E-01,    3.80  -3.3362E-01,    3.90  -4.0663E-01,    4.00  -4.6966E-01,    4.10  -5.2195E-01, 
   4.20  -5.6322E-01,    4.30  -5.9365E-01,    4.40  -6.1379E-01,    4.50  -6.2448E-01,    4.60  -6.2675E-01,    4.70  -6.2176E-01, 
   4.80  -6.1068E-01,    4.90  -5.9469E-01,    5.00  -5.7488E-01,    5.10  -5.5224E-01,    5.20  -5.2764E-01,    5.30  -5.0184E-01, 
   5.40  -4.7546E-01,    5.50  -4.4900E-01,    5.60  -4.2287E-01,    5.70  -3.9737E-01,    5.80  -3.7272E-01,    5.90  -3.4909E-01, 
   6.00  -3.2658E-01,    6.10  -3.0525E-01,    6.20  -2.8513E-01,    6.30  -2.6621E-01,    6.40  -2.4847E-01,    6.50  -2.3189E-01, 
   6.60  -2.1640E-01,    6.70  -2.0197E-01,    6.80  -1.8853E-01,    6.90  -1.7604E-01,    7.00  -1.6442E-01,    7.10  -1.5362E-01, 
   7.20  -1.4359E-01,    7.30  -1.3428E-01,    7.40  -1.2562E-01,    7.50  -1.1758E-01,    7.60  -1.1012E-01,    7.70  -1.0318E-01, 
   7.80  -9.6724E-02,    7.90  -9.0723E-02,    8.00  -8.5141E-02,    8.10  -7.9945E-02,    8.20  -7.5106E-02,    8.30  -7.0598E-02, 
   8.40  -6.6396E-02,    8.50  -6.2476E-02,    8.60  -5.8819E-02,    8.70  -5.5405E-02,    8.80  -5.2215E-02,    8.90  -4.9233E-02, 
   9.00  -4.6445E-02,    9.10  -4.3837E-02,    9.20  -4.1394E-02,    9.30  -3.9107E-02,    9.40  -3.6962E-02,    9.50  -3.4952E-02, 
   9.60  -3.3066E-02,    9.70  -3.1295E-02,    9.80  -2.9632E-02,    9.90  -2.8069E-02,   10.00  -2.6600E-02,   10.10  -2.5219E-02, 
  10.20  -2.3918E-02,   10.30  -2.2694E-02,   10.40  -2.1541E-02,   10.50  -2.0454E-02,   10.60  -1.9430E-02,   10.70  -1.8463E-02, 
  10.80  -1.7552E-02,   10.90  -1.6691E-02,   11.00  -1.5878E-02,   11.10  -1.5109E-02,   11.20  -1.4383E-02,   11.30  -1.3697E-02, 
  11.40  -1.3047E-02,   11.50  -1.2432E-02,   11.60  -1.1850E-02,   11.70  -1.1299E-02,   11.80  -1.0777E-02,   11.90  -1.0282E-02, 
  12.00  -9.8126E-03,   12.10  -9.3674E-03,   12.20  -8.9451E-03,   12.30  -8.5442E-03,   12.40  -8.1635E-03,   12.50  -7.8020E-03, 
  12.60  -7.4585E-03,   12.70  -7.1320E-03,   12.80  -6.8217E-03,   12.90  -6.5265E-03,   13.00  -6.2457E-03,   13.10  -5.9785E-03, 
  13.20  -5.7241E-03,   13.30  -5.4819E-03,   13.40  -5.2512E-03,   13.50  -5.0315E-03,   13.60  -4.8220E-03,   13.70  -4.6223E-03, 
  13.80  -4.4320E-03,   13.90  -4.2504E-03,   14.00  -4.0771E-03,   14.10  -3.9118E-03,   14.20  -3.7540E-03,   14.30  -3.6033E-03, 
  14.40  -3.4594E-03,   14.50  -3.3220E-03,   14.60  -3.1906E-03,   14.70  -3.0651E-03,   14.80  -2.9451E-03,   14.90  -2.8303E-03, 
  15.00  -2.7206E-03,   15.10  -2.6156E-03,   15.20  -2.5151E-03,   15.30  -2.4190E-03,   15.40  -2.3269E-03,   15.50  -2.2388E-03, 
  15.60  -2.1544E-03,   15.70  -2.0735E-03,   15.80  -1.9961E-03,   15.90  -1.9218E-03,   16.00  -1.8506E-03,   16.10  -1.7824E-03, 
  16.20  -1.7170E-03,   16.30  -1.6543E-03,   16.40  -1.5941E-03,   16.50  -1.5363E-03,   16.60  -1.4809E-03,   16.70  -1.4277E-03, 
  16.80  -1.3766E-03,   16.90  -1.3276E-03,   17.00  -1.2805E-03,   17.10  -1.2353E-03,   17.20  -1.1918E-03,   17.30  -1.1500E-03, 
  17.40  -1.1099E-03,   17.50  -1.0713E-03,   17.60  -1.0342E-03,   17.70  -9.9856E-04,   17.80  -9.6426E-04,   17.90  -9.3127E-04, 
  18.00  -8.9953E-04,   18.10  -8.6900E-04,   18.20  -8.3961E-04,   18.30  -8.1132E-04,   18.40  -7.8409E-04,   18.50  -7.5787E-04, 
  18.60  -7.3263E-04,   18.70  -7.0831E-04,   18.80  -6.8489E-04,   18.90  -6.6233E-04,   19.00  -6.4059E-04,   19.10  -6.1963E-04, 
  19.20  -5.9944E-04,   19.30  -5.7998E-04,   19.40  -5.6121E-04,   19.50  -5.4312E-04,   19.60  -5.2567E-04,   19.70  -5.0884E-04, 
  19.80  -4.9260E-04,   19.90  -4.7694E-04,   20.00  -4.6183E-04,   20.10  -4.4725E-04,   20.20  -4.3317E-04,   20.30  -4.1958E-04, 
  20.40  -4.0647E-04,   20.50  -3.9381E-04,   20.60  -3.8158E-04,   20.70  -3.6977E-04,   20.80  -3.5836E-04,   20.90  -3.4734E-04, 
  21.00  -3.3670E-04,   21.10  -3.2641E-04,   21.20  -3.1647E-04,   21.30  -3.0687E-04,   21.40  -2.9758E-04,   21.50  -2.8861E-04, 
  21.60  -2.7993E-04,   21.70  -2.7154E-04,   21.80  -2.6343E-04,   21.90  -2.5558E-04,   22.00  -2.4799E-04,   22.10  -2.4065E-04, 
  22.20  -2.3355E-04,   22.30  -2.2667E-04,   22.40  -2.2002E-04,   22.50  -2.1359E-04,   22.60  -2.0736E-04,   22.70  -2.0133E-04, 
  22.80  -1.9549E-04,   22.90  -1.8984E-04,   23.00  -1.8437E-04,   23.10  -1.7907E-04,   23.20  -1.7394E-04,   23.30  -1.6897E-04, 
  23.40  -1.6416E-04,   23.50  -1.5950E-04,   23.60  -1.5498E-04,   23.70  -1.5060E-04,   23.80  -1.4636E-04,   23.90  -1.4225E-04, 
  24.00  -1.3826E-04,   24.10  -1.3440E-04,   24.20  -1.3066E-04,   24.30  -1.2703E-04,   24.40  -1.2351E-04,   24.50  -1.2009E-04, 
  24.60  -1.1678E-04,   24.70  -1.1358E-04,   24.80  -1.1046E-04,   24.90  -1.0744E-04,   25.00  -1.0451E-04,   25.10  -1.0167E-04, 
  25.20  -9.8914E-05,   25.30  -9.6239E-05,   25.40  -9.3643E-05,   25.50  -9.1123E-05,   25.60  -8.8677E-05,   25.70  -8.6303E-05, 
  25.80  -8.3999E-05,   25.90  -8.1762E-05,   26.00  -7.9589E-05,   26.10  -7.7480E-05,   26.20  -7.5432E-05,   26.30  -7.3444E-05, 
  26.40  -7.1512E-05,   26.50  -6.9636E-05,   26.60  -6.7813E-05,   26.70  -6.6043E-05,   26.80  -6.4323E-05,   26.90  -6.2652E-05, 
  27.00  -6.1028E-05,   27.10  -5.9450E-05,   27.20  -5.7917E-05,   27.30  -5.6427E-05,   27.40  -5.4979E-05,   27.50  -5.3571E-05, 
  27.60  -5.2202E-05,   27.70  -5.0872E-05,   27.80  -4.9578E-05,   27.90  -4.8321E-05,   28.00  -4.7098E-05,   28.10  -4.5909E-05, 
  28.20  -4.4752E-05,   28.30  -4.3628E-05,   28.40  -4.2534E-05,   28.50  -4.1470E-05,   28.60  -4.0435E-05,   28.70  -3.9428E-05, 
  28.80  -3.8448E-05,   28.90  -3.7495E-05,   29.00  -3.6568E-05,   29.10  -3.5665E-05,   29.20  -3.4787E-05,   29.30  -3.3932E-05, 
  29.40  -3.3100E-05,   29.50  -3.2291E-05,   29.60  -3.1503E-05,   29.70  -3.0735E-05,   29.80  -2.9988E-05,   29.90  -2.9261E-05, 
  30.00  -2.8553E-05,   30.10  -2.7864E-05,   30.20  -2.7193E-05,   30.30  -2.6539E-05,   30.40  -2.5902E-05,   30.50  -2.5283E-05, 
  30.60  -2.4679E-05,   30.70  -2.4090E-05,   30.80  -2.3518E-05,   30.90  -2.2959E-05,   31.00  -2.2416E-05,   31.10  -2.1886E-05, 
  31.20  -2.1370E-05,   31.30  -2.0867E-05,   31.40  -2.0377E-05,   31.50  -1.9899E-05,   31.60  -1.9434E-05,   31.70  -1.8980E-05, 
  31.80  -1.8538E-05,   31.90  -1.8108E-05,   32.00  -1.7688E-05,   32.10  -1.7278E-05,   32.20  -1.6879E-05,   32.30  -1.6490E-05, 
  32.40  -1.6111E-05,   32.50  -1.5741E-05,   32.60  -1.5380E-05,   32.70  -1.5029E-05,   32.80  -1.4686E-05,   32.90  -1.4351E-05, 
  33.00  -1.4025E-05,   33.10  -1.3707E-05,   33.20  -1.3397E-05,   33.30  -1.3095E-05,   33.40  -1.2799E-05,   33.50  -1.2512E-05, 
  33.60  -1.2231E-05,   33.70  -1.1957E-05,   33.80  -1.1690E-05,   33.90  -1.1429E-05,   34.00  -1.1174E-05, 

 No.   P1 P2 IN KIND T N  L  S1 IA J/S  IB BIND XFER  BE    SC PC FIL AFRAC Adjust  to  Z  Mass   K     Norm    rms      D0     D   ANC/Gsp

    At R=   33.990, ANC in ch  2 is     -Infinity,   eta,eta*ln(2*rho)+rho =    93.885       -71.343    

    2:  1  2  2  0     2  4 0.5  1 4.5   0   4   0   0.0010  1  1  0 0.0000 VR  2.7824; 1. 1.010 0.0069 1.0000  4.425    0.0    0.0 -Infinity

 ************************************************************************************************************************************

 TWO-way COUPLING # 1 for partitions  2 <-  1 of KIND  5,   0  0  0 -1 -1 & P1,P2 = -172.8000   0.0000 : for J <=    30.5 & R <  34.0 fm.


 data =  1  1  1  1  1.0000,  so  < [he3      #  1] / [h2       #  1]  * Eigen-form #  1>  =   1.0000            BE =  5.494     1

 data =  2  1  1  2  1.0000,  so  < [ca40     #  1] / [k39      #  1]  * Eigen-form #  2>  =   1.0000            BE =  0.001     2



 **** WARNING *** -- FORM FACTOR  2 GIVES  NO COUPLING AS PARITY ERROR, OR D( 1.5, 4.5, 2.0)  = (JCORE,JV,JCOMP)  FAILS  ****


 KNT =   2, KNP =   1: NK,NG,loc=   1   1   1  13  T  T  F

     So ZERO-RANGE TRANSFER, with D0 =  -172.800 and finite-range effective radius   0.0000 fm.

   2  1  1 13     6.101  -172.800  -172.800     1.001     0.669     0.000     0.010
 STOPPING, as some coupling failures
    See WARNING messages above

 Incoming partition  1 in excitation state # 1,   Laboratory Energy given for partition  1 Nucleus 1 in Excitation pair 1

0Lab. ENERGY ranges :

   from    21.0000     to   21.0000     in     0 intervals
   from    21.0000     to   0.00000     in     0 intervals
   from    0.00000     to   0.00000     in     0 intervals

 Largest real,imaginary parts of any form factor at R=   33.90 are   4.25E-02  5.10E-14 MeV
 Finished all Couplings @    1.95935404              13

 Symmetric Hamiltonian
1***********************************************************************************************************************************
************************************************************************************************************************************

        INCOMING he3      ;    LABORATORY he3      ENERGY =   21.000     MeV.

 ***********************************************************************************************************************************
 ***********************************************************************************************************************************

 Allocate arrays for            2  channels, of which            2  need wfs.

 Total SPIN, PARITY =     0.0 +,      2 chs,      0 cc.  Rmin & Coul turning =    0.0    2.8


    C Projectl Target   #   EX.   (L  Proj) J  + Targ = Jtotal     E-cm      Re K     Re Eta     RM*K            CH
    1 he3      k39      #    1: I   2 0.5    1.5  1.5     0.0    19.49135   1.61545   2.26756   54.9254   0.20369   0.46883 1 1 1   1
    2 h2       ca40     #    1:     2 1.0    2.0  2.0     0.0    13.39124   1.10836   1.19183   37.6843   0.35931   0.36024 2 1 2   1
 Allocate arrays for            3  channels, of which            3  need wfs.
 Allocate arrays for            8  channels, of which            8  need wfs.
 Allocate arrays for           10  channels, of which           10  need wfs.
 Allocate arrays for           11  channels, of which           11  need wfs.
 Allocate arrays for           12  channels, of which           12  need wfs.
 Reaction Xsec    27.0+/26 @ 1 =   0.778/, Out:   0.000#   0.000#   0.001f
 Reaction Xsec    27.0+/26 @ 2 =   0.766/, Out:   0.000#   0.000#   0.001f
 Reaction Xsec    27.0+/28 @ 3 =   0.194/, Out:   0.000#   0.000#   0.000f
 Reaction Xsec    27.0+/28 @ 4 =   0.191/, Out:   0.000#   0.000#   0.000f
 Reaction Xsec    27.0-/25 @ 1 =   1.534/, Out:   0.000#   0.000#   0.002f
 Reaction Xsec    27.0-/27 @ 2 =   0.389/, Out:   0.000#   0.000#   0.000f
 Reaction Xsec    27.0-/27 @ 3 =   0.382/, Out:   0.000#   0.000#   0.000f
 Reaction Xsec    27.0-/29 @ 4 =   0.097/, Out:   0.000#   0.000#   0.000f
 Reaction Xsec    28.0+/26 @ 1 =   0.794/, Out:   0.000#   0.000#   0.001f
 Reaction Xsec    28.0+/28 @ 2 =   0.202/, Out:   0.000#   0.000#   0.000f
 Reaction Xsec    28.0+/28 @ 3 =   0.198/, Out:   0.000#   0.000#   0.000f
 Reaction Xsec    28.0+/30 @ 4 =   0.050/, Out:   0.000#   0.000#   0.000f
 Reaction Xsec    28.0-/27 @ 1 =   0.403/, Out:   0.000#   0.000#   0.000f
 Reaction Xsec    28.0-/27 @ 2 =   0.396/, Out:   0.000#   0.000#   0.000f
 Reaction Xsec    28.0-/29 @ 3 =   0.101/, Out:   0.000#   0.000#   0.000f
 Reaction Xsec    28.0-/29 @ 4 =   0.099/, Out:   0.000#   0.000#   0.000f
 Reaction Xsec    29.0+/28 @ 1 =   0.209/, Out:   0.000#   0.000#   0.000f
 Reaction Xsec    29.0+/28 @ 2 =   0.205/, Out:   0.000#   0.000#   0.000f
 Reaction Xsec    29.0+/30 @ 3 =   0.052/, Out:   0.000#   0.000#   0.000f
 Reaction Xsec    29.0+/30 @ 4 =   0.051/, Out:   0.000#   0.000#   0.000f
 Reaction Xsec    29.0-/27 @ 1 =   0.410/, Out:   0.000#   0.000#   0.000f
 Reaction Xsec    29.0-/29 @ 2 =   0.104/, Out:   0.000#   0.000#   0.000f
 Reaction Xsec    29.0-/29 @ 3 =   0.102/, Out:   0.000#   0.000#   0.000f
 Reaction Xsec    29.0-/31 @ 4 =   0.026/, Out:   0.000#   0.000#   0.000f
 Reaction Xsec    30.0+/28 @ 1 =   0.212/, Out:   0.000#   0.000#   0.000f
 Reaction Xsec    30.0+/30 @ 2 =   0.054/, Out:   0.000#   0.000#   0.000f
 Reaction Xsec    30.0+/30 @ 3 =   0.053/, Out:   0.000#   0.000#   0.000f
 Reaction Xsec    30.0+/32 @ 4 =   0.013/, Out:   0.000#   0.000#   0.000f
 Reaction Xsec    30.0-/29 @ 1 =   0.108/, Out:   0.000#   0.000#   0.000f
 Reaction Xsec    30.0-/29 @ 2 =   0.105/, Out:   0.000#   0.000#   0.000f
 Reaction Xsec    30.0-/31 @ 3 =   0.027/, Out:   0.000#   0.000#   0.000f
 Reaction Xsec    30.0-/31 @ 4 =   0.026/, Out:   0.000#   0.000#   0.000f
 Finished all CC sets @    2.07028890    
0CUMULATIVE REACTION cross section                 = 1423.29090  <L> =     7.34  <L**2> =     63.8
0CUMULATIVE outgoing cross sections in partition 1 :    0.00000
0CUMULATIVE outgoing cross sections in partition 2 :    0.00000
0Cumulative ABSORBTION by Imaginary Potentials     = 1423.29090  <L> =     7.34  <L**2> =     63.8
   Fusion for specific he3      M-states : 1429.313011 1429.313011
0CUMULATIVE OUTGOING cross section                 =    0.00000
 To convert to S-factors (MeV.mb = keV.b),  multiply by  3.0022E+07


 CROSS SECTIONS FOR OUTGOING he3      & k39      in state #   1 with spins & parities 0.5  + &  1.5  +;  0

     0.01 deg.: X-S =   8.4933E+16 mb/sr,                       & pols =-0. -0.00000
+                                         /R =   1.0000E+00
     1.00 deg.: X-S =   8.4909E+08 mb/sr,                       & pols = 0.  0.00000
+                                         /R =   9.9967E-01
     2.00 deg.: X-S =   5.3169E+07 mb/sr,                       & pols = 0. -0.00001
+                                         /R =   1.0014E+00
     3.00 deg.: X-S =   1.0282E+07 mb/sr,                       & pols = 0.  0.00002
+                                         /R =   9.8014E-01
     4.00 deg.: X-S =   3.2994E+06 mb/sr,                       & pols =-0.  0.00011
+                                         /R =   9.9366E-01
     5.00 deg.: X-S =   1.4097E+06 mb/sr,                       & pols =-0.  0.00006
+                                         /R =   1.0360E+00
     6.00 deg.: X-S =   7.0157E+05 mb/sr,                       & pols =-0. -0.00016
+                                         /R =   1.0686E+00
     7.00 deg.: X-S =   3.7943E+05 mb/sr,                       & pols = 0. -0.00046
+                                         /R =   1.0700E+00
     8.00 deg.: X-S =   2.1688E+05 mb/sr,                       & pols =-0. -0.00069
+                                         /R =   1.0426E+00
     9.00 deg.: X-S =   1.3008E+05 mb/sr,                       & pols = 0. -0.00074
+                                         /R =   1.0007E+00
    10.00 deg.: X-S =   8.1861E+04 mb/sr,                       & pols =-0. -0.00053
+                                         /R =   9.5895E-01
    11.00 deg.: X-S =   5.4042E+04 mb/sr,                       & pols =-0. -0.00006
+                                         /R =   9.2588E-01
    12.00 deg.: X-S =   3.7257E+04 mb/sr,                       & pols =-0.  0.00056
+                                         /R =   9.0298E-01
    13.00 deg.: X-S =   2.6590E+04 mb/sr,                       & pols = 0.  0.00119
+                                         /R =   8.8652E-01
    14.00 deg.: X-S =   1.9435E+04 mb/sr,                       & pols =-0.  0.00172
+                                         /R =   8.7037E-01
    15.00 deg.: X-S =   1.4401E+04 mb/sr,                       & pols = 0.  0.00208
+                                         /R =   8.4861E-01
    16.00 deg.: X-S =   1.0731E+04 mb/sr,                       & pols =-0.  0.00223
+                                         /R =   8.1731E-01
    17.00 deg.: X-S =  7999.907883 mb/sr,                       & pols =-0.  0.00221
+                                         /R =   7.7522E-01
    18.00 deg.: X-S =  5953.124937 mb/sr,                       & pols =-0.  0.00203
+                                         /R =   7.2378E-01
    19.00 deg.: X-S =  4423.479009 mb/sr,                       & pols =-0.  0.00175
+                                         /R =   6.6640E-01
    20.00 deg.: X-S =  3291.270673 mb/sr,                       & pols =-0.  0.00141
+                                         /R =   6.0754E-01
    21.00 deg.: X-S =  2464.346191 mb/sr,                       & pols =-0.  0.00111
+                                         /R =   5.5178E-01
    22.00 deg.: X-S =  1868.932491 mb/sr,                       & pols =-0.  0.00091
+                                         /R =   5.0295E-01
    23.00 deg.: X-S =  1445.373214 mb/sr,                       & pols =-0.  0.00089
+                                         /R =   4.6359E-01
    24.00 deg.: X-S =  1145.925818 mb/sr,                       & pols =-0.  0.00109
+                                         /R =   4.3472E-01
    25.00 deg.: X-S =   933.275597 mb/sr,                       & pols =-0.  0.00147
+                                         /R =   4.1580E-01
    26.00 deg.: X-S =   779.202243 mb/sr,                       & pols =-0.  0.00198
+                                         /R =   4.0507E-01
    27.00 deg.: X-S =   663.220599 mb/sr,                       & pols =-0.  0.00251
+                                         /R =   3.9988E-01
    28.00 deg.: X-S =   571.191283 mb/sr,                       & pols =-0.  0.00300
+                                         /R =   3.9721E-01
    29.00 deg.: X-S =   493.960536 mb/sr,                       & pols =-0.  0.00340
+                                         /R =   3.9412E-01
    30.00 deg.: X-S =   426.098161 mb/sr,                       & pols = 0.  0.00370
+                                         /R =   3.8817E-01
    31.00 deg.: X-S =   364.788346 mb/sr,                       & pols = 0.  0.00392
+                                         /R =   3.7772E-01
    32.00 deg.: X-S =   308.906308 mb/sr,                       & pols = 0.  0.00412
+                                         /R =   3.6200E-01
    33.00 deg.: X-S =   258.292245 mb/sr,                       & pols = 0.  0.00436
+                                         /R =   3.4120E-01
    34.00 deg.: X-S =   213.216288 mb/sr,                       & pols = 0.  0.00473
+                                         /R =   3.1630E-01
    35.00 deg.: X-S =   174.015430 mb/sr,                       & pols = 0.  0.00531
+                                         /R =   2.8886E-01
    36.00 deg.: X-S =   140.875538 mb/sr,                       & pols = 0.  0.00624
+                                         /R =   2.6079E-01
    37.00 deg.: X-S =   113.728003 mb/sr,                       & pols = 0.  0.00762
+                                         /R =   2.3405E-01
    38.00 deg.: X-S =    92.230449 mb/sr,                       & pols = 0.  0.00951
+                                         /R =   2.1037E-01
    39.00 deg.: X-S =    75.803238 mb/sr,                       & pols =-0.  0.01186
+                                         /R =   1.9107E-01
    40.00 deg.: X-S =    63.697511 mb/sr,                       & pols =-0.  0.01443
+                                         /R =   1.7695E-01
    41.00 deg.: X-S =    55.075310 mb/sr,                       & pols =-0.  0.01686
+                                         /R =   1.6819E-01
    42.00 deg.: X-S =    49.087412 mb/sr,                       & pols =-0.  0.01869
+                                         /R =   1.6437E-01
    43.00 deg.: X-S =    44.939338 mb/sr,                       & pols =-0.  0.01962
+                                         /R =   1.6461E-01
    44.00 deg.: X-S =    41.940265 mb/sr,                       & pols = 0.  0.01954
+                                         /R =   1.6767E-01
    45.00 deg.: X-S =    39.533056 mb/sr,                       & pols = 0.  0.01852
+                                         /R =   1.7213E-01
    46.00 deg.: X-S =    37.306289 mb/sr,                       & pols = 0.  0.01674
+                                         /R =   1.7653E-01
    47.00 deg.: X-S =    34.990903 mb/sr,                       & pols = 0.  0.01436
+                                         /R =   1.7959E-01
    48.00 deg.: X-S =    32.445136 mb/sr,                       & pols = 0.  0.01151
+                                         /R =   1.8027E-01
    49.00 deg.: X-S =    29.631740 mb/sr,                       & pols = 0.  0.00826
+                                         /R =   1.7791E-01
    50.00 deg.: X-S =    26.591346 mb/sr,                       & pols = 0.  0.00467
+                                         /R =   1.7221E-01
    51.00 deg.: X-S =    23.415296 mb/sr,                       & pols = 0.  0.00075
+                                         /R =   1.6329E-01
    52.00 deg.: X-S =    20.220580 mb/sr,                       & pols = 0. -0.00349
+                                         /R =   1.5160E-01
    53.00 deg.: X-S =    17.128675 mb/sr,                       & pols = 0. -0.00799
+                                         /R =   1.3784E-01
    54.00 deg.: X-S =    14.249329 mb/sr,                       & pols = 0. -0.01265
+                                         /R =   1.2289E-01
    55.00 deg.: X-S =    11.669592 mb/sr,                       & pols = 0. -0.01722
+                                         /R =   1.0770E-01
    56.00 deg.: X-S =     9.447882 mb/sr,                       & pols = 0. -0.02127
+                                         /R =   9.3176E-02
    57.00 deg.: X-S =     7.612408 mb/sr,                       & pols = 0. -0.02403
+                                         /R =   8.0114E-02
    58.00 deg.: X-S =     6.163073 mb/sr,                       & pols = 0. -0.02447
+                                         /R =   6.9122E-02
    59.00 deg.: X-S =     5.075836 mb/sr,                       & pols = 0. -0.02139
+                                         /R =   6.0589E-02
    60.00 deg.: X-S =     4.308547 mb/sr,                       & pols = 0. -0.01404
+                                         /R =   5.4669E-02
    61.00 deg.: X-S =     3.807339 mb/sr,                       & pols =-0. -0.00277
+                                         /R =   5.1290E-02
    62.00 deg.: X-S =     3.512860 mb/sr,                       & pols =-0.  0.01075
+                                         /R =   5.0182E-02
    63.00 deg.: X-S =     3.365777 mb/sr,                       & pols =-0.  0.02420
+                                         /R =   5.0928E-02
    64.00 deg.: X-S =     3.311211 mb/sr,                       & pols = 0.  0.03573
+                                         /R =   5.3010E-02
    65.00 deg.: X-S =     3.301918 mb/sr,                       & pols = 0.  0.04448
+                                         /R =   5.5868E-02
    66.00 deg.: X-S =     3.300198 mb/sr,                       & pols = 0.  0.05042
+                                         /R =   5.8953E-02
    67.00 deg.: X-S =     3.278640 mb/sr,                       & pols = 0.  0.05393
+                                         /R =   6.1771E-02
    68.00 deg.: X-S =     3.219879 mb/sr,                       & pols = 0.  0.05547
+                                         /R =   6.3917E-02
    69.00 deg.: X-S =     3.115596 mb/sr,                       & pols = 0.  0.05543
+                                         /R =   6.5101E-02
    70.00 deg.: X-S =     2.965008 mb/sr,                       & pols = 0.  0.05408
+                                         /R =   6.5151E-02
    71.00 deg.: X-S =     2.773087 mb/sr,                       & pols = 0.  0.05156
+                                         /R =   6.4020E-02
    72.00 deg.: X-S =     2.548717 mb/sr,                       & pols = 0.  0.04792
+                                         /R =   6.1763E-02
    73.00 deg.: X-S =     2.302940 mb/sr,                       & pols = 0.  0.04312
+                                         /R =   5.8528E-02
    74.00 deg.: X-S =     2.047445 mb/sr,                       & pols = 0.  0.03705
+                                         /R =   5.4525E-02
    75.00 deg.: X-S =     1.793335 mb/sr,                       & pols = 0.  0.02956
+                                         /R =   5.0001E-02
    76.00 deg.: X-S =     1.550245 mb/sr,                       & pols = 0.  0.02049
+                                         /R =   4.5217E-02
    77.00 deg.: X-S =     1.325778 mb/sr,                       & pols = 0.  0.00973
+                                         /R =   4.0421E-02
    78.00 deg.: X-S =     1.125250 mb/sr,                       & pols = 0. -0.00270
+                                         /R =   3.5832E-02
    79.00 deg.: X-S =     0.951686 mb/sr,                       & pols = 0. -0.01655
+                                         /R =   3.1628E-02
    80.00 deg.: X-S =     0.806018 mb/sr,                       & pols = 0. -0.03119
+                                         /R =   2.7935E-02
                                           Integrated********** mb, over [   0.000,  80.000] at    21.0000 MeV 

 CROSS SECTIONS FOR OUTGOING h2       & ca40     in state #   1 with spins & parities 1.0  + &  2.0  +;  0

     0.00 deg.: X-S =   0.0000E+00 mb/sr,                       & pols = 0.  0.00000
+                                         REAC   0.0000E+00 mb
     1.00 deg.: X-S =   0.0000E+00 mb/sr,                       & pols = 0.  0.00000
     2.00 deg.: X-S =   0.0000E+00 mb/sr,                       & pols = 0.  0.00000
     3.00 deg.: X-S =   0.0000E+00 mb/sr,                       & pols = 0.  0.00000
     4.00 deg.: X-S =   0.0000E+00 mb/sr,                       & pols = 0.  0.00000
     5.00 deg.: X-S =   0.0000E+00 mb/sr,                       & pols = 0.  0.00000
     6.00 deg.: X-S =   0.0000E+00 mb/sr,                       & pols = 0.  0.00000
     7.00 deg.: X-S =   0.0000E+00 mb/sr,                       & pols = 0.  0.00000
     8.00 deg.: X-S =   0.0000E+00 mb/sr,                       & pols = 0.  0.00000
     9.00 deg.: X-S =   0.0000E+00 mb/sr,                       & pols = 0.  0.00000
    10.00 deg.: X-S =   0.0000E+00 mb/sr,                       & pols = 0.  0.00000
    11.00 deg.: X-S =   0.0000E+00 mb/sr,                       & pols = 0.  0.00000
    12.00 deg.: X-S =   0.0000E+00 mb/sr,                       & pols = 0.  0.00000
    13.00 deg.: X-S =   0.0000E+00 mb/sr,                       & pols = 0.  0.00000
    14.00 deg.: X-S =   0.0000E+00 mb/sr,                       & pols = 0.  0.00000
    15.00 deg.: X-S =   0.0000E+00 mb/sr,                       & pols = 0.  0.00000
    16.00 deg.: X-S =   0.0000E+00 mb/sr,                       & pols = 0.  0.00000
    17.00 deg.: X-S =   0.0000E+00 mb/sr,                       & pols = 0.  0.00000
    18.00 deg.: X-S =   0.0000E+00 mb/sr,                       & pols = 0.  0.00000
    19.00 deg.: X-S =   0.0000E+00 mb/sr,                       & pols = 0.  0.00000
    20.00 deg.: X-S =   0.0000E+00 mb/sr,                       & pols = 0.  0.00000
    21.00 deg.: X-S =   0.0000E+00 mb/sr,                       & pols = 0.  0.00000
    22.00 deg.: X-S =   0.0000E+00 mb/sr,                       & pols = 0.  0.00000
    23.00 deg.: X-S =   0.0000E+00 mb/sr,                       & pols = 0.  0.00000
    24.00 deg.: X-S =   0.0000E+00 mb/sr,                       & pols = 0.  0.00000
    25.00 deg.: X-S =   0.0000E+00 mb/sr,                       & pols = 0.  0.00000
    26.00 deg.: X-S =   0.0000E+00 mb/sr,                       & pols = 0.  0.00000
    27.00 deg.: X-S =   0.0000E+00 mb/sr,                       & pols = 0.  0.00000
    28.00 deg.: X-S =   0.0000E+00 mb/sr,                       & pols = 0.  0.00000
    29.00 deg.: X-S =   0.0000E+00 mb/sr,                       & pols = 0.  0.00000
    30.00 deg.: X-S =   0.0000E+00 mb/sr,                       & pols = 0.  0.00000
    31.00 deg.: X-S =   0.0000E+00 mb/sr,                       & pols = 0.  0.00000
    32.00 deg.: X-S =   0.0000E+00 mb/sr,                       & pols = 0.  0.00000
    33.00 deg.: X-S =   0.0000E+00 mb/sr,                       & pols = 0.  0.00000
    34.00 deg.: X-S =   0.0000E+00 mb/sr,                       & pols = 0.  0.00000
    35.00 deg.: X-S =   0.0000E+00 mb/sr,                       & pols = 0.  0.00000
    36.00 deg.: X-S =   0.0000E+00 mb/sr,                       & pols = 0.  0.00000
    37.00 deg.: X-S =   0.0000E+00 mb/sr,                       & pols = 0.  0.00000
    38.00 deg.: X-S =   0.0000E+00 mb/sr,                       & pols = 0.  0.00000
    39.00 deg.: X-S =   0.0000E+00 mb/sr,                       & pols = 0.  0.00000
    40.00 deg.: X-S =   0.0000E+00 mb/sr,                       & pols = 0.  0.00000
    41.00 deg.: X-S =   0.0000E+00 mb/sr,                       & pols = 0.  0.00000
    42.00 deg.: X-S =   0.0000E+00 mb/sr,                       & pols = 0.  0.00000
    43.00 deg.: X-S =   0.0000E+00 mb/sr,                       & pols = 0.  0.00000
    44.00 deg.: X-S =   0.0000E+00 mb/sr,                       & pols = 0.  0.00000
    45.00 deg.: X-S =   0.0000E+00 mb/sr,                       & pols = 0.  0.00000
    46.00 deg.: X-S =   0.0000E+00 mb/sr,                       & pols = 0.  0.00000
    47.00 deg.: X-S =   0.0000E+00 mb/sr,                       & pols = 0.  0.00000
    48.00 deg.: X-S =   0.0000E+00 mb/sr,                       & pols = 0.  0.00000
    49.00 deg.: X-S =   0.0000E+00 mb/sr,                       & pols = 0.  0.00000
    50.00 deg.: X-S =   0.0000E+00 mb/sr,                       & pols = 0.  0.00000
    51.00 deg.: X-S =   0.0000E+00 mb/sr,                       & pols = 0.  0.00000
    52.00 deg.: X-S =   0.0000E+00 mb/sr,                       & pols = 0.  0.00000
    53.00 deg.: X-S =   0.0000E+00 mb/sr,                       & pols = 0.  0.00000
    54.00 deg.: X-S =   0.0000E+00 mb/sr,                       & pols = 0.  0.00000
    55.00 deg.: X-S =   0.0000E+00 mb/sr,                       & pols = 0.  0.00000
    56.00 deg.: X-S =   0.0000E+00 mb/sr,                       & pols = 0.  0.00000
    57.00 deg.: X-S =   0.0000E+00 mb/sr,                       & pols = 0.  0.00000
    58.00 deg.: X-S =   0.0000E+00 mb/sr,                       & pols = 0.  0.00000
    59.00 deg.: X-S =   0.0000E+00 mb/sr,                       & pols = 0.  0.00000
    60.00 deg.: X-S =   0.0000E+00 mb/sr,                       & pols = 0.  0.00000
    61.00 deg.: X-S =   0.0000E+00 mb/sr,                       & pols = 0.  0.00000
    62.00 deg.: X-S =   0.0000E+00 mb/sr,                       & pols = 0.  0.00000
    63.00 deg.: X-S =   0.0000E+00 mb/sr,                       & pols = 0.  0.00000
    64.00 deg.: X-S =   0.0000E+00 mb/sr,                       & pols = 0.  0.00000
    65.00 deg.: X-S =   0.0000E+00 mb/sr,                       & pols = 0.  0.00000
    66.00 deg.: X-S =   0.0000E+00 mb/sr,                       & pols = 0.  0.00000
    67.00 deg.: X-S =   0.0000E+00 mb/sr,                       & pols = 0.  0.00000
    68.00 deg.: X-S =   0.0000E+00 mb/sr,                       & pols = 0.  0.00000
    69.00 deg.: X-S =   0.0000E+00 mb/sr,                       & pols = 0.  0.00000
    70.00 deg.: X-S =   0.0000E+00 mb/sr,                       & pols = 0.  0.00000
    71.00 deg.: X-S =   0.0000E+00 mb/sr,                       & pols = 0.  0.00000
    72.00 deg.: X-S =   0.0000E+00 mb/sr,                       & pols = 0.  0.00000
    73.00 deg.: X-S =   0.0000E+00 mb/sr,                       & pols = 0.  0.00000
    74.00 deg.: X-S =   0.0000E+00 mb/sr,                       & pols = 0.  0.00000
    75.00 deg.: X-S =   0.0000E+00 mb/sr,                       & pols = 0.  0.00000
    76.00 deg.: X-S =   0.0000E+00 mb/sr,                       & pols = 0.  0.00000
    77.00 deg.: X-S =   0.0000E+00 mb/sr,                       & pols = 0.  0.00000
    78.00 deg.: X-S =   0.0000E+00 mb/sr,                       & pols = 0.  0.00000
    79.00 deg.: X-S =   0.0000E+00 mb/sr,                       & pols = 0.  0.00000
    80.00 deg.: X-S =   0.0000E+00 mb/sr,                       & pols = 0.  0.00000
 Finished all xsecs @    2.08132696    

  The following files have been created:
   3:local copy of User input.            6:standard output.                   
  13:total cross sections/state.         16:tables of cross sections.          
  35:Astrophysics S-factors  / Ecm.      39:cross sections for each Ecm.       
  40:all cross sectns. for each Elab.    46:bs wave functions & ANC ratios.    
  56:Fusion for each Jtotal.             58:Single-particle wfns.              
  75:S-factors for lab energies.        201:Separate cross sections.           
 202:Separate cross sections.           

 PARAMETERS : MAXQRN   MFNL   MLOC  LMAX1 MCLIST
    ALLOWED :      8    144     20     50      6
    REQUIRED:      1      0     13     34      4


 ACCURACY ANALYSIS at    21.000 MeV :

  Elastic h*k = 0.016 so OK       compared with 0.200

   Real(S-el) > 0.01 first at J =       1.0
   Real(S-el) > 0.10 first at J =       5.0
   Real(S-el) > 0.50 first at J =       8.0
   Real(S-el) > 0.90 first at J =      10.0
   Real(S-el) > 0.99 first at J =      13.0
   R-turn =    20.33 fm    at J =      30.0

 Forward-angle excitation cut off below   8.519 deg by max JT =      30.0
                              and below   4.731 deg by max R.

 Total CPU  0 time =       2.08 seconds
