 FRESCO - FRES 3.4: Coupled Reaction Channels
 Assuming NAMELIST input.

 39K(3He,d)40Ca 21 MeV DWBA ZR 7658 keV Jpi=4- l=5 n=1 j=11/2                    

   0.010  25.000   0.100   0.100  10.000  -0.300   0.000   0.000   0.000   0.000

 Centre-of-mass Range is   2502 * 0.0100 fm., Maximum at  25.00 fm., Interpolating NL forms every  0.10 fm.
 Non - locality width is    101 * 0.1000 fm., Maximum of  10.00 fm., Centred at -0.20 fm.
 2-Nucleon Separation of      0 * 0.1000 fm., Maximum of   0.00 fm., Minimum at  0.00 fm.
 Maximum single particle bins of 25.0000 fm.
               M,Mint =         2501        2501


 Range of total J is     0.0 <= J <=    30.0 (at least     0.0) and Absorbtion =>    -1.0000 mb.
 Dry Run = F, CC set limits =  0  0, Relativistic kinematics =  , Both/Far/Near Analyses =  1                     

 Cross Sections (and up to T1 for 0=projectile) for Theta from   0.0 to  80.0 in steps of  1.0 degrees, DGAM=0,  Coordinates = 0 (Mads)

 Lower Radial Cutoff = maximum of -1.60*L*h &       0.0 fm.,  Lower Cutoff for Couplings =   0.0  fm.


 Iterate Couplings between   0 and   1 times, to  0.000 % if sooner.                                          
  Block solved exactly =   0 chs., with Pade = 0 & Isocen =  =0, NOSOL = F, initwf =  0
  NL quadrature with   36 Gaussian points, Calculate multipoles up to    36 from   0
  M-transfers for lp+lt greater than or equal to  6, Angular Integration Cutoff below  0.6944 %


 Trace switches are :  CHANS =  1, LISTCC =  0, TRENEG =  0, CDETR =  0, SMATS =  0, XSTABL =  1, NLPL =  0

                       WAVES =  0, LAMPL =  0, VEFF =  0, KFUS =  0, WDISK =  0, BPM =  0, MELFIL =  0

                       CDCC =  0, NFUS =  0

 Using unit mass = 1.000000 amu and 1/fine-structure constant = 137.03599 ( 1.000000 * true ) with hc = 197.32705 MeV.fm,
  thus 2*amu/hbar^2 = 0.0478450 = 1/20.9008 and Coulomb constant = 0.1574855 so e^2 = 1.43997, and nuclear magneton= 0.1261183

 Now pre-scan input and save to file 3

  WARNING: target longitudinal recoil NOT included in the ZR coupling #            1


 *********** PARTITION NUMBER  1 ******************************************************************************************

   PROJ=he3        MASS=  3.0150 Z=   2.0,        # STATES=    1T, TARG=k39      MASS= 38.9530 Z=  19.0,     Q-VALUE =   0.0000 MEV.

     1:  J= 0.5+ (B# 1), E=  0.0000, K= 0.5              Potl#  1       J= 1.5+ (B# 1), E=  0.0000, K= 0.5    


 *********** PARTITION NUMBER  2 ******************************************************************************************

   PROJ=h2         MASS=  2.0140 Z=   1.0,        # STATES=    1T, TARG=ca40     MASS= 39.9630 Z=  20.0,     Q-VALUE =   2.8347 MEV.

     1:  J= 1.0+ (B# 1), E=  0.0000, K= 0.0              Potl#  2       J= 4.0- (B#-1), E=  7.6582, K= 0.0    
0****** WARNING : COMPARED WITH PARTITION  1, THIS PARTITION HAS TOTAL MASS & CHARGE EXCESSES   0.01205 &   0.0000


 ************************************************************************************************************************************

 The following POTENTIALS are defined :

  KP#       TYPE      IT    SHAPE      at     V1        r1        a1        V2        r2        a2        A-in     A-used


                                            A#1       A#2        r0c       ac                                                h @ 1
    1    0=Coulomb       0=CHARGE (WS)  1    38.953     0.000    1.2890    0.0000    0.0000    0.0000     0.000    38.953   0.01000

    1    1=Volume        0=Woods-Saxon  2  117.8810    1.1780    0.7680   -0.6460    1.4150    0.8470     0.000    38.953

    1    2=Surface       0=Woods-Saxon  3    0.0000    0.0000    0.0000   20.6650    1.1980    0.8520     0.000    38.953

    1    3=Projtl S.O.   0=Woods-Saxon  4    2.0830    0.7380    0.9460   -1.1590    0.0000    0.0000     0.000    38.953
   --------------------------------------------------------------------------------------------------------------------

                                            A#1       A#2        r0c       ac                                                h @ 2
    2    0=Coulomb       0=CHARGE (WS)  5    39.963     0.000    1.3030    0.0000    0.0000    0.0000     0.000    39.963   0.01000

    2    1=Volume        0=Woods-Saxon  6   91.1200    1.1500    0.7620    2.2340    1.3340    0.5130     0.000    39.963

    2    2=Surface       0=Woods-Saxon  7    0.0000    0.0000    0.0000   10.2740    1.3780    0.7430     0.000    39.963

    2    3=Projtl S.O.   0=Woods-Saxon  8    3.5570    0.9720    1.0110    0.0000    0.0000    0.0000     0.000    39.963
   --------------------------------------------------------------------------------------------------------------------

                                            A#1       A#2        r0c       ac                                                h @ 0
    3    0=Coulomb       0=CHARGE (WS)  9     3.015     0.000    1.2500    0.0000    0.0000    0.0000     0.000     3.015   0.01000

    3    1=Volume        0=Woods-Saxon 10   50.0000    1.2500    0.6500    0.0000    0.0000    0.0000     0.000     3.015
   --------------------------------------------------------------------------------------------------------------------

                                            A#1       A#2        r0c       ac                                                h @ 0
    4    0=Coulomb       0=CHARGE (WS) 11    38.953     0.000    1.2500    0.0000    0.0000    0.0000     0.000    38.953   0.01000

    4    1=Volume        0=Woods-Saxon 12   50.0000    1.2500    0.6500    0.0000    0.0000    0.0000     0.000    38.953


 ************************************************************************************************************************************

 The following SINGLE-PARTICLE FORM FACTORS are constructed :


 No.   P1 P2 IN KIND T N  L  S1 IA J/S  IB BIND XFER  BE    SC PC FIL AFRAC Adjust  to  Z  Mass   K     Norm    rms      D0     D   ANC/Gsp

 For Channel #  1 with l = 0,  j =  0.5, around core state #  1

   R    Y(R)
   0.00   0.0000E+00,    0.10   5.8280E-02,    0.20   1.1591E-01,    0.30   1.7228E-01,    0.40   2.2679E-01,    0.50   2.7891E-01, 
   0.60   3.2812E-01,    0.70   3.7401E-01,    0.80   4.1621E-01,    0.90   4.5442E-01,    1.00   4.8842E-01,    1.10   5.1808E-01, 
   1.20   5.4332E-01,    1.30   5.6417E-01,    1.40   5.8070E-01,    1.50   5.9306E-01,    1.60   6.0146E-01,    1.70   6.0615E-01, 
   1.80   6.0741E-01,    1.90   6.0557E-01,    2.00   6.0094E-01,    2.10   5.9388E-01,    2.20   5.8471E-01,    2.30   5.7376E-01, 
   2.40   5.6133E-01,    2.50   5.4772E-01,    2.60   5.3317E-01,    2.70   5.1794E-01,    2.80   5.0221E-01,    2.90   4.8618E-01, 
   3.00   4.6999E-01,    3.10   4.5378E-01,    3.20   4.3767E-01,    3.30   4.2173E-01,    3.40   4.0605E-01,    3.50   3.9068E-01, 
   3.60   3.7566E-01,    3.70   3.6103E-01,    3.80   3.4682E-01,    3.90   3.3304E-01,    4.00   3.1970E-01,    4.10   3.0681E-01, 
   4.20   2.9437E-01,    4.30   2.8238E-01,    4.40   2.7083E-01,    4.50   2.5971E-01,    4.60   2.4902E-01,    4.70   2.3874E-01, 
   4.80   2.2887E-01,    4.90   2.1939E-01,    5.00   2.1029E-01,    5.10   2.0156E-01,    5.20   1.9318E-01,    5.30   1.8514E-01, 
   5.40   1.7743E-01,    5.50   1.7004E-01,    5.60   1.6296E-01,    5.70   1.5616E-01,    5.80   1.4965E-01,    5.90   1.4341E-01, 
   6.00   1.3743E-01,    6.10   1.3170E-01,    6.20   1.2620E-01,    6.30   1.2094E-01,    6.40   1.1589E-01,    6.50   1.1106E-01, 
   6.60   1.0643E-01,    6.70   1.0199E-01,    6.80   9.7738E-02,    6.90   9.3663E-02,    7.00   8.9758E-02,    7.10   8.6017E-02, 
   7.20   8.2432E-02,    7.30   7.8996E-02,    7.40   7.5705E-02,    7.50   7.2551E-02,    7.60   6.9529E-02,    7.70   6.6633E-02, 
   7.80   6.3858E-02,    7.90   6.1199E-02,    8.00   5.8651E-02,    8.10   5.6210E-02,    8.20   5.3870E-02,    8.30   5.1628E-02, 
   8.40   4.9480E-02,    8.50   4.7422E-02,    8.60   4.5449E-02,    8.70   4.3559E-02,    8.80   4.1747E-02,    8.90   4.0011E-02, 
   9.00   3.8348E-02,    9.10   3.6753E-02,    9.20   3.5226E-02,    9.30   3.3762E-02,    9.40   3.2358E-02,    9.50   3.1014E-02, 
   9.60   2.9725E-02,    9.70   2.8490E-02,    9.80   2.7307E-02,    9.90   2.6173E-02,   10.00   2.5086E-02,   10.10   2.4044E-02, 
  10.20   2.3046E-02,   10.30   2.2089E-02,   10.40   2.1172E-02,   10.50   2.0293E-02,   10.60   1.9451E-02,   10.70   1.8644E-02, 
  10.80   1.7870E-02,   10.90   1.7128E-02,   11.00   1.6418E-02,   11.10   1.5737E-02,   11.20   1.5084E-02,   11.30   1.4458E-02, 
  11.40   1.3858E-02,   11.50   1.3284E-02,   11.60   1.2733E-02,   11.70   1.2205E-02,   11.80   1.1699E-02,   11.90   1.1214E-02, 
  12.00   1.0749E-02,   12.10   1.0303E-02,   12.20   9.8761E-03,   12.30   9.4667E-03,   12.40   9.0744E-03,   12.50   8.6983E-03, 
  12.60   8.3378E-03,   12.70   7.9923E-03,   12.80   7.6612E-03,   12.90   7.3438E-03,   13.00   7.0395E-03,   13.10   6.7479E-03, 
  13.20   6.4684E-03,   13.30   6.2004E-03,   13.40   5.9436E-03,   13.50   5.6975E-03,   13.60   5.4615E-03,   13.70   5.2353E-03, 
  13.80   5.0185E-03,   13.90   4.8107E-03,   14.00   4.6116E-03,   14.10   4.4206E-03,   14.20   4.2376E-03,   14.30   4.0622E-03, 
  14.40   3.8940E-03,   14.50   3.7329E-03,   14.60   3.5783E-03,   14.70   3.4302E-03,   14.80   3.2883E-03,   14.90   3.1522E-03, 
  15.00   3.0217E-03,   15.10   2.8967E-03,   15.20   2.7768E-03,   15.30   2.6619E-03,   15.40   2.5518E-03,   15.50   2.4462E-03, 
  15.60   2.3450E-03,   15.70   2.2480E-03,   15.80   2.1550E-03,   15.90   2.0659E-03,   16.00   1.9804E-03,   16.10   1.8985E-03, 
  16.20   1.8200E-03,   16.30   1.7447E-03,   16.40   1.6726E-03,   16.50   1.6034E-03,   16.60   1.5371E-03,   16.70   1.4735E-03, 
  16.80   1.4126E-03,   16.90   1.3542E-03,   17.00   1.2982E-03,   17.10   1.2445E-03,   17.20   1.1931E-03,   17.30   1.1438E-03, 
  17.40   1.0965E-03,   17.50   1.0511E-03,   17.60   1.0077E-03,   17.70   9.6604E-04,   17.80   9.2611E-04,   17.90   8.8783E-04, 
  18.00   8.5114E-04,   18.10   8.1596E-04,   18.20   7.8224E-04,   18.30   7.4991E-04,   18.40   7.1892E-04,   18.50   6.8921E-04, 
  18.60   6.6073E-04,   18.70   6.3343E-04,   18.80   6.0725E-04,   18.90   5.8216E-04,   19.00   5.5811E-04,   19.10   5.3505E-04, 
  19.20   5.1295E-04,   19.30   4.9175E-04,   19.40   4.7144E-04,   19.50   4.5196E-04,   19.60   4.3329E-04,   19.70   4.1539E-04, 
  19.80   3.9823E-04,   19.90   3.8179E-04,   20.00   3.6602E-04,   20.10   3.5090E-04,   20.20   3.3640E-04,   20.30   3.2251E-04, 
  20.40   3.0919E-04,   20.50   2.9642E-04,   20.60   2.8418E-04,   20.70   2.7244E-04,   20.80   2.6119E-04,   20.90   2.5041E-04, 
  21.00   2.4007E-04,   21.10   2.3015E-04,   21.20   2.2065E-04,   21.30   2.1154E-04,   21.40   2.0281E-04,   21.50   1.9443E-04, 
  21.60   1.8640E-04,   21.70   1.7871E-04,   21.80   1.7133E-04,   21.90   1.6426E-04,   22.00   1.5748E-04,   22.10   1.5098E-04, 
  22.20   1.4474E-04,   22.30   1.3877E-04,   22.40   1.3304E-04,   22.50   1.2755E-04,   22.60   1.2228E-04,   22.70   1.1724E-04, 
  22.80   1.1240E-04,   22.90   1.0776E-04,   23.00   1.0331E-04,   23.10   9.9046E-05,   23.20   9.4958E-05,   23.30   9.1039E-05, 
  23.40   8.7282E-05,   23.50   8.3680E-05,   23.60   8.0226E-05,   23.70   7.6915E-05,   23.80   7.3741E-05,   23.90   7.0698E-05, 
  24.00   6.7781E-05,   24.10   6.4984E-05,   24.20   6.2303E-05,   24.30   5.9732E-05,   24.40   5.7267E-05,   24.50   5.4904E-05, 
  24.60   5.2639E-05,   24.70   5.0467E-05,   24.80   4.8385E-05,   24.90   4.6389E-05,   25.00   4.4475E-05, 

 No.   P1 P2 IN KIND T N  L  S1 IA J/S  IB BIND XFER  BE    SC PC FIL AFRAC Adjust  to  Z  Mass   K     Norm    rms      D0     D   ANC/Gsp

    At R=   24.990, ANC in ch  1 is    1.8773    ,   eta,eta*ln(2*rho)+rho =   0.54944E-01    10.644    

    1:  2  1  1  0     1  0 0.5  1 0.5   0   3   0   5.4935  1  1  0 0.0000 VR  0.8879; 1. 1.001 0.4192 1.0000  2.820 -166.8 -176.0  1.8773

 For Channel #  1 with l = 5,  j =  5.5, around core state #  1

   R    Y(R)
   0.00   0.0000E+00,    0.10   4.1921E-09,    0.20   2.6689E-07,    0.30   3.0138E-06,    0.40   1.6729E-05,    0.50   6.2822E-05, 
   0.60   1.8402E-04,    0.70   4.5359E-04,    0.80   9.8442E-04,    0.90   1.9368E-03,    1.00   3.5241E-03,    1.10   6.0148E-03, 
   1.20   9.7306E-03,    1.30   1.5040E-02,    1.40   2.2347E-02,    1.50   3.2075E-02,    1.60   4.4644E-02,    1.70   6.0452E-02, 
   1.80   7.9840E-02,    1.90   1.0307E-01,    2.00   1.3031E-01,    2.10   1.6157E-01,    2.20   1.9674E-01,    2.30   2.3553E-01, 
   2.40   2.7748E-01,    2.50   3.2196E-01,    2.60   3.6821E-01,    2.70   4.1531E-01,    2.80   4.6225E-01,    2.90   5.0796E-01, 
   3.00   5.5135E-01,    3.10   5.9137E-01,    3.20   6.2703E-01,    3.30   6.5749E-01,    3.40   6.8204E-01,    3.50   7.0019E-01, 
   3.60   7.1167E-01,    3.70   7.1642E-01,    3.80   7.1458E-01,    3.90   7.0653E-01,    4.00   6.9277E-01,    4.10   6.7397E-01, 
   4.20   6.5088E-01,    4.30   6.2430E-01,    4.40   5.9503E-01,    4.50   5.6387E-01,    4.60   5.3154E-01,    4.70   4.9871E-01, 
   4.80   4.6594E-01,    4.90   4.3372E-01,    5.00   4.0243E-01,    5.10   3.7237E-01,    5.20   3.4375E-01,    5.30   3.1670E-01, 
   5.40   2.9132E-01,    5.50   2.6763E-01,    5.60   2.4562E-01,    5.70   2.2525E-01,    5.80   2.0647E-01,    5.90   1.8920E-01, 
   6.00   1.7335E-01,    6.10   1.5883E-01,    6.20   1.4554E-01,    6.30   1.3341E-01,    6.40   1.2232E-01,    6.50   1.1221E-01, 
   6.60   1.0298E-01,    6.70   9.4567E-02,    6.80   8.6891E-02,    6.90   7.9888E-02,    7.00   7.3498E-02,    7.10   6.7665E-02, 
   7.20   6.2339E-02,    7.30   5.7472E-02,    7.40   5.3024E-02,    7.50   4.8954E-02,    7.60   4.5230E-02,    7.70   4.1819E-02, 
   7.80   3.8693E-02,    7.90   3.5826E-02,    8.00   3.3195E-02,    8.10   3.0778E-02,    8.20   2.8557E-02,    8.30   2.6514E-02, 
   8.40   2.4634E-02,    8.50   2.2902E-02,    8.60   2.1306E-02,    8.70   1.9833E-02,    8.80   1.8474E-02,    8.90   1.7218E-02, 
   9.00   1.6058E-02,    9.10   1.4984E-02,    9.20   1.3991E-02,    9.30   1.3070E-02,    9.40   1.2217E-02,    9.50   1.1426E-02, 
   9.60   1.0692E-02,    9.70   1.0011E-02,    9.80   9.3772E-03,    9.90   8.7884E-03,   10.00   8.2406E-03,   10.10   7.7307E-03, 
  10.20   7.2559E-03,   10.30   6.8134E-03,   10.40   6.4008E-03,   10.50   6.0159E-03,   10.60   5.6567E-03,   10.70   5.3212E-03, 
  10.80   5.0077E-03,   10.90   4.7147E-03,   11.00   4.4407E-03,   11.10   4.1843E-03,   11.20   3.9442E-03,   11.30   3.7194E-03, 
  11.40   3.5087E-03,   11.50   3.3112E-03,   11.60   3.1260E-03,   11.70   2.9522E-03,   11.80   2.7890E-03,   11.90   2.6358E-03, 
  12.00   2.4919E-03,   12.10   2.3566E-03,   12.20   2.2294E-03,   12.30   2.1098E-03,   12.40   1.9972E-03,   12.50   1.8913E-03, 
  12.60   1.7915E-03,   12.70   1.6975E-03,   12.80   1.6089E-03,   12.90   1.5254E-03,   13.00   1.4467E-03,   13.10   1.3724E-03, 
  13.20   1.3023E-03,   13.30   1.2361E-03,   13.40   1.1736E-03,   13.50   1.1146E-03,   13.60   1.0588E-03,   13.70   1.0060E-03, 
  13.80   9.5619E-04,   13.90   9.0904E-04,   14.00   8.6443E-04,   14.10   8.2222E-04,   14.20   7.8225E-04,   14.30   7.4441E-04, 
  14.40   7.0856E-04,   14.50   6.7460E-04,   14.60   6.4242E-04,   14.70   6.1191E-04,   14.80   5.8298E-04,   14.90   5.5554E-04, 
  15.00   5.2950E-04,   15.10   5.0480E-04,   15.20   4.8135E-04,   15.30   4.5908E-04,   15.40   4.3794E-04,   15.50   4.1785E-04, 
  15.60   3.9877E-04,   15.70   3.8063E-04,   15.80   3.6339E-04,   15.90   3.4699E-04,   16.00   3.3140E-04,   16.10   3.1657E-04, 
  16.20   3.0246E-04,   16.30   2.8903E-04,   16.40   2.7625E-04,   16.50   2.6408E-04,   16.60   2.5249E-04,   16.70   2.4145E-04, 
  16.80   2.3094E-04,   16.90   2.2092E-04,   17.00   2.1137E-04,   17.10   2.0226E-04,   17.20   1.9358E-04,   17.30   1.8531E-04, 
  17.40   1.7741E-04,   17.50   1.6988E-04,   17.60   1.6269E-04,   17.70   1.5584E-04,   17.80   1.4929E-04,   17.90   1.4304E-04, 
  18.00   1.3707E-04,   18.10   1.3137E-04,   18.20   1.2593E-04,   18.30   1.2073E-04,   18.40   1.1576E-04,   18.50   1.1101E-04, 
  18.60   1.0647E-04,   18.70   1.0213E-04,   18.80   9.7982E-05,   18.90   9.4013E-05,   19.00   9.0218E-05,   19.10   8.6587E-05, 
  19.20   8.3114E-05,   19.30   7.9790E-05,   19.40   7.6608E-05,   19.50   7.3563E-05,   19.60   7.0648E-05,   19.70   6.7857E-05, 
  19.80   6.5184E-05,   19.90   6.2624E-05,   20.00   6.0172E-05,   20.10   5.7822E-05,   20.20   5.5571E-05,   20.30   5.3414E-05, 
  20.40   5.1346E-05,   20.50   4.9364E-05,   20.60   4.7464E-05,   20.70   4.5643E-05,   20.80   4.3896E-05,   20.90   4.2220E-05, 
  21.00   4.0613E-05,   21.10   3.9071E-05,   21.20   3.7592E-05,   21.30   3.6173E-05,   21.40   3.4811E-05,   21.50   3.3503E-05, 
  21.60   3.2248E-05,   21.70   3.1043E-05,   21.80   2.9887E-05,   21.90   2.8776E-05,   22.00   2.7709E-05,   22.10   2.6684E-05, 
  22.20   2.5700E-05,   22.30   2.4755E-05,   22.40   2.3846E-05,   22.50   2.2973E-05,   22.60   2.2134E-05,   22.70   2.1328E-05, 
  22.80   2.0553E-05,   22.90   1.9807E-05,   23.00   1.9091E-05,   23.10   1.8402E-05,   23.20   1.7740E-05,   23.30   1.7103E-05, 
  23.40   1.6490E-05,   23.50   1.5900E-05,   23.60   1.5333E-05,   23.70   1.4788E-05,   23.80   1.4263E-05,   23.90   1.3758E-05, 
  24.00   1.3271E-05,   24.10   1.2803E-05,   24.20   1.2353E-05,   24.30   1.1919E-05,   24.40   1.1502E-05,   24.50   1.1100E-05, 
  24.60   1.0712E-05,   24.70   1.0340E-05,   24.80   9.9806E-06,   24.90   9.6347E-06,   25.00   9.3015E-06, 

 No.   P1 P2 IN KIND T N  L  S1 IA J/S  IB BIND XFER  BE    SC PC FIL AFRAC Adjust  to  Z  Mass   K     Norm    rms      D0     D   ANC/Gsp

    At R=   24.990, ANC in ch  2 is   0.78858    ,   eta,eta*ln(2*rho)+rho =    3.6268        12.360    

    2:  1  2  2  0     1  5 0.5  1 5.5   0   4   0   0.6701  1  1  0 0.0000 VR  2.1264; 1. 1.010 0.1777 1.0000  3.998   -0.0    0.0  0.7886

 ************************************************************************************************************************************

 TWO-way COUPLING # 1 for partitions  2 <-  1 of KIND  5,   0  0  0 -1 -1 & P1,P2 = -172.8000   0.0000 : for J <=    30.5 & R <  25.0 fm.


 data =  1  1  1  1  1.0000,  so  < [he3      #  1] / [h2       #  1]  * Eigen-form #  1>  =   1.0000            BE =  5.494     1

 data =  2  1  1  2  1.0000,  so  < [ca40     #  1] / [k39      #  1]  * Eigen-form #  2>  =   1.0000            BE =  0.670     2
 KNT =   2, KNP =   1: NK,NG,loc=   1   1   1  13  T  T  F

     So ZERO-RANGE TRANSFER, with D0 =  -172.800 and finite-range effective radius   0.0000 fm.

   2  1  1 13     5.494  -172.800  -172.800     1.001     0.669     0.000     0.010

 Incoming partition  1 in excitation state # 1,   Laboratory Energy given for partition  1 Nucleus 1 in Excitation pair 1

0Lab. ENERGY ranges :

   from    21.0000     to   21.0000     in     0 intervals
   from    21.0000     to   0.00000     in     0 intervals
   from    0.00000     to   0.00000     in     0 intervals

 Largest real,imaginary parts of any form factor at R=   24.90 are   5.78E-02  1.97E-09 MeV
 Finished all Couplings @    5.01260012E-02          13

 Symmetric Hamiltonian
1***********************************************************************************************************************************
************************************************************************************************************************************

        INCOMING he3      ;    LABORATORY he3      ENERGY =   21.000     MeV.

 ***********************************************************************************************************************************
 ***********************************************************************************************************************************

 Allocate arrays for            3  channels, of which            3  need wfs.

 Total SPIN, PARITY =     0.0 +,      3 chs,      0 cc.  Rmin & Coul turning =    0.0    2.8


    C Projectl Target   #   EX.   (L  Proj) J  + Targ = Jtotal     E-cm      Re K     Re Eta     RM*K            CH
    1 he3      k39      #    1: I   2 0.5    1.5  1.5     0.0    19.49135   1.61545   2.26756   40.3863   0.51414  -0.03931 1 1 1   1
    2 h2       ca40     #    1:     3 1.0    4.0  4.0     0.0    14.66782   1.15999   1.13878   28.9998  -0.30779  -0.40955 2 1 2   1
    3 h2       ca40     #    1:     5 1.0    4.0  4.0     0.0    14.66782   1.15999   1.13878   28.9998  -0.08958   0.50753 2 1 2   1
 Allocate arrays for            7  channels, of which            7  need wfs.
 Allocate arrays for            8  channels, of which            8  need wfs.
 Allocate arrays for           12  channels, of which           12  need wfs.
 Allocate arrays for           14  channels, of which           14  need wfs.
 Allocate arrays for           15  channels, of which           15  need wfs.
 Allocate arrays for           17  channels, of which           17  need wfs.
 Allocate arrays for           18  channels, of which           18  need wfs.
 Reaction Xsec    27.0+/26 @ 1 =   0.778/, Out:   0.000#   0.000#   0.001f
 Reaction Xsec    27.0+/26 @ 2 =   0.766/, Out:   0.000#   0.004#   0.001f
 Reaction Xsec    27.0+/28 @ 3 =   0.194/, Out:   0.000#   0.014#   0.000f
 Reaction Xsec    27.0+/28 @ 4 =   0.191/, Out:   0.000#   0.221#   0.000f
 Reaction Xsec    27.0-/25 @ 1 =   1.534/, Out:   0.000#   0.001#   0.002f
 Reaction Xsec    27.0-/27 @ 2 =   0.389/, Out:   0.000#   0.002#   0.000f
 Reaction Xsec    27.0-/27 @ 3 =   0.382/, Out:   0.000#   0.030#   0.000f
 Reaction Xsec    27.0-/29 @ 4 =   0.097/, Out:   0.000#   0.214#   0.000f
 Reaction Xsec    28.0+/26 @ 1 =   0.794/, Out:   0.000#   0.001#   0.001f
 Reaction Xsec    28.0+/28 @ 2 =   0.201/, Out:   0.000#   0.001#   0.000f
 Reaction Xsec    28.0+/28 @ 3 =   0.198/, Out:   0.000#   0.016#   0.000f
 Reaction Xsec    28.0+/30 @ 4 =   0.050/, Out:   0.000#   0.124#   0.000f
 Reaction Xsec    28.0-/27 @ 1 =   0.403/, Out:   0.000#   0.000#   0.000f
 Reaction Xsec    28.0-/27 @ 2 =   0.396/, Out:   0.000#   0.002#   0.000f
 Reaction Xsec    28.0-/29 @ 3 =   0.101/, Out:   0.000#   0.009#   0.000f
 Reaction Xsec    28.0-/29 @ 4 =   0.099/, Out:   0.000#   0.121#   0.000f
 Reaction Xsec    29.0+/28 @ 1 =   0.209/, Out:   0.000#   0.000#   0.000f
 Reaction Xsec    29.0+/28 @ 2 =   0.205/, Out:   0.000#   0.001#   0.000f
 Reaction Xsec    29.0+/30 @ 3 =   0.052/, Out:   0.000#   0.006#   0.000f
 Reaction Xsec    29.0+/30 @ 4 =   0.051/, Out:   0.000#   0.071#   0.000f
0****** WARNING : ACCURACY LOSS IN ERWIN = 14.2 DIGITS, SO EXPECT ERRORS OF   0.0000 % OF UNITARITY

 Reaction Xsec    29.0-/27 @ 1 =   0.410/, Out:   0.000#   0.000#   0.000f
 Reaction Xsec    29.0-/29 @ 2 =   0.104/, Out:   0.000#   0.001#   0.000f
 Reaction Xsec    29.0-/29 @ 3 =   0.102/, Out:   0.000#   0.010#   0.000f
 Reaction Xsec    29.0-/31 @ 4 =   0.026/, Out:   0.000#   0.068#   0.000f
 Reaction Xsec    30.0+/28 @ 1 =   0.212/, Out:   0.000#   0.000#   0.000f
 Reaction Xsec    30.0+/30 @ 2 =   0.054/, Out:   0.000#   0.001#   0.000f
 Reaction Xsec    30.0+/30 @ 3 =   0.053/, Out:   0.000#   0.006#   0.000f
 Reaction Xsec    30.0+/32 @ 4 =   0.013/, Out:   0.000#   0.031#   0.000f
 Reaction Xsec    30.0-/29 @ 1 =   0.108/, Out:   0.000#   0.000#   0.000f
 Reaction Xsec    30.0-/29 @ 2 =   0.105/, Out:   0.000#   0.001#   0.000f
 Reaction Xsec    30.0-/31 @ 3 =   0.027/, Out:   0.000#   0.003#   0.000f
 Reaction Xsec    30.0-/31 @ 4 =   0.026/, Out:   0.000#   0.038#   0.000f
 Finished all CC sets @   0.354151011    
0CUMULATIVE REACTION cross section                 = 1423.29090  <L> =     7.34  <L**2> =     63.8
0CUMULATIVE outgoing cross sections in partition 1 :    0.00000
0CUMULATIVE outgoing cross sections in partition 2 :    1.64286
0Cumulative ABSORBTION by Imaginary Potentials     = 1421.64803  <L> =     7.34  <L**2> =     63.8
   Fusion for specific he3      M-states : 1427.671320 1427.671320
0CUMULATIVE OUTGOING cross section                 =    1.64286
 To convert to S-factors (MeV.mb = keV.b),  multiply by  3.0022E+07


 CROSS SECTIONS FOR OUTGOING he3      & k39      in state #   1 with spins & parities 0.5  + &  1.5  +;  0

     0.01 deg.: X-S =   8.4933E+16 mb/sr,                       & pols = 0. -0.00000
+                                         /R =   1.0000E+00
     1.00 deg.: X-S =   8.4909E+08 mb/sr,                       & pols = 0.  0.00000
+                                         /R =   9.9967E-01
     2.00 deg.: X-S =   5.3169E+07 mb/sr,                       & pols = 0. -0.00001
+                                         /R =   1.0014E+00
     3.00 deg.: X-S =   1.0282E+07 mb/sr,                       & pols =-0.  0.00002
+                                         /R =   9.8014E-01
     4.00 deg.: X-S =   3.2994E+06 mb/sr,                       & pols =-0.  0.00011
+                                         /R =   9.9366E-01
     5.00 deg.: X-S =   1.4097E+06 mb/sr,                       & pols = 0.  0.00006
+                                         /R =   1.0360E+00
     6.00 deg.: X-S =   7.0157E+05 mb/sr,                       & pols = 0. -0.00016
+                                         /R =   1.0686E+00
     7.00 deg.: X-S =   3.7943E+05 mb/sr,                       & pols = 0. -0.00046
+                                         /R =   1.0700E+00
     8.00 deg.: X-S =   2.1688E+05 mb/sr,                       & pols = 0. -0.00069
+                                         /R =   1.0426E+00
     9.00 deg.: X-S =   1.3008E+05 mb/sr,                       & pols = 0. -0.00074
+                                         /R =   1.0007E+00
    10.00 deg.: X-S =   8.1861E+04 mb/sr,                       & pols =-0. -0.00053
+                                         /R =   9.5895E-01
    11.00 deg.: X-S =   5.4042E+04 mb/sr,                       & pols =-0. -0.00006
+                                         /R =   9.2588E-01
    12.00 deg.: X-S =   3.7257E+04 mb/sr,                       & pols =-0.  0.00056
+                                         /R =   9.0298E-01
    13.00 deg.: X-S =   2.6590E+04 mb/sr,                       & pols =-0.  0.00119
+                                         /R =   8.8652E-01
    14.00 deg.: X-S =   1.9435E+04 mb/sr,                       & pols =-0.  0.00172
+                                         /R =   8.7037E-01
    15.00 deg.: X-S =   1.4401E+04 mb/sr,                       & pols =-0.  0.00208
+                                         /R =   8.4861E-01
    16.00 deg.: X-S =   1.0731E+04 mb/sr,                       & pols =-0.  0.00223
+                                         /R =   8.1731E-01
    17.00 deg.: X-S =  7999.907887 mb/sr,                       & pols = 0.  0.00221
+                                         /R =   7.7522E-01
    18.00 deg.: X-S =  5953.124940 mb/sr,                       & pols =-0.  0.00203
+                                         /R =   7.2378E-01
    19.00 deg.: X-S =  4423.479011 mb/sr,                       & pols =-0.  0.00175
+                                         /R =   6.6640E-01
    20.00 deg.: X-S =  3291.270675 mb/sr,                       & pols =-0.  0.00141
+                                         /R =   6.0754E-01
    21.00 deg.: X-S =  2464.346193 mb/sr,                       & pols =-0.  0.00111
+                                         /R =   5.5178E-01
    22.00 deg.: X-S =  1868.932492 mb/sr,                       & pols =-0.  0.00091
+                                         /R =   5.0295E-01
    23.00 deg.: X-S =  1445.373215 mb/sr,                       & pols =-0.  0.00089
+                                         /R =   4.6359E-01
    24.00 deg.: X-S =  1145.925818 mb/sr,                       & pols =-0.  0.00109
+                                         /R =   4.3472E-01
    25.00 deg.: X-S =   933.275597 mb/sr,                       & pols =-0.  0.00147
+                                         /R =   4.1580E-01
    26.00 deg.: X-S =   779.202243 mb/sr,                       & pols =-0.  0.00198
+                                         /R =   4.0507E-01
    27.00 deg.: X-S =   663.220599 mb/sr,                       & pols =-0.  0.00251
+                                         /R =   3.9988E-01
    28.00 deg.: X-S =   571.191283 mb/sr,                       & pols =-0.  0.00300
+                                         /R =   3.9721E-01
    29.00 deg.: X-S =   493.960536 mb/sr,                       & pols =-0.  0.00340
+                                         /R =   3.9412E-01
    30.00 deg.: X-S =   426.098161 mb/sr,                       & pols = 0.  0.00370
+                                         /R =   3.8817E-01
    31.00 deg.: X-S =   364.788346 mb/sr,                       & pols = 0.  0.00392
+                                         /R =   3.7772E-01
    32.00 deg.: X-S =   308.906308 mb/sr,                       & pols = 0.  0.00412
+                                         /R =   3.6200E-01
    33.00 deg.: X-S =   258.292245 mb/sr,                       & pols = 0.  0.00436
+                                         /R =   3.4120E-01
    34.00 deg.: X-S =   213.216288 mb/sr,                       & pols = 0.  0.00473
+                                         /R =   3.1630E-01
    35.00 deg.: X-S =   174.015430 mb/sr,                       & pols = 0.  0.00531
+                                         /R =   2.8886E-01
    36.00 deg.: X-S =   140.875538 mb/sr,                       & pols = 0.  0.00624
+                                         /R =   2.6079E-01
    37.00 deg.: X-S =   113.728003 mb/sr,                       & pols = 0.  0.00762
+                                         /R =   2.3405E-01
    38.00 deg.: X-S =    92.230449 mb/sr,                       & pols = 0.  0.00951
+                                         /R =   2.1037E-01
    39.00 deg.: X-S =    75.803238 mb/sr,                       & pols = 0.  0.01186
+                                         /R =   1.9107E-01
    40.00 deg.: X-S =    63.697511 mb/sr,                       & pols =-0.  0.01443
+                                         /R =   1.7695E-01
    41.00 deg.: X-S =    55.075310 mb/sr,                       & pols =-0.  0.01686
+                                         /R =   1.6819E-01
    42.00 deg.: X-S =    49.087412 mb/sr,                       & pols =-0.  0.01869
+                                         /R =   1.6437E-01
    43.00 deg.: X-S =    44.939338 mb/sr,                       & pols = 0.  0.01962
+                                         /R =   1.6461E-01
    44.00 deg.: X-S =    41.940265 mb/sr,                       & pols = 0.  0.01954
+                                         /R =   1.6767E-01
    45.00 deg.: X-S =    39.533056 mb/sr,                       & pols = 0.  0.01852
+                                         /R =   1.7213E-01
    46.00 deg.: X-S =    37.306289 mb/sr,                       & pols = 0.  0.01674
+                                         /R =   1.7653E-01
    47.00 deg.: X-S =    34.990903 mb/sr,                       & pols = 0.  0.01436
+                                         /R =   1.7959E-01
    48.00 deg.: X-S =    32.445136 mb/sr,                       & pols = 0.  0.01151
+                                         /R =   1.8027E-01
    49.00 deg.: X-S =    29.631740 mb/sr,                       & pols = 0.  0.00826
+                                         /R =   1.7791E-01
    50.00 deg.: X-S =    26.591346 mb/sr,                       & pols = 0.  0.00467
+                                         /R =   1.7221E-01
    51.00 deg.: X-S =    23.415296 mb/sr,                       & pols = 0.  0.00075
+                                         /R =   1.6329E-01
    52.00 deg.: X-S =    20.220580 mb/sr,                       & pols = 0. -0.00349
+                                         /R =   1.5160E-01
    53.00 deg.: X-S =    17.128675 mb/sr,                       & pols = 0. -0.00799
+                                         /R =   1.3784E-01
    54.00 deg.: X-S =    14.249329 mb/sr,                       & pols = 0. -0.01265
+                                         /R =   1.2289E-01
    55.00 deg.: X-S =    11.669592 mb/sr,                       & pols = 0. -0.01722
+                                         /R =   1.0770E-01
    56.00 deg.: X-S =     9.447882 mb/sr,                       & pols = 0. -0.02127
+                                         /R =   9.3176E-02
    57.00 deg.: X-S =     7.612408 mb/sr,                       & pols = 0. -0.02403
+                                         /R =   8.0114E-02
    58.00 deg.: X-S =     6.163073 mb/sr,                       & pols = 0. -0.02447
+                                         /R =   6.9122E-02
    59.00 deg.: X-S =     5.075836 mb/sr,                       & pols = 0. -0.02139
+                                         /R =   6.0589E-02
    60.00 deg.: X-S =     4.308547 mb/sr,                       & pols = 0. -0.01404
+                                         /R =   5.4669E-02
    61.00 deg.: X-S =     3.807339 mb/sr,                       & pols =-0. -0.00277
+                                         /R =   5.1290E-02
    62.00 deg.: X-S =     3.512860 mb/sr,                       & pols =-0.  0.01075
+                                         /R =   5.0182E-02
    63.00 deg.: X-S =     3.365777 mb/sr,                       & pols = 0.  0.02420
+                                         /R =   5.0928E-02
    64.00 deg.: X-S =     3.311211 mb/sr,                       & pols =-0.  0.03573
+                                         /R =   5.3010E-02
    65.00 deg.: X-S =     3.301918 mb/sr,                       & pols = 0.  0.04448
+                                         /R =   5.5868E-02
    66.00 deg.: X-S =     3.300198 mb/sr,                       & pols = 0.  0.05042
+                                         /R =   5.8953E-02
    67.00 deg.: X-S =     3.278640 mb/sr,                       & pols = 0.  0.05393
+                                         /R =   6.1771E-02
    68.00 deg.: X-S =     3.219879 mb/sr,                       & pols = 0.  0.05547
+                                         /R =   6.3917E-02
    69.00 deg.: X-S =     3.115596 mb/sr,                       & pols = 0.  0.05543
+                                         /R =   6.5101E-02
    70.00 deg.: X-S =     2.965008 mb/sr,                       & pols = 0.  0.05408
+                                         /R =   6.5151E-02
    71.00 deg.: X-S =     2.773087 mb/sr,                       & pols = 0.  0.05156
+                                         /R =   6.4020E-02
    72.00 deg.: X-S =     2.548717 mb/sr,                       & pols = 0.  0.04792
+                                         /R =   6.1763E-02
    73.00 deg.: X-S =     2.302940 mb/sr,                       & pols = 0.  0.04312
+                                         /R =   5.8528E-02
    74.00 deg.: X-S =     2.047445 mb/sr,                       & pols = 0.  0.03705
+                                         /R =   5.4525E-02
    75.00 deg.: X-S =     1.793335 mb/sr,                       & pols = 0.  0.02956
+                                         /R =   5.0001E-02
    76.00 deg.: X-S =     1.550245 mb/sr,                       & pols = 0.  0.02049
+                                         /R =   4.5217E-02
    77.00 deg.: X-S =     1.325778 mb/sr,                       & pols = 0.  0.00973
+                                         /R =   4.0421E-02
    78.00 deg.: X-S =     1.125250 mb/sr,                       & pols = 0. -0.00270
+                                         /R =   3.5832E-02
    79.00 deg.: X-S =     0.951686 mb/sr,                       & pols = 0. -0.01655
+                                         /R =   3.1628E-02
    80.00 deg.: X-S =     0.806018 mb/sr,                       & pols = 0. -0.03119
+                                         /R =   2.7935E-02
                                           Integrated********** mb, over [   0.000,  80.000] at    21.0000 MeV 

 CROSS SECTIONS FOR OUTGOING h2       & ca40     in state #   1 with spins & parities 1.0  + &  4.0  -;  0

     0.00 deg.: X-S =     0.287389 mb/sr,                       & pols =-0.  0.00000
+                                         REAC   1.6429E+00 mb
     1.00 deg.: X-S =     0.287420 mb/sr,                       & pols =-0.  0.00246
     2.00 deg.: X-S =     0.287533 mb/sr,                       & pols =-0.  0.00532
     3.00 deg.: X-S =     0.287780 mb/sr,                       & pols =-0.  0.00891
     4.00 deg.: X-S =     0.288255 mb/sr,                       & pols =-0.  0.01349
     5.00 deg.: X-S =     0.289095 mb/sr,                       & pols =-0.  0.01921
     6.00 deg.: X-S =     0.290478 mb/sr,                       & pols =-0.  0.02609
     7.00 deg.: X-S =     0.292622 mb/sr,                       & pols =-0.  0.03401
     8.00 deg.: X-S =     0.295774 mb/sr,                       & pols =-0.  0.04273
     9.00 deg.: X-S =     0.300195 mb/sr,                       & pols =-0.  0.05188
    10.00 deg.: X-S =     0.306142 mb/sr,                       & pols =-0.  0.06106
    11.00 deg.: X-S =     0.313840 mb/sr,                       & pols =-0.  0.06980
    12.00 deg.: X-S =     0.323474 mb/sr,                       & pols =-0.  0.07767
    13.00 deg.: X-S =     0.335167 mb/sr,                       & pols =-0.  0.08428
    14.00 deg.: X-S =     0.348985 mb/sr,                       & pols =-0.  0.08934
    15.00 deg.: X-S =     0.364929 mb/sr,                       & pols =-0.  0.09270
    16.00 deg.: X-S =     0.382949 mb/sr,                       & pols =-0.  0.09430
    17.00 deg.: X-S =     0.402947 mb/sr,                       & pols =-0.  0.09422
    18.00 deg.: X-S =     0.424774 mb/sr,                       & pols =-0.  0.09262
    19.00 deg.: X-S =     0.448234 mb/sr,                       & pols =-0.  0.08973
    20.00 deg.: X-S =     0.473070 mb/sr,                       & pols =-0.  0.08583
    21.00 deg.: X-S =     0.498958 mb/sr,                       & pols =-0.  0.08118
    22.00 deg.: X-S =     0.525496 mb/sr,                       & pols =-0.  0.07605
    23.00 deg.: X-S =     0.552203 mb/sr,                       & pols =-0.  0.07065
    24.00 deg.: X-S =     0.578525 mb/sr,                       & pols =-0.  0.06515
    25.00 deg.: X-S =     0.603842 mb/sr,                       & pols =-0.  0.05969
    26.00 deg.: X-S =     0.627494 mb/sr,                       & pols =-0.  0.05437
    27.00 deg.: X-S =     0.648798 mb/sr,                       & pols =-0.  0.04923
    28.00 deg.: X-S =     0.667081 mb/sr,                       & pols =-0.  0.04433
    29.00 deg.: X-S =     0.681705 mb/sr,                       & pols =-0.  0.03970
    30.00 deg.: X-S =     0.692096 mb/sr,                       & pols =-0.  0.03535
    31.00 deg.: X-S =     0.697770 mb/sr,                       & pols =-0.  0.03131
    32.00 deg.: X-S =     0.698359 mb/sr,                       & pols =-0.  0.02758
    33.00 deg.: X-S =     0.693633 mb/sr,                       & pols =-0.  0.02417
    34.00 deg.: X-S =     0.683511 mb/sr,                       & pols =-0.  0.02108
    35.00 deg.: X-S =     0.668081 mb/sr,                       & pols =-0.  0.01830
    36.00 deg.: X-S =     0.647592 mb/sr,                       & pols =-0.  0.01584
    37.00 deg.: X-S =     0.622455 mb/sr,                       & pols =-0.  0.01369
    38.00 deg.: X-S =     0.593220 mb/sr,                       & pols =-0.  0.01187
    39.00 deg.: X-S =     0.560561 mb/sr,                       & pols =-0.  0.01037
    40.00 deg.: X-S =     0.525236 mb/sr,                       & pols =-0.  0.00923
    41.00 deg.: X-S =     0.488062 mb/sr,                       & pols =-0.  0.00847
    42.00 deg.: X-S =     0.449877 mb/sr,                       & pols =-0.  0.00814
    43.00 deg.: X-S =     0.411510 mb/sr,                       & pols = 0.  0.00828
    44.00 deg.: X-S =     0.373749 mb/sr,                       & pols =-0.  0.00892
    45.00 deg.: X-S =     0.337314 mb/sr,                       & pols = 0.  0.01010
    46.00 deg.: X-S =     0.302841 mb/sr,                       & pols =-0.  0.01182
    47.00 deg.: X-S =     0.270860 mb/sr,                       & pols = 0.  0.01404
    48.00 deg.: X-S =     0.241784 mb/sr,                       & pols = 0.  0.01668
    49.00 deg.: X-S =     0.215905 mb/sr,                       & pols = 0.  0.01959
    50.00 deg.: X-S =     0.193384 mb/sr,                       & pols = 0.  0.02251
    51.00 deg.: X-S =     0.174264 mb/sr,                       & pols = 0.  0.02514
    52.00 deg.: X-S =     0.158467 mb/sr,                       & pols = 0.  0.02708
    53.00 deg.: X-S =     0.145815 mb/sr,                       & pols = 0.  0.02793
    54.00 deg.: X-S =     0.136046 mb/sr,                       & pols = 0.  0.02736
    55.00 deg.: X-S =     0.128828 mb/sr,                       & pols = 0.  0.02514
    56.00 deg.: X-S =     0.123786 mb/sr,                       & pols = 0.  0.02124
    57.00 deg.: X-S =     0.120523 mb/sr,                       & pols =-0.  0.01580
    58.00 deg.: X-S =     0.118638 mb/sr,                       & pols =-0.  0.00909
    59.00 deg.: X-S =     0.117743 mb/sr,                       & pols =-0.  0.00144
    60.00 deg.: X-S =     0.117480 mb/sr,                       & pols =-0. -0.00680
    61.00 deg.: X-S =     0.117531 mb/sr,                       & pols =-0. -0.01534
    62.00 deg.: X-S =     0.117626 mb/sr,                       & pols =-0. -0.02394
    63.00 deg.: X-S =     0.117547 mb/sr,                       & pols =-0. -0.03242
    64.00 deg.: X-S =     0.117130 mb/sr,                       & pols =-0. -0.04065
    65.00 deg.: X-S =     0.116265 mb/sr,                       & pols =-0. -0.04857
    66.00 deg.: X-S =     0.114892 mb/sr,                       & pols =-0. -0.05613
    67.00 deg.: X-S =     0.112993 mb/sr,                       & pols =-0. -0.06331
    68.00 deg.: X-S =     0.110589 mb/sr,                       & pols = 0. -0.07011
    69.00 deg.: X-S =     0.107732 mb/sr,                       & pols = 0. -0.07655
    70.00 deg.: X-S =     0.104494 mb/sr,                       & pols = 0. -0.08263
    71.00 deg.: X-S =     0.100959 mb/sr,                       & pols = 0. -0.08837
    72.00 deg.: X-S =     0.097219 mb/sr,                       & pols = 0. -0.09377
    73.00 deg.: X-S =     0.093362 mb/sr,                       & pols = 0. -0.09883
    74.00 deg.: X-S =     0.089472 mb/sr,                       & pols = 0. -0.10351
    75.00 deg.: X-S =     0.085621 mb/sr,                       & pols = 0. -0.10779
    76.00 deg.: X-S =     0.081869 mb/sr,                       & pols = 0. -0.11163
    77.00 deg.: X-S =     0.078263 mb/sr,                       & pols = 0. -0.11498
    78.00 deg.: X-S =     0.074838 mb/sr,                       & pols = 0. -0.11780
    79.00 deg.: X-S =     0.071614 mb/sr,                       & pols = 0. -0.12008
    80.00 deg.: X-S =     0.068604 mb/sr,                       & pols = 0. -0.12179
                                           Integrated    1.4149 mb, over [   0.000,  80.000] at    21.0000 MeV 
 Finished all xsecs @   0.377086997    

  The following files have been created:
   3:local copy of User input.            6:standard output.                   
  13:total cross sections/state.         16:tables of cross sections.          
  35:Astrophysics S-factors  / Ecm.      39:cross sections for each Ecm.       
  40:all cross sectns. for each Elab.    46:bs wave functions & ANC ratios.    
  56:Fusion for each Jtotal.             58:Single-particle wfns.              
  75:S-factors for lab energies.        201:Separate cross sections.           
 202:Separate cross sections.           

 PARAMETERS : MAXQRN   MFNL   MLOC  LMAX1 MCLIST
    ALLOWED :     10    324     22     50      6
    REQUIRED:      1      0     13     36      4


 ACCURACY ANALYSIS at    21.000 MeV :

  Elastic h*k = 0.016 so OK       compared with 0.200

   Real(S-el) > 0.01 first at J =       1.0
   Real(S-el) > 0.10 first at J =       5.0
   Real(S-el) > 0.50 first at J =       8.0
   Real(S-el) > 0.90 first at J =      10.0
   Real(S-el) > 0.99 first at J =      13.0
   R-turn =    20.33 fm    at J =      30.0

 Forward-angle excitation cut off below   8.519 deg by max JT =      30.0
                              and below   6.434 deg by max R.

 Total CPU  0 time =       0.38 seconds
